CRITICAL - 2021-08-30 01:38:22 --> The parameter class is expected to be either a string or an object
#0 C:\xampp\htdocs\v2\vendor\hermawan\codeigniter4-datatables\src\Helper.php(9): ReflectionProperty->__construct(Array, 'QBSelect')
#1 C:\xampp\htdocs\v2\vendor\hermawan\codeigniter4-datatables\src\DataTableColumnDefs.php(241): Hermawan\DataTables\Helper::getObjectPropertyValue(Array, 'QBSelect')
#2 C:\xampp\htdocs\v2\vendor\hermawan\codeigniter4-datatables\src\DataTableColumnDefs.php(17): Hermawan\DataTables\DataTableColumnDefs->initFromBuilder(Array)
#3 C:\xampp\htdocs\v2\vendor\hermawan\codeigniter4-datatables\src\DataTable.php(32): Hermawan\DataTables\DataTableColumnDefs->__construct(Array)
#4 C:\xampp\htdocs\v2\vendor\hermawan\codeigniter4-datatables\src\DataTable.php(45): Hermawan\DataTables\DataTable->__construct(Array)
#5 C:\xampp\htdocs\v2\app\Controllers\CekinController.php(139): Hermawan\DataTables\DataTable::of(Array)
#6 C:\xampp\htdocs\v2\vendor\codeigniter4\framework\system\CodeIgniter.php(928): App\Controllers\CekinController->listdata()
#7 C:\xampp\htdocs\v2\vendor\codeigniter4\framework\system\CodeIgniter.php(436): CodeIgniter\CodeIgniter->runController(Object(App\Controllers\CekinController))
#8 C:\xampp\htdocs\v2\vendor\codeigniter4\framework\system\CodeIgniter.php(336): CodeIgniter\CodeIgniter->handleRequest(NULL, Object(Config\Cache), false)
#9 C:\xampp\htdocs\v2\public\index.php(37): CodeIgniter\CodeIgniter->run()
#10 {main}
CRITICAL - 2021-08-30 01:46:13 --> The parameter class is expected to be either a string or an object
#0 C:\xampp\htdocs\v2\vendor\hermawan\codeigniter4-datatables\src\Helper.php(9): ReflectionProperty->__construct(Array, 'QBSelect')
#1 C:\xampp\htdocs\v2\vendor\hermawan\codeigniter4-datatables\src\DataTableColumnDefs.php(241): Hermawan\DataTables\Helper::getObjectPropertyValue(Array, 'QBSelect')
#2 C:\xampp\htdocs\v2\vendor\hermawan\codeigniter4-datatables\src\DataTableColumnDefs.php(17): Hermawan\DataTables\DataTableColumnDefs->initFromBuilder(Array)
#3 C:\xampp\htdocs\v2\vendor\hermawan\codeigniter4-datatables\src\DataTable.php(32): Hermawan\DataTables\DataTableColumnDefs->__construct(Array)
#4 C:\xampp\htdocs\v2\vendor\hermawan\codeigniter4-datatables\src\DataTable.php(45): Hermawan\DataTables\DataTable->__construct(Array)
#5 C:\xampp\htdocs\v2\app\Controllers\CekinController.php(139): Hermawan\DataTables\DataTable::of(Array)
#6 C:\xampp\htdocs\v2\vendor\codeigniter4\framework\system\CodeIgniter.php(928): App\Controllers\CekinController->listdata()
#7 C:\xampp\htdocs\v2\vendor\codeigniter4\framework\system\CodeIgniter.php(436): CodeIgniter\CodeIgniter->runController(Object(App\Controllers\CekinController))
#8 C:\xampp\htdocs\v2\vendor\codeigniter4\framework\system\CodeIgniter.php(336): CodeIgniter\CodeIgniter->handleRequest(NULL, Object(Config\Cache), false)
#9 C:\xampp\htdocs\v2\public\index.php(37): CodeIgniter\CodeIgniter->run()
#10 {main}
CRITICAL - 2021-08-30 02:14:06 --> The parameter class is expected to be either a string or an object
#0 C:\xampp\htdocs\v2\vendor\hermawan\codeigniter4-datatables\src\Helper.php(9): ReflectionProperty->__construct(Array, 'QBSelect')
#1 C:\xampp\htdocs\v2\vendor\hermawan\codeigniter4-datatables\src\DataTableColumnDefs.php(241): Hermawan\DataTables\Helper::getObjectPropertyValue(Array, 'QBSelect')
#2 C:\xampp\htdocs\v2\vendor\hermawan\codeigniter4-datatables\src\DataTableColumnDefs.php(17): Hermawan\DataTables\DataTableColumnDefs->initFromBuilder(Array)
#3 C:\xampp\htdocs\v2\vendor\hermawan\codeigniter4-datatables\src\DataTable.php(32): Hermawan\DataTables\DataTableColumnDefs->__construct(Array)
#4 C:\xampp\htdocs\v2\vendor\hermawan\codeigniter4-datatables\src\DataTable.php(45): Hermawan\DataTables\DataTable->__construct(Array)
#5 C:\xampp\htdocs\v2\app\Controllers\CekinController.php(139): Hermawan\DataTables\DataTable::of(Array)
#6 C:\xampp\htdocs\v2\vendor\codeigniter4\framework\system\CodeIgniter.php(928): App\Controllers\CekinController->listdata()
#7 C:\xampp\htdocs\v2\vendor\codeigniter4\framework\system\CodeIgniter.php(436): CodeIgniter\CodeIgniter->runController(Object(App\Controllers\CekinController))
#8 C:\xampp\htdocs\v2\vendor\codeigniter4\framework\system\CodeIgniter.php(336): CodeIgniter\CodeIgniter->handleRequest(NULL, Object(Config\Cache), false)
#9 C:\xampp\htdocs\v2\public\index.php(37): CodeIgniter\CodeIgniter->run()
#10 {main}
CRITICAL - 2021-08-30 02:16:01 --> The parameter class is expected to be either a string or an object
#0 C:\xampp\htdocs\v2\vendor\hermawan\codeigniter4-datatables\src\Helper.php(9): ReflectionProperty->__construct(Array, 'QBSelect')
#1 C:\xampp\htdocs\v2\vendor\hermawan\codeigniter4-datatables\src\DataTableColumnDefs.php(241): Hermawan\DataTables\Helper::getObjectPropertyValue(Array, 'QBSelect')
#2 C:\xampp\htdocs\v2\vendor\hermawan\codeigniter4-datatables\src\DataTableColumnDefs.php(17): Hermawan\DataTables\DataTableColumnDefs->initFromBuilder(Array)
#3 C:\xampp\htdocs\v2\vendor\hermawan\codeigniter4-datatables\src\DataTable.php(32): Hermawan\DataTables\DataTableColumnDefs->__construct(Array)
#4 C:\xampp\htdocs\v2\vendor\hermawan\codeigniter4-datatables\src\DataTable.php(45): Hermawan\DataTables\DataTable->__construct(Array)
#5 C:\xampp\htdocs\v2\app\Controllers\CekinController.php(139): Hermawan\DataTables\DataTable::of(Array)
#6 C:\xampp\htdocs\v2\vendor\codeigniter4\framework\system\CodeIgniter.php(928): App\Controllers\CekinController->listdata()
#7 C:\xampp\htdocs\v2\vendor\codeigniter4\framework\system\CodeIgniter.php(436): CodeIgniter\CodeIgniter->runController(Object(App\Controllers\CekinController))
#8 C:\xampp\htdocs\v2\vendor\codeigniter4\framework\system\CodeIgniter.php(336): CodeIgniter\CodeIgniter->handleRequest(NULL, Object(Config\Cache), false)
#9 C:\xampp\htdocs\v2\public\index.php(37): CodeIgniter\CodeIgniter->run()
#10 {main}
CRITICAL - 2021-08-30 03:02:50 --> The parameter class is expected to be either a string or an object
#0 C:\xampp\htdocs\v2\vendor\hermawan\codeigniter4-datatables\src\Helper.php(9): ReflectionProperty->__construct(Array, 'QBSelect')
#1 C:\xampp\htdocs\v2\vendor\hermawan\codeigniter4-datatables\src\DataTableColumnDefs.php(241): Hermawan\DataTables\Helper::getObjectPropertyValue(Array, 'QBSelect')
#2 C:\xampp\htdocs\v2\vendor\hermawan\codeigniter4-datatables\src\DataTableColumnDefs.php(17): Hermawan\DataTables\DataTableColumnDefs->initFromBuilder(Array)
#3 C:\xampp\htdocs\v2\vendor\hermawan\codeigniter4-datatables\src\DataTable.php(32): Hermawan\DataTables\DataTableColumnDefs->__construct(Array)
#4 C:\xampp\htdocs\v2\vendor\hermawan\codeigniter4-datatables\src\DataTable.php(45): Hermawan\DataTables\DataTable->__construct(Array)
#5 C:\xampp\htdocs\v2\app\Controllers\CekinController.php(139): Hermawan\DataTables\DataTable::of(Array)
#6 C:\xampp\htdocs\v2\vendor\codeigniter4\framework\system\CodeIgniter.php(928): App\Controllers\CekinController->listdata()
#7 C:\xampp\htdocs\v2\vendor\codeigniter4\framework\system\CodeIgniter.php(436): CodeIgniter\CodeIgniter->runController(Object(App\Controllers\CekinController))
#8 C:\xampp\htdocs\v2\vendor\codeigniter4\framework\system\CodeIgniter.php(336): CodeIgniter\CodeIgniter->handleRequest(NULL, Object(Config\Cache), false)
#9 C:\xampp\htdocs\v2\public\index.php(37): CodeIgniter\CodeIgniter->run()
#10 {main}
CRITICAL - 2021-08-30 03:03:29 --> The parameter class is expected to be either a string or an object
#0 C:\xampp\htdocs\v2\vendor\hermawan\codeigniter4-datatables\src\Helper.php(9): ReflectionProperty->__construct(Array, 'QBSelect')
#1 C:\xampp\htdocs\v2\vendor\hermawan\codeigniter4-datatables\src\DataTableColumnDefs.php(241): Hermawan\DataTables\Helper::getObjectPropertyValue(Array, 'QBSelect')
#2 C:\xampp\htdocs\v2\vendor\hermawan\codeigniter4-datatables\src\DataTableColumnDefs.php(17): Hermawan\DataTables\DataTableColumnDefs->initFromBuilder(Array)
#3 C:\xampp\htdocs\v2\vendor\hermawan\codeigniter4-datatables\src\DataTable.php(32): Hermawan\DataTables\DataTableColumnDefs->__construct(Array)
#4 C:\xampp\htdocs\v2\vendor\hermawan\codeigniter4-datatables\src\DataTable.php(45): Hermawan\DataTables\DataTable->__construct(Array)
#5 C:\xampp\htdocs\v2\app\Controllers\CekinController.php(139): Hermawan\DataTables\DataTable::of(Array)
#6 C:\xampp\htdocs\v2\vendor\codeigniter4\framework\system\CodeIgniter.php(928): App\Controllers\CekinController->listdata()
#7 C:\xampp\htdocs\v2\vendor\codeigniter4\framework\system\CodeIgniter.php(436): CodeIgniter\CodeIgniter->runController(Object(App\Controllers\CekinController))
#8 C:\xampp\htdocs\v2\vendor\codeigniter4\framework\system\CodeIgniter.php(336): CodeIgniter\CodeIgniter->handleRequest(NULL, Object(Config\Cache), false)
#9 C:\xampp\htdocs\v2\public\index.php(37): CodeIgniter\CodeIgniter->run()
#10 {main}
CRITICAL - 2021-08-30 03:08:56 --> The parameter class is expected to be either a string or an object
#0 C:\xampp\htdocs\v2\vendor\hermawan\codeigniter4-datatables\src\Helper.php(9): ReflectionProperty->__construct(Array, 'QBSelect')
#1 C:\xampp\htdocs\v2\vendor\hermawan\codeigniter4-datatables\src\DataTableColumnDefs.php(241): Hermawan\DataTables\Helper::getObjectPropertyValue(Array, 'QBSelect')
#2 C:\xampp\htdocs\v2\vendor\hermawan\codeigniter4-datatables\src\DataTableColumnDefs.php(17): Hermawan\DataTables\DataTableColumnDefs->initFromBuilder(Array)
#3 C:\xampp\htdocs\v2\vendor\hermawan\codeigniter4-datatables\src\DataTable.php(32): Hermawan\DataTables\DataTableColumnDefs->__construct(Array)
#4 C:\xampp\htdocs\v2\vendor\hermawan\codeigniter4-datatables\src\DataTable.php(45): Hermawan\DataTables\DataTable->__construct(Array)
#5 C:\xampp\htdocs\v2\app\Controllers\CekinController.php(139): Hermawan\DataTables\DataTable::of(Array)
#6 C:\xampp\htdocs\v2\vendor\codeigniter4\framework\system\CodeIgniter.php(928): App\Controllers\CekinController->listdata()
#7 C:\xampp\htdocs\v2\vendor\codeigniter4\framework\system\CodeIgniter.php(436): CodeIgniter\CodeIgniter->runController(Object(App\Controllers\CekinController))
#8 C:\xampp\htdocs\v2\vendor\codeigniter4\framework\system\CodeIgniter.php(336): CodeIgniter\CodeIgniter->handleRequest(NULL, Object(Config\Cache), false)
#9 C:\xampp\htdocs\v2\public\index.php(37): CodeIgniter\CodeIgniter->run()
#10 {main}
CRITICAL - 2021-08-30 22:36:01 --> The parameter class is expected to be either a string or an object
#0 C:\xampp\htdocs\v2\vendor\hermawan\codeigniter4-datatables\src\Helper.php(9): ReflectionProperty->__construct(Array, 'QBSelect')
#1 C:\xampp\htdocs\v2\vendor\hermawan\codeigniter4-datatables\src\DataTableColumnDefs.php(241): Hermawan\DataTables\Helper::getObjectPropertyValue(Array, 'QBSelect')
#2 C:\xampp\htdocs\v2\vendor\hermawan\codeigniter4-datatables\src\DataTableColumnDefs.php(17): Hermawan\DataTables\DataTableColumnDefs->initFromBuilder(Array)
#3 C:\xampp\htdocs\v2\vendor\hermawan\codeigniter4-datatables\src\DataTable.php(32): Hermawan\DataTables\DataTableColumnDefs->__construct(Array)
#4 C:\xampp\htdocs\v2\vendor\hermawan\codeigniter4-datatables\src\DataTable.php(45): Hermawan\DataTables\DataTable->__construct(Array)
#5 C:\xampp\htdocs\v2\app\Controllers\CekinController.php(139): Hermawan\DataTables\DataTable::of(Array)
#6 C:\xampp\htdocs\v2\vendor\codeigniter4\framework\system\CodeIgniter.php(928): App\Controllers\CekinController->listdata()
#7 C:\xampp\htdocs\v2\vendor\codeigniter4\framework\system\CodeIgniter.php(436): CodeIgniter\CodeIgniter->runController(Object(App\Controllers\CekinController))
#8 C:\xampp\htdocs\v2\vendor\codeigniter4\framework\system\CodeIgniter.php(336): CodeIgniter\CodeIgniter->handleRequest(NULL, Object(Config\Cache), false)
#9 C:\xampp\htdocs\v2\public\index.php(37): CodeIgniter\CodeIgniter->run()
#10 {main}
CRITICAL - 2021-08-30 22:52:56 --> The parameter class is expected to be either a string or an object
#0 C:\xampp\htdocs\v2\vendor\hermawan\codeigniter4-datatables\src\Helper.php(9): ReflectionProperty->__construct(Array, 'QBSelect')
#1 C:\xampp\htdocs\v2\vendor\hermawan\codeigniter4-datatables\src\DataTableColumnDefs.php(241): Hermawan\DataTables\Helper::getObjectPropertyValue(Array, 'QBSelect')
#2 C:\xampp\htdocs\v2\vendor\hermawan\codeigniter4-datatables\src\DataTableColumnDefs.php(17): Hermawan\DataTables\DataTableColumnDefs->initFromBuilder(Array)
#3 C:\xampp\htdocs\v2\vendor\hermawan\codeigniter4-datatables\src\DataTable.php(32): Hermawan\DataTables\DataTableColumnDefs->__construct(Array)
#4 C:\xampp\htdocs\v2\vendor\hermawan\codeigniter4-datatables\src\DataTable.php(45): Hermawan\DataTables\DataTable->__construct(Array)
#5 C:\xampp\htdocs\v2\app\Controllers\CekinController.php(140): Hermawan\DataTables\DataTable::of(Array)
#6 C:\xampp\htdocs\v2\vendor\codeigniter4\framework\system\CodeIgniter.php(928): App\Controllers\CekinController->listdata()
#7 C:\xampp\htdocs\v2\vendor\codeigniter4\framework\system\CodeIgniter.php(436): CodeIgniter\CodeIgniter->runController(Object(App\Controllers\CekinController))
#8 C:\xampp\htdocs\v2\vendor\codeigniter4\framework\system\CodeIgniter.php(336): CodeIgniter\CodeIgniter->handleRequest(NULL, Object(Config\Cache), false)
#9 C:\xampp\htdocs\v2\public\index.php(37): CodeIgniter\CodeIgniter->run()
#10 {main}
CRITICAL - 2021-08-30 22:53:08 --> The parameter class is expected to be either a string or an object
#0 C:\xampp\htdocs\v2\vendor\hermawan\codeigniter4-datatables\src\Helper.php(9): ReflectionProperty->__construct(Array, 'QBSelect')
#1 C:\xampp\htdocs\v2\vendor\hermawan\codeigniter4-datatables\src\DataTableColumnDefs.php(241): Hermawan\DataTables\Helper::getObjectPropertyValue(Array, 'QBSelect')
#2 C:\xampp\htdocs\v2\vendor\hermawan\codeigniter4-datatables\src\DataTableColumnDefs.php(17): Hermawan\DataTables\DataTableColumnDefs->initFromBuilder(Array)
#3 C:\xampp\htdocs\v2\vendor\hermawan\codeigniter4-datatables\src\DataTable.php(32): Hermawan\DataTables\DataTableColumnDefs->__construct(Array)
#4 C:\xampp\htdocs\v2\vendor\hermawan\codeigniter4-datatables\src\DataTable.php(45): Hermawan\DataTables\DataTable->__construct(Array)
#5 C:\xampp\htdocs\v2\app\Controllers\CekinController.php(140): Hermawan\DataTables\DataTable::of(Array)
#6 C:\xampp\htdocs\v2\vendor\codeigniter4\framework\system\CodeIgniter.php(928): App\Controllers\CekinController->listdata()
#7 C:\xampp\htdocs\v2\vendor\codeigniter4\framework\system\CodeIgniter.php(436): CodeIgniter\CodeIgniter->runController(Object(App\Controllers\CekinController))
#8 C:\xampp\htdocs\v2\vendor\codeigniter4\framework\system\CodeIgniter.php(336): CodeIgniter\CodeIgniter->handleRequest(NULL, Object(Config\Cache), false)
#9 C:\xampp\htdocs\v2\public\index.php(37): CodeIgniter\CodeIgniter->run()
#10 {main}
CRITICAL - 2021-08-30 22:53:11 --> The parameter class is expected to be either a string or an object
#0 C:\xampp\htdocs\v2\vendor\hermawan\codeigniter4-datatables\src\Helper.php(9): ReflectionProperty->__construct(Array, 'QBSelect')
#1 C:\xampp\htdocs\v2\vendor\hermawan\codeigniter4-datatables\src\DataTableColumnDefs.php(241): Hermawan\DataTables\Helper::getObjectPropertyValue(Array, 'QBSelect')
#2 C:\xampp\htdocs\v2\vendor\hermawan\codeigniter4-datatables\src\DataTableColumnDefs.php(17): Hermawan\DataTables\DataTableColumnDefs->initFromBuilder(Array)
#3 C:\xampp\htdocs\v2\vendor\hermawan\codeigniter4-datatables\src\DataTable.php(32): Hermawan\DataTables\DataTableColumnDefs->__construct(Array)
#4 C:\xampp\htdocs\v2\vendor\hermawan\codeigniter4-datatables\src\DataTable.php(45): Hermawan\DataTables\DataTable->__construct(Array)
#5 C:\xampp\htdocs\v2\app\Controllers\CekinController.php(140): Hermawan\DataTables\DataTable::of(Array)
#6 C:\xampp\htdocs\v2\vendor\codeigniter4\framework\system\CodeIgniter.php(928): App\Controllers\CekinController->listdata()
#7 C:\xampp\htdocs\v2\vendor\codeigniter4\framework\system\CodeIgniter.php(436): CodeIgniter\CodeIgniter->runController(Object(App\Controllers\CekinController))
#8 C:\xampp\htdocs\v2\vendor\codeigniter4\framework\system\CodeIgniter.php(336): CodeIgniter\CodeIgniter->handleRequest(NULL, Object(Config\Cache), false)
#9 C:\xampp\htdocs\v2\public\index.php(37): CodeIgniter\CodeIgniter->run()
#10 {main}
CRITICAL - 2021-08-30 22:54:23 --> The parameter class is expected to be either a string or an object
#0 C:\xampp\htdocs\v2\vendor\hermawan\codeigniter4-datatables\src\Helper.php(9): ReflectionProperty->__construct(Array, 'QBSelect')
#1 C:\xampp\htdocs\v2\vendor\hermawan\codeigniter4-datatables\src\DataTableColumnDefs.php(241): Hermawan\DataTables\Helper::getObjectPropertyValue(Array, 'QBSelect')
#2 C:\xampp\htdocs\v2\vendor\hermawan\codeigniter4-datatables\src\DataTableColumnDefs.php(17): Hermawan\DataTables\DataTableColumnDefs->initFromBuilder(Array)
#3 C:\xampp\htdocs\v2\vendor\hermawan\codeigniter4-datatables\src\DataTable.php(32): Hermawan\DataTables\DataTableColumnDefs->__construct(Array)
#4 C:\xampp\htdocs\v2\vendor\hermawan\codeigniter4-datatables\src\DataTable.php(45): Hermawan\DataTables\DataTable->__construct(Array)
#5 C:\xampp\htdocs\v2\app\Controllers\CekinController.php(140): Hermawan\DataTables\DataTable::of(Array)
#6 C:\xampp\htdocs\v2\vendor\codeigniter4\framework\system\CodeIgniter.php(928): App\Controllers\CekinController->listdata()
#7 C:\xampp\htdocs\v2\vendor\codeigniter4\framework\system\CodeIgniter.php(436): CodeIgniter\CodeIgniter->runController(Object(App\Controllers\CekinController))
#8 C:\xampp\htdocs\v2\vendor\codeigniter4\framework\system\CodeIgniter.php(336): CodeIgniter\CodeIgniter->handleRequest(NULL, Object(Config\Cache), false)
#9 C:\xampp\htdocs\v2\public\index.php(37): CodeIgniter\CodeIgniter->run()
#10 {main}
CRITICAL - 2021-08-30 22:54:26 --> The parameter class is expected to be either a string or an object
#0 C:\xampp\htdocs\v2\vendor\hermawan\codeigniter4-datatables\src\Helper.php(9): ReflectionProperty->__construct(Array, 'QBSelect')
#1 C:\xampp\htdocs\v2\vendor\hermawan\codeigniter4-datatables\src\DataTableColumnDefs.php(241): Hermawan\DataTables\Helper::getObjectPropertyValue(Array, 'QBSelect')
#2 C:\xampp\htdocs\v2\vendor\hermawan\codeigniter4-datatables\src\DataTableColumnDefs.php(17): Hermawan\DataTables\DataTableColumnDefs->initFromBuilder(Array)
#3 C:\xampp\htdocs\v2\vendor\hermawan\codeigniter4-datatables\src\DataTable.php(32): Hermawan\DataTables\DataTableColumnDefs->__construct(Array)
#4 C:\xampp\htdocs\v2\vendor\hermawan\codeigniter4-datatables\src\DataTable.php(45): Hermawan\DataTables\DataTable->__construct(Array)
#5 C:\xampp\htdocs\v2\app\Controllers\CekinController.php(140): Hermawan\DataTables\DataTable::of(Array)
#6 C:\xampp\htdocs\v2\vendor\codeigniter4\framework\system\CodeIgniter.php(928): App\Controllers\CekinController->listdata()
#7 C:\xampp\htdocs\v2\vendor\codeigniter4\framework\system\CodeIgniter.php(436): CodeIgniter\CodeIgniter->runController(Object(App\Controllers\CekinController))
#8 C:\xampp\htdocs\v2\vendor\codeigniter4\framework\system\CodeIgniter.php(336): CodeIgniter\CodeIgniter->handleRequest(NULL, Object(Config\Cache), false)
#9 C:\xampp\htdocs\v2\public\index.php(37): CodeIgniter\CodeIgniter->run()
#10 {main}
CRITICAL - 2021-08-30 22:55:04 --> The parameter class is expected to be either a string or an object
#0 C:\xampp\htdocs\v2\vendor\hermawan\codeigniter4-datatables\src\Helper.php(9): ReflectionProperty->__construct(Array, 'QBSelect')
#1 C:\xampp\htdocs\v2\vendor\hermawan\codeigniter4-datatables\src\DataTableColumnDefs.php(241): Hermawan\DataTables\Helper::getObjectPropertyValue(Array, 'QBSelect')
#2 C:\xampp\htdocs\v2\vendor\hermawan\codeigniter4-datatables\src\DataTableColumnDefs.php(17): Hermawan\DataTables\DataTableColumnDefs->initFromBuilder(Array)
#3 C:\xampp\htdocs\v2\vendor\hermawan\codeigniter4-datatables\src\DataTable.php(32): Hermawan\DataTables\DataTableColumnDefs->__construct(Array)
#4 C:\xampp\htdocs\v2\vendor\hermawan\codeigniter4-datatables\src\DataTable.php(45): Hermawan\DataTables\DataTable->__construct(Array)
#5 C:\xampp\htdocs\v2\app\Controllers\CekinController.php(140): Hermawan\DataTables\DataTable::of(Array)
#6 C:\xampp\htdocs\v2\vendor\codeigniter4\framework\system\CodeIgniter.php(928): App\Controllers\CekinController->listdata()
#7 C:\xampp\htdocs\v2\vendor\codeigniter4\framework\system\CodeIgniter.php(436): CodeIgniter\CodeIgniter->runController(Object(App\Controllers\CekinController))
#8 C:\xampp\htdocs\v2\vendor\codeigniter4\framework\system\CodeIgniter.php(336): CodeIgniter\CodeIgniter->handleRequest(NULL, Object(Config\Cache), false)
#9 C:\xampp\htdocs\v2\public\index.php(37): CodeIgniter\CodeIgniter->run()
#10 {main}
CRITICAL - 2021-08-30 22:56:11 --> The parameter class is expected to be either a string or an object
#0 C:\xampp\htdocs\v2\vendor\hermawan\codeigniter4-datatables\src\Helper.php(9): ReflectionProperty->__construct(Array, 'QBSelect')
#1 C:\xampp\htdocs\v2\vendor\hermawan\codeigniter4-datatables\src\DataTableColumnDefs.php(241): Hermawan\DataTables\Helper::getObjectPropertyValue(Array, 'QBSelect')
#2 C:\xampp\htdocs\v2\vendor\hermawan\codeigniter4-datatables\src\DataTableColumnDefs.php(17): Hermawan\DataTables\DataTableColumnDefs->initFromBuilder(Array)
#3 C:\xampp\htdocs\v2\vendor\hermawan\codeigniter4-datatables\src\DataTable.php(32): Hermawan\DataTables\DataTableColumnDefs->__construct(Array)
#4 C:\xampp\htdocs\v2\vendor\hermawan\codeigniter4-datatables\src\DataTable.php(45): Hermawan\DataTables\DataTable->__construct(Array)
#5 C:\xampp\htdocs\v2\app\Controllers\CekinController.php(140): Hermawan\DataTables\DataTable::of(Array)
#6 C:\xampp\htdocs\v2\vendor\codeigniter4\framework\system\CodeIgniter.php(928): App\Controllers\CekinController->listdata()
#7 C:\xampp\htdocs\v2\vendor\codeigniter4\framework\system\CodeIgniter.php(436): CodeIgniter\CodeIgniter->runController(Object(App\Controllers\CekinController))
#8 C:\xampp\htdocs\v2\vendor\codeigniter4\framework\system\CodeIgniter.php(336): CodeIgniter\CodeIgniter->handleRequest(NULL, Object(Config\Cache), false)
#9 C:\xampp\htdocs\v2\public\index.php(37): CodeIgniter\CodeIgniter->run()
#10 {main}
CRITICAL - 2021-08-30 22:56:22 --> The parameter class is expected to be either a string or an object
#0 C:\xampp\htdocs\v2\vendor\hermawan\codeigniter4-datatables\src\Helper.php(9): ReflectionProperty->__construct(Array, 'QBSelect')
#1 C:\xampp\htdocs\v2\vendor\hermawan\codeigniter4-datatables\src\DataTableColumnDefs.php(241): Hermawan\DataTables\Helper::getObjectPropertyValue(Array, 'QBSelect')
#2 C:\xampp\htdocs\v2\vendor\hermawan\codeigniter4-datatables\src\DataTableColumnDefs.php(17): Hermawan\DataTables\DataTableColumnDefs->initFromBuilder(Array)
#3 C:\xampp\htdocs\v2\vendor\hermawan\codeigniter4-datatables\src\DataTable.php(32): Hermawan\DataTables\DataTableColumnDefs->__construct(Array)
#4 C:\xampp\htdocs\v2\vendor\hermawan\codeigniter4-datatables\src\DataTable.php(45): Hermawan\DataTables\DataTable->__construct(Array)
#5 C:\xampp\htdocs\v2\app\Controllers\CekinController.php(140): Hermawan\DataTables\DataTable::of(Array)
#6 C:\xampp\htdocs\v2\vendor\codeigniter4\framework\system\CodeIgniter.php(928): App\Controllers\CekinController->listdata()
#7 C:\xampp\htdocs\v2\vendor\codeigniter4\framework\system\CodeIgniter.php(436): CodeIgniter\CodeIgniter->runController(Object(App\Controllers\CekinController))
#8 C:\xampp\htdocs\v2\vendor\codeigniter4\framework\system\CodeIgniter.php(336): CodeIgniter\CodeIgniter->handleRequest(NULL, Object(Config\Cache), false)
#9 C:\xampp\htdocs\v2\public\index.php(37): CodeIgniter\CodeIgniter->run()
#10 {main}
CRITICAL - 2021-08-30 22:56:23 --> The parameter class is expected to be either a string or an object
#0 C:\xampp\htdocs\v2\vendor\hermawan\codeigniter4-datatables\src\Helper.php(9): ReflectionProperty->__construct(Array, 'QBSelect')
#1 C:\xampp\htdocs\v2\vendor\hermawan\codeigniter4-datatables\src\DataTableColumnDefs.php(241): Hermawan\DataTables\Helper::getObjectPropertyValue(Array, 'QBSelect')
#2 C:\xampp\htdocs\v2\vendor\hermawan\codeigniter4-datatables\src\DataTableColumnDefs.php(17): Hermawan\DataTables\DataTableColumnDefs->initFromBuilder(Array)
#3 C:\xampp\htdocs\v2\vendor\hermawan\codeigniter4-datatables\src\DataTable.php(32): Hermawan\DataTables\DataTableColumnDefs->__construct(Array)
#4 C:\xampp\htdocs\v2\vendor\hermawan\codeigniter4-datatables\src\DataTable.php(45): Hermawan\DataTables\DataTable->__construct(Array)
#5 C:\xampp\htdocs\v2\app\Controllers\CekinController.php(140): Hermawan\DataTables\DataTable::of(Array)
#6 C:\xampp\htdocs\v2\vendor\codeigniter4\framework\system\CodeIgniter.php(928): App\Controllers\CekinController->listdata()
#7 C:\xampp\htdocs\v2\vendor\codeigniter4\framework\system\CodeIgniter.php(436): CodeIgniter\CodeIgniter->runController(Object(App\Controllers\CekinController))
#8 C:\xampp\htdocs\v2\vendor\codeigniter4\framework\system\CodeIgniter.php(336): CodeIgniter\CodeIgniter->handleRequest(NULL, Object(Config\Cache), false)
#9 C:\xampp\htdocs\v2\public\index.php(37): CodeIgniter\CodeIgniter->run()
#10 {main}
CRITICAL - 2021-08-30 22:56:23 --> The parameter class is expected to be either a string or an object
#0 C:\xampp\htdocs\v2\vendor\hermawan\codeigniter4-datatables\src\Helper.php(9): ReflectionProperty->__construct(Array, 'QBSelect')
#1 C:\xampp\htdocs\v2\vendor\hermawan\codeigniter4-datatables\src\DataTableColumnDefs.php(241): Hermawan\DataTables\Helper::getObjectPropertyValue(Array, 'QBSelect')
#2 C:\xampp\htdocs\v2\vendor\hermawan\codeigniter4-datatables\src\DataTableColumnDefs.php(17): Hermawan\DataTables\DataTableColumnDefs->initFromBuilder(Array)
#3 C:\xampp\htdocs\v2\vendor\hermawan\codeigniter4-datatables\src\DataTable.php(32): Hermawan\DataTables\DataTableColumnDefs->__construct(Array)
#4 C:\xampp\htdocs\v2\vendor\hermawan\codeigniter4-datatables\src\DataTable.php(45): Hermawan\DataTables\DataTable->__construct(Array)
#5 C:\xampp\htdocs\v2\app\Controllers\CekinController.php(140): Hermawan\DataTables\DataTable::of(Array)
#6 C:\xampp\htdocs\v2\vendor\codeigniter4\framework\system\CodeIgniter.php(928): App\Controllers\CekinController->listdata()
#7 C:\xampp\htdocs\v2\vendor\codeigniter4\framework\system\CodeIgniter.php(436): CodeIgniter\CodeIgniter->runController(Object(App\Controllers\CekinController))
#8 C:\xampp\htdocs\v2\vendor\codeigniter4\framework\system\CodeIgniter.php(336): CodeIgniter\CodeIgniter->handleRequest(NULL, Object(Config\Cache), false)
#9 C:\xampp\htdocs\v2\public\index.php(37): CodeIgniter\CodeIgniter->run()
#10 {main}
CRITICAL - 2021-08-30 22:56:24 --> The parameter class is expected to be either a string or an object
#0 C:\xampp\htdocs\v2\vendor\hermawan\codeigniter4-datatables\src\Helper.php(9): ReflectionProperty->__construct(Array, 'QBSelect')
#1 C:\xampp\htdocs\v2\vendor\hermawan\codeigniter4-datatables\src\DataTableColumnDefs.php(241): Hermawan\DataTables\Helper::getObjectPropertyValue(Array, 'QBSelect')
#2 C:\xampp\htdocs\v2\vendor\hermawan\codeigniter4-datatables\src\DataTableColumnDefs.php(17): Hermawan\DataTables\DataTableColumnDefs->initFromBuilder(Array)
#3 C:\xampp\htdocs\v2\vendor\hermawan\codeigniter4-datatables\src\DataTable.php(32): Hermawan\DataTables\DataTableColumnDefs->__construct(Array)
#4 C:\xampp\htdocs\v2\vendor\hermawan\codeigniter4-datatables\src\DataTable.php(45): Hermawan\DataTables\DataTable->__construct(Array)
#5 C:\xampp\htdocs\v2\app\Controllers\CekinController.php(140): Hermawan\DataTables\DataTable::of(Array)
#6 C:\xampp\htdocs\v2\vendor\codeigniter4\framework\system\CodeIgniter.php(928): App\Controllers\CekinController->listdata()
#7 C:\xampp\htdocs\v2\vendor\codeigniter4\framework\system\CodeIgniter.php(436): CodeIgniter\CodeIgniter->runController(Object(App\Controllers\CekinController))
#8 C:\xampp\htdocs\v2\vendor\codeigniter4\framework\system\CodeIgniter.php(336): CodeIgniter\CodeIgniter->handleRequest(NULL, Object(Config\Cache), false)
#9 C:\xampp\htdocs\v2\public\index.php(37): CodeIgniter\CodeIgniter->run()
#10 {main}
CRITICAL - 2021-08-30 22:56:24 --> The parameter class is expected to be either a string or an object
#0 C:\xampp\htdocs\v2\vendor\hermawan\codeigniter4-datatables\src\Helper.php(9): ReflectionProperty->__construct(Array, 'QBSelect')
#1 C:\xampp\htdocs\v2\vendor\hermawan\codeigniter4-datatables\src\DataTableColumnDefs.php(241): Hermawan\DataTables\Helper::getObjectPropertyValue(Array, 'QBSelect')
#2 C:\xampp\htdocs\v2\vendor\hermawan\codeigniter4-datatables\src\DataTableColumnDefs.php(17): Hermawan\DataTables\DataTableColumnDefs->initFromBuilder(Array)
#3 C:\xampp\htdocs\v2\vendor\hermawan\codeigniter4-datatables\src\DataTable.php(32): Hermawan\DataTables\DataTableColumnDefs->__construct(Array)
#4 C:\xampp\htdocs\v2\vendor\hermawan\codeigniter4-datatables\src\DataTable.php(45): Hermawan\DataTables\DataTable->__construct(Array)
#5 C:\xampp\htdocs\v2\app\Controllers\CekinController.php(140): Hermawan\DataTables\DataTable::of(Array)
#6 C:\xampp\htdocs\v2\vendor\codeigniter4\framework\system\CodeIgniter.php(928): App\Controllers\CekinController->listdata()
#7 C:\xampp\htdocs\v2\vendor\codeigniter4\framework\system\CodeIgniter.php(436): CodeIgniter\CodeIgniter->runController(Object(App\Controllers\CekinController))
#8 C:\xampp\htdocs\v2\vendor\codeigniter4\framework\system\CodeIgniter.php(336): CodeIgniter\CodeIgniter->handleRequest(NULL, Object(Config\Cache), false)
#9 C:\xampp\htdocs\v2\public\index.php(37): CodeIgniter\CodeIgniter->run()
#10 {main}
CRITICAL - 2021-08-30 22:56:25 --> The parameter class is expected to be either a string or an object
#0 C:\xampp\htdocs\v2\vendor\hermawan\codeigniter4-datatables\src\Helper.php(9): ReflectionProperty->__construct(Array, 'QBSelect')
#1 C:\xampp\htdocs\v2\vendor\hermawan\codeigniter4-datatables\src\DataTableColumnDefs.php(241): Hermawan\DataTables\Helper::getObjectPropertyValue(Array, 'QBSelect')
#2 C:\xampp\htdocs\v2\vendor\hermawan\codeigniter4-datatables\src\DataTableColumnDefs.php(17): Hermawan\DataTables\DataTableColumnDefs->initFromBuilder(Array)
#3 C:\xampp\htdocs\v2\vendor\hermawan\codeigniter4-datatables\src\DataTable.php(32): Hermawan\DataTables\DataTableColumnDefs->__construct(Array)
#4 C:\xampp\htdocs\v2\vendor\hermawan\codeigniter4-datatables\src\DataTable.php(45): Hermawan\DataTables\DataTable->__construct(Array)
#5 C:\xampp\htdocs\v2\app\Controllers\CekinController.php(140): Hermawan\DataTables\DataTable::of(Array)
#6 C:\xampp\htdocs\v2\vendor\codeigniter4\framework\system\CodeIgniter.php(928): App\Controllers\CekinController->listdata()
#7 C:\xampp\htdocs\v2\vendor\codeigniter4\framework\system\CodeIgniter.php(436): CodeIgniter\CodeIgniter->runController(Object(App\Controllers\CekinController))
#8 C:\xampp\htdocs\v2\vendor\codeigniter4\framework\system\CodeIgniter.php(336): CodeIgniter\CodeIgniter->handleRequest(NULL, Object(Config\Cache), false)
#9 C:\xampp\htdocs\v2\public\index.php(37): CodeIgniter\CodeIgniter->run()
#10 {main}
CRITICAL - 2021-08-30 22:56:25 --> The parameter class is expected to be either a string or an object
#0 C:\xampp\htdocs\v2\vendor\hermawan\codeigniter4-datatables\src\Helper.php(9): ReflectionProperty->__construct(Array, 'QBSelect')
#1 C:\xampp\htdocs\v2\vendor\hermawan\codeigniter4-datatables\src\DataTableColumnDefs.php(241): Hermawan\DataTables\Helper::getObjectPropertyValue(Array, 'QBSelect')
#2 C:\xampp\htdocs\v2\vendor\hermawan\codeigniter4-datatables\src\DataTableColumnDefs.php(17): Hermawan\DataTables\DataTableColumnDefs->initFromBuilder(Array)
#3 C:\xampp\htdocs\v2\vendor\hermawan\codeigniter4-datatables\src\DataTable.php(32): Hermawan\DataTables\DataTableColumnDefs->__construct(Array)
#4 C:\xampp\htdocs\v2\vendor\hermawan\codeigniter4-datatables\src\DataTable.php(45): Hermawan\DataTables\DataTable->__construct(Array)
#5 C:\xampp\htdocs\v2\app\Controllers\CekinController.php(140): Hermawan\DataTables\DataTable::of(Array)
#6 C:\xampp\htdocs\v2\vendor\codeigniter4\framework\system\CodeIgniter.php(928): App\Controllers\CekinController->listdata()
#7 C:\xampp\htdocs\v2\vendor\codeigniter4\framework\system\CodeIgniter.php(436): CodeIgniter\CodeIgniter->runController(Object(App\Controllers\CekinController))
#8 C:\xampp\htdocs\v2\vendor\codeigniter4\framework\system\CodeIgniter.php(336): CodeIgniter\CodeIgniter->handleRequest(NULL, Object(Config\Cache), false)
#9 C:\xampp\htdocs\v2\public\index.php(37): CodeIgniter\CodeIgniter->run()
#10 {main}
CRITICAL - 2021-08-30 22:56:26 --> The parameter class is expected to be either a string or an object
#0 C:\xampp\htdocs\v2\vendor\hermawan\codeigniter4-datatables\src\Helper.php(9): ReflectionProperty->__construct(Array, 'QBSelect')
#1 C:\xampp\htdocs\v2\vendor\hermawan\codeigniter4-datatables\src\DataTableColumnDefs.php(241): Hermawan\DataTables\Helper::getObjectPropertyValue(Array, 'QBSelect')
#2 C:\xampp\htdocs\v2\vendor\hermawan\codeigniter4-datatables\src\DataTableColumnDefs.php(17): Hermawan\DataTables\DataTableColumnDefs->initFromBuilder(Array)
#3 C:\xampp\htdocs\v2\vendor\hermawan\codeigniter4-datatables\src\DataTable.php(32): Hermawan\DataTables\DataTableColumnDefs->__construct(Array)
#4 C:\xampp\htdocs\v2\vendor\hermawan\codeigniter4-datatables\src\DataTable.php(45): Hermawan\DataTables\DataTable->__construct(Array)
#5 C:\xampp\htdocs\v2\app\Controllers\CekinController.php(140): Hermawan\DataTables\DataTable::of(Array)
#6 C:\xampp\htdocs\v2\vendor\codeigniter4\framework\system\CodeIgniter.php(928): App\Controllers\CekinController->listdata()
#7 C:\xampp\htdocs\v2\vendor\codeigniter4\framework\system\CodeIgniter.php(436): CodeIgniter\CodeIgniter->runController(Object(App\Controllers\CekinController))
#8 C:\xampp\htdocs\v2\vendor\codeigniter4\framework\system\CodeIgniter.php(336): CodeIgniter\CodeIgniter->handleRequest(NULL, Object(Config\Cache), false)
#9 C:\xampp\htdocs\v2\public\index.php(37): CodeIgniter\CodeIgniter->run()
#10 {main}
CRITICAL - 2021-08-30 22:56:26 --> The parameter class is expected to be either a string or an object
#0 C:\xampp\htdocs\v2\vendor\hermawan\codeigniter4-datatables\src\Helper.php(9): ReflectionProperty->__construct(Array, 'QBSelect')
#1 C:\xampp\htdocs\v2\vendor\hermawan\codeigniter4-datatables\src\DataTableColumnDefs.php(241): Hermawan\DataTables\Helper::getObjectPropertyValue(Array, 'QBSelect')
#2 C:\xampp\htdocs\v2\vendor\hermawan\codeigniter4-datatables\src\DataTableColumnDefs.php(17): Hermawan\DataTables\DataTableColumnDefs->initFromBuilder(Array)
#3 C:\xampp\htdocs\v2\vendor\hermawan\codeigniter4-datatables\src\DataTable.php(32): Hermawan\DataTables\DataTableColumnDefs->__construct(Array)
#4 C:\xampp\htdocs\v2\vendor\hermawan\codeigniter4-datatables\src\DataTable.php(45): Hermawan\DataTables\DataTable->__construct(Array)
#5 C:\xampp\htdocs\v2\app\Controllers\CekinController.php(140): Hermawan\DataTables\DataTable::of(Array)
#6 C:\xampp\htdocs\v2\vendor\codeigniter4\framework\system\CodeIgniter.php(928): App\Controllers\CekinController->listdata()
#7 C:\xampp\htdocs\v2\vendor\codeigniter4\framework\system\CodeIgniter.php(436): CodeIgniter\CodeIgniter->runController(Object(App\Controllers\CekinController))
#8 C:\xampp\htdocs\v2\vendor\codeigniter4\framework\system\CodeIgniter.php(336): CodeIgniter\CodeIgniter->handleRequest(NULL, Object(Config\Cache), false)
#9 C:\xampp\htdocs\v2\public\index.php(37): CodeIgniter\CodeIgniter->run()
#10 {main}
CRITICAL - 2021-08-30 22:56:55 --> The parameter class is expected to be either a string or an object
#0 C:\xampp\htdocs\v2\vendor\hermawan\codeigniter4-datatables\src\Helper.php(9): ReflectionProperty->__construct(Array, 'QBSelect')
#1 C:\xampp\htdocs\v2\vendor\hermawan\codeigniter4-datatables\src\DataTableColumnDefs.php(241): Hermawan\DataTables\Helper::getObjectPropertyValue(Array, 'QBSelect')
#2 C:\xampp\htdocs\v2\vendor\hermawan\codeigniter4-datatables\src\DataTableColumnDefs.php(17): Hermawan\DataTables\DataTableColumnDefs->initFromBuilder(Array)
#3 C:\xampp\htdocs\v2\vendor\hermawan\codeigniter4-datatables\src\DataTable.php(32): Hermawan\DataTables\DataTableColumnDefs->__construct(Array)
#4 C:\xampp\htdocs\v2\vendor\hermawan\codeigniter4-datatables\src\DataTable.php(45): Hermawan\DataTables\DataTable->__construct(Array)
#5 C:\xampp\htdocs\v2\app\Controllers\CekinController.php(140): Hermawan\DataTables\DataTable::of(Array)
#6 C:\xampp\htdocs\v2\vendor\codeigniter4\framework\system\CodeIgniter.php(928): App\Controllers\CekinController->listdata()
#7 C:\xampp\htdocs\v2\vendor\codeigniter4\framework\system\CodeIgniter.php(436): CodeIgniter\CodeIgniter->runController(Object(App\Controllers\CekinController))
#8 C:\xampp\htdocs\v2\vendor\codeigniter4\framework\system\CodeIgniter.php(336): CodeIgniter\CodeIgniter->handleRequest(NULL, Object(Config\Cache), false)
#9 C:\xampp\htdocs\v2\public\index.php(37): CodeIgniter\CodeIgniter->run()
#10 {main}
CRITICAL - 2021-08-30 22:57:32 --> The parameter class is expected to be either a string or an object
#0 C:\xampp\htdocs\v2\vendor\hermawan\codeigniter4-datatables\src\Helper.php(9): ReflectionProperty->__construct(Array, 'QBSelect')
#1 C:\xampp\htdocs\v2\vendor\hermawan\codeigniter4-datatables\src\DataTableColumnDefs.php(241): Hermawan\DataTables\Helper::getObjectPropertyValue(Array, 'QBSelect')
#2 C:\xampp\htdocs\v2\vendor\hermawan\codeigniter4-datatables\src\DataTableColumnDefs.php(17): Hermawan\DataTables\DataTableColumnDefs->initFromBuilder(Array)
#3 C:\xampp\htdocs\v2\vendor\hermawan\codeigniter4-datatables\src\DataTable.php(32): Hermawan\DataTables\DataTableColumnDefs->__construct(Array)
#4 C:\xampp\htdocs\v2\vendor\hermawan\codeigniter4-datatables\src\DataTable.php(45): Hermawan\DataTables\DataTable->__construct(Array)
#5 C:\xampp\htdocs\v2\app\Controllers\CekinController.php(140): Hermawan\DataTables\DataTable::of(Array)
#6 C:\xampp\htdocs\v2\vendor\codeigniter4\framework\system\CodeIgniter.php(928): App\Controllers\CekinController->listdata()
#7 C:\xampp\htdocs\v2\vendor\codeigniter4\framework\system\CodeIgniter.php(436): CodeIgniter\CodeIgniter->runController(Object(App\Controllers\CekinController))
#8 C:\xampp\htdocs\v2\vendor\codeigniter4\framework\system\CodeIgniter.php(336): CodeIgniter\CodeIgniter->handleRequest(NULL, Object(Config\Cache), false)
#9 C:\xampp\htdocs\v2\public\index.php(37): CodeIgniter\CodeIgniter->run()
#10 {main}
CRITICAL - 2021-08-30 22:57:34 --> The parameter class is expected to be either a string or an object
#0 C:\xampp\htdocs\v2\vendor\hermawan\codeigniter4-datatables\src\Helper.php(9): ReflectionProperty->__construct(Array, 'QBSelect')
#1 C:\xampp\htdocs\v2\vendor\hermawan\codeigniter4-datatables\src\DataTableColumnDefs.php(241): Hermawan\DataTables\Helper::getObjectPropertyValue(Array, 'QBSelect')
#2 C:\xampp\htdocs\v2\vendor\hermawan\codeigniter4-datatables\src\DataTableColumnDefs.php(17): Hermawan\DataTables\DataTableColumnDefs->initFromBuilder(Array)
#3 C:\xampp\htdocs\v2\vendor\hermawan\codeigniter4-datatables\src\DataTable.php(32): Hermawan\DataTables\DataTableColumnDefs->__construct(Array)
#4 C:\xampp\htdocs\v2\vendor\hermawan\codeigniter4-datatables\src\DataTable.php(45): Hermawan\DataTables\DataTable->__construct(Array)
#5 C:\xampp\htdocs\v2\app\Controllers\CekinController.php(140): Hermawan\DataTables\DataTable::of(Array)
#6 C:\xampp\htdocs\v2\vendor\codeigniter4\framework\system\CodeIgniter.php(928): App\Controllers\CekinController->listdata()
#7 C:\xampp\htdocs\v2\vendor\codeigniter4\framework\system\CodeIgniter.php(436): CodeIgniter\CodeIgniter->runController(Object(App\Controllers\CekinController))
#8 C:\xampp\htdocs\v2\vendor\codeigniter4\framework\system\CodeIgniter.php(336): CodeIgniter\CodeIgniter->handleRequest(NULL, Object(Config\Cache), false)
#9 C:\xampp\htdocs\v2\public\index.php(37): CodeIgniter\CodeIgniter->run()
#10 {main}
CRITICAL - 2021-08-30 22:57:35 --> The parameter class is expected to be either a string or an object
#0 C:\xampp\htdocs\v2\vendor\hermawan\codeigniter4-datatables\src\Helper.php(9): ReflectionProperty->__construct(Array, 'QBSelect')
#1 C:\xampp\htdocs\v2\vendor\hermawan\codeigniter4-datatables\src\DataTableColumnDefs.php(241): Hermawan\DataTables\Helper::getObjectPropertyValue(Array, 'QBSelect')
#2 C:\xampp\htdocs\v2\vendor\hermawan\codeigniter4-datatables\src\DataTableColumnDefs.php(17): Hermawan\DataTables\DataTableColumnDefs->initFromBuilder(Array)
#3 C:\xampp\htdocs\v2\vendor\hermawan\codeigniter4-datatables\src\DataTable.php(32): Hermawan\DataTables\DataTableColumnDefs->__construct(Array)
#4 C:\xampp\htdocs\v2\vendor\hermawan\codeigniter4-datatables\src\DataTable.php(45): Hermawan\DataTables\DataTable->__construct(Array)
#5 C:\xampp\htdocs\v2\app\Controllers\CekinController.php(140): Hermawan\DataTables\DataTable::of(Array)
#6 C:\xampp\htdocs\v2\vendor\codeigniter4\framework\system\CodeIgniter.php(928): App\Controllers\CekinController->listdata()
#7 C:\xampp\htdocs\v2\vendor\codeigniter4\framework\system\CodeIgniter.php(436): CodeIgniter\CodeIgniter->runController(Object(App\Controllers\CekinController))
#8 C:\xampp\htdocs\v2\vendor\codeigniter4\framework\system\CodeIgniter.php(336): CodeIgniter\CodeIgniter->handleRequest(NULL, Object(Config\Cache), false)
#9 C:\xampp\htdocs\v2\public\index.php(37): CodeIgniter\CodeIgniter->run()
#10 {main}
CRITICAL - 2021-08-30 22:57:42 --> The parameter class is expected to be either a string or an object
#0 C:\xampp\htdocs\v2\vendor\hermawan\codeigniter4-datatables\src\Helper.php(9): ReflectionProperty->__construct(Array, 'QBSelect')
#1 C:\xampp\htdocs\v2\vendor\hermawan\codeigniter4-datatables\src\DataTableColumnDefs.php(241): Hermawan\DataTables\Helper::getObjectPropertyValue(Array, 'QBSelect')
#2 C:\xampp\htdocs\v2\vendor\hermawan\codeigniter4-datatables\src\DataTableColumnDefs.php(17): Hermawan\DataTables\DataTableColumnDefs->initFromBuilder(Array)
#3 C:\xampp\htdocs\v2\vendor\hermawan\codeigniter4-datatables\src\DataTable.php(32): Hermawan\DataTables\DataTableColumnDefs->__construct(Array)
#4 C:\xampp\htdocs\v2\vendor\hermawan\codeigniter4-datatables\src\DataTable.php(45): Hermawan\DataTables\DataTable->__construct(Array)
#5 C:\xampp\htdocs\v2\app\Controllers\CekinController.php(140): Hermawan\DataTables\DataTable::of(Array)
#6 C:\xampp\htdocs\v2\vendor\codeigniter4\framework\system\CodeIgniter.php(928): App\Controllers\CekinController->listdata()
#7 C:\xampp\htdocs\v2\vendor\codeigniter4\framework\system\CodeIgniter.php(436): CodeIgniter\CodeIgniter->runController(Object(App\Controllers\CekinController))
#8 C:\xampp\htdocs\v2\vendor\codeigniter4\framework\system\CodeIgniter.php(336): CodeIgniter\CodeIgniter->handleRequest(NULL, Object(Config\Cache), false)
#9 C:\xampp\htdocs\v2\public\index.php(37): CodeIgniter\CodeIgniter->run()
#10 {main}
CRITICAL - 2021-08-30 22:57:43 --> The parameter class is expected to be either a string or an object
#0 C:\xampp\htdocs\v2\vendor\hermawan\codeigniter4-datatables\src\Helper.php(9): ReflectionProperty->__construct(Array, 'QBSelect')
#1 C:\xampp\htdocs\v2\vendor\hermawan\codeigniter4-datatables\src\DataTableColumnDefs.php(241): Hermawan\DataTables\Helper::getObjectPropertyValue(Array, 'QBSelect')
#2 C:\xampp\htdocs\v2\vendor\hermawan\codeigniter4-datatables\src\DataTableColumnDefs.php(17): Hermawan\DataTables\DataTableColumnDefs->initFromBuilder(Array)
#3 C:\xampp\htdocs\v2\vendor\hermawan\codeigniter4-datatables\src\DataTable.php(32): Hermawan\DataTables\DataTableColumnDefs->__construct(Array)
#4 C:\xampp\htdocs\v2\vendor\hermawan\codeigniter4-datatables\src\DataTable.php(45): Hermawan\DataTables\DataTable->__construct(Array)
#5 C:\xampp\htdocs\v2\app\Controllers\CekinController.php(140): Hermawan\DataTables\DataTable::of(Array)
#6 C:\xampp\htdocs\v2\vendor\codeigniter4\framework\system\CodeIgniter.php(928): App\Controllers\CekinController->listdata()
#7 C:\xampp\htdocs\v2\vendor\codeigniter4\framework\system\CodeIgniter.php(436): CodeIgniter\CodeIgniter->runController(Object(App\Controllers\CekinController))
#8 C:\xampp\htdocs\v2\vendor\codeigniter4\framework\system\CodeIgniter.php(336): CodeIgniter\CodeIgniter->handleRequest(NULL, Object(Config\Cache), false)
#9 C:\xampp\htdocs\v2\public\index.php(37): CodeIgniter\CodeIgniter->run()
#10 {main}
CRITICAL - 2021-08-30 22:57:55 --> The parameter class is expected to be either a string or an object
#0 C:\xampp\htdocs\v2\vendor\hermawan\codeigniter4-datatables\src\Helper.php(9): ReflectionProperty->__construct(Array, 'QBSelect')
#1 C:\xampp\htdocs\v2\vendor\hermawan\codeigniter4-datatables\src\DataTableColumnDefs.php(241): Hermawan\DataTables\Helper::getObjectPropertyValue(Array, 'QBSelect')
#2 C:\xampp\htdocs\v2\vendor\hermawan\codeigniter4-datatables\src\DataTableColumnDefs.php(17): Hermawan\DataTables\DataTableColumnDefs->initFromBuilder(Array)
#3 C:\xampp\htdocs\v2\vendor\hermawan\codeigniter4-datatables\src\DataTable.php(32): Hermawan\DataTables\DataTableColumnDefs->__construct(Array)
#4 C:\xampp\htdocs\v2\vendor\hermawan\codeigniter4-datatables\src\DataTable.php(45): Hermawan\DataTables\DataTable->__construct(Array)
#5 C:\xampp\htdocs\v2\app\Controllers\CekinController.php(140): Hermawan\DataTables\DataTable::of(Array)
#6 C:\xampp\htdocs\v2\vendor\codeigniter4\framework\system\CodeIgniter.php(928): App\Controllers\CekinController->listdata()
#7 C:\xampp\htdocs\v2\vendor\codeigniter4\framework\system\CodeIgniter.php(436): CodeIgniter\CodeIgniter->runController(Object(App\Controllers\CekinController))
#8 C:\xampp\htdocs\v2\vendor\codeigniter4\framework\system\CodeIgniter.php(336): CodeIgniter\CodeIgniter->handleRequest(NULL, Object(Config\Cache), false)
#9 C:\xampp\htdocs\v2\public\index.php(37): CodeIgniter\CodeIgniter->run()
#10 {main}
CRITICAL - 2021-08-30 22:57:57 --> The parameter class is expected to be either a string or an object
#0 C:\xampp\htdocs\v2\vendor\hermawan\codeigniter4-datatables\src\Helper.php(9): ReflectionProperty->__construct(Array, 'QBSelect')
#1 C:\xampp\htdocs\v2\vendor\hermawan\codeigniter4-datatables\src\DataTableColumnDefs.php(241): Hermawan\DataTables\Helper::getObjectPropertyValue(Array, 'QBSelect')
#2 C:\xampp\htdocs\v2\vendor\hermawan\codeigniter4-datatables\src\DataTableColumnDefs.php(17): Hermawan\DataTables\DataTableColumnDefs->initFromBuilder(Array)
#3 C:\xampp\htdocs\v2\vendor\hermawan\codeigniter4-datatables\src\DataTable.php(32): Hermawan\DataTables\DataTableColumnDefs->__construct(Array)
#4 C:\xampp\htdocs\v2\vendor\hermawan\codeigniter4-datatables\src\DataTable.php(45): Hermawan\DataTables\DataTable->__construct(Array)
#5 C:\xampp\htdocs\v2\app\Controllers\CekinController.php(140): Hermawan\DataTables\DataTable::of(Array)
#6 C:\xampp\htdocs\v2\vendor\codeigniter4\framework\system\CodeIgniter.php(928): App\Controllers\CekinController->listdata()
#7 C:\xampp\htdocs\v2\vendor\codeigniter4\framework\system\CodeIgniter.php(436): CodeIgniter\CodeIgniter->runController(Object(App\Controllers\CekinController))
#8 C:\xampp\htdocs\v2\vendor\codeigniter4\framework\system\CodeIgniter.php(336): CodeIgniter\CodeIgniter->handleRequest(NULL, Object(Config\Cache), false)
#9 C:\xampp\htdocs\v2\public\index.php(37): CodeIgniter\CodeIgniter->run()
#10 {main}
CRITICAL - 2021-08-30 22:58:03 --> The parameter class is expected to be either a string or an object
#0 C:\xampp\htdocs\v2\vendor\hermawan\codeigniter4-datatables\src\Helper.php(9): ReflectionProperty->__construct(Array, 'QBSelect')
#1 C:\xampp\htdocs\v2\vendor\hermawan\codeigniter4-datatables\src\DataTableColumnDefs.php(241): Hermawan\DataTables\Helper::getObjectPropertyValue(Array, 'QBSelect')
#2 C:\xampp\htdocs\v2\vendor\hermawan\codeigniter4-datatables\src\DataTableColumnDefs.php(17): Hermawan\DataTables\DataTableColumnDefs->initFromBuilder(Array)
#3 C:\xampp\htdocs\v2\vendor\hermawan\codeigniter4-datatables\src\DataTable.php(32): Hermawan\DataTables\DataTableColumnDefs->__construct(Array)
#4 C:\xampp\htdocs\v2\vendor\hermawan\codeigniter4-datatables\src\DataTable.php(45): Hermawan\DataTables\DataTable->__construct(Array)
#5 C:\xampp\htdocs\v2\app\Controllers\CekinController.php(140): Hermawan\DataTables\DataTable::of(Array)
#6 C:\xampp\htdocs\v2\vendor\codeigniter4\framework\system\CodeIgniter.php(928): App\Controllers\CekinController->listdata()
#7 C:\xampp\htdocs\v2\vendor\codeigniter4\framework\system\CodeIgniter.php(436): CodeIgniter\CodeIgniter->runController(Object(App\Controllers\CekinController))
#8 C:\xampp\htdocs\v2\vendor\codeigniter4\framework\system\CodeIgniter.php(336): CodeIgniter\CodeIgniter->handleRequest(NULL, Object(Config\Cache), false)
#9 C:\xampp\htdocs\v2\public\index.php(37): CodeIgniter\CodeIgniter->run()
#10 {main}
CRITICAL - 2021-08-30 22:58:04 --> The parameter class is expected to be either a string or an object
#0 C:\xampp\htdocs\v2\vendor\hermawan\codeigniter4-datatables\src\Helper.php(9): ReflectionProperty->__construct(Array, 'QBSelect')
#1 C:\xampp\htdocs\v2\vendor\hermawan\codeigniter4-datatables\src\DataTableColumnDefs.php(241): Hermawan\DataTables\Helper::getObjectPropertyValue(Array, 'QBSelect')
#2 C:\xampp\htdocs\v2\vendor\hermawan\codeigniter4-datatables\src\DataTableColumnDefs.php(17): Hermawan\DataTables\DataTableColumnDefs->initFromBuilder(Array)
#3 C:\xampp\htdocs\v2\vendor\hermawan\codeigniter4-datatables\src\DataTable.php(32): Hermawan\DataTables\DataTableColumnDefs->__construct(Array)
#4 C:\xampp\htdocs\v2\vendor\hermawan\codeigniter4-datatables\src\DataTable.php(45): Hermawan\DataTables\DataTable->__construct(Array)
#5 C:\xampp\htdocs\v2\app\Controllers\CekinController.php(140): Hermawan\DataTables\DataTable::of(Array)
#6 C:\xampp\htdocs\v2\vendor\codeigniter4\framework\system\CodeIgniter.php(928): App\Controllers\CekinController->listdata()
#7 C:\xampp\htdocs\v2\vendor\codeigniter4\framework\system\CodeIgniter.php(436): CodeIgniter\CodeIgniter->runController(Object(App\Controllers\CekinController))
#8 C:\xampp\htdocs\v2\vendor\codeigniter4\framework\system\CodeIgniter.php(336): CodeIgniter\CodeIgniter->handleRequest(NULL, Object(Config\Cache), false)
#9 C:\xampp\htdocs\v2\public\index.php(37): CodeIgniter\CodeIgniter->run()
#10 {main}
CRITICAL - 2021-08-30 22:58:12 --> The parameter class is expected to be either a string or an object
#0 C:\xampp\htdocs\v2\vendor\hermawan\codeigniter4-datatables\src\Helper.php(9): ReflectionProperty->__construct(Array, 'QBSelect')
#1 C:\xampp\htdocs\v2\vendor\hermawan\codeigniter4-datatables\src\DataTableColumnDefs.php(241): Hermawan\DataTables\Helper::getObjectPropertyValue(Array, 'QBSelect')
#2 C:\xampp\htdocs\v2\vendor\hermawan\codeigniter4-datatables\src\DataTableColumnDefs.php(17): Hermawan\DataTables\DataTableColumnDefs->initFromBuilder(Array)
#3 C:\xampp\htdocs\v2\vendor\hermawan\codeigniter4-datatables\src\DataTable.php(32): Hermawan\DataTables\DataTableColumnDefs->__construct(Array)
#4 C:\xampp\htdocs\v2\vendor\hermawan\codeigniter4-datatables\src\DataTable.php(45): Hermawan\DataTables\DataTable->__construct(Array)
#5 C:\xampp\htdocs\v2\app\Controllers\CekinController.php(140): Hermawan\DataTables\DataTable::of(Array)
#6 C:\xampp\htdocs\v2\vendor\codeigniter4\framework\system\CodeIgniter.php(928): App\Controllers\CekinController->listdata()
#7 C:\xampp\htdocs\v2\vendor\codeigniter4\framework\system\CodeIgniter.php(436): CodeIgniter\CodeIgniter->runController(Object(App\Controllers\CekinController))
#8 C:\xampp\htdocs\v2\vendor\codeigniter4\framework\system\CodeIgniter.php(336): CodeIgniter\CodeIgniter->handleRequest(NULL, Object(Config\Cache), false)
#9 C:\xampp\htdocs\v2\public\index.php(37): CodeIgniter\CodeIgniter->run()
#10 {main}
CRITICAL - 2021-08-30 22:58:22 --> The parameter class is expected to be either a string or an object
#0 C:\xampp\htdocs\v2\vendor\hermawan\codeigniter4-datatables\src\Helper.php(9): ReflectionProperty->__construct(Array, 'QBSelect')
#1 C:\xampp\htdocs\v2\vendor\hermawan\codeigniter4-datatables\src\DataTableColumnDefs.php(241): Hermawan\DataTables\Helper::getObjectPropertyValue(Array, 'QBSelect')
#2 C:\xampp\htdocs\v2\vendor\hermawan\codeigniter4-datatables\src\DataTableColumnDefs.php(17): Hermawan\DataTables\DataTableColumnDefs->initFromBuilder(Array)
#3 C:\xampp\htdocs\v2\vendor\hermawan\codeigniter4-datatables\src\DataTable.php(32): Hermawan\DataTables\DataTableColumnDefs->__construct(Array)
#4 C:\xampp\htdocs\v2\vendor\hermawan\codeigniter4-datatables\src\DataTable.php(45): Hermawan\DataTables\DataTable->__construct(Array)
#5 C:\xampp\htdocs\v2\app\Controllers\CekinController.php(140): Hermawan\DataTables\DataTable::of(Array)
#6 C:\xampp\htdocs\v2\vendor\codeigniter4\framework\system\CodeIgniter.php(928): App\Controllers\CekinController->listdata()
#7 C:\xampp\htdocs\v2\vendor\codeigniter4\framework\system\CodeIgniter.php(436): CodeIgniter\CodeIgniter->runController(Object(App\Controllers\CekinController))
#8 C:\xampp\htdocs\v2\vendor\codeigniter4\framework\system\CodeIgniter.php(336): CodeIgniter\CodeIgniter->handleRequest(NULL, Object(Config\Cache), false)
#9 C:\xampp\htdocs\v2\public\index.php(37): CodeIgniter\CodeIgniter->run()
#10 {main}
CRITICAL - 2021-08-30 22:58:24 --> The parameter class is expected to be either a string or an object
#0 C:\xampp\htdocs\v2\vendor\hermawan\codeigniter4-datatables\src\Helper.php(9): ReflectionProperty->__construct(Array, 'QBSelect')
#1 C:\xampp\htdocs\v2\vendor\hermawan\codeigniter4-datatables\src\DataTableColumnDefs.php(241): Hermawan\DataTables\Helper::getObjectPropertyValue(Array, 'QBSelect')
#2 C:\xampp\htdocs\v2\vendor\hermawan\codeigniter4-datatables\src\DataTableColumnDefs.php(17): Hermawan\DataTables\DataTableColumnDefs->initFromBuilder(Array)
#3 C:\xampp\htdocs\v2\vendor\hermawan\codeigniter4-datatables\src\DataTable.php(32): Hermawan\DataTables\DataTableColumnDefs->__construct(Array)
#4 C:\xampp\htdocs\v2\vendor\hermawan\codeigniter4-datatables\src\DataTable.php(45): Hermawan\DataTables\DataTable->__construct(Array)
#5 C:\xampp\htdocs\v2\app\Controllers\CekinController.php(140): Hermawan\DataTables\DataTable::of(Array)
#6 C:\xampp\htdocs\v2\vendor\codeigniter4\framework\system\CodeIgniter.php(928): App\Controllers\CekinController->listdata()
#7 C:\xampp\htdocs\v2\vendor\codeigniter4\framework\system\CodeIgniter.php(436): CodeIgniter\CodeIgniter->runController(Object(App\Controllers\CekinController))
#8 C:\xampp\htdocs\v2\vendor\codeigniter4\framework\system\CodeIgniter.php(336): CodeIgniter\CodeIgniter->handleRequest(NULL, Object(Config\Cache), false)
#9 C:\xampp\htdocs\v2\public\index.php(37): CodeIgniter\CodeIgniter->run()
#10 {main}
CRITICAL - 2021-08-30 22:59:44 --> The parameter class is expected to be either a string or an object
#0 C:\xampp\htdocs\v2\vendor\hermawan\codeigniter4-datatables\src\Helper.php(9): ReflectionProperty->__construct(Array, 'QBSelect')
#1 C:\xampp\htdocs\v2\vendor\hermawan\codeigniter4-datatables\src\DataTableColumnDefs.php(241): Hermawan\DataTables\Helper::getObjectPropertyValue(Array, 'QBSelect')
#2 C:\xampp\htdocs\v2\vendor\hermawan\codeigniter4-datatables\src\DataTableColumnDefs.php(17): Hermawan\DataTables\DataTableColumnDefs->initFromBuilder(Array)
#3 C:\xampp\htdocs\v2\vendor\hermawan\codeigniter4-datatables\src\DataTable.php(32): Hermawan\DataTables\DataTableColumnDefs->__construct(Array)
#4 C:\xampp\htdocs\v2\vendor\hermawan\codeigniter4-datatables\src\DataTable.php(45): Hermawan\DataTables\DataTable->__construct(Array)
#5 C:\xampp\htdocs\v2\app\Controllers\CekinController.php(140): Hermawan\DataTables\DataTable::of(Array)
#6 C:\xampp\htdocs\v2\vendor\codeigniter4\framework\system\CodeIgniter.php(928): App\Controllers\CekinController->listdata()
#7 C:\xampp\htdocs\v2\vendor\codeigniter4\framework\system\CodeIgniter.php(436): CodeIgniter\CodeIgniter->runController(Object(App\Controllers\CekinController))
#8 C:\xampp\htdocs\v2\vendor\codeigniter4\framework\system\CodeIgniter.php(336): CodeIgniter\CodeIgniter->handleRequest(NULL, Object(Config\Cache), false)
#9 C:\xampp\htdocs\v2\public\index.php(37): CodeIgniter\CodeIgniter->run()
#10 {main}
CRITICAL - 2021-08-30 22:59:46 --> The parameter class is expected to be either a string or an object
#0 C:\xampp\htdocs\v2\vendor\hermawan\codeigniter4-datatables\src\Helper.php(9): ReflectionProperty->__construct(Array, 'QBSelect')
#1 C:\xampp\htdocs\v2\vendor\hermawan\codeigniter4-datatables\src\DataTableColumnDefs.php(241): Hermawan\DataTables\Helper::getObjectPropertyValue(Array, 'QBSelect')
#2 C:\xampp\htdocs\v2\vendor\hermawan\codeigniter4-datatables\src\DataTableColumnDefs.php(17): Hermawan\DataTables\DataTableColumnDefs->initFromBuilder(Array)
#3 C:\xampp\htdocs\v2\vendor\hermawan\codeigniter4-datatables\src\DataTable.php(32): Hermawan\DataTables\DataTableColumnDefs->__construct(Array)
#4 C:\xampp\htdocs\v2\vendor\hermawan\codeigniter4-datatables\src\DataTable.php(45): Hermawan\DataTables\DataTable->__construct(Array)
#5 C:\xampp\htdocs\v2\app\Controllers\CekinController.php(140): Hermawan\DataTables\DataTable::of(Array)
#6 C:\xampp\htdocs\v2\vendor\codeigniter4\framework\system\CodeIgniter.php(928): App\Controllers\CekinController->listdata()
#7 C:\xampp\htdocs\v2\vendor\codeigniter4\framework\system\CodeIgniter.php(436): CodeIgniter\CodeIgniter->runController(Object(App\Controllers\CekinController))
#8 C:\xampp\htdocs\v2\vendor\codeigniter4\framework\system\CodeIgniter.php(336): CodeIgniter\CodeIgniter->handleRequest(NULL, Object(Config\Cache), false)
#9 C:\xampp\htdocs\v2\public\index.php(37): CodeIgniter\CodeIgniter->run()
#10 {main}
CRITICAL - 2021-08-30 22:59:47 --> The parameter class is expected to be either a string or an object
#0 C:\xampp\htdocs\v2\vendor\hermawan\codeigniter4-datatables\src\Helper.php(9): ReflectionProperty->__construct(Array, 'QBSelect')
#1 C:\xampp\htdocs\v2\vendor\hermawan\codeigniter4-datatables\src\DataTableColumnDefs.php(241): Hermawan\DataTables\Helper::getObjectPropertyValue(Array, 'QBSelect')
#2 C:\xampp\htdocs\v2\vendor\hermawan\codeigniter4-datatables\src\DataTableColumnDefs.php(17): Hermawan\DataTables\DataTableColumnDefs->initFromBuilder(Array)
#3 C:\xampp\htdocs\v2\vendor\hermawan\codeigniter4-datatables\src\DataTable.php(32): Hermawan\DataTables\DataTableColumnDefs->__construct(Array)
#4 C:\xampp\htdocs\v2\vendor\hermawan\codeigniter4-datatables\src\DataTable.php(45): Hermawan\DataTables\DataTable->__construct(Array)
#5 C:\xampp\htdocs\v2\app\Controllers\CekinController.php(140): Hermawan\DataTables\DataTable::of(Array)
#6 C:\xampp\htdocs\v2\vendor\codeigniter4\framework\system\CodeIgniter.php(928): App\Controllers\CekinController->listdata()
#7 C:\xampp\htdocs\v2\vendor\codeigniter4\framework\system\CodeIgniter.php(436): CodeIgniter\CodeIgniter->runController(Object(App\Controllers\CekinController))
#8 C:\xampp\htdocs\v2\vendor\codeigniter4\framework\system\CodeIgniter.php(336): CodeIgniter\CodeIgniter->handleRequest(NULL, Object(Config\Cache), false)
#9 C:\xampp\htdocs\v2\public\index.php(37): CodeIgniter\CodeIgniter->run()
#10 {main}
CRITICAL - 2021-08-30 23:02:22 --> The parameter class is expected to be either a string or an object
#0 C:\xampp\htdocs\v2\vendor\hermawan\codeigniter4-datatables\src\Helper.php(9): ReflectionProperty->__construct(Array, 'QBSelect')
#1 C:\xampp\htdocs\v2\vendor\hermawan\codeigniter4-datatables\src\DataTableColumnDefs.php(241): Hermawan\DataTables\Helper::getObjectPropertyValue(Array, 'QBSelect')
#2 C:\xampp\htdocs\v2\vendor\hermawan\codeigniter4-datatables\src\DataTableColumnDefs.php(17): Hermawan\DataTables\DataTableColumnDefs->initFromBuilder(Array)
#3 C:\xampp\htdocs\v2\vendor\hermawan\codeigniter4-datatables\src\DataTable.php(32): Hermawan\DataTables\DataTableColumnDefs->__construct(Array)
#4 C:\xampp\htdocs\v2\vendor\hermawan\codeigniter4-datatables\src\DataTable.php(45): Hermawan\DataTables\DataTable->__construct(Array)
#5 C:\xampp\htdocs\v2\app\Controllers\CekinController.php(140): Hermawan\DataTables\DataTable::of(Array)
#6 C:\xampp\htdocs\v2\vendor\codeigniter4\framework\system\CodeIgniter.php(928): App\Controllers\CekinController->listdata()
#7 C:\xampp\htdocs\v2\vendor\codeigniter4\framework\system\CodeIgniter.php(436): CodeIgniter\CodeIgniter->runController(Object(App\Controllers\CekinController))
#8 C:\xampp\htdocs\v2\vendor\codeigniter4\framework\system\CodeIgniter.php(336): CodeIgniter\CodeIgniter->handleRequest(NULL, Object(Config\Cache), false)
#9 C:\xampp\htdocs\v2\public\index.php(37): CodeIgniter\CodeIgniter->run()
#10 {main}
CRITICAL - 2021-08-30 23:04:30 --> The parameter class is expected to be either a string or an object
#0 C:\xampp\htdocs\v2\vendor\hermawan\codeigniter4-datatables\src\Helper.php(9): ReflectionProperty->__construct(Array, 'QBSelect')
#1 C:\xampp\htdocs\v2\vendor\hermawan\codeigniter4-datatables\src\DataTableColumnDefs.php(241): Hermawan\DataTables\Helper::getObjectPropertyValue(Array, 'QBSelect')
#2 C:\xampp\htdocs\v2\vendor\hermawan\codeigniter4-datatables\src\DataTableColumnDefs.php(17): Hermawan\DataTables\DataTableColumnDefs->initFromBuilder(Array)
#3 C:\xampp\htdocs\v2\vendor\hermawan\codeigniter4-datatables\src\DataTable.php(32): Hermawan\DataTables\DataTableColumnDefs->__construct(Array)
#4 C:\xampp\htdocs\v2\vendor\hermawan\codeigniter4-datatables\src\DataTable.php(45): Hermawan\DataTables\DataTable->__construct(Array)
#5 C:\xampp\htdocs\v2\app\Controllers\CekinController.php(140): Hermawan\DataTables\DataTable::of(Array)
#6 C:\xampp\htdocs\v2\vendor\codeigniter4\framework\system\CodeIgniter.php(928): App\Controllers\CekinController->listdata()
#7 C:\xampp\htdocs\v2\vendor\codeigniter4\framework\system\CodeIgniter.php(436): CodeIgniter\CodeIgniter->runController(Object(App\Controllers\CekinController))
#8 C:\xampp\htdocs\v2\vendor\codeigniter4\framework\system\CodeIgniter.php(336): CodeIgniter\CodeIgniter->handleRequest(NULL, Object(Config\Cache), false)
#9 C:\xampp\htdocs\v2\public\index.php(37): CodeIgniter\CodeIgniter->run()
#10 {main}
CRITICAL - 2021-08-30 23:05:01 --> The parameter class is expected to be either a string or an object
#0 C:\xampp\htdocs\v2\vendor\hermawan\codeigniter4-datatables\src\Helper.php(9): ReflectionProperty->__construct(Array, 'QBSelect')
#1 C:\xampp\htdocs\v2\vendor\hermawan\codeigniter4-datatables\src\DataTableColumnDefs.php(241): Hermawan\DataTables\Helper::getObjectPropertyValue(Array, 'QBSelect')
#2 C:\xampp\htdocs\v2\vendor\hermawan\codeigniter4-datatables\src\DataTableColumnDefs.php(17): Hermawan\DataTables\DataTableColumnDefs->initFromBuilder(Array)
#3 C:\xampp\htdocs\v2\vendor\hermawan\codeigniter4-datatables\src\DataTable.php(32): Hermawan\DataTables\DataTableColumnDefs->__construct(Array)
#4 C:\xampp\htdocs\v2\vendor\hermawan\codeigniter4-datatables\src\DataTable.php(45): Hermawan\DataTables\DataTable->__construct(Array)
#5 C:\xampp\htdocs\v2\app\Controllers\CekinController.php(140): Hermawan\DataTables\DataTable::of(Array)
#6 C:\xampp\htdocs\v2\vendor\codeigniter4\framework\system\CodeIgniter.php(928): App\Controllers\CekinController->listdata()
#7 C:\xampp\htdocs\v2\vendor\codeigniter4\framework\system\CodeIgniter.php(436): CodeIgniter\CodeIgniter->runController(Object(App\Controllers\CekinController))
#8 C:\xampp\htdocs\v2\vendor\codeigniter4\framework\system\CodeIgniter.php(336): CodeIgniter\CodeIgniter->handleRequest(NULL, Object(Config\Cache), false)
#9 C:\xampp\htdocs\v2\public\index.php(37): CodeIgniter\CodeIgniter->run()
#10 {main}
CRITICAL - 2021-08-30 23:05:41 --> The parameter class is expected to be either a string or an object
#0 C:\xampp\htdocs\v2\vendor\hermawan\codeigniter4-datatables\src\Helper.php(9): ReflectionProperty->__construct(Array, 'QBSelect')
#1 C:\xampp\htdocs\v2\vendor\hermawan\codeigniter4-datatables\src\DataTableColumnDefs.php(241): Hermawan\DataTables\Helper::getObjectPropertyValue(Array, 'QBSelect')
#2 C:\xampp\htdocs\v2\vendor\hermawan\codeigniter4-datatables\src\DataTableColumnDefs.php(17): Hermawan\DataTables\DataTableColumnDefs->initFromBuilder(Array)
#3 C:\xampp\htdocs\v2\vendor\hermawan\codeigniter4-datatables\src\DataTable.php(32): Hermawan\DataTables\DataTableColumnDefs->__construct(Array)
#4 C:\xampp\htdocs\v2\vendor\hermawan\codeigniter4-datatables\src\DataTable.php(45): Hermawan\DataTables\DataTable->__construct(Array)
#5 C:\xampp\htdocs\v2\app\Controllers\CekinController.php(140): Hermawan\DataTables\DataTable::of(Array)
#6 C:\xampp\htdocs\v2\vendor\codeigniter4\framework\system\CodeIgniter.php(928): App\Controllers\CekinController->listdata()
#7 C:\xampp\htdocs\v2\vendor\codeigniter4\framework\system\CodeIgniter.php(436): CodeIgniter\CodeIgniter->runController(Object(App\Controllers\CekinController))
#8 C:\xampp\htdocs\v2\vendor\codeigniter4\framework\system\CodeIgniter.php(336): CodeIgniter\CodeIgniter->handleRequest(NULL, Object(Config\Cache), false)
#9 C:\xampp\htdocs\v2\public\index.php(37): CodeIgniter\CodeIgniter->run()
#10 {main}
CRITICAL - 2021-08-30 23:06:28 --> The parameter class is expected to be either a string or an object
#0 C:\xampp\htdocs\v2\vendor\hermawan\codeigniter4-datatables\src\Helper.php(9): ReflectionProperty->__construct(Array, 'QBSelect')
#1 C:\xampp\htdocs\v2\vendor\hermawan\codeigniter4-datatables\src\DataTableColumnDefs.php(241): Hermawan\DataTables\Helper::getObjectPropertyValue(Array, 'QBSelect')
#2 C:\xampp\htdocs\v2\vendor\hermawan\codeigniter4-datatables\src\DataTableColumnDefs.php(17): Hermawan\DataTables\DataTableColumnDefs->initFromBuilder(Array)
#3 C:\xampp\htdocs\v2\vendor\hermawan\codeigniter4-datatables\src\DataTable.php(32): Hermawan\DataTables\DataTableColumnDefs->__construct(Array)
#4 C:\xampp\htdocs\v2\vendor\hermawan\codeigniter4-datatables\src\DataTable.php(45): Hermawan\DataTables\DataTable->__construct(Array)
#5 C:\xampp\htdocs\v2\app\Controllers\CekinController.php(140): Hermawan\DataTables\DataTable::of(Array)
#6 C:\xampp\htdocs\v2\vendor\codeigniter4\framework\system\CodeIgniter.php(928): App\Controllers\CekinController->listdata()
#7 C:\xampp\htdocs\v2\vendor\codeigniter4\framework\system\CodeIgniter.php(436): CodeIgniter\CodeIgniter->runController(Object(App\Controllers\CekinController))
#8 C:\xampp\htdocs\v2\vendor\codeigniter4\framework\system\CodeIgniter.php(336): CodeIgniter\CodeIgniter->handleRequest(NULL, Object(Config\Cache), false)
#9 C:\xampp\htdocs\v2\public\index.php(37): CodeIgniter\CodeIgniter->run()
#10 {main}
CRITICAL - 2021-08-30 23:06:40 --> The parameter class is expected to be either a string or an object
#0 C:\xampp\htdocs\v2\vendor\hermawan\codeigniter4-datatables\src\Helper.php(9): ReflectionProperty->__construct(Array, 'QBSelect')
#1 C:\xampp\htdocs\v2\vendor\hermawan\codeigniter4-datatables\src\DataTableColumnDefs.php(241): Hermawan\DataTables\Helper::getObjectPropertyValue(Array, 'QBSelect')
#2 C:\xampp\htdocs\v2\vendor\hermawan\codeigniter4-datatables\src\DataTableColumnDefs.php(17): Hermawan\DataTables\DataTableColumnDefs->initFromBuilder(Array)
#3 C:\xampp\htdocs\v2\vendor\hermawan\codeigniter4-datatables\src\DataTable.php(32): Hermawan\DataTables\DataTableColumnDefs->__construct(Array)
#4 C:\xampp\htdocs\v2\vendor\hermawan\codeigniter4-datatables\src\DataTable.php(45): Hermawan\DataTables\DataTable->__construct(Array)
#5 C:\xampp\htdocs\v2\app\Controllers\CekinController.php(140): Hermawan\DataTables\DataTable::of(Array)
#6 C:\xampp\htdocs\v2\vendor\codeigniter4\framework\system\CodeIgniter.php(928): App\Controllers\CekinController->listdata()
#7 C:\xampp\htdocs\v2\vendor\codeigniter4\framework\system\CodeIgniter.php(436): CodeIgniter\CodeIgniter->runController(Object(App\Controllers\CekinController))
#8 C:\xampp\htdocs\v2\vendor\codeigniter4\framework\system\CodeIgniter.php(336): CodeIgniter\CodeIgniter->handleRequest(NULL, Object(Config\Cache), false)
#9 C:\xampp\htdocs\v2\public\index.php(37): CodeIgniter\CodeIgniter->run()
#10 {main}
CRITICAL - 2021-08-30 23:07:09 --> The parameter class is expected to be either a string or an object
#0 C:\xampp\htdocs\v2\vendor\hermawan\codeigniter4-datatables\src\Helper.php(9): ReflectionProperty->__construct(Array, 'QBSelect')
#1 C:\xampp\htdocs\v2\vendor\hermawan\codeigniter4-datatables\src\DataTableColumnDefs.php(241): Hermawan\DataTables\Helper::getObjectPropertyValue(Array, 'QBSelect')
#2 C:\xampp\htdocs\v2\vendor\hermawan\codeigniter4-datatables\src\DataTableColumnDefs.php(17): Hermawan\DataTables\DataTableColumnDefs->initFromBuilder(Array)
#3 C:\xampp\htdocs\v2\vendor\hermawan\codeigniter4-datatables\src\DataTable.php(32): Hermawan\DataTables\DataTableColumnDefs->__construct(Array)
#4 C:\xampp\htdocs\v2\vendor\hermawan\codeigniter4-datatables\src\DataTable.php(45): Hermawan\DataTables\DataTable->__construct(Array)
#5 C:\xampp\htdocs\v2\app\Controllers\CekinController.php(140): Hermawan\DataTables\DataTable::of(Array)
#6 C:\xampp\htdocs\v2\vendor\codeigniter4\framework\system\CodeIgniter.php(928): App\Controllers\CekinController->listdata()
#7 C:\xampp\htdocs\v2\vendor\codeigniter4\framework\system\CodeIgniter.php(436): CodeIgniter\CodeIgniter->runController(Object(App\Controllers\CekinController))
#8 C:\xampp\htdocs\v2\vendor\codeigniter4\framework\system\CodeIgniter.php(336): CodeIgniter\CodeIgniter->handleRequest(NULL, Object(Config\Cache), false)
#9 C:\xampp\htdocs\v2\public\index.php(37): CodeIgniter\CodeIgniter->run()
#10 {main}
CRITICAL - 2021-08-30 23:07:31 --> The parameter class is expected to be either a string or an object
#0 C:\xampp\htdocs\v2\vendor\hermawan\codeigniter4-datatables\src\Helper.php(9): ReflectionProperty->__construct(Array, 'QBSelect')
#1 C:\xampp\htdocs\v2\vendor\hermawan\codeigniter4-datatables\src\DataTableColumnDefs.php(241): Hermawan\DataTables\Helper::getObjectPropertyValue(Array, 'QBSelect')
#2 C:\xampp\htdocs\v2\vendor\hermawan\codeigniter4-datatables\src\DataTableColumnDefs.php(17): Hermawan\DataTables\DataTableColumnDefs->initFromBuilder(Array)
#3 C:\xampp\htdocs\v2\vendor\hermawan\codeigniter4-datatables\src\DataTable.php(32): Hermawan\DataTables\DataTableColumnDefs->__construct(Array)
#4 C:\xampp\htdocs\v2\vendor\hermawan\codeigniter4-datatables\src\DataTable.php(45): Hermawan\DataTables\DataTable->__construct(Array)
#5 C:\xampp\htdocs\v2\app\Controllers\CekinController.php(140): Hermawan\DataTables\DataTable::of(Array)
#6 C:\xampp\htdocs\v2\vendor\codeigniter4\framework\system\CodeIgniter.php(928): App\Controllers\CekinController->listdata()
#7 C:\xampp\htdocs\v2\vendor\codeigniter4\framework\system\CodeIgniter.php(436): CodeIgniter\CodeIgniter->runController(Object(App\Controllers\CekinController))
#8 C:\xampp\htdocs\v2\vendor\codeigniter4\framework\system\CodeIgniter.php(336): CodeIgniter\CodeIgniter->handleRequest(NULL, Object(Config\Cache), false)
#9 C:\xampp\htdocs\v2\public\index.php(37): CodeIgniter\CodeIgniter->run()
#10 {main}
CRITICAL - 2021-08-30 23:07:55 --> The parameter class is expected to be either a string or an object
#0 C:\xampp\htdocs\v2\vendor\hermawan\codeigniter4-datatables\src\Helper.php(9): ReflectionProperty->__construct(Array, 'QBSelect')
#1 C:\xampp\htdocs\v2\vendor\hermawan\codeigniter4-datatables\src\DataTableColumnDefs.php(241): Hermawan\DataTables\Helper::getObjectPropertyValue(Array, 'QBSelect')
#2 C:\xampp\htdocs\v2\vendor\hermawan\codeigniter4-datatables\src\DataTableColumnDefs.php(17): Hermawan\DataTables\DataTableColumnDefs->initFromBuilder(Array)
#3 C:\xampp\htdocs\v2\vendor\hermawan\codeigniter4-datatables\src\DataTable.php(32): Hermawan\DataTables\DataTableColumnDefs->__construct(Array)
#4 C:\xampp\htdocs\v2\vendor\hermawan\codeigniter4-datatables\src\DataTable.php(45): Hermawan\DataTables\DataTable->__construct(Array)
#5 C:\xampp\htdocs\v2\app\Controllers\CekinController.php(140): Hermawan\DataTables\DataTable::of(Array)
#6 C:\xampp\htdocs\v2\vendor\codeigniter4\framework\system\CodeIgniter.php(928): App\Controllers\CekinController->listdata()
#7 C:\xampp\htdocs\v2\vendor\codeigniter4\framework\system\CodeIgniter.php(436): CodeIgniter\CodeIgniter->runController(Object(App\Controllers\CekinController))
#8 C:\xampp\htdocs\v2\vendor\codeigniter4\framework\system\CodeIgniter.php(336): CodeIgniter\CodeIgniter->handleRequest(NULL, Object(Config\Cache), false)
#9 C:\xampp\htdocs\v2\public\index.php(37): CodeIgniter\CodeIgniter->run()
#10 {main}
CRITICAL - 2021-08-30 23:14:46 --> The parameter class is expected to be either a string or an object
#0 C:\xampp\htdocs\v2\vendor\hermawan\codeigniter4-datatables\src\Helper.php(9): ReflectionProperty->__construct(Array, 'QBSelect')
#1 C:\xampp\htdocs\v2\vendor\hermawan\codeigniter4-datatables\src\DataTableColumnDefs.php(241): Hermawan\DataTables\Helper::getObjectPropertyValue(Array, 'QBSelect')
#2 C:\xampp\htdocs\v2\vendor\hermawan\codeigniter4-datatables\src\DataTableColumnDefs.php(17): Hermawan\DataTables\DataTableColumnDefs->initFromBuilder(Array)
#3 C:\xampp\htdocs\v2\vendor\hermawan\codeigniter4-datatables\src\DataTable.php(32): Hermawan\DataTables\DataTableColumnDefs->__construct(Array)
#4 C:\xampp\htdocs\v2\vendor\hermawan\codeigniter4-datatables\src\DataTable.php(45): Hermawan\DataTables\DataTable->__construct(Array)
#5 C:\xampp\htdocs\v2\app\Controllers\CekinController.php(140): Hermawan\DataTables\DataTable::of(Array)
#6 C:\xampp\htdocs\v2\vendor\codeigniter4\framework\system\CodeIgniter.php(928): App\Controllers\CekinController->listdata()
#7 C:\xampp\htdocs\v2\vendor\codeigniter4\framework\system\CodeIgniter.php(436): CodeIgniter\CodeIgniter->runController(Object(App\Controllers\CekinController))
#8 C:\xampp\htdocs\v2\vendor\codeigniter4\framework\system\CodeIgniter.php(336): CodeIgniter\CodeIgniter->handleRequest(NULL, Object(Config\Cache), false)
#9 C:\xampp\htdocs\v2\public\index.php(37): CodeIgniter\CodeIgniter->run()
#10 {main}
CRITICAL - 2021-08-30 23:16:27 --> The parameter class is expected to be either a string or an object
#0 C:\xampp\htdocs\v2\vendor\hermawan\codeigniter4-datatables\src\Helper.php(9): ReflectionProperty->__construct(Array, 'QBSelect')
#1 C:\xampp\htdocs\v2\vendor\hermawan\codeigniter4-datatables\src\DataTableColumnDefs.php(241): Hermawan\DataTables\Helper::getObjectPropertyValue(Array, 'QBSelect')
#2 C:\xampp\htdocs\v2\vendor\hermawan\codeigniter4-datatables\src\DataTableColumnDefs.php(17): Hermawan\DataTables\DataTableColumnDefs->initFromBuilder(Array)
#3 C:\xampp\htdocs\v2\vendor\hermawan\codeigniter4-datatables\src\DataTable.php(32): Hermawan\DataTables\DataTableColumnDefs->__construct(Array)
#4 C:\xampp\htdocs\v2\vendor\hermawan\codeigniter4-datatables\src\DataTable.php(45): Hermawan\DataTables\DataTable->__construct(Array)
#5 C:\xampp\htdocs\v2\app\Controllers\CekinController.php(140): Hermawan\DataTables\DataTable::of(Array)
#6 C:\xampp\htdocs\v2\vendor\codeigniter4\framework\system\CodeIgniter.php(928): App\Controllers\CekinController->listdata()
#7 C:\xampp\htdocs\v2\vendor\codeigniter4\framework\system\CodeIgniter.php(436): CodeIgniter\CodeIgniter->runController(Object(App\Controllers\CekinController))
#8 C:\xampp\htdocs\v2\vendor\codeigniter4\framework\system\CodeIgniter.php(336): CodeIgniter\CodeIgniter->handleRequest(NULL, Object(Config\Cache), false)
#9 C:\xampp\htdocs\v2\public\index.php(37): CodeIgniter\CodeIgniter->run()
#10 {main}
CRITICAL - 2021-08-30 23:17:10 --> The parameter class is expected to be either a string or an object
#0 C:\xampp\htdocs\v2\vendor\hermawan\codeigniter4-datatables\src\Helper.php(9): ReflectionProperty->__construct(Array, 'QBSelect')
#1 C:\xampp\htdocs\v2\vendor\hermawan\codeigniter4-datatables\src\DataTableColumnDefs.php(241): Hermawan\DataTables\Helper::getObjectPropertyValue(Array, 'QBSelect')
#2 C:\xampp\htdocs\v2\vendor\hermawan\codeigniter4-datatables\src\DataTableColumnDefs.php(17): Hermawan\DataTables\DataTableColumnDefs->initFromBuilder(Array)
#3 C:\xampp\htdocs\v2\vendor\hermawan\codeigniter4-datatables\src\DataTable.php(32): Hermawan\DataTables\DataTableColumnDefs->__construct(Array)
#4 C:\xampp\htdocs\v2\vendor\hermawan\codeigniter4-datatables\src\DataTable.php(45): Hermawan\DataTables\DataTable->__construct(Array)
#5 C:\xampp\htdocs\v2\app\Controllers\CekinController.php(140): Hermawan\DataTables\DataTable::of(Array)
#6 C:\xampp\htdocs\v2\vendor\codeigniter4\framework\system\CodeIgniter.php(928): App\Controllers\CekinController->listdata()
#7 C:\xampp\htdocs\v2\vendor\codeigniter4\framework\system\CodeIgniter.php(436): CodeIgniter\CodeIgniter->runController(Object(App\Controllers\CekinController))
#8 C:\xampp\htdocs\v2\vendor\codeigniter4\framework\system\CodeIgniter.php(336): CodeIgniter\CodeIgniter->handleRequest(NULL, Object(Config\Cache), false)
#9 C:\xampp\htdocs\v2\public\index.php(37): CodeIgniter\CodeIgniter->run()
#10 {main}
CRITICAL - 2021-08-30 23:21:14 --> The parameter class is expected to be either a string or an object
#0 C:\xampp\htdocs\v2\vendor\hermawan\codeigniter4-datatables\src\Helper.php(9): ReflectionProperty->__construct(Array, 'QBSelect')
#1 C:\xampp\htdocs\v2\vendor\hermawan\codeigniter4-datatables\src\DataTableColumnDefs.php(241): Hermawan\DataTables\Helper::getObjectPropertyValue(Array, 'QBSelect')
#2 C:\xampp\htdocs\v2\vendor\hermawan\codeigniter4-datatables\src\DataTableColumnDefs.php(17): Hermawan\DataTables\DataTableColumnDefs->initFromBuilder(Array)
#3 C:\xampp\htdocs\v2\vendor\hermawan\codeigniter4-datatables\src\DataTable.php(32): Hermawan\DataTables\DataTableColumnDefs->__construct(Array)
#4 C:\xampp\htdocs\v2\vendor\hermawan\codeigniter4-datatables\src\DataTable.php(45): Hermawan\DataTables\DataTable->__construct(Array)
#5 C:\xampp\htdocs\v2\app\Controllers\CekinController.php(140): Hermawan\DataTables\DataTable::of(Array)
#6 C:\xampp\htdocs\v2\vendor\codeigniter4\framework\system\CodeIgniter.php(928): App\Controllers\CekinController->listdata()
#7 C:\xampp\htdocs\v2\vendor\codeigniter4\framework\system\CodeIgniter.php(436): CodeIgniter\CodeIgniter->runController(Object(App\Controllers\CekinController))
#8 C:\xampp\htdocs\v2\vendor\codeigniter4\framework\system\CodeIgniter.php(336): CodeIgniter\CodeIgniter->handleRequest(NULL, Object(Config\Cache), false)
#9 C:\xampp\htdocs\v2\public\index.php(37): CodeIgniter\CodeIgniter->run()
#10 {main}
CRITICAL - 2021-08-30 23:21:16 --> The parameter class is expected to be either a string or an object
#0 C:\xampp\htdocs\v2\vendor\hermawan\codeigniter4-datatables\src\Helper.php(9): ReflectionProperty->__construct(Array, 'QBSelect')
#1 C:\xampp\htdocs\v2\vendor\hermawan\codeigniter4-datatables\src\DataTableColumnDefs.php(241): Hermawan\DataTables\Helper::getObjectPropertyValue(Array, 'QBSelect')
#2 C:\xampp\htdocs\v2\vendor\hermawan\codeigniter4-datatables\src\DataTableColumnDefs.php(17): Hermawan\DataTables\DataTableColumnDefs->initFromBuilder(Array)
#3 C:\xampp\htdocs\v2\vendor\hermawan\codeigniter4-datatables\src\DataTable.php(32): Hermawan\DataTables\DataTableColumnDefs->__construct(Array)
#4 C:\xampp\htdocs\v2\vendor\hermawan\codeigniter4-datatables\src\DataTable.php(45): Hermawan\DataTables\DataTable->__construct(Array)
#5 C:\xampp\htdocs\v2\app\Controllers\CekinController.php(140): Hermawan\DataTables\DataTable::of(Array)
#6 C:\xampp\htdocs\v2\vendor\codeigniter4\framework\system\CodeIgniter.php(928): App\Controllers\CekinController->listdata()
#7 C:\xampp\htdocs\v2\vendor\codeigniter4\framework\system\CodeIgniter.php(436): CodeIgniter\CodeIgniter->runController(Object(App\Controllers\CekinController))
#8 C:\xampp\htdocs\v2\vendor\codeigniter4\framework\system\CodeIgniter.php(336): CodeIgniter\CodeIgniter->handleRequest(NULL, Object(Config\Cache), false)
#9 C:\xampp\htdocs\v2\public\index.php(37): CodeIgniter\CodeIgniter->run()
#10 {main}
CRITICAL - 2021-08-30 23:21:18 --> The parameter class is expected to be either a string or an object
#0 C:\xampp\htdocs\v2\vendor\hermawan\codeigniter4-datatables\src\Helper.php(9): ReflectionProperty->__construct(Array, 'QBSelect')
#1 C:\xampp\htdocs\v2\vendor\hermawan\codeigniter4-datatables\src\DataTableColumnDefs.php(241): Hermawan\DataTables\Helper::getObjectPropertyValue(Array, 'QBSelect')
#2 C:\xampp\htdocs\v2\vendor\hermawan\codeigniter4-datatables\src\DataTableColumnDefs.php(17): Hermawan\DataTables\DataTableColumnDefs->initFromBuilder(Array)
#3 C:\xampp\htdocs\v2\vendor\hermawan\codeigniter4-datatables\src\DataTable.php(32): Hermawan\DataTables\DataTableColumnDefs->__construct(Array)
#4 C:\xampp\htdocs\v2\vendor\hermawan\codeigniter4-datatables\src\DataTable.php(45): Hermawan\DataTables\DataTable->__construct(Array)
#5 C:\xampp\htdocs\v2\app\Controllers\CekinController.php(140): Hermawan\DataTables\DataTable::of(Array)
#6 C:\xampp\htdocs\v2\vendor\codeigniter4\framework\system\CodeIgniter.php(928): App\Controllers\CekinController->listdata()
#7 C:\xampp\htdocs\v2\vendor\codeigniter4\framework\system\CodeIgniter.php(436): CodeIgniter\CodeIgniter->runController(Object(App\Controllers\CekinController))
#8 C:\xampp\htdocs\v2\vendor\codeigniter4\framework\system\CodeIgniter.php(336): CodeIgniter\CodeIgniter->handleRequest(NULL, Object(Config\Cache), false)
#9 C:\xampp\htdocs\v2\public\index.php(37): CodeIgniter\CodeIgniter->run()
#10 {main}
CRITICAL - 2021-08-30 23:21:20 --> The parameter class is expected to be either a string or an object
#0 C:\xampp\htdocs\v2\vendor\hermawan\codeigniter4-datatables\src\Helper.php(9): ReflectionProperty->__construct(Array, 'QBSelect')
#1 C:\xampp\htdocs\v2\vendor\hermawan\codeigniter4-datatables\src\DataTableColumnDefs.php(241): Hermawan\DataTables\Helper::getObjectPropertyValue(Array, 'QBSelect')
#2 C:\xampp\htdocs\v2\vendor\hermawan\codeigniter4-datatables\src\DataTableColumnDefs.php(17): Hermawan\DataTables\DataTableColumnDefs->initFromBuilder(Array)
#3 C:\xampp\htdocs\v2\vendor\hermawan\codeigniter4-datatables\src\DataTable.php(32): Hermawan\DataTables\DataTableColumnDefs->__construct(Array)
#4 C:\xampp\htdocs\v2\vendor\hermawan\codeigniter4-datatables\src\DataTable.php(45): Hermawan\DataTables\DataTable->__construct(Array)
#5 C:\xampp\htdocs\v2\app\Controllers\CekinController.php(140): Hermawan\DataTables\DataTable::of(Array)
#6 C:\xampp\htdocs\v2\vendor\codeigniter4\framework\system\CodeIgniter.php(928): App\Controllers\CekinController->listdata()
#7 C:\xampp\htdocs\v2\vendor\codeigniter4\framework\system\CodeIgniter.php(436): CodeIgniter\CodeIgniter->runController(Object(App\Controllers\CekinController))
#8 C:\xampp\htdocs\v2\vendor\codeigniter4\framework\system\CodeIgniter.php(336): CodeIgniter\CodeIgniter->handleRequest(NULL, Object(Config\Cache), false)
#9 C:\xampp\htdocs\v2\public\index.php(37): CodeIgniter\CodeIgniter->run()
#10 {main}
CRITICAL - 2021-08-30 23:21:22 --> The parameter class is expected to be either a string or an object
#0 C:\xampp\htdocs\v2\vendor\hermawan\codeigniter4-datatables\src\Helper.php(9): ReflectionProperty->__construct(Array, 'QBSelect')
#1 C:\xampp\htdocs\v2\vendor\hermawan\codeigniter4-datatables\src\DataTableColumnDefs.php(241): Hermawan\DataTables\Helper::getObjectPropertyValue(Array, 'QBSelect')
#2 C:\xampp\htdocs\v2\vendor\hermawan\codeigniter4-datatables\src\DataTableColumnDefs.php(17): Hermawan\DataTables\DataTableColumnDefs->initFromBuilder(Array)
#3 C:\xampp\htdocs\v2\vendor\hermawan\codeigniter4-datatables\src\DataTable.php(32): Hermawan\DataTables\DataTableColumnDefs->__construct(Array)
#4 C:\xampp\htdocs\v2\vendor\hermawan\codeigniter4-datatables\src\DataTable.php(45): Hermawan\DataTables\DataTable->__construct(Array)
#5 C:\xampp\htdocs\v2\app\Controllers\CekinController.php(140): Hermawan\DataTables\DataTable::of(Array)
#6 C:\xampp\htdocs\v2\vendor\codeigniter4\framework\system\CodeIgniter.php(928): App\Controllers\CekinController->listdata()
#7 C:\xampp\htdocs\v2\vendor\codeigniter4\framework\system\CodeIgniter.php(436): CodeIgniter\CodeIgniter->runController(Object(App\Controllers\CekinController))
#8 C:\xampp\htdocs\v2\vendor\codeigniter4\framework\system\CodeIgniter.php(336): CodeIgniter\CodeIgniter->handleRequest(NULL, Object(Config\Cache), false)
#9 C:\xampp\htdocs\v2\public\index.php(37): CodeIgniter\CodeIgniter->run()
#10 {main}
CRITICAL - 2021-08-30 23:21:23 --> The parameter class is expected to be either a string or an object
#0 C:\xampp\htdocs\v2\vendor\hermawan\codeigniter4-datatables\src\Helper.php(9): ReflectionProperty->__construct(Array, 'QBSelect')
#1 C:\xampp\htdocs\v2\vendor\hermawan\codeigniter4-datatables\src\DataTableColumnDefs.php(241): Hermawan\DataTables\Helper::getObjectPropertyValue(Array, 'QBSelect')
#2 C:\xampp\htdocs\v2\vendor\hermawan\codeigniter4-datatables\src\DataTableColumnDefs.php(17): Hermawan\DataTables\DataTableColumnDefs->initFromBuilder(Array)
#3 C:\xampp\htdocs\v2\vendor\hermawan\codeigniter4-datatables\src\DataTable.php(32): Hermawan\DataTables\DataTableColumnDefs->__construct(Array)
#4 C:\xampp\htdocs\v2\vendor\hermawan\codeigniter4-datatables\src\DataTable.php(45): Hermawan\DataTables\DataTable->__construct(Array)
#5 C:\xampp\htdocs\v2\app\Controllers\CekinController.php(140): Hermawan\DataTables\DataTable::of(Array)
#6 C:\xampp\htdocs\v2\vendor\codeigniter4\framework\system\CodeIgniter.php(928): App\Controllers\CekinController->listdata()
#7 C:\xampp\htdocs\v2\vendor\codeigniter4\framework\system\CodeIgniter.php(436): CodeIgniter\CodeIgniter->runController(Object(App\Controllers\CekinController))
#8 C:\xampp\htdocs\v2\vendor\codeigniter4\framework\system\CodeIgniter.php(336): CodeIgniter\CodeIgniter->handleRequest(NULL, Object(Config\Cache), false)
#9 C:\xampp\htdocs\v2\public\index.php(37): CodeIgniter\CodeIgniter->run()
#10 {main}
CRITICAL - 2021-08-30 23:21:25 --> The parameter class is expected to be either a string or an object
#0 C:\xampp\htdocs\v2\vendor\hermawan\codeigniter4-datatables\src\Helper.php(9): ReflectionProperty->__construct(Array, 'QBSelect')
#1 C:\xampp\htdocs\v2\vendor\hermawan\codeigniter4-datatables\src\DataTableColumnDefs.php(241): Hermawan\DataTables\Helper::getObjectPropertyValue(Array, 'QBSelect')
#2 C:\xampp\htdocs\v2\vendor\hermawan\codeigniter4-datatables\src\DataTableColumnDefs.php(17): Hermawan\DataTables\DataTableColumnDefs->initFromBuilder(Array)
#3 C:\xampp\htdocs\v2\vendor\hermawan\codeigniter4-datatables\src\DataTable.php(32): Hermawan\DataTables\DataTableColumnDefs->__construct(Array)
#4 C:\xampp\htdocs\v2\vendor\hermawan\codeigniter4-datatables\src\DataTable.php(45): Hermawan\DataTables\DataTable->__construct(Array)
#5 C:\xampp\htdocs\v2\app\Controllers\CekinController.php(140): Hermawan\DataTables\DataTable::of(Array)
#6 C:\xampp\htdocs\v2\vendor\codeigniter4\framework\system\CodeIgniter.php(928): App\Controllers\CekinController->listdata()
#7 C:\xampp\htdocs\v2\vendor\codeigniter4\framework\system\CodeIgniter.php(436): CodeIgniter\CodeIgniter->runController(Object(App\Controllers\CekinController))
#8 C:\xampp\htdocs\v2\vendor\codeigniter4\framework\system\CodeIgniter.php(336): CodeIgniter\CodeIgniter->handleRequest(NULL, Object(Config\Cache), false)
#9 C:\xampp\htdocs\v2\public\index.php(37): CodeIgniter\CodeIgniter->run()
#10 {main}
CRITICAL - 2021-08-30 23:21:27 --> The parameter class is expected to be either a string or an object
#0 C:\xampp\htdocs\v2\vendor\hermawan\codeigniter4-datatables\src\Helper.php(9): ReflectionProperty->__construct(Array, 'QBSelect')
#1 C:\xampp\htdocs\v2\vendor\hermawan\codeigniter4-datatables\src\DataTableColumnDefs.php(241): Hermawan\DataTables\Helper::getObjectPropertyValue(Array, 'QBSelect')
#2 C:\xampp\htdocs\v2\vendor\hermawan\codeigniter4-datatables\src\DataTableColumnDefs.php(17): Hermawan\DataTables\DataTableColumnDefs->initFromBuilder(Array)
#3 C:\xampp\htdocs\v2\vendor\hermawan\codeigniter4-datatables\src\DataTable.php(32): Hermawan\DataTables\DataTableColumnDefs->__construct(Array)
#4 C:\xampp\htdocs\v2\vendor\hermawan\codeigniter4-datatables\src\DataTable.php(45): Hermawan\DataTables\DataTable->__construct(Array)
#5 C:\xampp\htdocs\v2\app\Controllers\CekinController.php(140): Hermawan\DataTables\DataTable::of(Array)
#6 C:\xampp\htdocs\v2\vendor\codeigniter4\framework\system\CodeIgniter.php(928): App\Controllers\CekinController->listdata()
#7 C:\xampp\htdocs\v2\vendor\codeigniter4\framework\system\CodeIgniter.php(436): CodeIgniter\CodeIgniter->runController(Object(App\Controllers\CekinController))
#8 C:\xampp\htdocs\v2\vendor\codeigniter4\framework\system\CodeIgniter.php(336): CodeIgniter\CodeIgniter->handleRequest(NULL, Object(Config\Cache), false)
#9 C:\xampp\htdocs\v2\public\index.php(37): CodeIgniter\CodeIgniter->run()
#10 {main}
