CRITICAL - 2021-09-02 02:25:17 --> Argument 2 passed to view() must be of the type array, object given, called in C:\xampp\htdocs\v2\app\Controllers\CekoutController.php on line 66
#0 C:\xampp\htdocs\v2\app\Controllers\CekoutController.php(66): view('Cekout/scan_cek...', Object(CodeIgniter\Database\MySQLi\Result))
#1 C:\xampp\htdocs\v2\vendor\codeigniter4\framework\system\CodeIgniter.php(928): App\Controllers\CekoutController->getJaminan()
#2 C:\xampp\htdocs\v2\vendor\codeigniter4\framework\system\CodeIgniter.php(436): CodeIgniter\CodeIgniter->runController(Object(App\Controllers\CekoutController))
#3 C:\xampp\htdocs\v2\vendor\codeigniter4\framework\system\CodeIgniter.php(336): CodeIgniter\CodeIgniter->handleRequest(NULL, Object(Config\Cache), false)
#4 C:\xampp\htdocs\v2\public\index.php(37): CodeIgniter\CodeIgniter->run()
#5 {main}
CRITICAL - 2021-09-02 02:33:52 --> Undefined index: id_guru
#0 C:\xampp\htdocs\v2\app\Controllers\CekoutController.php(51): CodeIgniter\Debug\Exceptions->errorHandler(8, 'Undefined index...', 'C:\\xampp\\htdocs...', 51, Array)
#1 C:\xampp\htdocs\v2\vendor\codeigniter4\framework\system\CodeIgniter.php(928): App\Controllers\CekoutController->getJaminan()
#2 C:\xampp\htdocs\v2\vendor\codeigniter4\framework\system\CodeIgniter.php(436): CodeIgniter\CodeIgniter->runController(Object(App\Controllers\CekoutController))
#3 C:\xampp\htdocs\v2\vendor\codeigniter4\framework\system\CodeIgniter.php(336): CodeIgniter\CodeIgniter->handleRequest(NULL, Object(Config\Cache), false)
#4 C:\xampp\htdocs\v2\public\index.php(37): CodeIgniter\CodeIgniter->run()
#5 {main}
CRITICAL - 2021-09-02 02:35:05 --> Object of class CodeIgniter\Database\MySQLi\Result could not be converted to string
#0 C:\xampp\htdocs\v2\vendor\codeigniter4\framework\system\CodeIgniter.php(928): App\Controllers\CekoutController->getJaminan()
#1 C:\xampp\htdocs\v2\vendor\codeigniter4\framework\system\CodeIgniter.php(436): CodeIgniter\CodeIgniter->runController(Object(App\Controllers\CekoutController))
#2 C:\xampp\htdocs\v2\vendor\codeigniter4\framework\system\CodeIgniter.php(336): CodeIgniter\CodeIgniter->handleRequest(NULL, Object(Config\Cache), false)
#3 C:\xampp\htdocs\v2\public\index.php(37): CodeIgniter\CodeIgniter->run()
#4 {main}
CRITICAL - 2021-09-02 21:44:48 --> Call to undefined method CodeIgniter\Database\MySQLi\Result::getResultArrat()
#0 C:\xampp\htdocs\v2\vendor\codeigniter4\framework\system\CodeIgniter.php(928): App\Controllers\CekoutController->index()
#1 C:\xampp\htdocs\v2\vendor\codeigniter4\framework\system\CodeIgniter.php(436): CodeIgniter\CodeIgniter->runController(Object(App\Controllers\CekoutController))
#2 C:\xampp\htdocs\v2\vendor\codeigniter4\framework\system\CodeIgniter.php(336): CodeIgniter\CodeIgniter->handleRequest(NULL, Object(Config\Cache), false)
#3 C:\xampp\htdocs\v2\public\index.php(37): CodeIgniter\CodeIgniter->run()
#4 {main}
CRITICAL - 2021-09-02 22:31:39 --> Undefined index: id_guru
#0 C:\xampp\htdocs\v2\app\Views\Cekout\scan_cekout.php(80): CodeIgniter\Debug\Exceptions->errorHandler(8, 'Undefined index...', 'C:\\xampp\\htdocs...', 80, Array)
#1 C:\xampp\htdocs\v2\vendor\codeigniter4\framework\system\View\View.php(230): include('C:\\xampp\\htdocs...')
#2 C:\xampp\htdocs\v2\vendor\codeigniter4\framework\system\View\View.php(232): CodeIgniter\View\View->CodeIgniter\View\{closure}()
#3 C:\xampp\htdocs\v2\vendor\codeigniter4\framework\system\Common.php(1271): CodeIgniter\View\View->render('Cekout/scan_cek...', Array, true)
#4 C:\xampp\htdocs\v2\app\Controllers\CekoutController.php(17): view('Cekout/scan_cek...', Array)
#5 C:\xampp\htdocs\v2\vendor\codeigniter4\framework\system\CodeIgniter.php(928): App\Controllers\CekoutController->index()
#6 C:\xampp\htdocs\v2\vendor\codeigniter4\framework\system\CodeIgniter.php(436): CodeIgniter\CodeIgniter->runController(Object(App\Controllers\CekoutController))
#7 C:\xampp\htdocs\v2\vendor\codeigniter4\framework\system\CodeIgniter.php(336): CodeIgniter\CodeIgniter->handleRequest(NULL, Object(Config\Cache), false)
#8 C:\xampp\htdocs\v2\public\index.php(37): CodeIgniter\CodeIgniter->run()
#9 {main}
CRITICAL - 2021-09-02 22:31:39 --> Undefined index: id_guru
#0 C:\xampp\htdocs\v2\app\Views\Cekout\scan_cekout.php(80): CodeIgniter\Debug\Exceptions->errorHandler(8, 'Undefined index...', 'C:\\xampp\\htdocs...', 80, Array)
#1 C:\xampp\htdocs\v2\vendor\codeigniter4\framework\system\View\View.php(230): include('C:\\xampp\\htdocs...')
#2 C:\xampp\htdocs\v2\vendor\codeigniter4\framework\system\View\View.php(232): CodeIgniter\View\View->CodeIgniter\View\{closure}()
#3 C:\xampp\htdocs\v2\vendor\codeigniter4\framework\system\Common.php(1271): CodeIgniter\View\View->render('Cekout/scan_cek...', Array, true)
#4 C:\xampp\htdocs\v2\app\Controllers\CekoutController.php(17): view('Cekout/scan_cek...', Array)
#5 C:\xampp\htdocs\v2\vendor\codeigniter4\framework\system\CodeIgniter.php(928): App\Controllers\CekoutController->index()
#6 C:\xampp\htdocs\v2\vendor\codeigniter4\framework\system\CodeIgniter.php(436): CodeIgniter\CodeIgniter->runController(Object(App\Controllers\CekoutController))
#7 C:\xampp\htdocs\v2\vendor\codeigniter4\framework\system\CodeIgniter.php(336): CodeIgniter\CodeIgniter->handleRequest(NULL, Object(Config\Cache), false)
#8 C:\xampp\htdocs\v2\public\index.php(37): CodeIgniter\CodeIgniter->run()
#9 {main}
