ERROR - 2021-09-08 09:30:49 --> The used SELECT statements have a different number of columns
CRITICAL - 2021-09-08 09:30:49 --> The used SELECT statements have a different number of columns
#0 C:\xampp\htdocs\v2\vendor\codeigniter4\framework\system\Database\MySQLi\Connection.php(329): mysqli->query('SELECT * FROM (...')
#1 C:\xampp\htdocs\v2\vendor\codeigniter4\framework\system\Database\BaseConnection.php(732): CodeIgniter\Database\MySQLi\Connection->execute('SELECT * FROM (...')
#2 C:\xampp\htdocs\v2\vendor\codeigniter4\framework\system\Database\BaseConnection.php(647): CodeIgniter\Database\BaseConnection->simpleQuery('SELECT * FROM (...')
#3 C:\xampp\htdocs\v2\app\Controllers\DashboardController.php(22): CodeIgniter\Database\BaseConnection->query('SELECT * FROM (...')
#4 C:\xampp\htdocs\v2\vendor\codeigniter4\framework\system\CodeIgniter.php(928): App\Controllers\DashboardController->index()
#5 C:\xampp\htdocs\v2\vendor\codeigniter4\framework\system\CodeIgniter.php(436): CodeIgniter\CodeIgniter->runController(Object(App\Controllers\DashboardController))
#6 C:\xampp\htdocs\v2\vendor\codeigniter4\framework\system\CodeIgniter.php(336): CodeIgniter\CodeIgniter->handleRequest(NULL, Object(Config\Cache), false)
#7 C:\xampp\htdocs\v2\public\index.php(37): CodeIgniter\CodeIgniter->run()
#8 {main}
ERROR - 2021-09-08 09:31:28 --> The used SELECT statements have a different number of columns
CRITICAL - 2021-09-08 09:31:28 --> The used SELECT statements have a different number of columns
#0 C:\xampp\htdocs\v2\vendor\codeigniter4\framework\system\Database\MySQLi\Connection.php(329): mysqli->query('SELECT hasil FR...')
#1 C:\xampp\htdocs\v2\vendor\codeigniter4\framework\system\Database\BaseConnection.php(732): CodeIgniter\Database\MySQLi\Connection->execute('SELECT hasil FR...')
#2 C:\xampp\htdocs\v2\vendor\codeigniter4\framework\system\Database\BaseConnection.php(647): CodeIgniter\Database\BaseConnection->simpleQuery('SELECT hasil FR...')
#3 C:\xampp\htdocs\v2\app\Controllers\DashboardController.php(22): CodeIgniter\Database\BaseConnection->query('SELECT hasil FR...')
#4 C:\xampp\htdocs\v2\vendor\codeigniter4\framework\system\CodeIgniter.php(928): App\Controllers\DashboardController->index()
#5 C:\xampp\htdocs\v2\vendor\codeigniter4\framework\system\CodeIgniter.php(436): CodeIgniter\CodeIgniter->runController(Object(App\Controllers\DashboardController))
#6 C:\xampp\htdocs\v2\vendor\codeigniter4\framework\system\CodeIgniter.php(336): CodeIgniter\CodeIgniter->handleRequest(NULL, Object(Config\Cache), false)
#7 C:\xampp\htdocs\v2\public\index.php(37): CodeIgniter\CodeIgniter->run()
#8 {main}
ERROR - 2021-09-08 09:31:29 --> The used SELECT statements have a different number of columns
CRITICAL - 2021-09-08 09:31:29 --> The used SELECT statements have a different number of columns
#0 C:\xampp\htdocs\v2\vendor\codeigniter4\framework\system\Database\MySQLi\Connection.php(329): mysqli->query('SELECT hasil FR...')
#1 C:\xampp\htdocs\v2\vendor\codeigniter4\framework\system\Database\BaseConnection.php(732): CodeIgniter\Database\MySQLi\Connection->execute('SELECT hasil FR...')
#2 C:\xampp\htdocs\v2\vendor\codeigniter4\framework\system\Database\BaseConnection.php(647): CodeIgniter\Database\BaseConnection->simpleQuery('SELECT hasil FR...')
#3 C:\xampp\htdocs\v2\app\Controllers\DashboardController.php(22): CodeIgniter\Database\BaseConnection->query('SELECT hasil FR...')
#4 C:\xampp\htdocs\v2\vendor\codeigniter4\framework\system\CodeIgniter.php(928): App\Controllers\DashboardController->index()
#5 C:\xampp\htdocs\v2\vendor\codeigniter4\framework\system\CodeIgniter.php(436): CodeIgniter\CodeIgniter->runController(Object(App\Controllers\DashboardController))
#6 C:\xampp\htdocs\v2\vendor\codeigniter4\framework\system\CodeIgniter.php(336): CodeIgniter\CodeIgniter->handleRequest(NULL, Object(Config\Cache), false)
#7 C:\xampp\htdocs\v2\public\index.php(37): CodeIgniter\CodeIgniter->run()
#8 {main}
ERROR - 2021-09-08 09:31:29 --> The used SELECT statements have a different number of columns
CRITICAL - 2021-09-08 09:31:29 --> The used SELECT statements have a different number of columns
#0 C:\xampp\htdocs\v2\vendor\codeigniter4\framework\system\Database\MySQLi\Connection.php(329): mysqli->query('SELECT hasil FR...')
#1 C:\xampp\htdocs\v2\vendor\codeigniter4\framework\system\Database\BaseConnection.php(732): CodeIgniter\Database\MySQLi\Connection->execute('SELECT hasil FR...')
#2 C:\xampp\htdocs\v2\vendor\codeigniter4\framework\system\Database\BaseConnection.php(647): CodeIgniter\Database\BaseConnection->simpleQuery('SELECT hasil FR...')
#3 C:\xampp\htdocs\v2\app\Controllers\DashboardController.php(22): CodeIgniter\Database\BaseConnection->query('SELECT hasil FR...')
#4 C:\xampp\htdocs\v2\vendor\codeigniter4\framework\system\CodeIgniter.php(928): App\Controllers\DashboardController->index()
#5 C:\xampp\htdocs\v2\vendor\codeigniter4\framework\system\CodeIgniter.php(436): CodeIgniter\CodeIgniter->runController(Object(App\Controllers\DashboardController))
#6 C:\xampp\htdocs\v2\vendor\codeigniter4\framework\system\CodeIgniter.php(336): CodeIgniter\CodeIgniter->handleRequest(NULL, Object(Config\Cache), false)
#7 C:\xampp\htdocs\v2\public\index.php(37): CodeIgniter\CodeIgniter->run()
#8 {main}
ERROR - 2021-09-08 09:31:30 --> The used SELECT statements have a different number of columns
CRITICAL - 2021-09-08 09:31:30 --> The used SELECT statements have a different number of columns
#0 C:\xampp\htdocs\v2\vendor\codeigniter4\framework\system\Database\MySQLi\Connection.php(329): mysqli->query('SELECT hasil FR...')
#1 C:\xampp\htdocs\v2\vendor\codeigniter4\framework\system\Database\BaseConnection.php(732): CodeIgniter\Database\MySQLi\Connection->execute('SELECT hasil FR...')
#2 C:\xampp\htdocs\v2\vendor\codeigniter4\framework\system\Database\BaseConnection.php(647): CodeIgniter\Database\BaseConnection->simpleQuery('SELECT hasil FR...')
#3 C:\xampp\htdocs\v2\app\Controllers\DashboardController.php(22): CodeIgniter\Database\BaseConnection->query('SELECT hasil FR...')
#4 C:\xampp\htdocs\v2\vendor\codeigniter4\framework\system\CodeIgniter.php(928): App\Controllers\DashboardController->index()
#5 C:\xampp\htdocs\v2\vendor\codeigniter4\framework\system\CodeIgniter.php(436): CodeIgniter\CodeIgniter->runController(Object(App\Controllers\DashboardController))
#6 C:\xampp\htdocs\v2\vendor\codeigniter4\framework\system\CodeIgniter.php(336): CodeIgniter\CodeIgniter->handleRequest(NULL, Object(Config\Cache), false)
#7 C:\xampp\htdocs\v2\public\index.php(37): CodeIgniter\CodeIgniter->run()
#8 {main}
ERROR - 2021-09-08 09:31:30 --> The used SELECT statements have a different number of columns
CRITICAL - 2021-09-08 09:31:30 --> The used SELECT statements have a different number of columns
#0 C:\xampp\htdocs\v2\vendor\codeigniter4\framework\system\Database\MySQLi\Connection.php(329): mysqli->query('SELECT hasil FR...')
#1 C:\xampp\htdocs\v2\vendor\codeigniter4\framework\system\Database\BaseConnection.php(732): CodeIgniter\Database\MySQLi\Connection->execute('SELECT hasil FR...')
#2 C:\xampp\htdocs\v2\vendor\codeigniter4\framework\system\Database\BaseConnection.php(647): CodeIgniter\Database\BaseConnection->simpleQuery('SELECT hasil FR...')
#3 C:\xampp\htdocs\v2\app\Controllers\DashboardController.php(22): CodeIgniter\Database\BaseConnection->query('SELECT hasil FR...')
#4 C:\xampp\htdocs\v2\vendor\codeigniter4\framework\system\CodeIgniter.php(928): App\Controllers\DashboardController->index()
#5 C:\xampp\htdocs\v2\vendor\codeigniter4\framework\system\CodeIgniter.php(436): CodeIgniter\CodeIgniter->runController(Object(App\Controllers\DashboardController))
#6 C:\xampp\htdocs\v2\vendor\codeigniter4\framework\system\CodeIgniter.php(336): CodeIgniter\CodeIgniter->handleRequest(NULL, Object(Config\Cache), false)
#7 C:\xampp\htdocs\v2\public\index.php(37): CodeIgniter\CodeIgniter->run()
#8 {main}
ERROR - 2021-09-08 09:32:08 --> You have an error in your SQL syntax; check the manual that corresponds to your MariaDB server version for the right syntax to use near 'UNION SELECT cekin.created_at, cekin.status FROM cekin WHERE cekin.created_at...' at line 1
CRITICAL - 2021-09-08 09:32:08 --> You have an error in your SQL syntax; check the manual that corresponds to your MariaDB server version for the right syntax to use near 'UNION SELECT cekin.created_at, cekin.status FROM cekin WHERE cekin.created_at...' at line 1
#0 C:\xampp\htdocs\v2\vendor\codeigniter4\framework\system\Database\MySQLi\Connection.php(329): mysqli->query('SELECT hasil FR...')
#1 C:\xampp\htdocs\v2\vendor\codeigniter4\framework\system\Database\BaseConnection.php(732): CodeIgniter\Database\MySQLi\Connection->execute('SELECT hasil FR...')
#2 C:\xampp\htdocs\v2\vendor\codeigniter4\framework\system\Database\BaseConnection.php(647): CodeIgniter\Database\BaseConnection->simpleQuery('SELECT hasil FR...')
#3 C:\xampp\htdocs\v2\app\Controllers\DashboardController.php(22): CodeIgniter\Database\BaseConnection->query('SELECT hasil FR...')
#4 C:\xampp\htdocs\v2\vendor\codeigniter4\framework\system\CodeIgniter.php(928): App\Controllers\DashboardController->index()
#5 C:\xampp\htdocs\v2\vendor\codeigniter4\framework\system\CodeIgniter.php(436): CodeIgniter\CodeIgniter->runController(Object(App\Controllers\DashboardController))
#6 C:\xampp\htdocs\v2\vendor\codeigniter4\framework\system\CodeIgniter.php(336): CodeIgniter\CodeIgniter->handleRequest(NULL, Object(Config\Cache), false)
#7 C:\xampp\htdocs\v2\public\index.php(37): CodeIgniter\CodeIgniter->run()
#8 {main}
ERROR - 2021-09-08 09:33:01 --> You have an error in your SQL syntax; check the manual that corresponds to your MariaDB server version for the right syntax to use near 'UNION ALL SELECT cekin.created_at, cekin.status FROM cekin WHERE cekin.create...' at line 1
CRITICAL - 2021-09-08 09:33:01 --> You have an error in your SQL syntax; check the manual that corresponds to your MariaDB server version for the right syntax to use near 'UNION ALL SELECT cekin.created_at, cekin.status FROM cekin WHERE cekin.create...' at line 1
#0 C:\xampp\htdocs\v2\vendor\codeigniter4\framework\system\Database\MySQLi\Connection.php(329): mysqli->query('SELECT hasil FR...')
#1 C:\xampp\htdocs\v2\vendor\codeigniter4\framework\system\Database\BaseConnection.php(732): CodeIgniter\Database\MySQLi\Connection->execute('SELECT hasil FR...')
#2 C:\xampp\htdocs\v2\vendor\codeigniter4\framework\system\Database\BaseConnection.php(647): CodeIgniter\Database\BaseConnection->simpleQuery('SELECT hasil FR...')
#3 C:\xampp\htdocs\v2\app\Controllers\DashboardController.php(22): CodeIgniter\Database\BaseConnection->query('SELECT hasil FR...')
#4 C:\xampp\htdocs\v2\vendor\codeigniter4\framework\system\CodeIgniter.php(928): App\Controllers\DashboardController->index()
#5 C:\xampp\htdocs\v2\vendor\codeigniter4\framework\system\CodeIgniter.php(436): CodeIgniter\CodeIgniter->runController(Object(App\Controllers\DashboardController))
#6 C:\xampp\htdocs\v2\vendor\codeigniter4\framework\system\CodeIgniter.php(336): CodeIgniter\CodeIgniter->handleRequest(NULL, Object(Config\Cache), false)
#7 C:\xampp\htdocs\v2\public\index.php(37): CodeIgniter\CodeIgniter->run()
#8 {main}
ERROR - 2021-09-08 09:33:02 --> You have an error in your SQL syntax; check the manual that corresponds to your MariaDB server version for the right syntax to use near 'UNION ALL SELECT cekin.created_at, cekin.status FROM cekin WHERE cekin.create...' at line 1
CRITICAL - 2021-09-08 09:33:02 --> You have an error in your SQL syntax; check the manual that corresponds to your MariaDB server version for the right syntax to use near 'UNION ALL SELECT cekin.created_at, cekin.status FROM cekin WHERE cekin.create...' at line 1
#0 C:\xampp\htdocs\v2\vendor\codeigniter4\framework\system\Database\MySQLi\Connection.php(329): mysqli->query('SELECT hasil FR...')
#1 C:\xampp\htdocs\v2\vendor\codeigniter4\framework\system\Database\BaseConnection.php(732): CodeIgniter\Database\MySQLi\Connection->execute('SELECT hasil FR...')
#2 C:\xampp\htdocs\v2\vendor\codeigniter4\framework\system\Database\BaseConnection.php(647): CodeIgniter\Database\BaseConnection->simpleQuery('SELECT hasil FR...')
#3 C:\xampp\htdocs\v2\app\Controllers\DashboardController.php(22): CodeIgniter\Database\BaseConnection->query('SELECT hasil FR...')
#4 C:\xampp\htdocs\v2\vendor\codeigniter4\framework\system\CodeIgniter.php(928): App\Controllers\DashboardController->index()
#5 C:\xampp\htdocs\v2\vendor\codeigniter4\framework\system\CodeIgniter.php(436): CodeIgniter\CodeIgniter->runController(Object(App\Controllers\DashboardController))
#6 C:\xampp\htdocs\v2\vendor\codeigniter4\framework\system\CodeIgniter.php(336): CodeIgniter\CodeIgniter->handleRequest(NULL, Object(Config\Cache), false)
#7 C:\xampp\htdocs\v2\public\index.php(37): CodeIgniter\CodeIgniter->run()
#8 {main}
ERROR - 2021-09-08 09:33:03 --> You have an error in your SQL syntax; check the manual that corresponds to your MariaDB server version for the right syntax to use near 'UNION ALL SELECT cekin.created_at, cekin.status FROM cekin WHERE cekin.create...' at line 1
CRITICAL - 2021-09-08 09:33:03 --> You have an error in your SQL syntax; check the manual that corresponds to your MariaDB server version for the right syntax to use near 'UNION ALL SELECT cekin.created_at, cekin.status FROM cekin WHERE cekin.create...' at line 1
#0 C:\xampp\htdocs\v2\vendor\codeigniter4\framework\system\Database\MySQLi\Connection.php(329): mysqli->query('SELECT hasil FR...')
#1 C:\xampp\htdocs\v2\vendor\codeigniter4\framework\system\Database\BaseConnection.php(732): CodeIgniter\Database\MySQLi\Connection->execute('SELECT hasil FR...')
#2 C:\xampp\htdocs\v2\vendor\codeigniter4\framework\system\Database\BaseConnection.php(647): CodeIgniter\Database\BaseConnection->simpleQuery('SELECT hasil FR...')
#3 C:\xampp\htdocs\v2\app\Controllers\DashboardController.php(22): CodeIgniter\Database\BaseConnection->query('SELECT hasil FR...')
#4 C:\xampp\htdocs\v2\vendor\codeigniter4\framework\system\CodeIgniter.php(928): App\Controllers\DashboardController->index()
#5 C:\xampp\htdocs\v2\vendor\codeigniter4\framework\system\CodeIgniter.php(436): CodeIgniter\CodeIgniter->runController(Object(App\Controllers\DashboardController))
#6 C:\xampp\htdocs\v2\vendor\codeigniter4\framework\system\CodeIgniter.php(336): CodeIgniter\CodeIgniter->handleRequest(NULL, Object(Config\Cache), false)
#7 C:\xampp\htdocs\v2\public\index.php(37): CodeIgniter\CodeIgniter->run()
#8 {main}
ERROR - 2021-09-08 09:33:03 --> You have an error in your SQL syntax; check the manual that corresponds to your MariaDB server version for the right syntax to use near 'UNION ALL SELECT cekin.created_at, cekin.status FROM cekin WHERE cekin.create...' at line 1
CRITICAL - 2021-09-08 09:33:03 --> You have an error in your SQL syntax; check the manual that corresponds to your MariaDB server version for the right syntax to use near 'UNION ALL SELECT cekin.created_at, cekin.status FROM cekin WHERE cekin.create...' at line 1
#0 C:\xampp\htdocs\v2\vendor\codeigniter4\framework\system\Database\MySQLi\Connection.php(329): mysqli->query('SELECT hasil FR...')
#1 C:\xampp\htdocs\v2\vendor\codeigniter4\framework\system\Database\BaseConnection.php(732): CodeIgniter\Database\MySQLi\Connection->execute('SELECT hasil FR...')
#2 C:\xampp\htdocs\v2\vendor\codeigniter4\framework\system\Database\BaseConnection.php(647): CodeIgniter\Database\BaseConnection->simpleQuery('SELECT hasil FR...')
#3 C:\xampp\htdocs\v2\app\Controllers\DashboardController.php(22): CodeIgniter\Database\BaseConnection->query('SELECT hasil FR...')
#4 C:\xampp\htdocs\v2\vendor\codeigniter4\framework\system\CodeIgniter.php(928): App\Controllers\DashboardController->index()
#5 C:\xampp\htdocs\v2\vendor\codeigniter4\framework\system\CodeIgniter.php(436): CodeIgniter\CodeIgniter->runController(Object(App\Controllers\DashboardController))
#6 C:\xampp\htdocs\v2\vendor\codeigniter4\framework\system\CodeIgniter.php(336): CodeIgniter\CodeIgniter->handleRequest(NULL, Object(Config\Cache), false)
#7 C:\xampp\htdocs\v2\public\index.php(37): CodeIgniter\CodeIgniter->run()
#8 {main}
ERROR - 2021-09-08 09:33:03 --> You have an error in your SQL syntax; check the manual that corresponds to your MariaDB server version for the right syntax to use near 'UNION ALL SELECT cekin.created_at, cekin.status FROM cekin WHERE cekin.create...' at line 1
CRITICAL - 2021-09-08 09:33:03 --> You have an error in your SQL syntax; check the manual that corresponds to your MariaDB server version for the right syntax to use near 'UNION ALL SELECT cekin.created_at, cekin.status FROM cekin WHERE cekin.create...' at line 1
#0 C:\xampp\htdocs\v2\vendor\codeigniter4\framework\system\Database\MySQLi\Connection.php(329): mysqli->query('SELECT hasil FR...')
#1 C:\xampp\htdocs\v2\vendor\codeigniter4\framework\system\Database\BaseConnection.php(732): CodeIgniter\Database\MySQLi\Connection->execute('SELECT hasil FR...')
#2 C:\xampp\htdocs\v2\vendor\codeigniter4\framework\system\Database\BaseConnection.php(647): CodeIgniter\Database\BaseConnection->simpleQuery('SELECT hasil FR...')
#3 C:\xampp\htdocs\v2\app\Controllers\DashboardController.php(22): CodeIgniter\Database\BaseConnection->query('SELECT hasil FR...')
#4 C:\xampp\htdocs\v2\vendor\codeigniter4\framework\system\CodeIgniter.php(928): App\Controllers\DashboardController->index()
#5 C:\xampp\htdocs\v2\vendor\codeigniter4\framework\system\CodeIgniter.php(436): CodeIgniter\CodeIgniter->runController(Object(App\Controllers\DashboardController))
#6 C:\xampp\htdocs\v2\vendor\codeigniter4\framework\system\CodeIgniter.php(336): CodeIgniter\CodeIgniter->handleRequest(NULL, Object(Config\Cache), false)
#7 C:\xampp\htdocs\v2\public\index.php(37): CodeIgniter\CodeIgniter->run()
#8 {main}
ERROR - 2021-09-08 09:33:03 --> You have an error in your SQL syntax; check the manual that corresponds to your MariaDB server version for the right syntax to use near 'UNION ALL SELECT cekin.created_at, cekin.status FROM cekin WHERE cekin.create...' at line 1
CRITICAL - 2021-09-08 09:33:03 --> You have an error in your SQL syntax; check the manual that corresponds to your MariaDB server version for the right syntax to use near 'UNION ALL SELECT cekin.created_at, cekin.status FROM cekin WHERE cekin.create...' at line 1
#0 C:\xampp\htdocs\v2\vendor\codeigniter4\framework\system\Database\MySQLi\Connection.php(329): mysqli->query('SELECT hasil FR...')
#1 C:\xampp\htdocs\v2\vendor\codeigniter4\framework\system\Database\BaseConnection.php(732): CodeIgniter\Database\MySQLi\Connection->execute('SELECT hasil FR...')
#2 C:\xampp\htdocs\v2\vendor\codeigniter4\framework\system\Database\BaseConnection.php(647): CodeIgniter\Database\BaseConnection->simpleQuery('SELECT hasil FR...')
#3 C:\xampp\htdocs\v2\app\Controllers\DashboardController.php(22): CodeIgniter\Database\BaseConnection->query('SELECT hasil FR...')
#4 C:\xampp\htdocs\v2\vendor\codeigniter4\framework\system\CodeIgniter.php(928): App\Controllers\DashboardController->index()
#5 C:\xampp\htdocs\v2\vendor\codeigniter4\framework\system\CodeIgniter.php(436): CodeIgniter\CodeIgniter->runController(Object(App\Controllers\DashboardController))
#6 C:\xampp\htdocs\v2\vendor\codeigniter4\framework\system\CodeIgniter.php(336): CodeIgniter\CodeIgniter->handleRequest(NULL, Object(Config\Cache), false)
#7 C:\xampp\htdocs\v2\public\index.php(37): CodeIgniter\CodeIgniter->run()
#8 {main}
ERROR - 2021-09-08 09:33:04 --> You have an error in your SQL syntax; check the manual that corresponds to your MariaDB server version for the right syntax to use near 'UNION ALL SELECT cekin.created_at, cekin.status FROM cekin WHERE cekin.create...' at line 1
CRITICAL - 2021-09-08 09:33:04 --> You have an error in your SQL syntax; check the manual that corresponds to your MariaDB server version for the right syntax to use near 'UNION ALL SELECT cekin.created_at, cekin.status FROM cekin WHERE cekin.create...' at line 1
#0 C:\xampp\htdocs\v2\vendor\codeigniter4\framework\system\Database\MySQLi\Connection.php(329): mysqli->query('SELECT hasil FR...')
#1 C:\xampp\htdocs\v2\vendor\codeigniter4\framework\system\Database\BaseConnection.php(732): CodeIgniter\Database\MySQLi\Connection->execute('SELECT hasil FR...')
#2 C:\xampp\htdocs\v2\vendor\codeigniter4\framework\system\Database\BaseConnection.php(647): CodeIgniter\Database\BaseConnection->simpleQuery('SELECT hasil FR...')
#3 C:\xampp\htdocs\v2\app\Controllers\DashboardController.php(22): CodeIgniter\Database\BaseConnection->query('SELECT hasil FR...')
#4 C:\xampp\htdocs\v2\vendor\codeigniter4\framework\system\CodeIgniter.php(928): App\Controllers\DashboardController->index()
#5 C:\xampp\htdocs\v2\vendor\codeigniter4\framework\system\CodeIgniter.php(436): CodeIgniter\CodeIgniter->runController(Object(App\Controllers\DashboardController))
#6 C:\xampp\htdocs\v2\vendor\codeigniter4\framework\system\CodeIgniter.php(336): CodeIgniter\CodeIgniter->handleRequest(NULL, Object(Config\Cache), false)
#7 C:\xampp\htdocs\v2\public\index.php(37): CodeIgniter\CodeIgniter->run()
#8 {main}
ERROR - 2021-09-08 09:33:04 --> You have an error in your SQL syntax; check the manual that corresponds to your MariaDB server version for the right syntax to use near 'UNION ALL SELECT cekin.created_at, cekin.status FROM cekin WHERE cekin.create...' at line 1
CRITICAL - 2021-09-08 09:33:04 --> You have an error in your SQL syntax; check the manual that corresponds to your MariaDB server version for the right syntax to use near 'UNION ALL SELECT cekin.created_at, cekin.status FROM cekin WHERE cekin.create...' at line 1
#0 C:\xampp\htdocs\v2\vendor\codeigniter4\framework\system\Database\MySQLi\Connection.php(329): mysqli->query('SELECT hasil FR...')
#1 C:\xampp\htdocs\v2\vendor\codeigniter4\framework\system\Database\BaseConnection.php(732): CodeIgniter\Database\MySQLi\Connection->execute('SELECT hasil FR...')
#2 C:\xampp\htdocs\v2\vendor\codeigniter4\framework\system\Database\BaseConnection.php(647): CodeIgniter\Database\BaseConnection->simpleQuery('SELECT hasil FR...')
#3 C:\xampp\htdocs\v2\app\Controllers\DashboardController.php(22): CodeIgniter\Database\BaseConnection->query('SELECT hasil FR...')
#4 C:\xampp\htdocs\v2\vendor\codeigniter4\framework\system\CodeIgniter.php(928): App\Controllers\DashboardController->index()
#5 C:\xampp\htdocs\v2\vendor\codeigniter4\framework\system\CodeIgniter.php(436): CodeIgniter\CodeIgniter->runController(Object(App\Controllers\DashboardController))
#6 C:\xampp\htdocs\v2\vendor\codeigniter4\framework\system\CodeIgniter.php(336): CodeIgniter\CodeIgniter->handleRequest(NULL, Object(Config\Cache), false)
#7 C:\xampp\htdocs\v2\public\index.php(37): CodeIgniter\CodeIgniter->run()
#8 {main}
ERROR - 2021-09-08 09:33:05 --> You have an error in your SQL syntax; check the manual that corresponds to your MariaDB server version for the right syntax to use near 'UNION ALL SELECT cekin.created_at, cekin.status FROM cekin WHERE cekin.create...' at line 1
CRITICAL - 2021-09-08 09:33:05 --> You have an error in your SQL syntax; check the manual that corresponds to your MariaDB server version for the right syntax to use near 'UNION ALL SELECT cekin.created_at, cekin.status FROM cekin WHERE cekin.create...' at line 1
#0 C:\xampp\htdocs\v2\vendor\codeigniter4\framework\system\Database\MySQLi\Connection.php(329): mysqli->query('SELECT hasil FR...')
#1 C:\xampp\htdocs\v2\vendor\codeigniter4\framework\system\Database\BaseConnection.php(732): CodeIgniter\Database\MySQLi\Connection->execute('SELECT hasil FR...')
#2 C:\xampp\htdocs\v2\vendor\codeigniter4\framework\system\Database\BaseConnection.php(647): CodeIgniter\Database\BaseConnection->simpleQuery('SELECT hasil FR...')
#3 C:\xampp\htdocs\v2\app\Controllers\DashboardController.php(22): CodeIgniter\Database\BaseConnection->query('SELECT hasil FR...')
#4 C:\xampp\htdocs\v2\vendor\codeigniter4\framework\system\CodeIgniter.php(928): App\Controllers\DashboardController->index()
#5 C:\xampp\htdocs\v2\vendor\codeigniter4\framework\system\CodeIgniter.php(436): CodeIgniter\CodeIgniter->runController(Object(App\Controllers\DashboardController))
#6 C:\xampp\htdocs\v2\vendor\codeigniter4\framework\system\CodeIgniter.php(336): CodeIgniter\CodeIgniter->handleRequest(NULL, Object(Config\Cache), false)
#7 C:\xampp\htdocs\v2\public\index.php(37): CodeIgniter\CodeIgniter->run()
#8 {main}
ERROR - 2021-09-08 09:33:05 --> You have an error in your SQL syntax; check the manual that corresponds to your MariaDB server version for the right syntax to use near 'UNION ALL SELECT cekin.created_at, cekin.status FROM cekin WHERE cekin.create...' at line 1
CRITICAL - 2021-09-08 09:33:05 --> You have an error in your SQL syntax; check the manual that corresponds to your MariaDB server version for the right syntax to use near 'UNION ALL SELECT cekin.created_at, cekin.status FROM cekin WHERE cekin.create...' at line 1
#0 C:\xampp\htdocs\v2\vendor\codeigniter4\framework\system\Database\MySQLi\Connection.php(329): mysqli->query('SELECT hasil FR...')
#1 C:\xampp\htdocs\v2\vendor\codeigniter4\framework\system\Database\BaseConnection.php(732): CodeIgniter\Database\MySQLi\Connection->execute('SELECT hasil FR...')
#2 C:\xampp\htdocs\v2\vendor\codeigniter4\framework\system\Database\BaseConnection.php(647): CodeIgniter\Database\BaseConnection->simpleQuery('SELECT hasil FR...')
#3 C:\xampp\htdocs\v2\app\Controllers\DashboardController.php(22): CodeIgniter\Database\BaseConnection->query('SELECT hasil FR...')
#4 C:\xampp\htdocs\v2\vendor\codeigniter4\framework\system\CodeIgniter.php(928): App\Controllers\DashboardController->index()
#5 C:\xampp\htdocs\v2\vendor\codeigniter4\framework\system\CodeIgniter.php(436): CodeIgniter\CodeIgniter->runController(Object(App\Controllers\DashboardController))
#6 C:\xampp\htdocs\v2\vendor\codeigniter4\framework\system\CodeIgniter.php(336): CodeIgniter\CodeIgniter->handleRequest(NULL, Object(Config\Cache), false)
#7 C:\xampp\htdocs\v2\public\index.php(37): CodeIgniter\CodeIgniter->run()
#8 {main}
ERROR - 2021-09-08 09:33:06 --> You have an error in your SQL syntax; check the manual that corresponds to your MariaDB server version for the right syntax to use near 'UNION ALL SELECT cekin.created_at, cekin.status FROM cekin WHERE cekin.create...' at line 1
CRITICAL - 2021-09-08 09:33:06 --> You have an error in your SQL syntax; check the manual that corresponds to your MariaDB server version for the right syntax to use near 'UNION ALL SELECT cekin.created_at, cekin.status FROM cekin WHERE cekin.create...' at line 1
#0 C:\xampp\htdocs\v2\vendor\codeigniter4\framework\system\Database\MySQLi\Connection.php(329): mysqli->query('SELECT hasil FR...')
#1 C:\xampp\htdocs\v2\vendor\codeigniter4\framework\system\Database\BaseConnection.php(732): CodeIgniter\Database\MySQLi\Connection->execute('SELECT hasil FR...')
#2 C:\xampp\htdocs\v2\vendor\codeigniter4\framework\system\Database\BaseConnection.php(647): CodeIgniter\Database\BaseConnection->simpleQuery('SELECT hasil FR...')
#3 C:\xampp\htdocs\v2\app\Controllers\DashboardController.php(22): CodeIgniter\Database\BaseConnection->query('SELECT hasil FR...')
#4 C:\xampp\htdocs\v2\vendor\codeigniter4\framework\system\CodeIgniter.php(928): App\Controllers\DashboardController->index()
#5 C:\xampp\htdocs\v2\vendor\codeigniter4\framework\system\CodeIgniter.php(436): CodeIgniter\CodeIgniter->runController(Object(App\Controllers\DashboardController))
#6 C:\xampp\htdocs\v2\vendor\codeigniter4\framework\system\CodeIgniter.php(336): CodeIgniter\CodeIgniter->handleRequest(NULL, Object(Config\Cache), false)
#7 C:\xampp\htdocs\v2\public\index.php(37): CodeIgniter\CodeIgniter->run()
#8 {main}
ERROR - 2021-09-08 09:33:07 --> You have an error in your SQL syntax; check the manual that corresponds to your MariaDB server version for the right syntax to use near 'UNION ALL SELECT cekin.created_at, cekin.status FROM cekin WHERE cekin.create...' at line 1
CRITICAL - 2021-09-08 09:33:07 --> You have an error in your SQL syntax; check the manual that corresponds to your MariaDB server version for the right syntax to use near 'UNION ALL SELECT cekin.created_at, cekin.status FROM cekin WHERE cekin.create...' at line 1
#0 C:\xampp\htdocs\v2\vendor\codeigniter4\framework\system\Database\MySQLi\Connection.php(329): mysqli->query('SELECT hasil FR...')
#1 C:\xampp\htdocs\v2\vendor\codeigniter4\framework\system\Database\BaseConnection.php(732): CodeIgniter\Database\MySQLi\Connection->execute('SELECT hasil FR...')
#2 C:\xampp\htdocs\v2\vendor\codeigniter4\framework\system\Database\BaseConnection.php(647): CodeIgniter\Database\BaseConnection->simpleQuery('SELECT hasil FR...')
#3 C:\xampp\htdocs\v2\app\Controllers\DashboardController.php(22): CodeIgniter\Database\BaseConnection->query('SELECT hasil FR...')
#4 C:\xampp\htdocs\v2\vendor\codeigniter4\framework\system\CodeIgniter.php(928): App\Controllers\DashboardController->index()
#5 C:\xampp\htdocs\v2\vendor\codeigniter4\framework\system\CodeIgniter.php(436): CodeIgniter\CodeIgniter->runController(Object(App\Controllers\DashboardController))
#6 C:\xampp\htdocs\v2\vendor\codeigniter4\framework\system\CodeIgniter.php(336): CodeIgniter\CodeIgniter->handleRequest(NULL, Object(Config\Cache), false)
#7 C:\xampp\htdocs\v2\public\index.php(37): CodeIgniter\CodeIgniter->run()
#8 {main}
ERROR - 2021-09-08 09:55:25 --> You have an error in your SQL syntax; check the manual that corresponds to your MariaDB server version for the right syntax to use near 'UNION ALL SELECT cekin.created_at, cekin.status FROM cekin WHERE cekin.create...' at line 1
CRITICAL - 2021-09-08 09:55:25 --> You have an error in your SQL syntax; check the manual that corresponds to your MariaDB server version for the right syntax to use near 'UNION ALL SELECT cekin.created_at, cekin.status FROM cekin WHERE cekin.create...' at line 1
#0 C:\xampp\htdocs\v2\vendor\codeigniter4\framework\system\Database\MySQLi\Connection.php(329): mysqli->query('SELECT hasil FR...')
#1 C:\xampp\htdocs\v2\vendor\codeigniter4\framework\system\Database\BaseConnection.php(732): CodeIgniter\Database\MySQLi\Connection->execute('SELECT hasil FR...')
#2 C:\xampp\htdocs\v2\vendor\codeigniter4\framework\system\Database\BaseConnection.php(647): CodeIgniter\Database\BaseConnection->simpleQuery('SELECT hasil FR...')
#3 C:\xampp\htdocs\v2\app\Controllers\DashboardController.php(23): CodeIgniter\Database\BaseConnection->query('SELECT hasil FR...')
#4 C:\xampp\htdocs\v2\vendor\codeigniter4\framework\system\CodeIgniter.php(928): App\Controllers\DashboardController->index()
#5 C:\xampp\htdocs\v2\vendor\codeigniter4\framework\system\CodeIgniter.php(436): CodeIgniter\CodeIgniter->runController(Object(App\Controllers\DashboardController))
#6 C:\xampp\htdocs\v2\vendor\codeigniter4\framework\system\CodeIgniter.php(336): CodeIgniter\CodeIgniter->handleRequest(NULL, Object(Config\Cache), false)
#7 C:\xampp\htdocs\v2\public\index.php(37): CodeIgniter\CodeIgniter->run()
#8 {main}
ERROR - 2021-09-08 10:12:23 --> You have an error in your SQL syntax; check the manual that corresponds to your MariaDB server version for the right syntax to use near 'FROM cekin  WHERE cekin.created_at BETWEEN '. 2021-09-07 .' AND '. 2021-09-08 .'' at line 1
CRITICAL - 2021-09-08 10:12:23 --> You have an error in your SQL syntax; check the manual that corresponds to your MariaDB server version for the right syntax to use near 'FROM cekin  WHERE cekin.created_at BETWEEN '. 2021-09-07 .' AND '. 2021-09-08 .'' at line 1
#0 C:\xampp\htdocs\v2\vendor\codeigniter4\framework\system\Database\MySQLi\Connection.php(329): mysqli->query('SELECT cekin.cr...')
#1 C:\xampp\htdocs\v2\vendor\codeigniter4\framework\system\Database\BaseConnection.php(732): CodeIgniter\Database\MySQLi\Connection->execute('SELECT cekin.cr...')
#2 C:\xampp\htdocs\v2\vendor\codeigniter4\framework\system\Database\BaseConnection.php(647): CodeIgniter\Database\BaseConnection->simpleQuery('SELECT cekin.cr...')
#3 C:\xampp\htdocs\v2\app\Controllers\DashboardController.php(23): CodeIgniter\Database\BaseConnection->query('SELECT cekin.cr...')
#4 C:\xampp\htdocs\v2\vendor\codeigniter4\framework\system\CodeIgniter.php(928): App\Controllers\DashboardController->index()
#5 C:\xampp\htdocs\v2\vendor\codeigniter4\framework\system\CodeIgniter.php(436): CodeIgniter\CodeIgniter->runController(Object(App\Controllers\DashboardController))
#6 C:\xampp\htdocs\v2\vendor\codeigniter4\framework\system\CodeIgniter.php(336): CodeIgniter\CodeIgniter->handleRequest(NULL, Object(Config\Cache), false)
#7 C:\xampp\htdocs\v2\public\index.php(37): CodeIgniter\CodeIgniter->run()
#8 {main}
ERROR - 2021-09-08 10:12:42 --> You have an error in your SQL syntax; check the manual that corresponds to your MariaDB server version for the right syntax to use near 'FROM cekin WHERE cekin.created_at BETWEEN '. 2021-09-07 .' AND '. 2021-09-08 .'' at line 1
CRITICAL - 2021-09-08 10:12:42 --> You have an error in your SQL syntax; check the manual that corresponds to your MariaDB server version for the right syntax to use near 'FROM cekin WHERE cekin.created_at BETWEEN '. 2021-09-07 .' AND '. 2021-09-08 .'' at line 1
#0 C:\xampp\htdocs\v2\vendor\codeigniter4\framework\system\Database\MySQLi\Connection.php(329): mysqli->query('SELECT cekin.cr...')
#1 C:\xampp\htdocs\v2\vendor\codeigniter4\framework\system\Database\BaseConnection.php(732): CodeIgniter\Database\MySQLi\Connection->execute('SELECT cekin.cr...')
#2 C:\xampp\htdocs\v2\vendor\codeigniter4\framework\system\Database\BaseConnection.php(647): CodeIgniter\Database\BaseConnection->simpleQuery('SELECT cekin.cr...')
#3 C:\xampp\htdocs\v2\app\Controllers\DashboardController.php(23): CodeIgniter\Database\BaseConnection->query('SELECT cekin.cr...')
#4 C:\xampp\htdocs\v2\vendor\codeigniter4\framework\system\CodeIgniter.php(928): App\Controllers\DashboardController->index()
#5 C:\xampp\htdocs\v2\vendor\codeigniter4\framework\system\CodeIgniter.php(436): CodeIgniter\CodeIgniter->runController(Object(App\Controllers\DashboardController))
#6 C:\xampp\htdocs\v2\vendor\codeigniter4\framework\system\CodeIgniter.php(336): CodeIgniter\CodeIgniter->handleRequest(NULL, Object(Config\Cache), false)
#7 C:\xampp\htdocs\v2\public\index.php(37): CodeIgniter\CodeIgniter->run()
#8 {main}
ERROR - 2021-09-08 10:12:42 --> You have an error in your SQL syntax; check the manual that corresponds to your MariaDB server version for the right syntax to use near 'FROM cekin WHERE cekin.created_at BETWEEN '. 2021-09-07 .' AND '. 2021-09-08 .'' at line 1
CRITICAL - 2021-09-08 10:12:42 --> You have an error in your SQL syntax; check the manual that corresponds to your MariaDB server version for the right syntax to use near 'FROM cekin WHERE cekin.created_at BETWEEN '. 2021-09-07 .' AND '. 2021-09-08 .'' at line 1
#0 C:\xampp\htdocs\v2\vendor\codeigniter4\framework\system\Database\MySQLi\Connection.php(329): mysqli->query('SELECT cekin.cr...')
#1 C:\xampp\htdocs\v2\vendor\codeigniter4\framework\system\Database\BaseConnection.php(732): CodeIgniter\Database\MySQLi\Connection->execute('SELECT cekin.cr...')
#2 C:\xampp\htdocs\v2\vendor\codeigniter4\framework\system\Database\BaseConnection.php(647): CodeIgniter\Database\BaseConnection->simpleQuery('SELECT cekin.cr...')
#3 C:\xampp\htdocs\v2\app\Controllers\DashboardController.php(23): CodeIgniter\Database\BaseConnection->query('SELECT cekin.cr...')
#4 C:\xampp\htdocs\v2\vendor\codeigniter4\framework\system\CodeIgniter.php(928): App\Controllers\DashboardController->index()
#5 C:\xampp\htdocs\v2\vendor\codeigniter4\framework\system\CodeIgniter.php(436): CodeIgniter\CodeIgniter->runController(Object(App\Controllers\DashboardController))
#6 C:\xampp\htdocs\v2\vendor\codeigniter4\framework\system\CodeIgniter.php(336): CodeIgniter\CodeIgniter->handleRequest(NULL, Object(Config\Cache), false)
#7 C:\xampp\htdocs\v2\public\index.php(37): CodeIgniter\CodeIgniter->run()
#8 {main}
ERROR - 2021-09-08 10:12:43 --> You have an error in your SQL syntax; check the manual that corresponds to your MariaDB server version for the right syntax to use near 'FROM cekin WHERE cekin.created_at BETWEEN '. 2021-09-07 .' AND '. 2021-09-08 .'' at line 1
CRITICAL - 2021-09-08 10:12:43 --> You have an error in your SQL syntax; check the manual that corresponds to your MariaDB server version for the right syntax to use near 'FROM cekin WHERE cekin.created_at BETWEEN '. 2021-09-07 .' AND '. 2021-09-08 .'' at line 1
#0 C:\xampp\htdocs\v2\vendor\codeigniter4\framework\system\Database\MySQLi\Connection.php(329): mysqli->query('SELECT cekin.cr...')
#1 C:\xampp\htdocs\v2\vendor\codeigniter4\framework\system\Database\BaseConnection.php(732): CodeIgniter\Database\MySQLi\Connection->execute('SELECT cekin.cr...')
#2 C:\xampp\htdocs\v2\vendor\codeigniter4\framework\system\Database\BaseConnection.php(647): CodeIgniter\Database\BaseConnection->simpleQuery('SELECT cekin.cr...')
#3 C:\xampp\htdocs\v2\app\Controllers\DashboardController.php(23): CodeIgniter\Database\BaseConnection->query('SELECT cekin.cr...')
#4 C:\xampp\htdocs\v2\vendor\codeigniter4\framework\system\CodeIgniter.php(928): App\Controllers\DashboardController->index()
#5 C:\xampp\htdocs\v2\vendor\codeigniter4\framework\system\CodeIgniter.php(436): CodeIgniter\CodeIgniter->runController(Object(App\Controllers\DashboardController))
#6 C:\xampp\htdocs\v2\vendor\codeigniter4\framework\system\CodeIgniter.php(336): CodeIgniter\CodeIgniter->handleRequest(NULL, Object(Config\Cache), false)
#7 C:\xampp\htdocs\v2\public\index.php(37): CodeIgniter\CodeIgniter->run()
#8 {main}
ERROR - 2021-09-08 10:12:43 --> You have an error in your SQL syntax; check the manual that corresponds to your MariaDB server version for the right syntax to use near 'FROM cekin WHERE cekin.created_at BETWEEN '. 2021-09-07 .' AND '. 2021-09-08 .'' at line 1
CRITICAL - 2021-09-08 10:12:43 --> You have an error in your SQL syntax; check the manual that corresponds to your MariaDB server version for the right syntax to use near 'FROM cekin WHERE cekin.created_at BETWEEN '. 2021-09-07 .' AND '. 2021-09-08 .'' at line 1
#0 C:\xampp\htdocs\v2\vendor\codeigniter4\framework\system\Database\MySQLi\Connection.php(329): mysqli->query('SELECT cekin.cr...')
#1 C:\xampp\htdocs\v2\vendor\codeigniter4\framework\system\Database\BaseConnection.php(732): CodeIgniter\Database\MySQLi\Connection->execute('SELECT cekin.cr...')
#2 C:\xampp\htdocs\v2\vendor\codeigniter4\framework\system\Database\BaseConnection.php(647): CodeIgniter\Database\BaseConnection->simpleQuery('SELECT cekin.cr...')
#3 C:\xampp\htdocs\v2\app\Controllers\DashboardController.php(23): CodeIgniter\Database\BaseConnection->query('SELECT cekin.cr...')
#4 C:\xampp\htdocs\v2\vendor\codeigniter4\framework\system\CodeIgniter.php(928): App\Controllers\DashboardController->index()
#5 C:\xampp\htdocs\v2\vendor\codeigniter4\framework\system\CodeIgniter.php(436): CodeIgniter\CodeIgniter->runController(Object(App\Controllers\DashboardController))
#6 C:\xampp\htdocs\v2\vendor\codeigniter4\framework\system\CodeIgniter.php(336): CodeIgniter\CodeIgniter->handleRequest(NULL, Object(Config\Cache), false)
#7 C:\xampp\htdocs\v2\public\index.php(37): CodeIgniter\CodeIgniter->run()
#8 {main}
ERROR - 2021-09-08 10:12:43 --> You have an error in your SQL syntax; check the manual that corresponds to your MariaDB server version for the right syntax to use near 'FROM cekin WHERE cekin.created_at BETWEEN '. 2021-09-07 .' AND '. 2021-09-08 .'' at line 1
CRITICAL - 2021-09-08 10:12:43 --> You have an error in your SQL syntax; check the manual that corresponds to your MariaDB server version for the right syntax to use near 'FROM cekin WHERE cekin.created_at BETWEEN '. 2021-09-07 .' AND '. 2021-09-08 .'' at line 1
#0 C:\xampp\htdocs\v2\vendor\codeigniter4\framework\system\Database\MySQLi\Connection.php(329): mysqli->query('SELECT cekin.cr...')
#1 C:\xampp\htdocs\v2\vendor\codeigniter4\framework\system\Database\BaseConnection.php(732): CodeIgniter\Database\MySQLi\Connection->execute('SELECT cekin.cr...')
#2 C:\xampp\htdocs\v2\vendor\codeigniter4\framework\system\Database\BaseConnection.php(647): CodeIgniter\Database\BaseConnection->simpleQuery('SELECT cekin.cr...')
#3 C:\xampp\htdocs\v2\app\Controllers\DashboardController.php(23): CodeIgniter\Database\BaseConnection->query('SELECT cekin.cr...')
#4 C:\xampp\htdocs\v2\vendor\codeigniter4\framework\system\CodeIgniter.php(928): App\Controllers\DashboardController->index()
#5 C:\xampp\htdocs\v2\vendor\codeigniter4\framework\system\CodeIgniter.php(436): CodeIgniter\CodeIgniter->runController(Object(App\Controllers\DashboardController))
#6 C:\xampp\htdocs\v2\vendor\codeigniter4\framework\system\CodeIgniter.php(336): CodeIgniter\CodeIgniter->handleRequest(NULL, Object(Config\Cache), false)
#7 C:\xampp\htdocs\v2\public\index.php(37): CodeIgniter\CodeIgniter->run()
#8 {main}
ERROR - 2021-09-08 10:12:43 --> You have an error in your SQL syntax; check the manual that corresponds to your MariaDB server version for the right syntax to use near 'FROM cekin WHERE cekin.created_at BETWEEN '. 2021-09-07 .' AND '. 2021-09-08 .'' at line 1
CRITICAL - 2021-09-08 10:12:43 --> You have an error in your SQL syntax; check the manual that corresponds to your MariaDB server version for the right syntax to use near 'FROM cekin WHERE cekin.created_at BETWEEN '. 2021-09-07 .' AND '. 2021-09-08 .'' at line 1
#0 C:\xampp\htdocs\v2\vendor\codeigniter4\framework\system\Database\MySQLi\Connection.php(329): mysqli->query('SELECT cekin.cr...')
#1 C:\xampp\htdocs\v2\vendor\codeigniter4\framework\system\Database\BaseConnection.php(732): CodeIgniter\Database\MySQLi\Connection->execute('SELECT cekin.cr...')
#2 C:\xampp\htdocs\v2\vendor\codeigniter4\framework\system\Database\BaseConnection.php(647): CodeIgniter\Database\BaseConnection->simpleQuery('SELECT cekin.cr...')
#3 C:\xampp\htdocs\v2\app\Controllers\DashboardController.php(23): CodeIgniter\Database\BaseConnection->query('SELECT cekin.cr...')
#4 C:\xampp\htdocs\v2\vendor\codeigniter4\framework\system\CodeIgniter.php(928): App\Controllers\DashboardController->index()
#5 C:\xampp\htdocs\v2\vendor\codeigniter4\framework\system\CodeIgniter.php(436): CodeIgniter\CodeIgniter->runController(Object(App\Controllers\DashboardController))
#6 C:\xampp\htdocs\v2\vendor\codeigniter4\framework\system\CodeIgniter.php(336): CodeIgniter\CodeIgniter->handleRequest(NULL, Object(Config\Cache), false)
#7 C:\xampp\htdocs\v2\public\index.php(37): CodeIgniter\CodeIgniter->run()
#8 {main}
ERROR - 2021-09-08 10:12:43 --> You have an error in your SQL syntax; check the manual that corresponds to your MariaDB server version for the right syntax to use near 'FROM cekin WHERE cekin.created_at BETWEEN '. 2021-09-07 .' AND '. 2021-09-08 .'' at line 1
CRITICAL - 2021-09-08 10:12:43 --> You have an error in your SQL syntax; check the manual that corresponds to your MariaDB server version for the right syntax to use near 'FROM cekin WHERE cekin.created_at BETWEEN '. 2021-09-07 .' AND '. 2021-09-08 .'' at line 1
#0 C:\xampp\htdocs\v2\vendor\codeigniter4\framework\system\Database\MySQLi\Connection.php(329): mysqli->query('SELECT cekin.cr...')
#1 C:\xampp\htdocs\v2\vendor\codeigniter4\framework\system\Database\BaseConnection.php(732): CodeIgniter\Database\MySQLi\Connection->execute('SELECT cekin.cr...')
#2 C:\xampp\htdocs\v2\vendor\codeigniter4\framework\system\Database\BaseConnection.php(647): CodeIgniter\Database\BaseConnection->simpleQuery('SELECT cekin.cr...')
#3 C:\xampp\htdocs\v2\app\Controllers\DashboardController.php(23): CodeIgniter\Database\BaseConnection->query('SELECT cekin.cr...')
#4 C:\xampp\htdocs\v2\vendor\codeigniter4\framework\system\CodeIgniter.php(928): App\Controllers\DashboardController->index()
#5 C:\xampp\htdocs\v2\vendor\codeigniter4\framework\system\CodeIgniter.php(436): CodeIgniter\CodeIgniter->runController(Object(App\Controllers\DashboardController))
#6 C:\xampp\htdocs\v2\vendor\codeigniter4\framework\system\CodeIgniter.php(336): CodeIgniter\CodeIgniter->handleRequest(NULL, Object(Config\Cache), false)
#7 C:\xampp\htdocs\v2\public\index.php(37): CodeIgniter\CodeIgniter->run()
#8 {main}
ERROR - 2021-09-08 10:12:43 --> You have an error in your SQL syntax; check the manual that corresponds to your MariaDB server version for the right syntax to use near 'FROM cekin WHERE cekin.created_at BETWEEN '. 2021-09-07 .' AND '. 2021-09-08 .'' at line 1
CRITICAL - 2021-09-08 10:12:43 --> You have an error in your SQL syntax; check the manual that corresponds to your MariaDB server version for the right syntax to use near 'FROM cekin WHERE cekin.created_at BETWEEN '. 2021-09-07 .' AND '. 2021-09-08 .'' at line 1
#0 C:\xampp\htdocs\v2\vendor\codeigniter4\framework\system\Database\MySQLi\Connection.php(329): mysqli->query('SELECT cekin.cr...')
#1 C:\xampp\htdocs\v2\vendor\codeigniter4\framework\system\Database\BaseConnection.php(732): CodeIgniter\Database\MySQLi\Connection->execute('SELECT cekin.cr...')
#2 C:\xampp\htdocs\v2\vendor\codeigniter4\framework\system\Database\BaseConnection.php(647): CodeIgniter\Database\BaseConnection->simpleQuery('SELECT cekin.cr...')
#3 C:\xampp\htdocs\v2\app\Controllers\DashboardController.php(23): CodeIgniter\Database\BaseConnection->query('SELECT cekin.cr...')
#4 C:\xampp\htdocs\v2\vendor\codeigniter4\framework\system\CodeIgniter.php(928): App\Controllers\DashboardController->index()
#5 C:\xampp\htdocs\v2\vendor\codeigniter4\framework\system\CodeIgniter.php(436): CodeIgniter\CodeIgniter->runController(Object(App\Controllers\DashboardController))
#6 C:\xampp\htdocs\v2\vendor\codeigniter4\framework\system\CodeIgniter.php(336): CodeIgniter\CodeIgniter->handleRequest(NULL, Object(Config\Cache), false)
#7 C:\xampp\htdocs\v2\public\index.php(37): CodeIgniter\CodeIgniter->run()
#8 {main}
ERROR - 2021-09-08 10:12:44 --> You have an error in your SQL syntax; check the manual that corresponds to your MariaDB server version for the right syntax to use near 'FROM cekin WHERE cekin.created_at BETWEEN '. 2021-09-07 .' AND '. 2021-09-08 .'' at line 1
CRITICAL - 2021-09-08 10:12:44 --> You have an error in your SQL syntax; check the manual that corresponds to your MariaDB server version for the right syntax to use near 'FROM cekin WHERE cekin.created_at BETWEEN '. 2021-09-07 .' AND '. 2021-09-08 .'' at line 1
#0 C:\xampp\htdocs\v2\vendor\codeigniter4\framework\system\Database\MySQLi\Connection.php(329): mysqli->query('SELECT cekin.cr...')
#1 C:\xampp\htdocs\v2\vendor\codeigniter4\framework\system\Database\BaseConnection.php(732): CodeIgniter\Database\MySQLi\Connection->execute('SELECT cekin.cr...')
#2 C:\xampp\htdocs\v2\vendor\codeigniter4\framework\system\Database\BaseConnection.php(647): CodeIgniter\Database\BaseConnection->simpleQuery('SELECT cekin.cr...')
#3 C:\xampp\htdocs\v2\app\Controllers\DashboardController.php(23): CodeIgniter\Database\BaseConnection->query('SELECT cekin.cr...')
#4 C:\xampp\htdocs\v2\vendor\codeigniter4\framework\system\CodeIgniter.php(928): App\Controllers\DashboardController->index()
#5 C:\xampp\htdocs\v2\vendor\codeigniter4\framework\system\CodeIgniter.php(436): CodeIgniter\CodeIgniter->runController(Object(App\Controllers\DashboardController))
#6 C:\xampp\htdocs\v2\vendor\codeigniter4\framework\system\CodeIgniter.php(336): CodeIgniter\CodeIgniter->handleRequest(NULL, Object(Config\Cache), false)
#7 C:\xampp\htdocs\v2\public\index.php(37): CodeIgniter\CodeIgniter->run()
#8 {main}
ERROR - 2021-09-08 10:12:44 --> You have an error in your SQL syntax; check the manual that corresponds to your MariaDB server version for the right syntax to use near 'FROM cekin WHERE cekin.created_at BETWEEN '. 2021-09-07 .' AND '. 2021-09-08 .'' at line 1
CRITICAL - 2021-09-08 10:12:44 --> You have an error in your SQL syntax; check the manual that corresponds to your MariaDB server version for the right syntax to use near 'FROM cekin WHERE cekin.created_at BETWEEN '. 2021-09-07 .' AND '. 2021-09-08 .'' at line 1
#0 C:\xampp\htdocs\v2\vendor\codeigniter4\framework\system\Database\MySQLi\Connection.php(329): mysqli->query('SELECT cekin.cr...')
#1 C:\xampp\htdocs\v2\vendor\codeigniter4\framework\system\Database\BaseConnection.php(732): CodeIgniter\Database\MySQLi\Connection->execute('SELECT cekin.cr...')
#2 C:\xampp\htdocs\v2\vendor\codeigniter4\framework\system\Database\BaseConnection.php(647): CodeIgniter\Database\BaseConnection->simpleQuery('SELECT cekin.cr...')
#3 C:\xampp\htdocs\v2\app\Controllers\DashboardController.php(23): CodeIgniter\Database\BaseConnection->query('SELECT cekin.cr...')
#4 C:\xampp\htdocs\v2\vendor\codeigniter4\framework\system\CodeIgniter.php(928): App\Controllers\DashboardController->index()
#5 C:\xampp\htdocs\v2\vendor\codeigniter4\framework\system\CodeIgniter.php(436): CodeIgniter\CodeIgniter->runController(Object(App\Controllers\DashboardController))
#6 C:\xampp\htdocs\v2\vendor\codeigniter4\framework\system\CodeIgniter.php(336): CodeIgniter\CodeIgniter->handleRequest(NULL, Object(Config\Cache), false)
#7 C:\xampp\htdocs\v2\public\index.php(37): CodeIgniter\CodeIgniter->run()
#8 {main}
ERROR - 2021-09-08 10:13:31 --> You have an error in your SQL syntax; check the manual that corresponds to your MariaDB server version for the right syntax to use near 'FROM cekin WHERE cekin.created_at BETWEEN '2021-09-07' AND '2021-09-08'' at line 1
CRITICAL - 2021-09-08 10:13:31 --> You have an error in your SQL syntax; check the manual that corresponds to your MariaDB server version for the right syntax to use near 'FROM cekin WHERE cekin.created_at BETWEEN '2021-09-07' AND '2021-09-08'' at line 1
#0 C:\xampp\htdocs\v2\vendor\codeigniter4\framework\system\Database\MySQLi\Connection.php(329): mysqli->query('SELECT cekin.cr...')
#1 C:\xampp\htdocs\v2\vendor\codeigniter4\framework\system\Database\BaseConnection.php(732): CodeIgniter\Database\MySQLi\Connection->execute('SELECT cekin.cr...')
#2 C:\xampp\htdocs\v2\vendor\codeigniter4\framework\system\Database\BaseConnection.php(647): CodeIgniter\Database\BaseConnection->simpleQuery('SELECT cekin.cr...')
#3 C:\xampp\htdocs\v2\app\Controllers\DashboardController.php(23): CodeIgniter\Database\BaseConnection->query('SELECT cekin.cr...')
#4 C:\xampp\htdocs\v2\vendor\codeigniter4\framework\system\CodeIgniter.php(928): App\Controllers\DashboardController->index()
#5 C:\xampp\htdocs\v2\vendor\codeigniter4\framework\system\CodeIgniter.php(436): CodeIgniter\CodeIgniter->runController(Object(App\Controllers\DashboardController))
#6 C:\xampp\htdocs\v2\vendor\codeigniter4\framework\system\CodeIgniter.php(336): CodeIgniter\CodeIgniter->handleRequest(NULL, Object(Config\Cache), false)
#7 C:\xampp\htdocs\v2\public\index.php(37): CodeIgniter\CodeIgniter->run()
#8 {main}
ERROR - 2021-09-08 10:13:31 --> You have an error in your SQL syntax; check the manual that corresponds to your MariaDB server version for the right syntax to use near 'FROM cekin WHERE cekin.created_at BETWEEN '2021-09-07' AND '2021-09-08'' at line 1
CRITICAL - 2021-09-08 10:13:31 --> You have an error in your SQL syntax; check the manual that corresponds to your MariaDB server version for the right syntax to use near 'FROM cekin WHERE cekin.created_at BETWEEN '2021-09-07' AND '2021-09-08'' at line 1
#0 C:\xampp\htdocs\v2\vendor\codeigniter4\framework\system\Database\MySQLi\Connection.php(329): mysqli->query('SELECT cekin.cr...')
#1 C:\xampp\htdocs\v2\vendor\codeigniter4\framework\system\Database\BaseConnection.php(732): CodeIgniter\Database\MySQLi\Connection->execute('SELECT cekin.cr...')
#2 C:\xampp\htdocs\v2\vendor\codeigniter4\framework\system\Database\BaseConnection.php(647): CodeIgniter\Database\BaseConnection->simpleQuery('SELECT cekin.cr...')
#3 C:\xampp\htdocs\v2\app\Controllers\DashboardController.php(23): CodeIgniter\Database\BaseConnection->query('SELECT cekin.cr...')
#4 C:\xampp\htdocs\v2\vendor\codeigniter4\framework\system\CodeIgniter.php(928): App\Controllers\DashboardController->index()
#5 C:\xampp\htdocs\v2\vendor\codeigniter4\framework\system\CodeIgniter.php(436): CodeIgniter\CodeIgniter->runController(Object(App\Controllers\DashboardController))
#6 C:\xampp\htdocs\v2\vendor\codeigniter4\framework\system\CodeIgniter.php(336): CodeIgniter\CodeIgniter->handleRequest(NULL, Object(Config\Cache), false)
#7 C:\xampp\htdocs\v2\public\index.php(37): CodeIgniter\CodeIgniter->run()
#8 {main}
ERROR - 2021-09-08 10:13:32 --> You have an error in your SQL syntax; check the manual that corresponds to your MariaDB server version for the right syntax to use near 'FROM cekin WHERE cekin.created_at BETWEEN '2021-09-07' AND '2021-09-08'' at line 1
CRITICAL - 2021-09-08 10:13:32 --> You have an error in your SQL syntax; check the manual that corresponds to your MariaDB server version for the right syntax to use near 'FROM cekin WHERE cekin.created_at BETWEEN '2021-09-07' AND '2021-09-08'' at line 1
#0 C:\xampp\htdocs\v2\vendor\codeigniter4\framework\system\Database\MySQLi\Connection.php(329): mysqli->query('SELECT cekin.cr...')
#1 C:\xampp\htdocs\v2\vendor\codeigniter4\framework\system\Database\BaseConnection.php(732): CodeIgniter\Database\MySQLi\Connection->execute('SELECT cekin.cr...')
#2 C:\xampp\htdocs\v2\vendor\codeigniter4\framework\system\Database\BaseConnection.php(647): CodeIgniter\Database\BaseConnection->simpleQuery('SELECT cekin.cr...')
#3 C:\xampp\htdocs\v2\app\Controllers\DashboardController.php(23): CodeIgniter\Database\BaseConnection->query('SELECT cekin.cr...')
#4 C:\xampp\htdocs\v2\vendor\codeigniter4\framework\system\CodeIgniter.php(928): App\Controllers\DashboardController->index()
#5 C:\xampp\htdocs\v2\vendor\codeigniter4\framework\system\CodeIgniter.php(436): CodeIgniter\CodeIgniter->runController(Object(App\Controllers\DashboardController))
#6 C:\xampp\htdocs\v2\vendor\codeigniter4\framework\system\CodeIgniter.php(336): CodeIgniter\CodeIgniter->handleRequest(NULL, Object(Config\Cache), false)
#7 C:\xampp\htdocs\v2\public\index.php(37): CodeIgniter\CodeIgniter->run()
#8 {main}
ERROR - 2021-09-08 10:51:24 --> You have an error in your SQL syntax; check the manual that corresponds to your MariaDB server version for the right syntax to use near 'FROM cekin WHERE cekin.created_at BETWEEN '2021-09-07' AND '2021-09-08'' at line 1
CRITICAL - 2021-09-08 10:51:24 --> You have an error in your SQL syntax; check the manual that corresponds to your MariaDB server version for the right syntax to use near 'FROM cekin WHERE cekin.created_at BETWEEN '2021-09-07' AND '2021-09-08'' at line 1
#0 C:\xampp\htdocs\v2\vendor\codeigniter4\framework\system\Database\MySQLi\Connection.php(329): mysqli->query('SELECT cekin.cr...')
#1 C:\xampp\htdocs\v2\vendor\codeigniter4\framework\system\Database\BaseConnection.php(732): CodeIgniter\Database\MySQLi\Connection->execute('SELECT cekin.cr...')
#2 C:\xampp\htdocs\v2\vendor\codeigniter4\framework\system\Database\BaseConnection.php(647): CodeIgniter\Database\BaseConnection->simpleQuery('SELECT cekin.cr...')
#3 C:\xampp\htdocs\v2\app\Controllers\DashboardController.php(23): CodeIgniter\Database\BaseConnection->query('SELECT cekin.cr...')
#4 C:\xampp\htdocs\v2\vendor\codeigniter4\framework\system\CodeIgniter.php(928): App\Controllers\DashboardController->index()
#5 C:\xampp\htdocs\v2\vendor\codeigniter4\framework\system\CodeIgniter.php(436): CodeIgniter\CodeIgniter->runController(Object(App\Controllers\DashboardController))
#6 C:\xampp\htdocs\v2\vendor\codeigniter4\framework\system\CodeIgniter.php(336): CodeIgniter\CodeIgniter->handleRequest(NULL, Object(Config\Cache), false)
#7 C:\xampp\htdocs\v2\public\index.php(37): CodeIgniter\CodeIgniter->run()
#8 {main}
CRITICAL - 2021-09-08 23:00:15 --> Too few arguments to function App\Models\CekinModel::__construct(), 0 passed in C:\xampp\htdocs\v2\app\Controllers\CekinController.php on line 192 and exactly 1 expected
#0 C:\xampp\htdocs\v2\app\Controllers\CekinController.php(192): App\Models\CekinModel->__construct()
#1 C:\xampp\htdocs\v2\vendor\codeigniter4\framework\system\CodeIgniter.php(928): App\Controllers\CekinController->getData()
#2 C:\xampp\htdocs\v2\vendor\codeigniter4\framework\system\CodeIgniter.php(436): CodeIgniter\CodeIgniter->runController(Object(App\Controllers\CekinController))
#3 C:\xampp\htdocs\v2\vendor\codeigniter4\framework\system\CodeIgniter.php(336): CodeIgniter\CodeIgniter->handleRequest(NULL, Object(Config\Cache), false)
#4 C:\xampp\htdocs\v2\public\index.php(37): CodeIgniter\CodeIgniter->run()
#5 {main}
CRITICAL - 2021-09-08 23:00:55 --> syntax error, unexpected '->' (T_OBJECT_OPERATOR)
#0 C:\xampp\htdocs\v2\vendor\codeigniter4\framework\system\Autoloader\Autoloader.php(273): CodeIgniter\Autoloader\Autoloader->includeFile('C:\\xampp\\htdocs...')
#1 C:\xampp\htdocs\v2\vendor\codeigniter4\framework\system\Autoloader\Autoloader.php(247): CodeIgniter\Autoloader\Autoloader->loadInNamespace('App\\Models\\Ceki...')
#2 [internal function]: CodeIgniter\Autoloader\Autoloader->loadClass('App\\Models\\Ceki...')
#3 C:\xampp\htdocs\v2\app\Controllers\CekinController.php(192): spl_autoload_call('App\\Models\\Ceki...')
#4 C:\xampp\htdocs\v2\vendor\codeigniter4\framework\system\CodeIgniter.php(928): App\Controllers\CekinController->getData()
#5 C:\xampp\htdocs\v2\vendor\codeigniter4\framework\system\CodeIgniter.php(436): CodeIgniter\CodeIgniter->runController(Object(App\Controllers\CekinController))
#6 C:\xampp\htdocs\v2\vendor\codeigniter4\framework\system\CodeIgniter.php(336): CodeIgniter\CodeIgniter->handleRequest(NULL, Object(Config\Cache), false)
#7 C:\xampp\htdocs\v2\public\index.php(37): CodeIgniter\CodeIgniter->run()
#8 {main}
ERROR - 2021-09-08 23:06:35 --> Unknown column 'nama_guru,' in 'where clause'
CRITICAL - 2021-09-08 23:06:35 --> Unknown column 'nama_guru,' in 'where clause'
#0 C:\xampp\htdocs\v2\vendor\codeigniter4\framework\system\Database\MySQLi\Connection.php(329): mysqli->query('SELECT `cekin`....')
#1 C:\xampp\htdocs\v2\vendor\codeigniter4\framework\system\Database\BaseConnection.php(732): CodeIgniter\Database\MySQLi\Connection->execute('SELECT `cekin`....')
#2 C:\xampp\htdocs\v2\vendor\codeigniter4\framework\system\Database\BaseConnection.php(647): CodeIgniter\Database\BaseConnection->simpleQuery('SELECT `cekin`....')
#3 C:\xampp\htdocs\v2\vendor\codeigniter4\framework\system\Database\BaseBuilder.php(1881): CodeIgniter\Database\BaseConnection->query('SELECT `cekin`....', Array, false)
#4 C:\xampp\htdocs\v2\app\Models\CekinModel.php(144): CodeIgniter\Database\BaseBuilder->get()
#5 C:\xampp\htdocs\v2\app\Controllers\CekinController.php(194): App\Models\CekinModel->get_datatables()
#6 C:\xampp\htdocs\v2\vendor\codeigniter4\framework\system\CodeIgniter.php(928): App\Controllers\CekinController->getData()
#7 C:\xampp\htdocs\v2\vendor\codeigniter4\framework\system\CodeIgniter.php(436): CodeIgniter\CodeIgniter->runController(Object(App\Controllers\CekinController))
#8 C:\xampp\htdocs\v2\vendor\codeigniter4\framework\system\CodeIgniter.php(336): CodeIgniter\CodeIgniter->handleRequest(NULL, Object(Config\Cache), false)
#9 C:\xampp\htdocs\v2\public\index.php(37): CodeIgniter\CodeIgniter->run()
#10 {main}
ERROR - 2021-09-08 23:06:38 --> Unknown column 'nama_guru,' in 'where clause'
CRITICAL - 2021-09-08 23:06:38 --> Unknown column 'nama_guru,' in 'where clause'
#0 C:\xampp\htdocs\v2\vendor\codeigniter4\framework\system\Database\MySQLi\Connection.php(329): mysqli->query('SELECT `cekin`....')
#1 C:\xampp\htdocs\v2\vendor\codeigniter4\framework\system\Database\BaseConnection.php(732): CodeIgniter\Database\MySQLi\Connection->execute('SELECT `cekin`....')
#2 C:\xampp\htdocs\v2\vendor\codeigniter4\framework\system\Database\BaseConnection.php(647): CodeIgniter\Database\BaseConnection->simpleQuery('SELECT `cekin`....')
#3 C:\xampp\htdocs\v2\vendor\codeigniter4\framework\system\Database\BaseBuilder.php(1881): CodeIgniter\Database\BaseConnection->query('SELECT `cekin`....', Array, false)
#4 C:\xampp\htdocs\v2\app\Models\CekinModel.php(144): CodeIgniter\Database\BaseBuilder->get()
#5 C:\xampp\htdocs\v2\app\Controllers\CekinController.php(194): App\Models\CekinModel->get_datatables()
#6 C:\xampp\htdocs\v2\vendor\codeigniter4\framework\system\CodeIgniter.php(928): App\Controllers\CekinController->getData()
#7 C:\xampp\htdocs\v2\vendor\codeigniter4\framework\system\CodeIgniter.php(436): CodeIgniter\CodeIgniter->runController(Object(App\Controllers\CekinController))
#8 C:\xampp\htdocs\v2\vendor\codeigniter4\framework\system\CodeIgniter.php(336): CodeIgniter\CodeIgniter->handleRequest(NULL, Object(Config\Cache), false)
#9 C:\xampp\htdocs\v2\public\index.php(37): CodeIgniter\CodeIgniter->run()
#10 {main}
ERROR - 2021-09-08 23:06:40 --> Unknown column 'nama_guru,' in 'where clause'
CRITICAL - 2021-09-08 23:06:40 --> Unknown column 'nama_guru,' in 'where clause'
#0 C:\xampp\htdocs\v2\vendor\codeigniter4\framework\system\Database\MySQLi\Connection.php(329): mysqli->query('SELECT `cekin`....')
#1 C:\xampp\htdocs\v2\vendor\codeigniter4\framework\system\Database\BaseConnection.php(732): CodeIgniter\Database\MySQLi\Connection->execute('SELECT `cekin`....')
#2 C:\xampp\htdocs\v2\vendor\codeigniter4\framework\system\Database\BaseConnection.php(647): CodeIgniter\Database\BaseConnection->simpleQuery('SELECT `cekin`....')
#3 C:\xampp\htdocs\v2\vendor\codeigniter4\framework\system\Database\BaseBuilder.php(1881): CodeIgniter\Database\BaseConnection->query('SELECT `cekin`....', Array, false)
#4 C:\xampp\htdocs\v2\app\Models\CekinModel.php(144): CodeIgniter\Database\BaseBuilder->get()
#5 C:\xampp\htdocs\v2\app\Controllers\CekinController.php(194): App\Models\CekinModel->get_datatables()
#6 C:\xampp\htdocs\v2\vendor\codeigniter4\framework\system\CodeIgniter.php(928): App\Controllers\CekinController->getData()
#7 C:\xampp\htdocs\v2\vendor\codeigniter4\framework\system\CodeIgniter.php(436): CodeIgniter\CodeIgniter->runController(Object(App\Controllers\CekinController))
#8 C:\xampp\htdocs\v2\vendor\codeigniter4\framework\system\CodeIgniter.php(336): CodeIgniter\CodeIgniter->handleRequest(NULL, Object(Config\Cache), false)
#9 C:\xampp\htdocs\v2\public\index.php(37): CodeIgniter\CodeIgniter->run()
#10 {main}
CRITICAL - 2021-09-08 23:42:27 --> Undefined index: start_date
#0 C:\xampp\htdocs\v2\app\Models\CekinModel.php(116): CodeIgniter\Debug\Exceptions->errorHandler(8, 'Undefined index...', 'C:\\xampp\\htdocs...', 116, Array)
#1 C:\xampp\htdocs\v2\app\Controllers\CekinController.php(194): App\Models\CekinModel->get_datatables()
#2 C:\xampp\htdocs\v2\vendor\codeigniter4\framework\system\CodeIgniter.php(928): App\Controllers\CekinController->getData()
#3 C:\xampp\htdocs\v2\vendor\codeigniter4\framework\system\CodeIgniter.php(436): CodeIgniter\CodeIgniter->runController(Object(App\Controllers\CekinController))
#4 C:\xampp\htdocs\v2\vendor\codeigniter4\framework\system\CodeIgniter.php(336): CodeIgniter\CodeIgniter->handleRequest(NULL, Object(Config\Cache), false)
#5 C:\xampp\htdocs\v2\public\index.php(37): CodeIgniter\CodeIgniter->run()
#6 {main}
CRITICAL - 2021-09-08 23:42:38 --> Undefined index: start_date
#0 C:\xampp\htdocs\v2\app\Models\CekinModel.php(116): CodeIgniter\Debug\Exceptions->errorHandler(8, 'Undefined index...', 'C:\\xampp\\htdocs...', 116, Array)
#1 C:\xampp\htdocs\v2\app\Controllers\CekinController.php(194): App\Models\CekinModel->get_datatables()
#2 C:\xampp\htdocs\v2\vendor\codeigniter4\framework\system\CodeIgniter.php(928): App\Controllers\CekinController->getData()
#3 C:\xampp\htdocs\v2\vendor\codeigniter4\framework\system\CodeIgniter.php(436): CodeIgniter\CodeIgniter->runController(Object(App\Controllers\CekinController))
#4 C:\xampp\htdocs\v2\vendor\codeigniter4\framework\system\CodeIgniter.php(336): CodeIgniter\CodeIgniter->handleRequest(NULL, Object(Config\Cache), false)
#5 C:\xampp\htdocs\v2\public\index.php(37): CodeIgniter\CodeIgniter->run()
#6 {main}
CRITICAL - 2021-09-08 23:42:48 --> Undefined index: action
#0 C:\xampp\htdocs\v2\app\Models\CekinModel.php(115): CodeIgniter\Debug\Exceptions->errorHandler(8, 'Undefined index...', 'C:\\xampp\\htdocs...', 115, Array)
#1 C:\xampp\htdocs\v2\app\Controllers\CekinController.php(194): App\Models\CekinModel->get_datatables()
#2 C:\xampp\htdocs\v2\vendor\codeigniter4\framework\system\CodeIgniter.php(928): App\Controllers\CekinController->getData()
#3 C:\xampp\htdocs\v2\vendor\codeigniter4\framework\system\CodeIgniter.php(436): CodeIgniter\CodeIgniter->runController(Object(App\Controllers\CekinController))
#4 C:\xampp\htdocs\v2\vendor\codeigniter4\framework\system\CodeIgniter.php(336): CodeIgniter\CodeIgniter->handleRequest(NULL, Object(Config\Cache), false)
#5 C:\xampp\htdocs\v2\public\index.php(37): CodeIgniter\CodeIgniter->run()
#6 {main}
CRITICAL - 2021-09-08 23:43:01 --> Undefined index: start_date
#0 C:\xampp\htdocs\v2\app\Models\CekinModel.php(116): CodeIgniter\Debug\Exceptions->errorHandler(8, 'Undefined index...', 'C:\\xampp\\htdocs...', 116, Array)
#1 C:\xampp\htdocs\v2\app\Controllers\CekinController.php(194): App\Models\CekinModel->get_datatables()
#2 C:\xampp\htdocs\v2\vendor\codeigniter4\framework\system\CodeIgniter.php(928): App\Controllers\CekinController->getData()
#3 C:\xampp\htdocs\v2\vendor\codeigniter4\framework\system\CodeIgniter.php(436): CodeIgniter\CodeIgniter->runController(Object(App\Controllers\CekinController))
#4 C:\xampp\htdocs\v2\vendor\codeigniter4\framework\system\CodeIgniter.php(336): CodeIgniter\CodeIgniter->handleRequest(NULL, Object(Config\Cache), false)
#5 C:\xampp\htdocs\v2\public\index.php(37): CodeIgniter\CodeIgniter->run()
#6 {main}
CRITICAL - 2021-09-08 23:43:02 --> Undefined index: start_date
#0 C:\xampp\htdocs\v2\app\Models\CekinModel.php(116): CodeIgniter\Debug\Exceptions->errorHandler(8, 'Undefined index...', 'C:\\xampp\\htdocs...', 116, Array)
#1 C:\xampp\htdocs\v2\app\Controllers\CekinController.php(194): App\Models\CekinModel->get_datatables()
#2 C:\xampp\htdocs\v2\vendor\codeigniter4\framework\system\CodeIgniter.php(928): App\Controllers\CekinController->getData()
#3 C:\xampp\htdocs\v2\vendor\codeigniter4\framework\system\CodeIgniter.php(436): CodeIgniter\CodeIgniter->runController(Object(App\Controllers\CekinController))
#4 C:\xampp\htdocs\v2\vendor\codeigniter4\framework\system\CodeIgniter.php(336): CodeIgniter\CodeIgniter->handleRequest(NULL, Object(Config\Cache), false)
#5 C:\xampp\htdocs\v2\public\index.php(37): CodeIgniter\CodeIgniter->run()
#6 {main}
CRITICAL - 2021-09-08 23:43:05 --> Undefined index: start_date
#0 C:\xampp\htdocs\v2\app\Models\CekinModel.php(116): CodeIgniter\Debug\Exceptions->errorHandler(8, 'Undefined index...', 'C:\\xampp\\htdocs...', 116, Array)
#1 C:\xampp\htdocs\v2\app\Controllers\CekinController.php(194): App\Models\CekinModel->get_datatables()
#2 C:\xampp\htdocs\v2\vendor\codeigniter4\framework\system\CodeIgniter.php(928): App\Controllers\CekinController->getData()
#3 C:\xampp\htdocs\v2\vendor\codeigniter4\framework\system\CodeIgniter.php(436): CodeIgniter\CodeIgniter->runController(Object(App\Controllers\CekinController))
#4 C:\xampp\htdocs\v2\vendor\codeigniter4\framework\system\CodeIgniter.php(336): CodeIgniter\CodeIgniter->handleRequest(NULL, Object(Config\Cache), false)
#5 C:\xampp\htdocs\v2\public\index.php(37): CodeIgniter\CodeIgniter->run()
#6 {main}
CRITICAL - 2021-09-08 23:43:07 --> Undefined index: start_date
#0 C:\xampp\htdocs\v2\app\Models\CekinModel.php(116): CodeIgniter\Debug\Exceptions->errorHandler(8, 'Undefined index...', 'C:\\xampp\\htdocs...', 116, Array)
#1 C:\xampp\htdocs\v2\app\Controllers\CekinController.php(194): App\Models\CekinModel->get_datatables()
#2 C:\xampp\htdocs\v2\vendor\codeigniter4\framework\system\CodeIgniter.php(928): App\Controllers\CekinController->getData()
#3 C:\xampp\htdocs\v2\vendor\codeigniter4\framework\system\CodeIgniter.php(436): CodeIgniter\CodeIgniter->runController(Object(App\Controllers\CekinController))
#4 C:\xampp\htdocs\v2\vendor\codeigniter4\framework\system\CodeIgniter.php(336): CodeIgniter\CodeIgniter->handleRequest(NULL, Object(Config\Cache), false)
#5 C:\xampp\htdocs\v2\public\index.php(37): CodeIgniter\CodeIgniter->run()
#6 {main}
CRITICAL - 2021-09-08 23:43:08 --> Undefined index: start_date
#0 C:\xampp\htdocs\v2\app\Models\CekinModel.php(116): CodeIgniter\Debug\Exceptions->errorHandler(8, 'Undefined index...', 'C:\\xampp\\htdocs...', 116, Array)
#1 C:\xampp\htdocs\v2\app\Controllers\CekinController.php(194): App\Models\CekinModel->get_datatables()
#2 C:\xampp\htdocs\v2\vendor\codeigniter4\framework\system\CodeIgniter.php(928): App\Controllers\CekinController->getData()
#3 C:\xampp\htdocs\v2\vendor\codeigniter4\framework\system\CodeIgniter.php(436): CodeIgniter\CodeIgniter->runController(Object(App\Controllers\CekinController))
#4 C:\xampp\htdocs\v2\vendor\codeigniter4\framework\system\CodeIgniter.php(336): CodeIgniter\CodeIgniter->handleRequest(NULL, Object(Config\Cache), false)
#5 C:\xampp\htdocs\v2\public\index.php(37): CodeIgniter\CodeIgniter->run()
#6 {main}
CRITICAL - 2021-09-08 23:43:32 --> Undefined index: start_date
#0 C:\xampp\htdocs\v2\app\Models\CekinModel.php(116): CodeIgniter\Debug\Exceptions->errorHandler(8, 'Undefined index...', 'C:\\xampp\\htdocs...', 116, Array)
#1 C:\xampp\htdocs\v2\app\Controllers\CekinController.php(194): App\Models\CekinModel->get_datatables()
#2 C:\xampp\htdocs\v2\vendor\codeigniter4\framework\system\CodeIgniter.php(928): App\Controllers\CekinController->getData()
#3 C:\xampp\htdocs\v2\vendor\codeigniter4\framework\system\CodeIgniter.php(436): CodeIgniter\CodeIgniter->runController(Object(App\Controllers\CekinController))
#4 C:\xampp\htdocs\v2\vendor\codeigniter4\framework\system\CodeIgniter.php(336): CodeIgniter\CodeIgniter->handleRequest(NULL, Object(Config\Cache), false)
#5 C:\xampp\htdocs\v2\public\index.php(37): CodeIgniter\CodeIgniter->run()
#6 {main}
CRITICAL - 2021-09-08 23:43:43 --> Undefined index: start_date
#0 C:\xampp\htdocs\v2\app\Models\CekinModel.php(116): CodeIgniter\Debug\Exceptions->errorHandler(8, 'Undefined index...', 'C:\\xampp\\htdocs...', 116, Array)
#1 C:\xampp\htdocs\v2\app\Controllers\CekinController.php(194): App\Models\CekinModel->get_datatables()
#2 C:\xampp\htdocs\v2\vendor\codeigniter4\framework\system\CodeIgniter.php(928): App\Controllers\CekinController->getData()
#3 C:\xampp\htdocs\v2\vendor\codeigniter4\framework\system\CodeIgniter.php(436): CodeIgniter\CodeIgniter->runController(Object(App\Controllers\CekinController))
#4 C:\xampp\htdocs\v2\vendor\codeigniter4\framework\system\CodeIgniter.php(336): CodeIgniter\CodeIgniter->handleRequest(NULL, Object(Config\Cache), false)
#5 C:\xampp\htdocs\v2\public\index.php(37): CodeIgniter\CodeIgniter->run()
#6 {main}
CRITICAL - 2021-09-08 23:43:54 --> Undefined variable: date_range
#0 C:\xampp\htdocs\v2\app\Models\CekinModel.php(151): CodeIgniter\Debug\Exceptions->errorHandler(8, 'Undefined varia...', 'C:\\xampp\\htdocs...', 151, Array)
#1 C:\xampp\htdocs\v2\app\Controllers\CekinController.php(194): App\Models\CekinModel->get_datatables()
#2 C:\xampp\htdocs\v2\vendor\codeigniter4\framework\system\CodeIgniter.php(928): App\Controllers\CekinController->getData()
#3 C:\xampp\htdocs\v2\vendor\codeigniter4\framework\system\CodeIgniter.php(436): CodeIgniter\CodeIgniter->runController(Object(App\Controllers\CekinController))
#4 C:\xampp\htdocs\v2\vendor\codeigniter4\framework\system\CodeIgniter.php(336): CodeIgniter\CodeIgniter->handleRequest(NULL, Object(Config\Cache), false)
#5 C:\xampp\htdocs\v2\public\index.php(37): CodeIgniter\CodeIgniter->run()
#6 {main}
CRITICAL - 2021-09-08 23:45:11 --> Undefined index: start_date
#0 C:\xampp\htdocs\v2\app\Models\CekinModel.php(116): CodeIgniter\Debug\Exceptions->errorHandler(8, 'Undefined index...', 'C:\\xampp\\htdocs...', 116, Array)
#1 C:\xampp\htdocs\v2\app\Controllers\CekinController.php(194): App\Models\CekinModel->get_datatables()
#2 C:\xampp\htdocs\v2\vendor\codeigniter4\framework\system\CodeIgniter.php(928): App\Controllers\CekinController->getData()
#3 C:\xampp\htdocs\v2\vendor\codeigniter4\framework\system\CodeIgniter.php(436): CodeIgniter\CodeIgniter->runController(Object(App\Controllers\CekinController))
#4 C:\xampp\htdocs\v2\vendor\codeigniter4\framework\system\CodeIgniter.php(336): CodeIgniter\CodeIgniter->handleRequest(NULL, Object(Config\Cache), false)
#5 C:\xampp\htdocs\v2\public\index.php(37): CodeIgniter\CodeIgniter->run()
#6 {main}
CRITICAL - 2021-09-08 23:50:53 --> Undefined index: start_date
#0 C:\xampp\htdocs\v2\app\Models\CekinModel.php(128): CodeIgniter\Debug\Exceptions->errorHandler(8, 'Undefined index...', 'C:\\xampp\\htdocs...', 128, Array)
#1 C:\xampp\htdocs\v2\app\Controllers\CekinController.php(194): App\Models\CekinModel->get_datatables()
#2 C:\xampp\htdocs\v2\vendor\codeigniter4\framework\system\CodeIgniter.php(928): App\Controllers\CekinController->getData()
#3 C:\xampp\htdocs\v2\vendor\codeigniter4\framework\system\CodeIgniter.php(436): CodeIgniter\CodeIgniter->runController(Object(App\Controllers\CekinController))
#4 C:\xampp\htdocs\v2\vendor\codeigniter4\framework\system\CodeIgniter.php(336): CodeIgniter\CodeIgniter->handleRequest(NULL, Object(Config\Cache), false)
#5 C:\xampp\htdocs\v2\public\index.php(37): CodeIgniter\CodeIgniter->run()
#6 {main}
CRITICAL - 2021-09-08 23:52:25 --> Undefined index: action
#0 C:\xampp\htdocs\v2\app\Models\CekinModel.php(127): CodeIgniter\Debug\Exceptions->errorHandler(8, 'Undefined index...', 'C:\\xampp\\htdocs...', 127, Array)
#1 C:\xampp\htdocs\v2\app\Controllers\CekinController.php(194): App\Models\CekinModel->get_datatables()
#2 C:\xampp\htdocs\v2\vendor\codeigniter4\framework\system\CodeIgniter.php(928): App\Controllers\CekinController->getData()
#3 C:\xampp\htdocs\v2\vendor\codeigniter4\framework\system\CodeIgniter.php(436): CodeIgniter\CodeIgniter->runController(Object(App\Controllers\CekinController))
#4 C:\xampp\htdocs\v2\vendor\codeigniter4\framework\system\CodeIgniter.php(336): CodeIgniter\CodeIgniter->handleRequest(NULL, Object(Config\Cache), false)
#5 C:\xampp\htdocs\v2\public\index.php(37): CodeIgniter\CodeIgniter->run()
#6 {main}
CRITICAL - 2021-09-08 23:52:36 --> Undefined index: start_date
#0 C:\xampp\htdocs\v2\app\Models\CekinModel.php(128): CodeIgniter\Debug\Exceptions->errorHandler(8, 'Undefined index...', 'C:\\xampp\\htdocs...', 128, Array)
#1 C:\xampp\htdocs\v2\app\Controllers\CekinController.php(194): App\Models\CekinModel->get_datatables()
#2 C:\xampp\htdocs\v2\vendor\codeigniter4\framework\system\CodeIgniter.php(928): App\Controllers\CekinController->getData()
#3 C:\xampp\htdocs\v2\vendor\codeigniter4\framework\system\CodeIgniter.php(436): CodeIgniter\CodeIgniter->runController(Object(App\Controllers\CekinController))
#4 C:\xampp\htdocs\v2\vendor\codeigniter4\framework\system\CodeIgniter.php(336): CodeIgniter\CodeIgniter->handleRequest(NULL, Object(Config\Cache), false)
#5 C:\xampp\htdocs\v2\public\index.php(37): CodeIgniter\CodeIgniter->run()
#6 {main}
CRITICAL - 2021-09-08 23:53:08 --> Undefined index: start_date
#0 C:\xampp\htdocs\v2\app\Models\CekinModel.php(128): CodeIgniter\Debug\Exceptions->errorHandler(8, 'Undefined index...', 'C:\\xampp\\htdocs...', 128, Array)
#1 C:\xampp\htdocs\v2\app\Controllers\CekinController.php(194): App\Models\CekinModel->get_datatables()
#2 C:\xampp\htdocs\v2\vendor\codeigniter4\framework\system\CodeIgniter.php(928): App\Controllers\CekinController->getData()
#3 C:\xampp\htdocs\v2\vendor\codeigniter4\framework\system\CodeIgniter.php(436): CodeIgniter\CodeIgniter->runController(Object(App\Controllers\CekinController))
#4 C:\xampp\htdocs\v2\vendor\codeigniter4\framework\system\CodeIgniter.php(336): CodeIgniter\CodeIgniter->handleRequest(NULL, Object(Config\Cache), false)
#5 C:\xampp\htdocs\v2\public\index.php(37): CodeIgniter\CodeIgniter->run()
#6 {main}
CRITICAL - 2021-09-08 23:57:50 --> Undefined index: start_date
#0 C:\xampp\htdocs\v2\app\Models\CekinModel.php(128): CodeIgniter\Debug\Exceptions->errorHandler(8, 'Undefined index...', 'C:\\xampp\\htdocs...', 128, Array)
#1 C:\xampp\htdocs\v2\app\Controllers\CekinController.php(194): App\Models\CekinModel->get_datatables()
#2 C:\xampp\htdocs\v2\vendor\codeigniter4\framework\system\CodeIgniter.php(928): App\Controllers\CekinController->getData()
#3 C:\xampp\htdocs\v2\vendor\codeigniter4\framework\system\CodeIgniter.php(436): CodeIgniter\CodeIgniter->runController(Object(App\Controllers\CekinController))
#4 C:\xampp\htdocs\v2\vendor\codeigniter4\framework\system\CodeIgniter.php(336): CodeIgniter\CodeIgniter->handleRequest(NULL, Object(Config\Cache), false)
#5 C:\xampp\htdocs\v2\public\index.php(37): CodeIgniter\CodeIgniter->run()
#6 {main}
