CRITICAL - 2021-08-26 00:50:27 --> Undefined variable: model
#0 C:\xampp\htdocs\v2\app\Controllers\CekinController.php(42): CodeIgniter\Debug\Exceptions->errorHandler(8, 'Undefined varia...', 'C:\\xampp\\htdocs...', 42, Array)
#1 C:\xampp\htdocs\v2\vendor\codeigniter4\framework\system\CodeIgniter.php(928): App\Controllers\CekinController->getData()
#2 C:\xampp\htdocs\v2\vendor\codeigniter4\framework\system\CodeIgniter.php(436): CodeIgniter\CodeIgniter->runController(Object(App\Controllers\CekinController))
#3 C:\xampp\htdocs\v2\vendor\codeigniter4\framework\system\CodeIgniter.php(336): CodeIgniter\CodeIgniter->handleRequest(NULL, Object(Config\Cache), false)
#4 C:\xampp\htdocs\v2\public\index.php(37): CodeIgniter\CodeIgniter->run()
#5 {main}
CRITICAL - 2021-08-26 00:50:47 --> Undefined variable: model
#0 C:\xampp\htdocs\v2\app\Controllers\CekinController.php(42): CodeIgniter\Debug\Exceptions->errorHandler(8, 'Undefined varia...', 'C:\\xampp\\htdocs...', 42, Array)
#1 C:\xampp\htdocs\v2\vendor\codeigniter4\framework\system\CodeIgniter.php(928): App\Controllers\CekinController->getData()
#2 C:\xampp\htdocs\v2\vendor\codeigniter4\framework\system\CodeIgniter.php(436): CodeIgniter\CodeIgniter->runController(Object(App\Controllers\CekinController))
#3 C:\xampp\htdocs\v2\vendor\codeigniter4\framework\system\CodeIgniter.php(336): CodeIgniter\CodeIgniter->handleRequest(NULL, Object(Config\Cache), false)
#4 C:\xampp\htdocs\v2\public\index.php(37): CodeIgniter\CodeIgniter->run()
#5 {main}
ERROR - 2021-08-26 00:51:09 --> You have an error in your SQL syntax; check the manual that corresponds to your MariaDB server version for the right syntax to use near ':00:00 AND  00:00:00' at line 1
CRITICAL - 2021-08-26 00:51:09 --> You have an error in your SQL syntax; check the manual that corresponds to your MariaDB server version for the right syntax to use near ':00:00 AND  00:00:00' at line 1
#0 C:\xampp\htdocs\v2\vendor\codeigniter4\framework\system\Database\MySQLi\Connection.php(329): mysqli->query('SELECT cekin.id...')
#1 C:\xampp\htdocs\v2\vendor\codeigniter4\framework\system\Database\BaseConnection.php(732): CodeIgniter\Database\MySQLi\Connection->execute('SELECT cekin.id...')
#2 C:\xampp\htdocs\v2\vendor\codeigniter4\framework\system\Database\BaseConnection.php(647): CodeIgniter\Database\BaseConnection->simpleQuery('SELECT cekin.id...')
#3 C:\xampp\htdocs\v2\app\Controllers\CekinController.php(53): CodeIgniter\Database\BaseConnection->query('SELECT cekin.id...')
#4 C:\xampp\htdocs\v2\vendor\codeigniter4\framework\system\CodeIgniter.php(928): App\Controllers\CekinController->getData()
#5 C:\xampp\htdocs\v2\vendor\codeigniter4\framework\system\CodeIgniter.php(436): CodeIgniter\CodeIgniter->runController(Object(App\Controllers\CekinController))
#6 C:\xampp\htdocs\v2\vendor\codeigniter4\framework\system\CodeIgniter.php(336): CodeIgniter\CodeIgniter->handleRequest(NULL, Object(Config\Cache), false)
#7 C:\xampp\htdocs\v2\public\index.php(37): CodeIgniter\CodeIgniter->run()
#8 {main}
CRITICAL - 2021-08-26 00:52:35 --> Undefined variable: model
#0 C:\xampp\htdocs\v2\app\Controllers\CekinController.php(42): CodeIgniter\Debug\Exceptions->errorHandler(8, 'Undefined varia...', 'C:\\xampp\\htdocs...', 42, Array)
#1 C:\xampp\htdocs\v2\vendor\codeigniter4\framework\system\CodeIgniter.php(928): App\Controllers\CekinController->getData()
#2 C:\xampp\htdocs\v2\vendor\codeigniter4\framework\system\CodeIgniter.php(436): CodeIgniter\CodeIgniter->runController(Object(App\Controllers\CekinController))
#3 C:\xampp\htdocs\v2\vendor\codeigniter4\framework\system\CodeIgniter.php(336): CodeIgniter\CodeIgniter->handleRequest(NULL, Object(Config\Cache), false)
#4 C:\xampp\htdocs\v2\public\index.php(37): CodeIgniter\CodeIgniter->run()
#5 {main}
ERROR - 2021-08-26 00:53:06 --> You have an error in your SQL syntax; check the manual that corresponds to your MariaDB server version for the right syntax to use near ':00:00 AND  00:00:00' at line 1
CRITICAL - 2021-08-26 00:53:06 --> You have an error in your SQL syntax; check the manual that corresponds to your MariaDB server version for the right syntax to use near ':00:00 AND  00:00:00' at line 1
#0 C:\xampp\htdocs\v2\vendor\codeigniter4\framework\system\Database\MySQLi\Connection.php(329): mysqli->query('SELECT cekin.id...')
#1 C:\xampp\htdocs\v2\vendor\codeigniter4\framework\system\Database\BaseConnection.php(732): CodeIgniter\Database\MySQLi\Connection->execute('SELECT cekin.id...')
#2 C:\xampp\htdocs\v2\vendor\codeigniter4\framework\system\Database\BaseConnection.php(647): CodeIgniter\Database\BaseConnection->simpleQuery('SELECT cekin.id...')
#3 C:\xampp\htdocs\v2\app\Controllers\CekinController.php(53): CodeIgniter\Database\BaseConnection->query('SELECT cekin.id...')
#4 C:\xampp\htdocs\v2\vendor\codeigniter4\framework\system\CodeIgniter.php(928): App\Controllers\CekinController->getData()
#5 C:\xampp\htdocs\v2\vendor\codeigniter4\framework\system\CodeIgniter.php(436): CodeIgniter\CodeIgniter->runController(Object(App\Controllers\CekinController))
#6 C:\xampp\htdocs\v2\vendor\codeigniter4\framework\system\CodeIgniter.php(336): CodeIgniter\CodeIgniter->handleRequest(NULL, Object(Config\Cache), false)
#7 C:\xampp\htdocs\v2\public\index.php(37): CodeIgniter\CodeIgniter->run()
#8 {main}
CRITICAL - 2021-08-26 00:58:01 --> Undefined variable: model
#0 C:\xampp\htdocs\v2\app\Controllers\CekinController.php(42): CodeIgniter\Debug\Exceptions->errorHandler(8, 'Undefined varia...', 'C:\\xampp\\htdocs...', 42, Array)
#1 C:\xampp\htdocs\v2\vendor\codeigniter4\framework\system\CodeIgniter.php(928): App\Controllers\CekinController->getData()
#2 C:\xampp\htdocs\v2\vendor\codeigniter4\framework\system\CodeIgniter.php(436): CodeIgniter\CodeIgniter->runController(Object(App\Controllers\CekinController))
#3 C:\xampp\htdocs\v2\vendor\codeigniter4\framework\system\CodeIgniter.php(336): CodeIgniter\CodeIgniter->handleRequest(NULL, Object(Config\Cache), false)
#4 C:\xampp\htdocs\v2\public\index.php(37): CodeIgniter\CodeIgniter->run()
#5 {main}
CRITICAL - 2021-08-26 01:08:44 --> Undefined variable: model
#0 C:\xampp\htdocs\v2\app\Controllers\CekinController.php(42): CodeIgniter\Debug\Exceptions->errorHandler(8, 'Undefined varia...', 'C:\\xampp\\htdocs...', 42, Array)
#1 C:\xampp\htdocs\v2\vendor\codeigniter4\framework\system\CodeIgniter.php(928): App\Controllers\CekinController->getData()
#2 C:\xampp\htdocs\v2\vendor\codeigniter4\framework\system\CodeIgniter.php(436): CodeIgniter\CodeIgniter->runController(Object(App\Controllers\CekinController))
#3 C:\xampp\htdocs\v2\vendor\codeigniter4\framework\system\CodeIgniter.php(336): CodeIgniter\CodeIgniter->handleRequest(NULL, Object(Config\Cache), false)
#4 C:\xampp\htdocs\v2\public\index.php(37): CodeIgniter\CodeIgniter->run()
#5 {main}
CRITICAL - 2021-08-26 01:40:51 --> Undefined variable: model
#0 C:\xampp\htdocs\v2\app\Controllers\CekinController.php(42): CodeIgniter\Debug\Exceptions->errorHandler(8, 'Undefined varia...', 'C:\\xampp\\htdocs...', 42, Array)
#1 C:\xampp\htdocs\v2\vendor\codeigniter4\framework\system\CodeIgniter.php(928): App\Controllers\CekinController->getData()
#2 C:\xampp\htdocs\v2\vendor\codeigniter4\framework\system\CodeIgniter.php(436): CodeIgniter\CodeIgniter->runController(Object(App\Controllers\CekinController))
#3 C:\xampp\htdocs\v2\vendor\codeigniter4\framework\system\CodeIgniter.php(336): CodeIgniter\CodeIgniter->handleRequest(NULL, Object(Config\Cache), false)
#4 C:\xampp\htdocs\v2\public\index.php(37): CodeIgniter\CodeIgniter->run()
#5 {main}
CRITICAL - 2021-08-26 01:40:59 --> Undefined variable: model
#0 C:\xampp\htdocs\v2\app\Controllers\CekinController.php(42): CodeIgniter\Debug\Exceptions->errorHandler(8, 'Undefined varia...', 'C:\\xampp\\htdocs...', 42, Array)
#1 C:\xampp\htdocs\v2\vendor\codeigniter4\framework\system\CodeIgniter.php(928): App\Controllers\CekinController->getData()
#2 C:\xampp\htdocs\v2\vendor\codeigniter4\framework\system\CodeIgniter.php(436): CodeIgniter\CodeIgniter->runController(Object(App\Controllers\CekinController))
#3 C:\xampp\htdocs\v2\vendor\codeigniter4\framework\system\CodeIgniter.php(336): CodeIgniter\CodeIgniter->handleRequest(NULL, Object(Config\Cache), false)
#4 C:\xampp\htdocs\v2\public\index.php(37): CodeIgniter\CodeIgniter->run()
#5 {main}
CRITICAL - 2021-08-26 02:02:00 --> Undefined variable: model
#0 C:\xampp\htdocs\v2\app\Controllers\CekinController.php(42): CodeIgniter\Debug\Exceptions->errorHandler(8, 'Undefined varia...', 'C:\\xampp\\htdocs...', 42, Array)
#1 C:\xampp\htdocs\v2\vendor\codeigniter4\framework\system\CodeIgniter.php(928): App\Controllers\CekinController->getData()
#2 C:\xampp\htdocs\v2\vendor\codeigniter4\framework\system\CodeIgniter.php(436): CodeIgniter\CodeIgniter->runController(Object(App\Controllers\CekinController))
#3 C:\xampp\htdocs\v2\vendor\codeigniter4\framework\system\CodeIgniter.php(336): CodeIgniter\CodeIgniter->handleRequest(NULL, Object(Config\Cache), false)
#4 C:\xampp\htdocs\v2\public\index.php(37): CodeIgniter\CodeIgniter->run()
#5 {main}
CRITICAL - 2021-08-26 22:25:32 --> Undefined variable: model
#0 C:\xampp\htdocs\v2\app\Controllers\CekinController.php(42): CodeIgniter\Debug\Exceptions->errorHandler(8, 'Undefined varia...', 'C:\\xampp\\htdocs...', 42, Array)
#1 C:\xampp\htdocs\v2\vendor\codeigniter4\framework\system\CodeIgniter.php(928): App\Controllers\CekinController->getData()
#2 C:\xampp\htdocs\v2\vendor\codeigniter4\framework\system\CodeIgniter.php(436): CodeIgniter\CodeIgniter->runController(Object(App\Controllers\CekinController))
#3 C:\xampp\htdocs\v2\vendor\codeigniter4\framework\system\CodeIgniter.php(336): CodeIgniter\CodeIgniter->handleRequest(NULL, Object(Config\Cache), false)
#4 C:\xampp\htdocs\v2\public\index.php(37): CodeIgniter\CodeIgniter->run()
#5 {main}
CRITICAL - 2021-08-26 22:28:04 --> Undefined variable: start_date
#0 C:\xampp\htdocs\v2\app\Controllers\CekinController.php(39): CodeIgniter\Debug\Exceptions->errorHandler(8, 'Undefined varia...', 'C:\\xampp\\htdocs...', 39, Array)
#1 C:\xampp\htdocs\v2\vendor\codeigniter4\framework\system\CodeIgniter.php(928): App\Controllers\CekinController->getData()
#2 C:\xampp\htdocs\v2\vendor\codeigniter4\framework\system\CodeIgniter.php(436): CodeIgniter\CodeIgniter->runController(Object(App\Controllers\CekinController))
#3 C:\xampp\htdocs\v2\vendor\codeigniter4\framework\system\CodeIgniter.php(336): CodeIgniter\CodeIgniter->handleRequest(NULL, Object(Config\Cache), false)
#4 C:\xampp\htdocs\v2\public\index.php(37): CodeIgniter\CodeIgniter->run()
#5 {main}
CRITICAL - 2021-08-26 22:28:14 --> Undefined variable: start_date
#0 C:\xampp\htdocs\v2\app\Controllers\CekinController.php(39): CodeIgniter\Debug\Exceptions->errorHandler(8, 'Undefined varia...', 'C:\\xampp\\htdocs...', 39, Array)
#1 C:\xampp\htdocs\v2\vendor\codeigniter4\framework\system\CodeIgniter.php(928): App\Controllers\CekinController->getData()
#2 C:\xampp\htdocs\v2\vendor\codeigniter4\framework\system\CodeIgniter.php(436): CodeIgniter\CodeIgniter->runController(Object(App\Controllers\CekinController))
#3 C:\xampp\htdocs\v2\vendor\codeigniter4\framework\system\CodeIgniter.php(336): CodeIgniter\CodeIgniter->handleRequest(NULL, Object(Config\Cache), false)
#4 C:\xampp\htdocs\v2\public\index.php(37): CodeIgniter\CodeIgniter->run()
#5 {main}
CRITICAL - 2021-08-26 22:32:37 --> Undefined variable: rows
#0 C:\xampp\htdocs\v2\app\Controllers\CekinController.php(48): CodeIgniter\Debug\Exceptions->errorHandler(8, 'Undefined varia...', 'C:\\xampp\\htdocs...', 48, Array)
#1 C:\xampp\htdocs\v2\vendor\codeigniter4\framework\system\CodeIgniter.php(928): App\Controllers\CekinController->getData()
#2 C:\xampp\htdocs\v2\vendor\codeigniter4\framework\system\CodeIgniter.php(436): CodeIgniter\CodeIgniter->runController(Object(App\Controllers\CekinController))
#3 C:\xampp\htdocs\v2\vendor\codeigniter4\framework\system\CodeIgniter.php(336): CodeIgniter\CodeIgniter->handleRequest(NULL, Object(Config\Cache), false)
#4 C:\xampp\htdocs\v2\public\index.php(37): CodeIgniter\CodeIgniter->run()
#5 {main}
CRITICAL - 2021-08-26 22:32:38 --> Undefined variable: rows
#0 C:\xampp\htdocs\v2\app\Controllers\CekinController.php(48): CodeIgniter\Debug\Exceptions->errorHandler(8, 'Undefined varia...', 'C:\\xampp\\htdocs...', 48, Array)
#1 C:\xampp\htdocs\v2\vendor\codeigniter4\framework\system\CodeIgniter.php(928): App\Controllers\CekinController->getData()
#2 C:\xampp\htdocs\v2\vendor\codeigniter4\framework\system\CodeIgniter.php(436): CodeIgniter\CodeIgniter->runController(Object(App\Controllers\CekinController))
#3 C:\xampp\htdocs\v2\vendor\codeigniter4\framework\system\CodeIgniter.php(336): CodeIgniter\CodeIgniter->handleRequest(NULL, Object(Config\Cache), false)
#4 C:\xampp\htdocs\v2\public\index.php(37): CodeIgniter\CodeIgniter->run()
#5 {main}
CRITICAL - 2021-08-26 22:33:03 --> Undefined variable: rows
#0 C:\xampp\htdocs\v2\app\Controllers\CekinController.php(48): CodeIgniter\Debug\Exceptions->errorHandler(8, 'Undefined varia...', 'C:\\xampp\\htdocs...', 48, Array)
#1 C:\xampp\htdocs\v2\vendor\codeigniter4\framework\system\CodeIgniter.php(928): App\Controllers\CekinController->getData()
#2 C:\xampp\htdocs\v2\vendor\codeigniter4\framework\system\CodeIgniter.php(436): CodeIgniter\CodeIgniter->runController(Object(App\Controllers\CekinController))
#3 C:\xampp\htdocs\v2\vendor\codeigniter4\framework\system\CodeIgniter.php(336): CodeIgniter\CodeIgniter->handleRequest(NULL, Object(Config\Cache), false)
#4 C:\xampp\htdocs\v2\public\index.php(37): CodeIgniter\CodeIgniter->run()
#5 {main}
ERROR - 2021-08-26 22:33:21 --> Column 'created_at' in where clause is ambiguous
CRITICAL - 2021-08-26 22:33:21 --> Column 'created_at' in where clause is ambiguous
#0 C:\xampp\htdocs\v2\vendor\codeigniter4\framework\system\Database\MySQLi\Connection.php(329): mysqli->query('SELECT cekin.id...')
#1 C:\xampp\htdocs\v2\vendor\codeigniter4\framework\system\Database\BaseConnection.php(732): CodeIgniter\Database\MySQLi\Connection->execute('SELECT cekin.id...')
#2 C:\xampp\htdocs\v2\vendor\codeigniter4\framework\system\Database\BaseConnection.php(647): CodeIgniter\Database\BaseConnection->simpleQuery('SELECT cekin.id...')
#3 C:\xampp\htdocs\v2\app\Controllers\CekinController.php(42): CodeIgniter\Database\BaseConnection->query('SELECT cekin.id...')
#4 C:\xampp\htdocs\v2\vendor\codeigniter4\framework\system\CodeIgniter.php(928): App\Controllers\CekinController->getData()
#5 C:\xampp\htdocs\v2\vendor\codeigniter4\framework\system\CodeIgniter.php(436): CodeIgniter\CodeIgniter->runController(Object(App\Controllers\CekinController))
#6 C:\xampp\htdocs\v2\vendor\codeigniter4\framework\system\CodeIgniter.php(336): CodeIgniter\CodeIgniter->handleRequest(NULL, Object(Config\Cache), false)
#7 C:\xampp\htdocs\v2\public\index.php(37): CodeIgniter\CodeIgniter->run()
#8 {main}
ERROR - 2021-08-26 22:35:05 --> Column 'created_at' in where clause is ambiguous
CRITICAL - 2021-08-26 22:35:05 --> Column 'created_at' in where clause is ambiguous
#0 C:\xampp\htdocs\v2\vendor\codeigniter4\framework\system\Database\MySQLi\Connection.php(329): mysqli->query('SELECT cekin.id...')
#1 C:\xampp\htdocs\v2\vendor\codeigniter4\framework\system\Database\BaseConnection.php(732): CodeIgniter\Database\MySQLi\Connection->execute('SELECT cekin.id...')
#2 C:\xampp\htdocs\v2\vendor\codeigniter4\framework\system\Database\BaseConnection.php(647): CodeIgniter\Database\BaseConnection->simpleQuery('SELECT cekin.id...')
#3 C:\xampp\htdocs\v2\app\Controllers\CekinController.php(42): CodeIgniter\Database\BaseConnection->query('SELECT cekin.id...')
#4 C:\xampp\htdocs\v2\vendor\codeigniter4\framework\system\CodeIgniter.php(928): App\Controllers\CekinController->getData()
#5 C:\xampp\htdocs\v2\vendor\codeigniter4\framework\system\CodeIgniter.php(436): CodeIgniter\CodeIgniter->runController(Object(App\Controllers\CekinController))
#6 C:\xampp\htdocs\v2\vendor\codeigniter4\framework\system\CodeIgniter.php(336): CodeIgniter\CodeIgniter->handleRequest(NULL, Object(Config\Cache), false)
#7 C:\xampp\htdocs\v2\public\index.php(37): CodeIgniter\CodeIgniter->run()
#8 {main}
CRITICAL - 2021-08-26 22:36:52 --> Undefined variable: rows
#0 C:\xampp\htdocs\v2\app\Controllers\CekinController.php(48): CodeIgniter\Debug\Exceptions->errorHandler(8, 'Undefined varia...', 'C:\\xampp\\htdocs...', 48, Array)
#1 C:\xampp\htdocs\v2\vendor\codeigniter4\framework\system\CodeIgniter.php(928): App\Controllers\CekinController->getData()
#2 C:\xampp\htdocs\v2\vendor\codeigniter4\framework\system\CodeIgniter.php(436): CodeIgniter\CodeIgniter->runController(Object(App\Controllers\CekinController))
#3 C:\xampp\htdocs\v2\vendor\codeigniter4\framework\system\CodeIgniter.php(336): CodeIgniter\CodeIgniter->handleRequest(NULL, Object(Config\Cache), false)
#4 C:\xampp\htdocs\v2\public\index.php(37): CodeIgniter\CodeIgniter->run()
#5 {main}
CRITICAL - 2021-08-26 22:52:25 --> file_get_contents(): read of 8192 bytes failed with errno=13 Permission denied
#0 [internal function]: CodeIgniter\Debug\Exceptions->errorHandler(8, 'file_get_conten...', 'C:\\xampp\\htdocs...', 83, Array)
#1 C:\xampp\htdocs\v2\vendor\codeigniter4\framework\system\Debug\Toolbar\Collectors\History.php(83): file_get_contents('C:\\xampp\\htdocs...')
#2 C:\xampp\htdocs\v2\vendor\codeigniter4\framework\system\Debug\Toolbar.php(480): CodeIgniter\Debug\Toolbar\Collectors\History->setFiles(1630036345, 20)
#3 C:\xampp\htdocs\v2\vendor\codeigniter4\framework\system\Debug\Toolbar.php(452): CodeIgniter\Debug\Toolbar->format(Array, 'html')
#4 C:\xampp\htdocs\v2\app\Config\Events.php(52): CodeIgniter\Debug\Toolbar->respond()
#5 [internal function]: CodeIgniter\Events\Events::Config\{closure}()
#6 C:\xampp\htdocs\v2\vendor\codeigniter4\framework\system\Events\Events.php(166): call_user_func(Object(Closure))
#7 C:\xampp\htdocs\v2\vendor\codeigniter4\framework\system\CodeIgniter.php(316): CodeIgniter\Events\Events::trigger('pre_system')
#8 C:\xampp\htdocs\v2\public\index.php(37): CodeIgniter\CodeIgniter->run()
#9 {main}
