ERROR - 2021-08-20 02:02:22 --> Table 'document' already exists
ERROR - 2021-08-20 02:29:16 --> Column 'keperluan_id' cannot be null
CRITICAL - 2021-08-20 02:29:16 --> Column 'keperluan_id' cannot be null
#0 C:\xampp\htdocs\v2\vendor\codeigniter4\framework\system\Database\MySQLi\Connection.php(329): mysqli->query('INSERT INTO `ce...')
#1 C:\xampp\htdocs\v2\vendor\codeigniter4\framework\system\Database\BaseConnection.php(732): CodeIgniter\Database\MySQLi\Connection->execute('INSERT INTO `ce...')
#2 C:\xampp\htdocs\v2\vendor\codeigniter4\framework\system\Database\BaseConnection.php(647): CodeIgniter\Database\BaseConnection->simpleQuery('INSERT INTO `ce...')
#3 C:\xampp\htdocs\v2\vendor\codeigniter4\framework\system\Database\BaseBuilder.php(2277): CodeIgniter\Database\BaseConnection->query('INSERT INTO `ce...', Array, false)
#4 C:\xampp\htdocs\v2\app\Controllers\CekinController.php(115): CodeIgniter\Database\BaseBuilder->insert(Array)
#5 C:\xampp\htdocs\v2\vendor\codeigniter4\framework\system\CodeIgniter.php(928): App\Controllers\CekinController->create()
#6 C:\xampp\htdocs\v2\vendor\codeigniter4\framework\system\CodeIgniter.php(436): CodeIgniter\CodeIgniter->runController(Object(App\Controllers\CekinController))
#7 C:\xampp\htdocs\v2\vendor\codeigniter4\framework\system\CodeIgniter.php(336): CodeIgniter\CodeIgniter->handleRequest(NULL, Object(Config\Cache), false)
#8 C:\xampp\htdocs\v2\public\index.php(37): CodeIgniter\CodeIgniter->run()
#9 {main}
CRITICAL - 2021-08-20 02:30:08 --> Object of class stdClass could not be converted to string
#0 C:\xampp\htdocs\v2\vendor\codeigniter4\framework\system\Database\Query.php(387): strtr('INSERT INTO `ce...', Array)
#1 C:\xampp\htdocs\v2\vendor\codeigniter4\framework\system\Database\Query.php(355): CodeIgniter\Database\Query->matchNamedBinds('INSERT INTO `ce...', Array)
#2 C:\xampp\htdocs\v2\vendor\codeigniter4\framework\system\Database\Query.php(170): CodeIgniter\Database\Query->compileBinds()
#3 C:\xampp\htdocs\v2\vendor\codeigniter4\framework\system\Database\BaseConnection.php(647): CodeIgniter\Database\Query->getQuery()
#4 C:\xampp\htdocs\v2\vendor\codeigniter4\framework\system\Database\BaseBuilder.php(2277): CodeIgniter\Database\BaseConnection->query('INSERT INTO `ce...', Array, false)
#5 C:\xampp\htdocs\v2\app\Controllers\CekinController.php(134): CodeIgniter\Database\BaseBuilder->insert(Array)
#6 C:\xampp\htdocs\v2\vendor\codeigniter4\framework\system\CodeIgniter.php(928): App\Controllers\CekinController->create()
#7 C:\xampp\htdocs\v2\vendor\codeigniter4\framework\system\CodeIgniter.php(436): CodeIgniter\CodeIgniter->runController(Object(App\Controllers\CekinController))
#8 C:\xampp\htdocs\v2\vendor\codeigniter4\framework\system\CodeIgniter.php(336): CodeIgniter\CodeIgniter->handleRequest(NULL, Object(Config\Cache), false)
#9 C:\xampp\htdocs\v2\public\index.php(37): CodeIgniter\CodeIgniter->run()
#10 {main}
ERROR - 2021-08-20 02:31:57 --> Column 'keperluan_id' cannot be null
CRITICAL - 2021-08-20 02:31:57 --> Column 'keperluan_id' cannot be null
#0 C:\xampp\htdocs\v2\vendor\codeigniter4\framework\system\Database\MySQLi\Connection.php(329): mysqli->query('INSERT INTO `ce...')
#1 C:\xampp\htdocs\v2\vendor\codeigniter4\framework\system\Database\BaseConnection.php(732): CodeIgniter\Database\MySQLi\Connection->execute('INSERT INTO `ce...')
#2 C:\xampp\htdocs\v2\vendor\codeigniter4\framework\system\Database\BaseConnection.php(647): CodeIgniter\Database\BaseConnection->simpleQuery('INSERT INTO `ce...')
#3 C:\xampp\htdocs\v2\vendor\codeigniter4\framework\system\Database\BaseBuilder.php(2277): CodeIgniter\Database\BaseConnection->query('INSERT INTO `ce...', Array, false)
#4 C:\xampp\htdocs\v2\app\Controllers\CekinController.php(134): CodeIgniter\Database\BaseBuilder->insert(Array)
#5 C:\xampp\htdocs\v2\vendor\codeigniter4\framework\system\CodeIgniter.php(928): App\Controllers\CekinController->create()
#6 C:\xampp\htdocs\v2\vendor\codeigniter4\framework\system\CodeIgniter.php(436): CodeIgniter\CodeIgniter->runController(Object(App\Controllers\CekinController))
#7 C:\xampp\htdocs\v2\vendor\codeigniter4\framework\system\CodeIgniter.php(336): CodeIgniter\CodeIgniter->handleRequest(NULL, Object(Config\Cache), false)
#8 C:\xampp\htdocs\v2\public\index.php(37): CodeIgniter\CodeIgniter->run()
#9 {main}
ERROR - 2021-08-20 02:32:40 --> Unknown column 'id_cekin' in 'field list'
CRITICAL - 2021-08-20 02:32:40 --> Unknown column 'id_cekin' in 'field list'
#0 C:\xampp\htdocs\v2\vendor\codeigniter4\framework\system\Database\MySQLi\Connection.php(329): mysqli->query('INSERT INTO `ja...')
#1 C:\xampp\htdocs\v2\vendor\codeigniter4\framework\system\Database\BaseConnection.php(732): CodeIgniter\Database\MySQLi\Connection->execute('INSERT INTO `ja...')
#2 C:\xampp\htdocs\v2\vendor\codeigniter4\framework\system\Database\BaseConnection.php(647): CodeIgniter\Database\BaseConnection->simpleQuery('INSERT INTO `ja...')
#3 C:\xampp\htdocs\v2\vendor\codeigniter4\framework\system\Database\BaseBuilder.php(2277): CodeIgniter\Database\BaseConnection->query('INSERT INTO `ja...', Array, false)
#4 C:\xampp\htdocs\v2\app\Controllers\CekinController.php(178): CodeIgniter\Database\BaseBuilder->insert(Array)
#5 C:\xampp\htdocs\v2\vendor\codeigniter4\framework\system\CodeIgniter.php(928): App\Controllers\CekinController->create()
#6 C:\xampp\htdocs\v2\vendor\codeigniter4\framework\system\CodeIgniter.php(436): CodeIgniter\CodeIgniter->runController(Object(App\Controllers\CekinController))
#7 C:\xampp\htdocs\v2\vendor\codeigniter4\framework\system\CodeIgniter.php(336): CodeIgniter\CodeIgniter->handleRequest(NULL, Object(Config\Cache), false)
#8 C:\xampp\htdocs\v2\public\index.php(37): CodeIgniter\CodeIgniter->run()
#9 {main}
CRITICAL - 2021-08-20 02:33:28 --> Undefined index: nik
#0 C:\xampp\htdocs\v2\app\Views\Cekin\data_cekin.php(55): CodeIgniter\Debug\Exceptions->errorHandler(8, 'Undefined index...', 'C:\\xampp\\htdocs...', 55, Array)
#1 C:\xampp\htdocs\v2\vendor\codeigniter4\framework\system\View\View.php(230): include('C:\\xampp\\htdocs...')
#2 C:\xampp\htdocs\v2\vendor\codeigniter4\framework\system\View\View.php(232): CodeIgniter\View\View->CodeIgniter\View\{closure}()
#3 C:\xampp\htdocs\v2\vendor\codeigniter4\framework\system\Common.php(1271): CodeIgniter\View\View->render('Cekin/data_ceki...', Array, true)
#4 C:\xampp\htdocs\v2\app\Controllers\CekinController.php(34): view('Cekin/data_ceki...', Array)
#5 C:\xampp\htdocs\v2\vendor\codeigniter4\framework\system\CodeIgniter.php(928): App\Controllers\CekinController->index()
#6 C:\xampp\htdocs\v2\vendor\codeigniter4\framework\system\CodeIgniter.php(436): CodeIgniter\CodeIgniter->runController(Object(App\Controllers\CekinController))
#7 C:\xampp\htdocs\v2\vendor\codeigniter4\framework\system\CodeIgniter.php(336): CodeIgniter\CodeIgniter->handleRequest(NULL, Object(Config\Cache), false)
#8 C:\xampp\htdocs\v2\public\index.php(37): CodeIgniter\CodeIgniter->run()
#9 {main}
CRITICAL - 2021-08-20 02:33:38 --> Undefined index: nik
#0 C:\xampp\htdocs\v2\app\Views\Cekin\data_cekin.php(55): CodeIgniter\Debug\Exceptions->errorHandler(8, 'Undefined index...', 'C:\\xampp\\htdocs...', 55, Array)
#1 C:\xampp\htdocs\v2\vendor\codeigniter4\framework\system\View\View.php(230): include('C:\\xampp\\htdocs...')
#2 C:\xampp\htdocs\v2\vendor\codeigniter4\framework\system\View\View.php(232): CodeIgniter\View\View->CodeIgniter\View\{closure}()
#3 C:\xampp\htdocs\v2\vendor\codeigniter4\framework\system\Common.php(1271): CodeIgniter\View\View->render('Cekin/data_ceki...', Array, true)
#4 C:\xampp\htdocs\v2\app\Controllers\CekinController.php(34): view('Cekin/data_ceki...', Array)
#5 C:\xampp\htdocs\v2\vendor\codeigniter4\framework\system\CodeIgniter.php(928): App\Controllers\CekinController->index()
#6 C:\xampp\htdocs\v2\vendor\codeigniter4\framework\system\CodeIgniter.php(436): CodeIgniter\CodeIgniter->runController(Object(App\Controllers\CekinController))
#7 C:\xampp\htdocs\v2\vendor\codeigniter4\framework\system\CodeIgniter.php(336): CodeIgniter\CodeIgniter->handleRequest(NULL, Object(Config\Cache), false)
#8 C:\xampp\htdocs\v2\public\index.php(37): CodeIgniter\CodeIgniter->run()
#9 {main}
CRITICAL - 2021-08-20 02:40:23 --> Undefined index: nik
#0 C:\xampp\htdocs\v2\app\Views\Cekin\data_cekin.php(55): CodeIgniter\Debug\Exceptions->errorHandler(8, 'Undefined index...', 'C:\\xampp\\htdocs...', 55, Array)
#1 C:\xampp\htdocs\v2\vendor\codeigniter4\framework\system\View\View.php(230): include('C:\\xampp\\htdocs...')
#2 C:\xampp\htdocs\v2\vendor\codeigniter4\framework\system\View\View.php(232): CodeIgniter\View\View->CodeIgniter\View\{closure}()
#3 C:\xampp\htdocs\v2\vendor\codeigniter4\framework\system\Common.php(1271): CodeIgniter\View\View->render('Cekin/data_ceki...', Array, true)
#4 C:\xampp\htdocs\v2\app\Controllers\CekinController.php(34): view('Cekin/data_ceki...', Array)
#5 C:\xampp\htdocs\v2\vendor\codeigniter4\framework\system\CodeIgniter.php(928): App\Controllers\CekinController->index()
#6 C:\xampp\htdocs\v2\vendor\codeigniter4\framework\system\CodeIgniter.php(436): CodeIgniter\CodeIgniter->runController(Object(App\Controllers\CekinController))
#7 C:\xampp\htdocs\v2\vendor\codeigniter4\framework\system\CodeIgniter.php(336): CodeIgniter\CodeIgniter->handleRequest(NULL, Object(Config\Cache), false)
#8 C:\xampp\htdocs\v2\public\index.php(37): CodeIgniter\CodeIgniter->run()
#9 {main}
CRITICAL - 2021-08-20 02:40:25 --> Undefined index: nik
#0 C:\xampp\htdocs\v2\app\Views\Cekin\data_cekin.php(55): CodeIgniter\Debug\Exceptions->errorHandler(8, 'Undefined index...', 'C:\\xampp\\htdocs...', 55, Array)
#1 C:\xampp\htdocs\v2\vendor\codeigniter4\framework\system\View\View.php(230): include('C:\\xampp\\htdocs...')
#2 C:\xampp\htdocs\v2\vendor\codeigniter4\framework\system\View\View.php(232): CodeIgniter\View\View->CodeIgniter\View\{closure}()
#3 C:\xampp\htdocs\v2\vendor\codeigniter4\framework\system\Common.php(1271): CodeIgniter\View\View->render('Cekin/data_ceki...', Array, true)
#4 C:\xampp\htdocs\v2\app\Controllers\CekinController.php(34): view('Cekin/data_ceki...', Array)
#5 C:\xampp\htdocs\v2\vendor\codeigniter4\framework\system\CodeIgniter.php(928): App\Controllers\CekinController->index()
#6 C:\xampp\htdocs\v2\vendor\codeigniter4\framework\system\CodeIgniter.php(436): CodeIgniter\CodeIgniter->runController(Object(App\Controllers\CekinController))
#7 C:\xampp\htdocs\v2\vendor\codeigniter4\framework\system\CodeIgniter.php(336): CodeIgniter\CodeIgniter->handleRequest(NULL, Object(Config\Cache), false)
#8 C:\xampp\htdocs\v2\public\index.php(37): CodeIgniter\CodeIgniter->run()
#9 {main}
CRITICAL - 2021-08-20 02:40:25 --> Undefined index: nik
#0 C:\xampp\htdocs\v2\app\Views\Cekin\data_cekin.php(55): CodeIgniter\Debug\Exceptions->errorHandler(8, 'Undefined index...', 'C:\\xampp\\htdocs...', 55, Array)
#1 C:\xampp\htdocs\v2\vendor\codeigniter4\framework\system\View\View.php(230): include('C:\\xampp\\htdocs...')
#2 C:\xampp\htdocs\v2\vendor\codeigniter4\framework\system\View\View.php(232): CodeIgniter\View\View->CodeIgniter\View\{closure}()
#3 C:\xampp\htdocs\v2\vendor\codeigniter4\framework\system\Common.php(1271): CodeIgniter\View\View->render('Cekin/data_ceki...', Array, true)
#4 C:\xampp\htdocs\v2\app\Controllers\CekinController.php(34): view('Cekin/data_ceki...', Array)
#5 C:\xampp\htdocs\v2\vendor\codeigniter4\framework\system\CodeIgniter.php(928): App\Controllers\CekinController->index()
#6 C:\xampp\htdocs\v2\vendor\codeigniter4\framework\system\CodeIgniter.php(436): CodeIgniter\CodeIgniter->runController(Object(App\Controllers\CekinController))
#7 C:\xampp\htdocs\v2\vendor\codeigniter4\framework\system\CodeIgniter.php(336): CodeIgniter\CodeIgniter->handleRequest(NULL, Object(Config\Cache), false)
#8 C:\xampp\htdocs\v2\public\index.php(37): CodeIgniter\CodeIgniter->run()
#9 {main}
CRITICAL - 2021-08-20 02:40:26 --> Undefined index: nik
#0 C:\xampp\htdocs\v2\app\Views\Cekin\data_cekin.php(55): CodeIgniter\Debug\Exceptions->errorHandler(8, 'Undefined index...', 'C:\\xampp\\htdocs...', 55, Array)
#1 C:\xampp\htdocs\v2\vendor\codeigniter4\framework\system\View\View.php(230): include('C:\\xampp\\htdocs...')
#2 C:\xampp\htdocs\v2\vendor\codeigniter4\framework\system\View\View.php(232): CodeIgniter\View\View->CodeIgniter\View\{closure}()
#3 C:\xampp\htdocs\v2\vendor\codeigniter4\framework\system\Common.php(1271): CodeIgniter\View\View->render('Cekin/data_ceki...', Array, true)
#4 C:\xampp\htdocs\v2\app\Controllers\CekinController.php(34): view('Cekin/data_ceki...', Array)
#5 C:\xampp\htdocs\v2\vendor\codeigniter4\framework\system\CodeIgniter.php(928): App\Controllers\CekinController->index()
#6 C:\xampp\htdocs\v2\vendor\codeigniter4\framework\system\CodeIgniter.php(436): CodeIgniter\CodeIgniter->runController(Object(App\Controllers\CekinController))
#7 C:\xampp\htdocs\v2\vendor\codeigniter4\framework\system\CodeIgniter.php(336): CodeIgniter\CodeIgniter->handleRequest(NULL, Object(Config\Cache), false)
#8 C:\xampp\htdocs\v2\public\index.php(37): CodeIgniter\CodeIgniter->run()
#9 {main}
CRITICAL - 2021-08-20 02:40:26 --> Undefined index: nik
#0 C:\xampp\htdocs\v2\app\Views\Cekin\data_cekin.php(55): CodeIgniter\Debug\Exceptions->errorHandler(8, 'Undefined index...', 'C:\\xampp\\htdocs...', 55, Array)
#1 C:\xampp\htdocs\v2\vendor\codeigniter4\framework\system\View\View.php(230): include('C:\\xampp\\htdocs...')
#2 C:\xampp\htdocs\v2\vendor\codeigniter4\framework\system\View\View.php(232): CodeIgniter\View\View->CodeIgniter\View\{closure}()
#3 C:\xampp\htdocs\v2\vendor\codeigniter4\framework\system\Common.php(1271): CodeIgniter\View\View->render('Cekin/data_ceki...', Array, true)
#4 C:\xampp\htdocs\v2\app\Controllers\CekinController.php(34): view('Cekin/data_ceki...', Array)
#5 C:\xampp\htdocs\v2\vendor\codeigniter4\framework\system\CodeIgniter.php(928): App\Controllers\CekinController->index()
#6 C:\xampp\htdocs\v2\vendor\codeigniter4\framework\system\CodeIgniter.php(436): CodeIgniter\CodeIgniter->runController(Object(App\Controllers\CekinController))
#7 C:\xampp\htdocs\v2\vendor\codeigniter4\framework\system\CodeIgniter.php(336): CodeIgniter\CodeIgniter->handleRequest(NULL, Object(Config\Cache), false)
#8 C:\xampp\htdocs\v2\public\index.php(37): CodeIgniter\CodeIgniter->run()
#9 {main}
CRITICAL - 2021-08-20 02:40:26 --> Undefined index: nik
#0 C:\xampp\htdocs\v2\app\Views\Cekin\data_cekin.php(55): CodeIgniter\Debug\Exceptions->errorHandler(8, 'Undefined index...', 'C:\\xampp\\htdocs...', 55, Array)
#1 C:\xampp\htdocs\v2\vendor\codeigniter4\framework\system\View\View.php(230): include('C:\\xampp\\htdocs...')
#2 C:\xampp\htdocs\v2\vendor\codeigniter4\framework\system\View\View.php(232): CodeIgniter\View\View->CodeIgniter\View\{closure}()
#3 C:\xampp\htdocs\v2\vendor\codeigniter4\framework\system\Common.php(1271): CodeIgniter\View\View->render('Cekin/data_ceki...', Array, true)
#4 C:\xampp\htdocs\v2\app\Controllers\CekinController.php(34): view('Cekin/data_ceki...', Array)
#5 C:\xampp\htdocs\v2\vendor\codeigniter4\framework\system\CodeIgniter.php(928): App\Controllers\CekinController->index()
#6 C:\xampp\htdocs\v2\vendor\codeigniter4\framework\system\CodeIgniter.php(436): CodeIgniter\CodeIgniter->runController(Object(App\Controllers\CekinController))
#7 C:\xampp\htdocs\v2\vendor\codeigniter4\framework\system\CodeIgniter.php(336): CodeIgniter\CodeIgniter->handleRequest(NULL, Object(Config\Cache), false)
#8 C:\xampp\htdocs\v2\public\index.php(37): CodeIgniter\CodeIgniter->run()
#9 {main}
CRITICAL - 2021-08-20 02:40:26 --> Undefined index: nik
#0 C:\xampp\htdocs\v2\app\Views\Cekin\data_cekin.php(55): CodeIgniter\Debug\Exceptions->errorHandler(8, 'Undefined index...', 'C:\\xampp\\htdocs...', 55, Array)
#1 C:\xampp\htdocs\v2\vendor\codeigniter4\framework\system\View\View.php(230): include('C:\\xampp\\htdocs...')
#2 C:\xampp\htdocs\v2\vendor\codeigniter4\framework\system\View\View.php(232): CodeIgniter\View\View->CodeIgniter\View\{closure}()
#3 C:\xampp\htdocs\v2\vendor\codeigniter4\framework\system\Common.php(1271): CodeIgniter\View\View->render('Cekin/data_ceki...', Array, true)
#4 C:\xampp\htdocs\v2\app\Controllers\CekinController.php(34): view('Cekin/data_ceki...', Array)
#5 C:\xampp\htdocs\v2\vendor\codeigniter4\framework\system\CodeIgniter.php(928): App\Controllers\CekinController->index()
#6 C:\xampp\htdocs\v2\vendor\codeigniter4\framework\system\CodeIgniter.php(436): CodeIgniter\CodeIgniter->runController(Object(App\Controllers\CekinController))
#7 C:\xampp\htdocs\v2\vendor\codeigniter4\framework\system\CodeIgniter.php(336): CodeIgniter\CodeIgniter->handleRequest(NULL, Object(Config\Cache), false)
#8 C:\xampp\htdocs\v2\public\index.php(37): CodeIgniter\CodeIgniter->run()
#9 {main}
CRITICAL - 2021-08-20 02:40:26 --> Undefined index: nik
#0 C:\xampp\htdocs\v2\app\Views\Cekin\data_cekin.php(55): CodeIgniter\Debug\Exceptions->errorHandler(8, 'Undefined index...', 'C:\\xampp\\htdocs...', 55, Array)
#1 C:\xampp\htdocs\v2\vendor\codeigniter4\framework\system\View\View.php(230): include('C:\\xampp\\htdocs...')
#2 C:\xampp\htdocs\v2\vendor\codeigniter4\framework\system\View\View.php(232): CodeIgniter\View\View->CodeIgniter\View\{closure}()
#3 C:\xampp\htdocs\v2\vendor\codeigniter4\framework\system\Common.php(1271): CodeIgniter\View\View->render('Cekin/data_ceki...', Array, true)
#4 C:\xampp\htdocs\v2\app\Controllers\CekinController.php(34): view('Cekin/data_ceki...', Array)
#5 C:\xampp\htdocs\v2\vendor\codeigniter4\framework\system\CodeIgniter.php(928): App\Controllers\CekinController->index()
#6 C:\xampp\htdocs\v2\vendor\codeigniter4\framework\system\CodeIgniter.php(436): CodeIgniter\CodeIgniter->runController(Object(App\Controllers\CekinController))
#7 C:\xampp\htdocs\v2\vendor\codeigniter4\framework\system\CodeIgniter.php(336): CodeIgniter\CodeIgniter->handleRequest(NULL, Object(Config\Cache), false)
#8 C:\xampp\htdocs\v2\public\index.php(37): CodeIgniter\CodeIgniter->run()
#9 {main}
CRITICAL - 2021-08-20 02:40:26 --> Undefined index: nik
#0 C:\xampp\htdocs\v2\app\Views\Cekin\data_cekin.php(55): CodeIgniter\Debug\Exceptions->errorHandler(8, 'Undefined index...', 'C:\\xampp\\htdocs...', 55, Array)
#1 C:\xampp\htdocs\v2\vendor\codeigniter4\framework\system\View\View.php(230): include('C:\\xampp\\htdocs...')
#2 C:\xampp\htdocs\v2\vendor\codeigniter4\framework\system\View\View.php(232): CodeIgniter\View\View->CodeIgniter\View\{closure}()
#3 C:\xampp\htdocs\v2\vendor\codeigniter4\framework\system\Common.php(1271): CodeIgniter\View\View->render('Cekin/data_ceki...', Array, true)
#4 C:\xampp\htdocs\v2\app\Controllers\CekinController.php(34): view('Cekin/data_ceki...', Array)
#5 C:\xampp\htdocs\v2\vendor\codeigniter4\framework\system\CodeIgniter.php(928): App\Controllers\CekinController->index()
#6 C:\xampp\htdocs\v2\vendor\codeigniter4\framework\system\CodeIgniter.php(436): CodeIgniter\CodeIgniter->runController(Object(App\Controllers\CekinController))
#7 C:\xampp\htdocs\v2\vendor\codeigniter4\framework\system\CodeIgniter.php(336): CodeIgniter\CodeIgniter->handleRequest(NULL, Object(Config\Cache), false)
#8 C:\xampp\htdocs\v2\public\index.php(37): CodeIgniter\CodeIgniter->run()
#9 {main}
CRITICAL - 2021-08-20 02:40:27 --> Undefined index: nik
#0 C:\xampp\htdocs\v2\app\Views\Cekin\data_cekin.php(55): CodeIgniter\Debug\Exceptions->errorHandler(8, 'Undefined index...', 'C:\\xampp\\htdocs...', 55, Array)
#1 C:\xampp\htdocs\v2\vendor\codeigniter4\framework\system\View\View.php(230): include('C:\\xampp\\htdocs...')
#2 C:\xampp\htdocs\v2\vendor\codeigniter4\framework\system\View\View.php(232): CodeIgniter\View\View->CodeIgniter\View\{closure}()
#3 C:\xampp\htdocs\v2\vendor\codeigniter4\framework\system\Common.php(1271): CodeIgniter\View\View->render('Cekin/data_ceki...', Array, true)
#4 C:\xampp\htdocs\v2\app\Controllers\CekinController.php(34): view('Cekin/data_ceki...', Array)
#5 C:\xampp\htdocs\v2\vendor\codeigniter4\framework\system\CodeIgniter.php(928): App\Controllers\CekinController->index()
#6 C:\xampp\htdocs\v2\vendor\codeigniter4\framework\system\CodeIgniter.php(436): CodeIgniter\CodeIgniter->runController(Object(App\Controllers\CekinController))
#7 C:\xampp\htdocs\v2\vendor\codeigniter4\framework\system\CodeIgniter.php(336): CodeIgniter\CodeIgniter->handleRequest(NULL, Object(Config\Cache), false)
#8 C:\xampp\htdocs\v2\public\index.php(37): CodeIgniter\CodeIgniter->run()
#9 {main}
CRITICAL - 2021-08-20 02:40:27 --> Undefined index: nik
#0 C:\xampp\htdocs\v2\app\Views\Cekin\data_cekin.php(55): CodeIgniter\Debug\Exceptions->errorHandler(8, 'Undefined index...', 'C:\\xampp\\htdocs...', 55, Array)
#1 C:\xampp\htdocs\v2\vendor\codeigniter4\framework\system\View\View.php(230): include('C:\\xampp\\htdocs...')
#2 C:\xampp\htdocs\v2\vendor\codeigniter4\framework\system\View\View.php(232): CodeIgniter\View\View->CodeIgniter\View\{closure}()
#3 C:\xampp\htdocs\v2\vendor\codeigniter4\framework\system\Common.php(1271): CodeIgniter\View\View->render('Cekin/data_ceki...', Array, true)
#4 C:\xampp\htdocs\v2\app\Controllers\CekinController.php(34): view('Cekin/data_ceki...', Array)
#5 C:\xampp\htdocs\v2\vendor\codeigniter4\framework\system\CodeIgniter.php(928): App\Controllers\CekinController->index()
#6 C:\xampp\htdocs\v2\vendor\codeigniter4\framework\system\CodeIgniter.php(436): CodeIgniter\CodeIgniter->runController(Object(App\Controllers\CekinController))
#7 C:\xampp\htdocs\v2\vendor\codeigniter4\framework\system\CodeIgniter.php(336): CodeIgniter\CodeIgniter->handleRequest(NULL, Object(Config\Cache), false)
#8 C:\xampp\htdocs\v2\public\index.php(37): CodeIgniter\CodeIgniter->run()
#9 {main}
CRITICAL - 2021-08-20 02:40:27 --> Undefined index: nik
#0 C:\xampp\htdocs\v2\app\Views\Cekin\data_cekin.php(55): CodeIgniter\Debug\Exceptions->errorHandler(8, 'Undefined index...', 'C:\\xampp\\htdocs...', 55, Array)
#1 C:\xampp\htdocs\v2\vendor\codeigniter4\framework\system\View\View.php(230): include('C:\\xampp\\htdocs...')
#2 C:\xampp\htdocs\v2\vendor\codeigniter4\framework\system\View\View.php(232): CodeIgniter\View\View->CodeIgniter\View\{closure}()
#3 C:\xampp\htdocs\v2\vendor\codeigniter4\framework\system\Common.php(1271): CodeIgniter\View\View->render('Cekin/data_ceki...', Array, true)
#4 C:\xampp\htdocs\v2\app\Controllers\CekinController.php(34): view('Cekin/data_ceki...', Array)
#5 C:\xampp\htdocs\v2\vendor\codeigniter4\framework\system\CodeIgniter.php(928): App\Controllers\CekinController->index()
#6 C:\xampp\htdocs\v2\vendor\codeigniter4\framework\system\CodeIgniter.php(436): CodeIgniter\CodeIgniter->runController(Object(App\Controllers\CekinController))
#7 C:\xampp\htdocs\v2\vendor\codeigniter4\framework\system\CodeIgniter.php(336): CodeIgniter\CodeIgniter->handleRequest(NULL, Object(Config\Cache), false)
#8 C:\xampp\htdocs\v2\public\index.php(37): CodeIgniter\CodeIgniter->run()
#9 {main}
CRITICAL - 2021-08-20 02:40:27 --> Undefined index: nik
#0 C:\xampp\htdocs\v2\app\Views\Cekin\data_cekin.php(55): CodeIgniter\Debug\Exceptions->errorHandler(8, 'Undefined index...', 'C:\\xampp\\htdocs...', 55, Array)
#1 C:\xampp\htdocs\v2\vendor\codeigniter4\framework\system\View\View.php(230): include('C:\\xampp\\htdocs...')
#2 C:\xampp\htdocs\v2\vendor\codeigniter4\framework\system\View\View.php(232): CodeIgniter\View\View->CodeIgniter\View\{closure}()
#3 C:\xampp\htdocs\v2\vendor\codeigniter4\framework\system\Common.php(1271): CodeIgniter\View\View->render('Cekin/data_ceki...', Array, true)
#4 C:\xampp\htdocs\v2\app\Controllers\CekinController.php(34): view('Cekin/data_ceki...', Array)
#5 C:\xampp\htdocs\v2\vendor\codeigniter4\framework\system\CodeIgniter.php(928): App\Controllers\CekinController->index()
#6 C:\xampp\htdocs\v2\vendor\codeigniter4\framework\system\CodeIgniter.php(436): CodeIgniter\CodeIgniter->runController(Object(App\Controllers\CekinController))
#7 C:\xampp\htdocs\v2\vendor\codeigniter4\framework\system\CodeIgniter.php(336): CodeIgniter\CodeIgniter->handleRequest(NULL, Object(Config\Cache), false)
#8 C:\xampp\htdocs\v2\public\index.php(37): CodeIgniter\CodeIgniter->run()
#9 {main}
CRITICAL - 2021-08-20 02:40:27 --> Undefined index: nik
#0 C:\xampp\htdocs\v2\app\Views\Cekin\data_cekin.php(55): CodeIgniter\Debug\Exceptions->errorHandler(8, 'Undefined index...', 'C:\\xampp\\htdocs...', 55, Array)
#1 C:\xampp\htdocs\v2\vendor\codeigniter4\framework\system\View\View.php(230): include('C:\\xampp\\htdocs...')
#2 C:\xampp\htdocs\v2\vendor\codeigniter4\framework\system\View\View.php(232): CodeIgniter\View\View->CodeIgniter\View\{closure}()
#3 C:\xampp\htdocs\v2\vendor\codeigniter4\framework\system\Common.php(1271): CodeIgniter\View\View->render('Cekin/data_ceki...', Array, true)
#4 C:\xampp\htdocs\v2\app\Controllers\CekinController.php(34): view('Cekin/data_ceki...', Array)
#5 C:\xampp\htdocs\v2\vendor\codeigniter4\framework\system\CodeIgniter.php(928): App\Controllers\CekinController->index()
#6 C:\xampp\htdocs\v2\vendor\codeigniter4\framework\system\CodeIgniter.php(436): CodeIgniter\CodeIgniter->runController(Object(App\Controllers\CekinController))
#7 C:\xampp\htdocs\v2\vendor\codeigniter4\framework\system\CodeIgniter.php(336): CodeIgniter\CodeIgniter->handleRequest(NULL, Object(Config\Cache), false)
#8 C:\xampp\htdocs\v2\public\index.php(37): CodeIgniter\CodeIgniter->run()
#9 {main}
CRITICAL - 2021-08-20 02:40:27 --> Undefined index: nik
#0 C:\xampp\htdocs\v2\app\Views\Cekin\data_cekin.php(55): CodeIgniter\Debug\Exceptions->errorHandler(8, 'Undefined index...', 'C:\\xampp\\htdocs...', 55, Array)
#1 C:\xampp\htdocs\v2\vendor\codeigniter4\framework\system\View\View.php(230): include('C:\\xampp\\htdocs...')
#2 C:\xampp\htdocs\v2\vendor\codeigniter4\framework\system\View\View.php(232): CodeIgniter\View\View->CodeIgniter\View\{closure}()
#3 C:\xampp\htdocs\v2\vendor\codeigniter4\framework\system\Common.php(1271): CodeIgniter\View\View->render('Cekin/data_ceki...', Array, true)
#4 C:\xampp\htdocs\v2\app\Controllers\CekinController.php(34): view('Cekin/data_ceki...', Array)
#5 C:\xampp\htdocs\v2\vendor\codeigniter4\framework\system\CodeIgniter.php(928): App\Controllers\CekinController->index()
#6 C:\xampp\htdocs\v2\vendor\codeigniter4\framework\system\CodeIgniter.php(436): CodeIgniter\CodeIgniter->runController(Object(App\Controllers\CekinController))
#7 C:\xampp\htdocs\v2\vendor\codeigniter4\framework\system\CodeIgniter.php(336): CodeIgniter\CodeIgniter->handleRequest(NULL, Object(Config\Cache), false)
#8 C:\xampp\htdocs\v2\public\index.php(37): CodeIgniter\CodeIgniter->run()
#9 {main}
CRITICAL - 2021-08-20 02:40:28 --> Undefined index: nik
#0 C:\xampp\htdocs\v2\app\Views\Cekin\data_cekin.php(55): CodeIgniter\Debug\Exceptions->errorHandler(8, 'Undefined index...', 'C:\\xampp\\htdocs...', 55, Array)
#1 C:\xampp\htdocs\v2\vendor\codeigniter4\framework\system\View\View.php(230): include('C:\\xampp\\htdocs...')
#2 C:\xampp\htdocs\v2\vendor\codeigniter4\framework\system\View\View.php(232): CodeIgniter\View\View->CodeIgniter\View\{closure}()
#3 C:\xampp\htdocs\v2\vendor\codeigniter4\framework\system\Common.php(1271): CodeIgniter\View\View->render('Cekin/data_ceki...', Array, true)
#4 C:\xampp\htdocs\v2\app\Controllers\CekinController.php(34): view('Cekin/data_ceki...', Array)
#5 C:\xampp\htdocs\v2\vendor\codeigniter4\framework\system\CodeIgniter.php(928): App\Controllers\CekinController->index()
#6 C:\xampp\htdocs\v2\vendor\codeigniter4\framework\system\CodeIgniter.php(436): CodeIgniter\CodeIgniter->runController(Object(App\Controllers\CekinController))
#7 C:\xampp\htdocs\v2\vendor\codeigniter4\framework\system\CodeIgniter.php(336): CodeIgniter\CodeIgniter->handleRequest(NULL, Object(Config\Cache), false)
#8 C:\xampp\htdocs\v2\public\index.php(37): CodeIgniter\CodeIgniter->run()
#9 {main}
CRITICAL - 2021-08-20 02:40:28 --> Undefined index: nik
#0 C:\xampp\htdocs\v2\app\Views\Cekin\data_cekin.php(55): CodeIgniter\Debug\Exceptions->errorHandler(8, 'Undefined index...', 'C:\\xampp\\htdocs...', 55, Array)
#1 C:\xampp\htdocs\v2\vendor\codeigniter4\framework\system\View\View.php(230): include('C:\\xampp\\htdocs...')
#2 C:\xampp\htdocs\v2\vendor\codeigniter4\framework\system\View\View.php(232): CodeIgniter\View\View->CodeIgniter\View\{closure}()
#3 C:\xampp\htdocs\v2\vendor\codeigniter4\framework\system\Common.php(1271): CodeIgniter\View\View->render('Cekin/data_ceki...', Array, true)
#4 C:\xampp\htdocs\v2\app\Controllers\CekinController.php(34): view('Cekin/data_ceki...', Array)
#5 C:\xampp\htdocs\v2\vendor\codeigniter4\framework\system\CodeIgniter.php(928): App\Controllers\CekinController->index()
#6 C:\xampp\htdocs\v2\vendor\codeigniter4\framework\system\CodeIgniter.php(436): CodeIgniter\CodeIgniter->runController(Object(App\Controllers\CekinController))
#7 C:\xampp\htdocs\v2\vendor\codeigniter4\framework\system\CodeIgniter.php(336): CodeIgniter\CodeIgniter->handleRequest(NULL, Object(Config\Cache), false)
#8 C:\xampp\htdocs\v2\public\index.php(37): CodeIgniter\CodeIgniter->run()
#9 {main}
CRITICAL - 2021-08-20 02:40:28 --> Undefined index: nik
#0 C:\xampp\htdocs\v2\app\Views\Cekin\data_cekin.php(55): CodeIgniter\Debug\Exceptions->errorHandler(8, 'Undefined index...', 'C:\\xampp\\htdocs...', 55, Array)
#1 C:\xampp\htdocs\v2\vendor\codeigniter4\framework\system\View\View.php(230): include('C:\\xampp\\htdocs...')
#2 C:\xampp\htdocs\v2\vendor\codeigniter4\framework\system\View\View.php(232): CodeIgniter\View\View->CodeIgniter\View\{closure}()
#3 C:\xampp\htdocs\v2\vendor\codeigniter4\framework\system\Common.php(1271): CodeIgniter\View\View->render('Cekin/data_ceki...', Array, true)
#4 C:\xampp\htdocs\v2\app\Controllers\CekinController.php(34): view('Cekin/data_ceki...', Array)
#5 C:\xampp\htdocs\v2\vendor\codeigniter4\framework\system\CodeIgniter.php(928): App\Controllers\CekinController->index()
#6 C:\xampp\htdocs\v2\vendor\codeigniter4\framework\system\CodeIgniter.php(436): CodeIgniter\CodeIgniter->runController(Object(App\Controllers\CekinController))
#7 C:\xampp\htdocs\v2\vendor\codeigniter4\framework\system\CodeIgniter.php(336): CodeIgniter\CodeIgniter->handleRequest(NULL, Object(Config\Cache), false)
#8 C:\xampp\htdocs\v2\public\index.php(37): CodeIgniter\CodeIgniter->run()
#9 {main}
CRITICAL - 2021-08-20 02:41:19 --> Undefined variable: result
#0 C:\xampp\htdocs\v2\app\Controllers\CekinController.php(17): CodeIgniter\Debug\Exceptions->errorHandler(8, 'Undefined varia...', 'C:\\xampp\\htdocs...', 17, Array)
#1 C:\xampp\htdocs\v2\vendor\codeigniter4\framework\system\CodeIgniter.php(928): App\Controllers\CekinController->index()
#2 C:\xampp\htdocs\v2\vendor\codeigniter4\framework\system\CodeIgniter.php(436): CodeIgniter\CodeIgniter->runController(Object(App\Controllers\CekinController))
#3 C:\xampp\htdocs\v2\vendor\codeigniter4\framework\system\CodeIgniter.php(336): CodeIgniter\CodeIgniter->handleRequest(NULL, Object(Config\Cache), false)
#4 C:\xampp\htdocs\v2\public\index.php(37): CodeIgniter\CodeIgniter->run()
#5 {main}
ERROR - 2021-08-20 02:44:30 --> You have an error in your SQL syntax; check the manual that corresponds to your MariaDB server version for the right syntax to use near '= cekin.bagian_id JOIN guru ON guru.id_guru = cekin.tujuan_id JOIN instansi O...' at line 1
CRITICAL - 2021-08-20 02:44:30 --> You have an error in your SQL syntax; check the manual that corresponds to your MariaDB server version for the right syntax to use near '= cekin.bagian_id JOIN guru ON guru.id_guru = cekin.tujuan_id JOIN instansi O...' at line 1
#0 C:\xampp\htdocs\v2\vendor\codeigniter4\framework\system\Database\MySQLi\Connection.php(329): mysqli->query('SELECT * FROM c...')
#1 C:\xampp\htdocs\v2\vendor\codeigniter4\framework\system\Database\BaseConnection.php(732): CodeIgniter\Database\MySQLi\Connection->execute('SELECT * FROM c...')
#2 C:\xampp\htdocs\v2\vendor\codeigniter4\framework\system\Database\BaseConnection.php(647): CodeIgniter\Database\BaseConnection->simpleQuery('SELECT * FROM c...')
#3 C:\xampp\htdocs\v2\app\Controllers\CekinController.php(14): CodeIgniter\Database\BaseConnection->query('SELECT * FROM c...')
#4 C:\xampp\htdocs\v2\vendor\codeigniter4\framework\system\CodeIgniter.php(928): App\Controllers\CekinController->index()
#5 C:\xampp\htdocs\v2\vendor\codeigniter4\framework\system\CodeIgniter.php(436): CodeIgniter\CodeIgniter->runController(Object(App\Controllers\CekinController))
#6 C:\xampp\htdocs\v2\vendor\codeigniter4\framework\system\CodeIgniter.php(336): CodeIgniter\CodeIgniter->handleRequest(NULL, Object(Config\Cache), false)
#7 C:\xampp\htdocs\v2\public\index.php(37): CodeIgniter\CodeIgniter->run()
#8 {main}
ERROR - 2021-08-20 02:56:50 --> Unknown column 'document.no_document' in 'field list'
CRITICAL - 2021-08-20 02:56:50 --> Unknown column 'document.no_document' in 'field list'
#0 C:\xampp\htdocs\v2\vendor\codeigniter4\framework\system\Database\MySQLi\Connection.php(329): mysqli->query('SELECT cekin.id...')
#1 C:\xampp\htdocs\v2\vendor\codeigniter4\framework\system\Database\BaseConnection.php(732): CodeIgniter\Database\MySQLi\Connection->execute('SELECT cekin.id...')
#2 C:\xampp\htdocs\v2\vendor\codeigniter4\framework\system\Database\BaseConnection.php(647): CodeIgniter\Database\BaseConnection->simpleQuery('SELECT cekin.id...')
#3 C:\xampp\htdocs\v2\app\Controllers\CekinController.php(14): CodeIgniter\Database\BaseConnection->query('SELECT cekin.id...')
#4 C:\xampp\htdocs\v2\vendor\codeigniter4\framework\system\CodeIgniter.php(928): App\Controllers\CekinController->index()
#5 C:\xampp\htdocs\v2\vendor\codeigniter4\framework\system\CodeIgniter.php(436): CodeIgniter\CodeIgniter->runController(Object(App\Controllers\CekinController))
#6 C:\xampp\htdocs\v2\vendor\codeigniter4\framework\system\CodeIgniter.php(336): CodeIgniter\CodeIgniter->handleRequest(NULL, Object(Config\Cache), false)
#7 C:\xampp\htdocs\v2\public\index.php(37): CodeIgniter\CodeIgniter->run()
#8 {main}
ERROR - 2021-08-20 03:04:58 --> Unknown column 'id_cekin' in 'field list'
CRITICAL - 2021-08-20 03:04:58 --> Unknown column 'id_cekin' in 'field list'
#0 C:\xampp\htdocs\v2\vendor\codeigniter4\framework\system\Database\MySQLi\Connection.php(329): mysqli->query('INSERT INTO `ja...')
#1 C:\xampp\htdocs\v2\vendor\codeigniter4\framework\system\Database\BaseConnection.php(732): CodeIgniter\Database\MySQLi\Connection->execute('INSERT INTO `ja...')
#2 C:\xampp\htdocs\v2\vendor\codeigniter4\framework\system\Database\BaseConnection.php(647): CodeIgniter\Database\BaseConnection->simpleQuery('INSERT INTO `ja...')
#3 C:\xampp\htdocs\v2\vendor\codeigniter4\framework\system\Database\BaseBuilder.php(2277): CodeIgniter\Database\BaseConnection->query('INSERT INTO `ja...', Array, false)
#4 C:\xampp\htdocs\v2\app\Controllers\CekinController.php(180): CodeIgniter\Database\BaseBuilder->insert(Array)
#5 C:\xampp\htdocs\v2\vendor\codeigniter4\framework\system\CodeIgniter.php(928): App\Controllers\CekinController->create()
#6 C:\xampp\htdocs\v2\vendor\codeigniter4\framework\system\CodeIgniter.php(436): CodeIgniter\CodeIgniter->runController(Object(App\Controllers\CekinController))
#7 C:\xampp\htdocs\v2\vendor\codeigniter4\framework\system\CodeIgniter.php(336): CodeIgniter\CodeIgniter->handleRequest(NULL, Object(Config\Cache), false)
#8 C:\xampp\htdocs\v2\public\index.php(37): CodeIgniter\CodeIgniter->run()
#9 {main}
ERROR - 2021-08-20 03:37:25 --> Unknown column 'cekin.nik' in 'field list'
CRITICAL - 2021-08-20 03:37:25 --> Unknown column 'cekin.nik' in 'field list'
#0 C:\xampp\htdocs\v2\vendor\codeigniter4\framework\system\Database\MySQLi\Connection.php(329): mysqli->query('SELECT DISTINCT...')
#1 C:\xampp\htdocs\v2\vendor\codeigniter4\framework\system\Database\BaseConnection.php(732): CodeIgniter\Database\MySQLi\Connection->execute('SELECT DISTINCT...')
#2 C:\xampp\htdocs\v2\vendor\codeigniter4\framework\system\Database\BaseConnection.php(647): CodeIgniter\Database\BaseConnection->simpleQuery('SELECT DISTINCT...')
#3 C:\xampp\htdocs\v2\app\Controllers\CekinController.php(302): CodeIgniter\Database\BaseConnection->query('SELECT DISTINCT...')
#4 C:\xampp\htdocs\v2\vendor\codeigniter4\framework\system\CodeIgniter.php(928): App\Controllers\CekinController->htmlToPDF('30')
#5 C:\xampp\htdocs\v2\vendor\codeigniter4\framework\system\CodeIgniter.php(436): CodeIgniter\CodeIgniter->runController(Object(App\Controllers\CekinController))
#6 C:\xampp\htdocs\v2\vendor\codeigniter4\framework\system\CodeIgniter.php(336): CodeIgniter\CodeIgniter->handleRequest(NULL, Object(Config\Cache), false)
#7 C:\xampp\htdocs\v2\public\index.php(37): CodeIgniter\CodeIgniter->run()
#8 {main}
ERROR - 2021-08-20 03:39:06 --> Unknown column 'cekin.nik' in 'field list'
CRITICAL - 2021-08-20 03:39:06 --> Unknown column 'cekin.nik' in 'field list'
#0 C:\xampp\htdocs\v2\vendor\codeigniter4\framework\system\Database\MySQLi\Connection.php(329): mysqli->query('SELECT DISTINCT...')
#1 C:\xampp\htdocs\v2\vendor\codeigniter4\framework\system\Database\BaseConnection.php(732): CodeIgniter\Database\MySQLi\Connection->execute('SELECT DISTINCT...')
#2 C:\xampp\htdocs\v2\vendor\codeigniter4\framework\system\Database\BaseConnection.php(647): CodeIgniter\Database\BaseConnection->simpleQuery('SELECT DISTINCT...')
#3 C:\xampp\htdocs\v2\app\Controllers\CekinController.php(302): CodeIgniter\Database\BaseConnection->query('SELECT DISTINCT...')
#4 C:\xampp\htdocs\v2\vendor\codeigniter4\framework\system\CodeIgniter.php(928): App\Controllers\CekinController->htmlToPDF('29')
#5 C:\xampp\htdocs\v2\vendor\codeigniter4\framework\system\CodeIgniter.php(436): CodeIgniter\CodeIgniter->runController(Object(App\Controllers\CekinController))
#6 C:\xampp\htdocs\v2\vendor\codeigniter4\framework\system\CodeIgniter.php(336): CodeIgniter\CodeIgniter->handleRequest(NULL, Object(Config\Cache), false)
#7 C:\xampp\htdocs\v2\public\index.php(37): CodeIgniter\CodeIgniter->run()
#8 {main}
ERROR - 2021-08-20 03:42:11 --> Unknown column 'instansi.instansi' in 'field list'
CRITICAL - 2021-08-20 03:42:11 --> Unknown column 'instansi.instansi' in 'field list'
#0 C:\xampp\htdocs\v2\vendor\codeigniter4\framework\system\Database\MySQLi\Connection.php(329): mysqli->query('SELECT DISTINCT...')
#1 C:\xampp\htdocs\v2\vendor\codeigniter4\framework\system\Database\BaseConnection.php(732): CodeIgniter\Database\MySQLi\Connection->execute('SELECT DISTINCT...')
#2 C:\xampp\htdocs\v2\vendor\codeigniter4\framework\system\Database\BaseConnection.php(647): CodeIgniter\Database\BaseConnection->simpleQuery('SELECT DISTINCT...')
#3 C:\xampp\htdocs\v2\app\Controllers\CekinController.php(302): CodeIgniter\Database\BaseConnection->query('SELECT DISTINCT...')
#4 C:\xampp\htdocs\v2\vendor\codeigniter4\framework\system\CodeIgniter.php(928): App\Controllers\CekinController->htmlToPDF('31')
#5 C:\xampp\htdocs\v2\vendor\codeigniter4\framework\system\CodeIgniter.php(436): CodeIgniter\CodeIgniter->runController(Object(App\Controllers\CekinController))
#6 C:\xampp\htdocs\v2\vendor\codeigniter4\framework\system\CodeIgniter.php(336): CodeIgniter\CodeIgniter->handleRequest(NULL, Object(Config\Cache), false)
#7 C:\xampp\htdocs\v2\public\index.php(37): CodeIgniter\CodeIgniter->run()
#8 {main}
ERROR - 2021-08-20 03:42:54 --> Unknown column 'instansi.instansi' in 'field list'
CRITICAL - 2021-08-20 03:42:54 --> Unknown column 'instansi.instansi' in 'field list'
#0 C:\xampp\htdocs\v2\vendor\codeigniter4\framework\system\Database\MySQLi\Connection.php(329): mysqli->query('SELECT DISTINCT...')
#1 C:\xampp\htdocs\v2\vendor\codeigniter4\framework\system\Database\BaseConnection.php(732): CodeIgniter\Database\MySQLi\Connection->execute('SELECT DISTINCT...')
#2 C:\xampp\htdocs\v2\vendor\codeigniter4\framework\system\Database\BaseConnection.php(647): CodeIgniter\Database\BaseConnection->simpleQuery('SELECT DISTINCT...')
#3 C:\xampp\htdocs\v2\app\Controllers\CekinController.php(302): CodeIgniter\Database\BaseConnection->query('SELECT DISTINCT...')
#4 C:\xampp\htdocs\v2\vendor\codeigniter4\framework\system\CodeIgniter.php(928): App\Controllers\CekinController->htmlToPDF('31')
#5 C:\xampp\htdocs\v2\vendor\codeigniter4\framework\system\CodeIgniter.php(436): CodeIgniter\CodeIgniter->runController(Object(App\Controllers\CekinController))
#6 C:\xampp\htdocs\v2\vendor\codeigniter4\framework\system\CodeIgniter.php(336): CodeIgniter\CodeIgniter->handleRequest(NULL, Object(Config\Cache), false)
#7 C:\xampp\htdocs\v2\public\index.php(37): CodeIgniter\CodeIgniter->run()
#8 {main}
ERROR - 2021-08-20 03:42:55 --> Unknown column 'instansi.instansi' in 'field list'
CRITICAL - 2021-08-20 03:42:55 --> Unknown column 'instansi.instansi' in 'field list'
#0 C:\xampp\htdocs\v2\vendor\codeigniter4\framework\system\Database\MySQLi\Connection.php(329): mysqli->query('SELECT DISTINCT...')
#1 C:\xampp\htdocs\v2\vendor\codeigniter4\framework\system\Database\BaseConnection.php(732): CodeIgniter\Database\MySQLi\Connection->execute('SELECT DISTINCT...')
#2 C:\xampp\htdocs\v2\vendor\codeigniter4\framework\system\Database\BaseConnection.php(647): CodeIgniter\Database\BaseConnection->simpleQuery('SELECT DISTINCT...')
#3 C:\xampp\htdocs\v2\app\Controllers\CekinController.php(302): CodeIgniter\Database\BaseConnection->query('SELECT DISTINCT...')
#4 C:\xampp\htdocs\v2\vendor\codeigniter4\framework\system\CodeIgniter.php(928): App\Controllers\CekinController->htmlToPDF('31')
#5 C:\xampp\htdocs\v2\vendor\codeigniter4\framework\system\CodeIgniter.php(436): CodeIgniter\CodeIgniter->runController(Object(App\Controllers\CekinController))
#6 C:\xampp\htdocs\v2\vendor\codeigniter4\framework\system\CodeIgniter.php(336): CodeIgniter\CodeIgniter->handleRequest(NULL, Object(Config\Cache), false)
#7 C:\xampp\htdocs\v2\public\index.php(37): CodeIgniter\CodeIgniter->run()
#8 {main}
ERROR - 2021-08-20 03:42:56 --> Unknown column 'instansi.instansi' in 'field list'
CRITICAL - 2021-08-20 03:42:56 --> Unknown column 'instansi.instansi' in 'field list'
#0 C:\xampp\htdocs\v2\vendor\codeigniter4\framework\system\Database\MySQLi\Connection.php(329): mysqli->query('SELECT DISTINCT...')
#1 C:\xampp\htdocs\v2\vendor\codeigniter4\framework\system\Database\BaseConnection.php(732): CodeIgniter\Database\MySQLi\Connection->execute('SELECT DISTINCT...')
#2 C:\xampp\htdocs\v2\vendor\codeigniter4\framework\system\Database\BaseConnection.php(647): CodeIgniter\Database\BaseConnection->simpleQuery('SELECT DISTINCT...')
#3 C:\xampp\htdocs\v2\app\Controllers\CekinController.php(302): CodeIgniter\Database\BaseConnection->query('SELECT DISTINCT...')
#4 C:\xampp\htdocs\v2\vendor\codeigniter4\framework\system\CodeIgniter.php(928): App\Controllers\CekinController->htmlToPDF('31')
#5 C:\xampp\htdocs\v2\vendor\codeigniter4\framework\system\CodeIgniter.php(436): CodeIgniter\CodeIgniter->runController(Object(App\Controllers\CekinController))
#6 C:\xampp\htdocs\v2\vendor\codeigniter4\framework\system\CodeIgniter.php(336): CodeIgniter\CodeIgniter->handleRequest(NULL, Object(Config\Cache), false)
#7 C:\xampp\htdocs\v2\public\index.php(37): CodeIgniter\CodeIgniter->run()
#8 {main}
ERROR - 2021-08-20 03:43:20 --> Unknown column 'instansi.instansi' in 'field list'
CRITICAL - 2021-08-20 03:43:20 --> Unknown column 'instansi.instansi' in 'field list'
#0 C:\xampp\htdocs\v2\vendor\codeigniter4\framework\system\Database\MySQLi\Connection.php(329): mysqli->query('SELECT DISTINCT...')
#1 C:\xampp\htdocs\v2\vendor\codeigniter4\framework\system\Database\BaseConnection.php(732): CodeIgniter\Database\MySQLi\Connection->execute('SELECT DISTINCT...')
#2 C:\xampp\htdocs\v2\vendor\codeigniter4\framework\system\Database\BaseConnection.php(647): CodeIgniter\Database\BaseConnection->simpleQuery('SELECT DISTINCT...')
#3 C:\xampp\htdocs\v2\app\Controllers\CekinController.php(302): CodeIgniter\Database\BaseConnection->query('SELECT DISTINCT...')
#4 C:\xampp\htdocs\v2\vendor\codeigniter4\framework\system\CodeIgniter.php(928): App\Controllers\CekinController->htmlToPDF('31')
#5 C:\xampp\htdocs\v2\vendor\codeigniter4\framework\system\CodeIgniter.php(436): CodeIgniter\CodeIgniter->runController(Object(App\Controllers\CekinController))
#6 C:\xampp\htdocs\v2\vendor\codeigniter4\framework\system\CodeIgniter.php(336): CodeIgniter\CodeIgniter->handleRequest(NULL, Object(Config\Cache), false)
#7 C:\xampp\htdocs\v2\public\index.php(37): CodeIgniter\CodeIgniter->run()
#8 {main}
ERROR - 2021-08-20 03:43:30 --> Unknown column 'instansi.instansi' in 'field list'
CRITICAL - 2021-08-20 03:43:30 --> Unknown column 'instansi.instansi' in 'field list'
#0 C:\xampp\htdocs\v2\vendor\codeigniter4\framework\system\Database\MySQLi\Connection.php(329): mysqli->query('SELECT DISTINCT...')
#1 C:\xampp\htdocs\v2\vendor\codeigniter4\framework\system\Database\BaseConnection.php(732): CodeIgniter\Database\MySQLi\Connection->execute('SELECT DISTINCT...')
#2 C:\xampp\htdocs\v2\vendor\codeigniter4\framework\system\Database\BaseConnection.php(647): CodeIgniter\Database\BaseConnection->simpleQuery('SELECT DISTINCT...')
#3 C:\xampp\htdocs\v2\app\Controllers\CekinController.php(302): CodeIgniter\Database\BaseConnection->query('SELECT DISTINCT...')
#4 C:\xampp\htdocs\v2\vendor\codeigniter4\framework\system\CodeIgniter.php(928): App\Controllers\CekinController->htmlToPDF('29')
#5 C:\xampp\htdocs\v2\vendor\codeigniter4\framework\system\CodeIgniter.php(436): CodeIgniter\CodeIgniter->runController(Object(App\Controllers\CekinController))
#6 C:\xampp\htdocs\v2\vendor\codeigniter4\framework\system\CodeIgniter.php(336): CodeIgniter\CodeIgniter->handleRequest(NULL, Object(Config\Cache), false)
#7 C:\xampp\htdocs\v2\public\index.php(37): CodeIgniter\CodeIgniter->run()
#8 {main}
ERROR - 2021-08-20 03:44:36 --> Unknown column 'instansi.instansi' in 'field list'
CRITICAL - 2021-08-20 03:44:36 --> Unknown column 'instansi.instansi' in 'field list'
#0 C:\xampp\htdocs\v2\vendor\codeigniter4\framework\system\Database\MySQLi\Connection.php(329): mysqli->query('SELECT DISTINCT...')
#1 C:\xampp\htdocs\v2\vendor\codeigniter4\framework\system\Database\BaseConnection.php(732): CodeIgniter\Database\MySQLi\Connection->execute('SELECT DISTINCT...')
#2 C:\xampp\htdocs\v2\vendor\codeigniter4\framework\system\Database\BaseConnection.php(647): CodeIgniter\Database\BaseConnection->simpleQuery('SELECT DISTINCT...')
#3 C:\xampp\htdocs\v2\app\Controllers\CekinController.php(302): CodeIgniter\Database\BaseConnection->query('SELECT DISTINCT...')
#4 C:\xampp\htdocs\v2\vendor\codeigniter4\framework\system\CodeIgniter.php(928): App\Controllers\CekinController->htmlToPDF('29')
#5 C:\xampp\htdocs\v2\vendor\codeigniter4\framework\system\CodeIgniter.php(436): CodeIgniter\CodeIgniter->runController(Object(App\Controllers\CekinController))
#6 C:\xampp\htdocs\v2\vendor\codeigniter4\framework\system\CodeIgniter.php(336): CodeIgniter\CodeIgniter->handleRequest(NULL, Object(Config\Cache), false)
#7 C:\xampp\htdocs\v2\public\index.php(37): CodeIgniter\CodeIgniter->run()
#8 {main}
ERROR - 2021-08-20 03:44:37 --> Unknown column 'instansi.instansi' in 'field list'
CRITICAL - 2021-08-20 03:44:37 --> Unknown column 'instansi.instansi' in 'field list'
#0 C:\xampp\htdocs\v2\vendor\codeigniter4\framework\system\Database\MySQLi\Connection.php(329): mysqli->query('SELECT DISTINCT...')
#1 C:\xampp\htdocs\v2\vendor\codeigniter4\framework\system\Database\BaseConnection.php(732): CodeIgniter\Database\MySQLi\Connection->execute('SELECT DISTINCT...')
#2 C:\xampp\htdocs\v2\vendor\codeigniter4\framework\system\Database\BaseConnection.php(647): CodeIgniter\Database\BaseConnection->simpleQuery('SELECT DISTINCT...')
#3 C:\xampp\htdocs\v2\app\Controllers\CekinController.php(302): CodeIgniter\Database\BaseConnection->query('SELECT DISTINCT...')
#4 C:\xampp\htdocs\v2\vendor\codeigniter4\framework\system\CodeIgniter.php(928): App\Controllers\CekinController->htmlToPDF('29')
#5 C:\xampp\htdocs\v2\vendor\codeigniter4\framework\system\CodeIgniter.php(436): CodeIgniter\CodeIgniter->runController(Object(App\Controllers\CekinController))
#6 C:\xampp\htdocs\v2\vendor\codeigniter4\framework\system\CodeIgniter.php(336): CodeIgniter\CodeIgniter->handleRequest(NULL, Object(Config\Cache), false)
#7 C:\xampp\htdocs\v2\public\index.php(37): CodeIgniter\CodeIgniter->run()
#8 {main}
ERROR - 2021-08-20 03:45:01 --> Unknown column 'instansi.instansi' in 'field list'
CRITICAL - 2021-08-20 03:45:01 --> Unknown column 'instansi.instansi' in 'field list'
#0 C:\xampp\htdocs\v2\vendor\codeigniter4\framework\system\Database\MySQLi\Connection.php(329): mysqli->query('SELECT DISTINCT...')
#1 C:\xampp\htdocs\v2\vendor\codeigniter4\framework\system\Database\BaseConnection.php(732): CodeIgniter\Database\MySQLi\Connection->execute('SELECT DISTINCT...')
#2 C:\xampp\htdocs\v2\vendor\codeigniter4\framework\system\Database\BaseConnection.php(647): CodeIgniter\Database\BaseConnection->simpleQuery('SELECT DISTINCT...')
#3 C:\xampp\htdocs\v2\app\Controllers\CekinController.php(302): CodeIgniter\Database\BaseConnection->query('SELECT DISTINCT...')
#4 C:\xampp\htdocs\v2\vendor\codeigniter4\framework\system\CodeIgniter.php(928): App\Controllers\CekinController->htmlToPDF('29')
#5 C:\xampp\htdocs\v2\vendor\codeigniter4\framework\system\CodeIgniter.php(436): CodeIgniter\CodeIgniter->runController(Object(App\Controllers\CekinController))
#6 C:\xampp\htdocs\v2\vendor\codeigniter4\framework\system\CodeIgniter.php(336): CodeIgniter\CodeIgniter->handleRequest(NULL, Object(Config\Cache), false)
#7 C:\xampp\htdocs\v2\public\index.php(37): CodeIgniter\CodeIgniter->run()
#8 {main}
ERROR - 2021-08-20 03:45:02 --> Unknown column 'instansi.instansi' in 'field list'
CRITICAL - 2021-08-20 03:45:02 --> Unknown column 'instansi.instansi' in 'field list'
#0 C:\xampp\htdocs\v2\vendor\codeigniter4\framework\system\Database\MySQLi\Connection.php(329): mysqli->query('SELECT DISTINCT...')
#1 C:\xampp\htdocs\v2\vendor\codeigniter4\framework\system\Database\BaseConnection.php(732): CodeIgniter\Database\MySQLi\Connection->execute('SELECT DISTINCT...')
#2 C:\xampp\htdocs\v2\vendor\codeigniter4\framework\system\Database\BaseConnection.php(647): CodeIgniter\Database\BaseConnection->simpleQuery('SELECT DISTINCT...')
#3 C:\xampp\htdocs\v2\app\Controllers\CekinController.php(302): CodeIgniter\Database\BaseConnection->query('SELECT DISTINCT...')
#4 C:\xampp\htdocs\v2\vendor\codeigniter4\framework\system\CodeIgniter.php(928): App\Controllers\CekinController->htmlToPDF('29')
#5 C:\xampp\htdocs\v2\vendor\codeigniter4\framework\system\CodeIgniter.php(436): CodeIgniter\CodeIgniter->runController(Object(App\Controllers\CekinController))
#6 C:\xampp\htdocs\v2\vendor\codeigniter4\framework\system\CodeIgniter.php(336): CodeIgniter\CodeIgniter->handleRequest(NULL, Object(Config\Cache), false)
#7 C:\xampp\htdocs\v2\public\index.php(37): CodeIgniter\CodeIgniter->run()
#8 {main}
ERROR - 2021-08-20 03:46:28 --> Unknown column 'visitor.nama' in 'field list'
CRITICAL - 2021-08-20 03:46:28 --> Unknown column 'visitor.nama' in 'field list'
#0 C:\xampp\htdocs\v2\vendor\codeigniter4\framework\system\Database\MySQLi\Connection.php(329): mysqli->query('SELECT cekin.id...')
#1 C:\xampp\htdocs\v2\vendor\codeigniter4\framework\system\Database\BaseConnection.php(732): CodeIgniter\Database\MySQLi\Connection->execute('SELECT cekin.id...')
#2 C:\xampp\htdocs\v2\vendor\codeigniter4\framework\system\Database\BaseConnection.php(647): CodeIgniter\Database\BaseConnection->simpleQuery('SELECT cekin.id...')
#3 C:\xampp\htdocs\v2\app\Controllers\CekinController.php(302): CodeIgniter\Database\BaseConnection->query('SELECT cekin.id...')
#4 C:\xampp\htdocs\v2\vendor\codeigniter4\framework\system\CodeIgniter.php(928): App\Controllers\CekinController->htmlToPDF('29')
#5 C:\xampp\htdocs\v2\vendor\codeigniter4\framework\system\CodeIgniter.php(436): CodeIgniter\CodeIgniter->runController(Object(App\Controllers\CekinController))
#6 C:\xampp\htdocs\v2\vendor\codeigniter4\framework\system\CodeIgniter.php(336): CodeIgniter\CodeIgniter->handleRequest(NULL, Object(Config\Cache), false)
#7 C:\xampp\htdocs\v2\public\index.php(37): CodeIgniter\CodeIgniter->run()
#8 {main}
ERROR - 2021-08-20 03:47:05 --> Unknown column 'visitor.nama' in 'field list'
CRITICAL - 2021-08-20 03:47:05 --> Unknown column 'visitor.nama' in 'field list'
#0 C:\xampp\htdocs\v2\vendor\codeigniter4\framework\system\Database\MySQLi\Connection.php(329): mysqli->query('SELECT cekin.id...')
#1 C:\xampp\htdocs\v2\vendor\codeigniter4\framework\system\Database\BaseConnection.php(732): CodeIgniter\Database\MySQLi\Connection->execute('SELECT cekin.id...')
#2 C:\xampp\htdocs\v2\vendor\codeigniter4\framework\system\Database\BaseConnection.php(647): CodeIgniter\Database\BaseConnection->simpleQuery('SELECT cekin.id...')
#3 C:\xampp\htdocs\v2\app\Controllers\CekinController.php(302): CodeIgniter\Database\BaseConnection->query('SELECT cekin.id...')
#4 C:\xampp\htdocs\v2\vendor\codeigniter4\framework\system\CodeIgniter.php(928): App\Controllers\CekinController->htmlToPDF('29')
#5 C:\xampp\htdocs\v2\vendor\codeigniter4\framework\system\CodeIgniter.php(436): CodeIgniter\CodeIgniter->runController(Object(App\Controllers\CekinController))
#6 C:\xampp\htdocs\v2\vendor\codeigniter4\framework\system\CodeIgniter.php(336): CodeIgniter\CodeIgniter->handleRequest(NULL, Object(Config\Cache), false)
#7 C:\xampp\htdocs\v2\public\index.php(37): CodeIgniter\CodeIgniter->run()
#8 {main}
ERROR - 2021-08-20 03:47:06 --> Unknown column 'visitor.nama' in 'field list'
CRITICAL - 2021-08-20 03:47:06 --> Unknown column 'visitor.nama' in 'field list'
#0 C:\xampp\htdocs\v2\vendor\codeigniter4\framework\system\Database\MySQLi\Connection.php(329): mysqli->query('SELECT cekin.id...')
#1 C:\xampp\htdocs\v2\vendor\codeigniter4\framework\system\Database\BaseConnection.php(732): CodeIgniter\Database\MySQLi\Connection->execute('SELECT cekin.id...')
#2 C:\xampp\htdocs\v2\vendor\codeigniter4\framework\system\Database\BaseConnection.php(647): CodeIgniter\Database\BaseConnection->simpleQuery('SELECT cekin.id...')
#3 C:\xampp\htdocs\v2\app\Controllers\CekinController.php(302): CodeIgniter\Database\BaseConnection->query('SELECT cekin.id...')
#4 C:\xampp\htdocs\v2\vendor\codeigniter4\framework\system\CodeIgniter.php(928): App\Controllers\CekinController->htmlToPDF('29')
#5 C:\xampp\htdocs\v2\vendor\codeigniter4\framework\system\CodeIgniter.php(436): CodeIgniter\CodeIgniter->runController(Object(App\Controllers\CekinController))
#6 C:\xampp\htdocs\v2\vendor\codeigniter4\framework\system\CodeIgniter.php(336): CodeIgniter\CodeIgniter->handleRequest(NULL, Object(Config\Cache), false)
#7 C:\xampp\htdocs\v2\public\index.php(37): CodeIgniter\CodeIgniter->run()
#8 {main}
