CRITICAL - 2021-07-17 03:46:22 --> Call to undefined method CodeIgniter\Database\MySQLi\Builder::findAll()
#0 C:\xampp\htdocs\V2\vendor\codeigniter4\framework\system\CodeIgniter.php(928): App\Controllers\BagianController->index()
#1 C:\xampp\htdocs\V2\vendor\codeigniter4\framework\system\CodeIgniter.php(436): CodeIgniter\CodeIgniter->runController(Object(App\Controllers\BagianController))
#2 C:\xampp\htdocs\V2\vendor\codeigniter4\framework\system\CodeIgniter.php(336): CodeIgniter\CodeIgniter->handleRequest(NULL, Object(Config\Cache), false)
#3 C:\xampp\htdocs\V2\public\index.php(37): CodeIgniter\CodeIgniter->run()
#4 {main}
CRITICAL - 2021-07-17 03:46:30 --> Call to undefined method CodeIgniter\Database\MySQLi\Builder::getAll()
#0 C:\xampp\htdocs\V2\vendor\codeigniter4\framework\system\CodeIgniter.php(928): App\Controllers\BagianController->index()
#1 C:\xampp\htdocs\V2\vendor\codeigniter4\framework\system\CodeIgniter.php(436): CodeIgniter\CodeIgniter->runController(Object(App\Controllers\BagianController))
#2 C:\xampp\htdocs\V2\vendor\codeigniter4\framework\system\CodeIgniter.php(336): CodeIgniter\CodeIgniter->handleRequest(NULL, Object(Config\Cache), false)
#3 C:\xampp\htdocs\V2\public\index.php(37): CodeIgniter\CodeIgniter->run()
#4 {main}
CRITICAL - 2021-07-17 03:47:16 --> Undefined variable: data
#0 C:\xampp\htdocs\V2\app\Views\Bagian\data_bagian.php(29): CodeIgniter\Debug\Exceptions->errorHandler(8, 'Undefined varia...', 'C:\\xampp\\htdocs...', 29, Array)
#1 C:\xampp\htdocs\V2\vendor\codeigniter4\framework\system\View\View.php(230): include('C:\\xampp\\htdocs...')
#2 C:\xampp\htdocs\V2\vendor\codeigniter4\framework\system\View\View.php(232): CodeIgniter\View\View->CodeIgniter\View\{closure}()
#3 C:\xampp\htdocs\V2\vendor\codeigniter4\framework\system\Common.php(1271): CodeIgniter\View\View->render('Bagian/data_bag...', Array, true)
#4 C:\xampp\htdocs\V2\app\Controllers\BagianController.php(13): view('Bagian/data_bag...')
#5 C:\xampp\htdocs\V2\vendor\codeigniter4\framework\system\CodeIgniter.php(928): App\Controllers\BagianController->index()
#6 C:\xampp\htdocs\V2\vendor\codeigniter4\framework\system\CodeIgniter.php(436): CodeIgniter\CodeIgniter->runController(Object(App\Controllers\BagianController))
#7 C:\xampp\htdocs\V2\vendor\codeigniter4\framework\system\CodeIgniter.php(336): CodeIgniter\CodeIgniter->handleRequest(NULL, Object(Config\Cache), false)
#8 C:\xampp\htdocs\V2\public\index.php(37): CodeIgniter\CodeIgniter->run()
#9 {main}
CRITICAL - 2021-07-17 03:47:41 --> Undefined variable: query
#0 C:\xampp\htdocs\V2\app\Views\Bagian\data_bagian.php(29): CodeIgniter\Debug\Exceptions->errorHandler(8, 'Undefined varia...', 'C:\\xampp\\htdocs...', 29, Array)
#1 C:\xampp\htdocs\V2\vendor\codeigniter4\framework\system\View\View.php(230): include('C:\\xampp\\htdocs...')
#2 C:\xampp\htdocs\V2\vendor\codeigniter4\framework\system\View\View.php(232): CodeIgniter\View\View->CodeIgniter\View\{closure}()
#3 C:\xampp\htdocs\V2\vendor\codeigniter4\framework\system\Common.php(1271): CodeIgniter\View\View->render('Bagian/data_bag...', Array, true)
#4 C:\xampp\htdocs\V2\app\Controllers\BagianController.php(13): view('Bagian/data_bag...')
#5 C:\xampp\htdocs\V2\vendor\codeigniter4\framework\system\CodeIgniter.php(928): App\Controllers\BagianController->index()
#6 C:\xampp\htdocs\V2\vendor\codeigniter4\framework\system\CodeIgniter.php(436): CodeIgniter\CodeIgniter->runController(Object(App\Controllers\BagianController))
#7 C:\xampp\htdocs\V2\vendor\codeigniter4\framework\system\CodeIgniter.php(336): CodeIgniter\CodeIgniter->handleRequest(NULL, Object(Config\Cache), false)
#8 C:\xampp\htdocs\V2\public\index.php(37): CodeIgniter\CodeIgniter->run()
#9 {main}
CRITICAL - 2021-07-17 03:47:54 --> Argument 2 passed to view() must be of the type array, object given, called in C:\xampp\htdocs\V2\app\Controllers\BagianController.php on line 13
#0 C:\xampp\htdocs\V2\app\Controllers\BagianController.php(13): view('Bagian/data_bag...', Object(CodeIgniter\Database\MySQLi\Result))
#1 C:\xampp\htdocs\V2\vendor\codeigniter4\framework\system\CodeIgniter.php(928): App\Controllers\BagianController->index()
#2 C:\xampp\htdocs\V2\vendor\codeigniter4\framework\system\CodeIgniter.php(436): CodeIgniter\CodeIgniter->runController(Object(App\Controllers\BagianController))
#3 C:\xampp\htdocs\V2\vendor\codeigniter4\framework\system\CodeIgniter.php(336): CodeIgniter\CodeIgniter->handleRequest(NULL, Object(Config\Cache), false)
#4 C:\xampp\htdocs\V2\public\index.php(37): CodeIgniter\CodeIgniter->run()
#5 {main}
CRITICAL - 2021-07-17 03:48:41 --> Undefined variable: query
#0 C:\xampp\htdocs\V2\app\Views\Bagian\data_bagian.php(29): CodeIgniter\Debug\Exceptions->errorHandler(8, 'Undefined varia...', 'C:\\xampp\\htdocs...', 29, Array)
#1 C:\xampp\htdocs\V2\vendor\codeigniter4\framework\system\View\View.php(230): include('C:\\xampp\\htdocs...')
#2 C:\xampp\htdocs\V2\vendor\codeigniter4\framework\system\View\View.php(232): CodeIgniter\View\View->CodeIgniter\View\{closure}()
#3 C:\xampp\htdocs\V2\vendor\codeigniter4\framework\system\Common.php(1271): CodeIgniter\View\View->render('Bagian/data_bag...', Array, true)
#4 C:\xampp\htdocs\V2\app\Controllers\BagianController.php(13): view('Bagian/data_bag...', Array)
#5 C:\xampp\htdocs\V2\vendor\codeigniter4\framework\system\CodeIgniter.php(928): App\Controllers\BagianController->index()
#6 C:\xampp\htdocs\V2\vendor\codeigniter4\framework\system\CodeIgniter.php(436): CodeIgniter\CodeIgniter->runController(Object(App\Controllers\BagianController))
#7 C:\xampp\htdocs\V2\vendor\codeigniter4\framework\system\CodeIgniter.php(336): CodeIgniter\CodeIgniter->handleRequest(NULL, Object(Config\Cache), false)
#8 C:\xampp\htdocs\V2\public\index.php(37): CodeIgniter\CodeIgniter->run()
#9 {main}
CRITICAL - 2021-07-17 03:48:45 --> Undefined variable: query
#0 C:\xampp\htdocs\V2\app\Views\Bagian\data_bagian.php(29): CodeIgniter\Debug\Exceptions->errorHandler(8, 'Undefined varia...', 'C:\\xampp\\htdocs...', 29, Array)
#1 C:\xampp\htdocs\V2\vendor\codeigniter4\framework\system\View\View.php(230): include('C:\\xampp\\htdocs...')
#2 C:\xampp\htdocs\V2\vendor\codeigniter4\framework\system\View\View.php(232): CodeIgniter\View\View->CodeIgniter\View\{closure}()
#3 C:\xampp\htdocs\V2\vendor\codeigniter4\framework\system\Common.php(1271): CodeIgniter\View\View->render('Bagian/data_bag...', Array, true)
#4 C:\xampp\htdocs\V2\app\Controllers\BagianController.php(13): view('Bagian/data_bag...', Array)
#5 C:\xampp\htdocs\V2\vendor\codeigniter4\framework\system\CodeIgniter.php(928): App\Controllers\BagianController->index()
#6 C:\xampp\htdocs\V2\vendor\codeigniter4\framework\system\CodeIgniter.php(436): CodeIgniter\CodeIgniter->runController(Object(App\Controllers\BagianController))
#7 C:\xampp\htdocs\V2\vendor\codeigniter4\framework\system\CodeIgniter.php(336): CodeIgniter\CodeIgniter->handleRequest(NULL, Object(Config\Cache), false)
#8 C:\xampp\htdocs\V2\public\index.php(37): CodeIgniter\CodeIgniter->run()
#9 {main}
CRITICAL - 2021-07-17 03:52:25 --> Call to undefined method CodeIgniter\Database\MySQLi\Builder::getRow()
#0 C:\xampp\htdocs\V2\vendor\codeigniter4\framework\system\CodeIgniter.php(928): App\Controllers\BagianController->index()
#1 C:\xampp\htdocs\V2\vendor\codeigniter4\framework\system\CodeIgniter.php(436): CodeIgniter\CodeIgniter->runController(Object(App\Controllers\BagianController))
#2 C:\xampp\htdocs\V2\vendor\codeigniter4\framework\system\CodeIgniter.php(336): CodeIgniter\CodeIgniter->handleRequest(NULL, Object(Config\Cache), false)
#3 C:\xampp\htdocs\V2\public\index.php(37): CodeIgniter\CodeIgniter->run()
#4 {main}
CRITICAL - 2021-07-17 03:52:53 --> Call to undefined method CodeIgniter\Database\MySQLi\Builder::getAll()
#0 C:\xampp\htdocs\V2\vendor\codeigniter4\framework\system\CodeIgniter.php(928): App\Controllers\BagianController->index()
#1 C:\xampp\htdocs\V2\vendor\codeigniter4\framework\system\CodeIgniter.php(436): CodeIgniter\CodeIgniter->runController(Object(App\Controllers\BagianController))
#2 C:\xampp\htdocs\V2\vendor\codeigniter4\framework\system\CodeIgniter.php(336): CodeIgniter\CodeIgniter->handleRequest(NULL, Object(Config\Cache), false)
#3 C:\xampp\htdocs\V2\public\index.php(37): CodeIgniter\CodeIgniter->run()
#4 {main}
CRITICAL - 2021-07-17 03:52:58 --> Call to undefined method CodeIgniter\Database\MySQLi\Builder::findAll()
#0 C:\xampp\htdocs\V2\vendor\codeigniter4\framework\system\CodeIgniter.php(928): App\Controllers\BagianController->index()
#1 C:\xampp\htdocs\V2\vendor\codeigniter4\framework\system\CodeIgniter.php(436): CodeIgniter\CodeIgniter->runController(Object(App\Controllers\BagianController))
#2 C:\xampp\htdocs\V2\vendor\codeigniter4\framework\system\CodeIgniter.php(336): CodeIgniter\CodeIgniter->handleRequest(NULL, Object(Config\Cache), false)
#3 C:\xampp\htdocs\V2\public\index.php(37): CodeIgniter\CodeIgniter->run()
#4 {main}
CRITICAL - 2021-07-17 04:02:39 --> Undefined variable: query
#0 C:\xampp\htdocs\V2\app\Views\Bagian\data_bagian.php(29): CodeIgniter\Debug\Exceptions->errorHandler(8, 'Undefined varia...', 'C:\\xampp\\htdocs...', 29, Array)
#1 C:\xampp\htdocs\V2\vendor\codeigniter4\framework\system\View\View.php(230): include('C:\\xampp\\htdocs...')
#2 C:\xampp\htdocs\V2\vendor\codeigniter4\framework\system\View\View.php(232): CodeIgniter\View\View->CodeIgniter\View\{closure}()
#3 C:\xampp\htdocs\V2\vendor\codeigniter4\framework\system\Common.php(1271): CodeIgniter\View\View->render('Bagian/data_bag...', Array, true)
#4 C:\xampp\htdocs\V2\app\Controllers\BagianController.php(18): view('Bagian/data_bag...', Array)
#5 C:\xampp\htdocs\V2\vendor\codeigniter4\framework\system\CodeIgniter.php(928): App\Controllers\BagianController->index()
#6 C:\xampp\htdocs\V2\vendor\codeigniter4\framework\system\CodeIgniter.php(436): CodeIgniter\CodeIgniter->runController(Object(App\Controllers\BagianController))
#7 C:\xampp\htdocs\V2\vendor\codeigniter4\framework\system\CodeIgniter.php(336): CodeIgniter\CodeIgniter->handleRequest(NULL, Object(Config\Cache), false)
#8 C:\xampp\htdocs\V2\public\index.php(37): CodeIgniter\CodeIgniter->run()
#9 {main}
CRITICAL - 2021-07-17 07:24:32 --> Call to undefined function set_value()
#0 C:\xampp\htdocs\V2\vendor\codeigniter4\framework\system\View\View.php(230): include()
#1 C:\xampp\htdocs\V2\vendor\codeigniter4\framework\system\View\View.php(232): CodeIgniter\View\View->CodeIgniter\View\{closure}()
#2 C:\xampp\htdocs\V2\vendor\codeigniter4\framework\system\Common.php(1271): CodeIgniter\View\View->render('Auth/login', Array, true)
#3 C:\xampp\htdocs\V2\app\Controllers\AuthController.php(11): view('Auth/login')
#4 C:\xampp\htdocs\V2\vendor\codeigniter4\framework\system\CodeIgniter.php(928): App\Controllers\AuthController->index()
#5 C:\xampp\htdocs\V2\vendor\codeigniter4\framework\system\CodeIgniter.php(436): CodeIgniter\CodeIgniter->runController(Object(App\Controllers\AuthController))
#6 C:\xampp\htdocs\V2\vendor\codeigniter4\framework\system\CodeIgniter.php(336): CodeIgniter\CodeIgniter->handleRequest(NULL, Object(Config\Cache), false)
#7 C:\xampp\htdocs\V2\public\index.php(37): CodeIgniter\CodeIgniter->run()
#8 {main}
