ERROR - 2021-09-03 08:43:34 --> You have an error in your SQL syntax; check the manual that corresponds to your MariaDB server version for the right syntax to use near 'as data1' at line 1
CRITICAL - 2021-09-03 08:43:34 --> You have an error in your SQL syntax; check the manual that corresponds to your MariaDB server version for the right syntax to use near 'as data1' at line 1
#0 C:\xampp\htdocs\v2\vendor\codeigniter4\framework\system\Database\MySQLi\Connection.php(329): mysqli->query('SELECT cekin.id...')
#1 C:\xampp\htdocs\v2\vendor\codeigniter4\framework\system\Database\BaseConnection.php(732): CodeIgniter\Database\MySQLi\Connection->execute('SELECT cekin.id...')
#2 C:\xampp\htdocs\v2\vendor\codeigniter4\framework\system\Database\BaseConnection.php(647): CodeIgniter\Database\BaseConnection->simpleQuery('SELECT cekin.id...')
#3 C:\xampp\htdocs\v2\app\Controllers\DashboardController.php(11): CodeIgniter\Database\BaseConnection->query('SELECT cekin.id...')
#4 C:\xampp\htdocs\v2\vendor\codeigniter4\framework\system\CodeIgniter.php(928): App\Controllers\DashboardController->index()
#5 C:\xampp\htdocs\v2\vendor\codeigniter4\framework\system\CodeIgniter.php(436): CodeIgniter\CodeIgniter->runController(Object(App\Controllers\DashboardController))
#6 C:\xampp\htdocs\v2\vendor\codeigniter4\framework\system\CodeIgniter.php(336): CodeIgniter\CodeIgniter->handleRequest(NULL, Object(Config\Cache), false)
#7 C:\xampp\htdocs\v2\public\index.php(37): CodeIgniter\CodeIgniter->run()
#8 {main}
ERROR - 2021-09-03 08:43:59 --> You have an error in your SQL syntax; check the manual that corresponds to your MariaDB server version for the right syntax to use near 'as data' at line 1
CRITICAL - 2021-09-03 08:43:59 --> You have an error in your SQL syntax; check the manual that corresponds to your MariaDB server version for the right syntax to use near 'as data' at line 1
#0 C:\xampp\htdocs\v2\vendor\codeigniter4\framework\system\Database\MySQLi\Connection.php(329): mysqli->query('SELECT cekin.id...')
#1 C:\xampp\htdocs\v2\vendor\codeigniter4\framework\system\Database\BaseConnection.php(732): CodeIgniter\Database\MySQLi\Connection->execute('SELECT cekin.id...')
#2 C:\xampp\htdocs\v2\vendor\codeigniter4\framework\system\Database\BaseConnection.php(647): CodeIgniter\Database\BaseConnection->simpleQuery('SELECT cekin.id...')
#3 C:\xampp\htdocs\v2\app\Controllers\DashboardController.php(11): CodeIgniter\Database\BaseConnection->query('SELECT cekin.id...')
#4 C:\xampp\htdocs\v2\vendor\codeigniter4\framework\system\CodeIgniter.php(928): App\Controllers\DashboardController->index()
#5 C:\xampp\htdocs\v2\vendor\codeigniter4\framework\system\CodeIgniter.php(436): CodeIgniter\CodeIgniter->runController(Object(App\Controllers\DashboardController))
#6 C:\xampp\htdocs\v2\vendor\codeigniter4\framework\system\CodeIgniter.php(336): CodeIgniter\CodeIgniter->handleRequest(NULL, Object(Config\Cache), false)
#7 C:\xampp\htdocs\v2\public\index.php(37): CodeIgniter\CodeIgniter->run()
#8 {main}
ERROR - 2021-09-03 08:44:00 --> You have an error in your SQL syntax; check the manual that corresponds to your MariaDB server version for the right syntax to use near 'as data' at line 1
CRITICAL - 2021-09-03 08:44:00 --> You have an error in your SQL syntax; check the manual that corresponds to your MariaDB server version for the right syntax to use near 'as data' at line 1
#0 C:\xampp\htdocs\v2\vendor\codeigniter4\framework\system\Database\MySQLi\Connection.php(329): mysqli->query('SELECT cekin.id...')
#1 C:\xampp\htdocs\v2\vendor\codeigniter4\framework\system\Database\BaseConnection.php(732): CodeIgniter\Database\MySQLi\Connection->execute('SELECT cekin.id...')
#2 C:\xampp\htdocs\v2\vendor\codeigniter4\framework\system\Database\BaseConnection.php(647): CodeIgniter\Database\BaseConnection->simpleQuery('SELECT cekin.id...')
#3 C:\xampp\htdocs\v2\app\Controllers\DashboardController.php(11): CodeIgniter\Database\BaseConnection->query('SELECT cekin.id...')
#4 C:\xampp\htdocs\v2\vendor\codeigniter4\framework\system\CodeIgniter.php(928): App\Controllers\DashboardController->index()
#5 C:\xampp\htdocs\v2\vendor\codeigniter4\framework\system\CodeIgniter.php(436): CodeIgniter\CodeIgniter->runController(Object(App\Controllers\DashboardController))
#6 C:\xampp\htdocs\v2\vendor\codeigniter4\framework\system\CodeIgniter.php(336): CodeIgniter\CodeIgniter->handleRequest(NULL, Object(Config\Cache), false)
#7 C:\xampp\htdocs\v2\public\index.php(37): CodeIgniter\CodeIgniter->run()
#8 {main}
ERROR - 2021-09-03 08:44:45 --> You have an error in your SQL syntax; check the manual that corresponds to your MariaDB server version for the right syntax to use near 'as table_1' at line 1
CRITICAL - 2021-09-03 08:44:45 --> You have an error in your SQL syntax; check the manual that corresponds to your MariaDB server version for the right syntax to use near 'as table_1' at line 1
#0 C:\xampp\htdocs\v2\vendor\codeigniter4\framework\system\Database\MySQLi\Connection.php(329): mysqli->query('SELECT cekin.id...')
#1 C:\xampp\htdocs\v2\vendor\codeigniter4\framework\system\Database\BaseConnection.php(732): CodeIgniter\Database\MySQLi\Connection->execute('SELECT cekin.id...')
#2 C:\xampp\htdocs\v2\vendor\codeigniter4\framework\system\Database\BaseConnection.php(647): CodeIgniter\Database\BaseConnection->simpleQuery('SELECT cekin.id...')
#3 C:\xampp\htdocs\v2\app\Controllers\DashboardController.php(11): CodeIgniter\Database\BaseConnection->query('SELECT cekin.id...')
#4 C:\xampp\htdocs\v2\vendor\codeigniter4\framework\system\CodeIgniter.php(928): App\Controllers\DashboardController->index()
#5 C:\xampp\htdocs\v2\vendor\codeigniter4\framework\system\CodeIgniter.php(436): CodeIgniter\CodeIgniter->runController(Object(App\Controllers\DashboardController))
#6 C:\xampp\htdocs\v2\vendor\codeigniter4\framework\system\CodeIgniter.php(336): CodeIgniter\CodeIgniter->handleRequest(NULL, Object(Config\Cache), false)
#7 C:\xampp\htdocs\v2\public\index.php(37): CodeIgniter\CodeIgniter->run()
#8 {main}
ERROR - 2021-09-03 08:44:46 --> You have an error in your SQL syntax; check the manual that corresponds to your MariaDB server version for the right syntax to use near 'as table_1' at line 1
CRITICAL - 2021-09-03 08:44:46 --> You have an error in your SQL syntax; check the manual that corresponds to your MariaDB server version for the right syntax to use near 'as table_1' at line 1
#0 C:\xampp\htdocs\v2\vendor\codeigniter4\framework\system\Database\MySQLi\Connection.php(329): mysqli->query('SELECT cekin.id...')
#1 C:\xampp\htdocs\v2\vendor\codeigniter4\framework\system\Database\BaseConnection.php(732): CodeIgniter\Database\MySQLi\Connection->execute('SELECT cekin.id...')
#2 C:\xampp\htdocs\v2\vendor\codeigniter4\framework\system\Database\BaseConnection.php(647): CodeIgniter\Database\BaseConnection->simpleQuery('SELECT cekin.id...')
#3 C:\xampp\htdocs\v2\app\Controllers\DashboardController.php(11): CodeIgniter\Database\BaseConnection->query('SELECT cekin.id...')
#4 C:\xampp\htdocs\v2\vendor\codeigniter4\framework\system\CodeIgniter.php(928): App\Controllers\DashboardController->index()
#5 C:\xampp\htdocs\v2\vendor\codeigniter4\framework\system\CodeIgniter.php(436): CodeIgniter\CodeIgniter->runController(Object(App\Controllers\DashboardController))
#6 C:\xampp\htdocs\v2\vendor\codeigniter4\framework\system\CodeIgniter.php(336): CodeIgniter\CodeIgniter->handleRequest(NULL, Object(Config\Cache), false)
#7 C:\xampp\htdocs\v2\public\index.php(37): CodeIgniter\CodeIgniter->run()
#8 {main}
ERROR - 2021-09-03 08:44:46 --> You have an error in your SQL syntax; check the manual that corresponds to your MariaDB server version for the right syntax to use near 'as table_1' at line 1
CRITICAL - 2021-09-03 08:44:46 --> You have an error in your SQL syntax; check the manual that corresponds to your MariaDB server version for the right syntax to use near 'as table_1' at line 1
#0 C:\xampp\htdocs\v2\vendor\codeigniter4\framework\system\Database\MySQLi\Connection.php(329): mysqli->query('SELECT cekin.id...')
#1 C:\xampp\htdocs\v2\vendor\codeigniter4\framework\system\Database\BaseConnection.php(732): CodeIgniter\Database\MySQLi\Connection->execute('SELECT cekin.id...')
#2 C:\xampp\htdocs\v2\vendor\codeigniter4\framework\system\Database\BaseConnection.php(647): CodeIgniter\Database\BaseConnection->simpleQuery('SELECT cekin.id...')
#3 C:\xampp\htdocs\v2\app\Controllers\DashboardController.php(11): CodeIgniter\Database\BaseConnection->query('SELECT cekin.id...')
#4 C:\xampp\htdocs\v2\vendor\codeigniter4\framework\system\CodeIgniter.php(928): App\Controllers\DashboardController->index()
#5 C:\xampp\htdocs\v2\vendor\codeigniter4\framework\system\CodeIgniter.php(436): CodeIgniter\CodeIgniter->runController(Object(App\Controllers\DashboardController))
#6 C:\xampp\htdocs\v2\vendor\codeigniter4\framework\system\CodeIgniter.php(336): CodeIgniter\CodeIgniter->handleRequest(NULL, Object(Config\Cache), false)
#7 C:\xampp\htdocs\v2\public\index.php(37): CodeIgniter\CodeIgniter->run()
#8 {main}
ERROR - 2021-09-03 08:44:46 --> You have an error in your SQL syntax; check the manual that corresponds to your MariaDB server version for the right syntax to use near 'as table_1' at line 1
CRITICAL - 2021-09-03 08:44:46 --> You have an error in your SQL syntax; check the manual that corresponds to your MariaDB server version for the right syntax to use near 'as table_1' at line 1
#0 C:\xampp\htdocs\v2\vendor\codeigniter4\framework\system\Database\MySQLi\Connection.php(329): mysqli->query('SELECT cekin.id...')
#1 C:\xampp\htdocs\v2\vendor\codeigniter4\framework\system\Database\BaseConnection.php(732): CodeIgniter\Database\MySQLi\Connection->execute('SELECT cekin.id...')
#2 C:\xampp\htdocs\v2\vendor\codeigniter4\framework\system\Database\BaseConnection.php(647): CodeIgniter\Database\BaseConnection->simpleQuery('SELECT cekin.id...')
#3 C:\xampp\htdocs\v2\app\Controllers\DashboardController.php(11): CodeIgniter\Database\BaseConnection->query('SELECT cekin.id...')
#4 C:\xampp\htdocs\v2\vendor\codeigniter4\framework\system\CodeIgniter.php(928): App\Controllers\DashboardController->index()
#5 C:\xampp\htdocs\v2\vendor\codeigniter4\framework\system\CodeIgniter.php(436): CodeIgniter\CodeIgniter->runController(Object(App\Controllers\DashboardController))
#6 C:\xampp\htdocs\v2\vendor\codeigniter4\framework\system\CodeIgniter.php(336): CodeIgniter\CodeIgniter->handleRequest(NULL, Object(Config\Cache), false)
#7 C:\xampp\htdocs\v2\public\index.php(37): CodeIgniter\CodeIgniter->run()
#8 {main}
ERROR - 2021-09-03 08:50:29 --> You have an error in your SQL syntax; check the manual that corresponds to your MariaDB server version for the right syntax to use near 'as table_1 SELECT COUNT(*) FROM table_1 WHERE table_1.status = "Cekin"' at line 1
CRITICAL - 2021-09-03 08:50:29 --> You have an error in your SQL syntax; check the manual that corresponds to your MariaDB server version for the right syntax to use near 'as table_1 SELECT COUNT(*) FROM table_1 WHERE table_1.status = "Cekin"' at line 1
#0 C:\xampp\htdocs\v2\vendor\codeigniter4\framework\system\Database\MySQLi\Connection.php(329): mysqli->query('SELECT cekin.id...')
#1 C:\xampp\htdocs\v2\vendor\codeigniter4\framework\system\Database\BaseConnection.php(732): CodeIgniter\Database\MySQLi\Connection->execute('SELECT cekin.id...')
#2 C:\xampp\htdocs\v2\vendor\codeigniter4\framework\system\Database\BaseConnection.php(647): CodeIgniter\Database\BaseConnection->simpleQuery('SELECT cekin.id...')
#3 C:\xampp\htdocs\v2\app\Controllers\DashboardController.php(11): CodeIgniter\Database\BaseConnection->query('SELECT cekin.id...')
#4 C:\xampp\htdocs\v2\vendor\codeigniter4\framework\system\CodeIgniter.php(928): App\Controllers\DashboardController->index()
#5 C:\xampp\htdocs\v2\vendor\codeigniter4\framework\system\CodeIgniter.php(436): CodeIgniter\CodeIgniter->runController(Object(App\Controllers\DashboardController))
#6 C:\xampp\htdocs\v2\vendor\codeigniter4\framework\system\CodeIgniter.php(336): CodeIgniter\CodeIgniter->handleRequest(NULL, Object(Config\Cache), false)
#7 C:\xampp\htdocs\v2\public\index.php(37): CodeIgniter\CodeIgniter->run()
#8 {main}
ERROR - 2021-09-03 08:54:25 --> You have an error in your SQL syntax; check the manual that corresponds to your MariaDB server version for the right syntax to use near 'as table_1' at line 1
CRITICAL - 2021-09-03 08:54:25 --> You have an error in your SQL syntax; check the manual that corresponds to your MariaDB server version for the right syntax to use near 'as table_1' at line 1
#0 C:\xampp\htdocs\v2\vendor\codeigniter4\framework\system\Database\MySQLi\Connection.php(329): mysqli->query('SELECT cekin.id...')
#1 C:\xampp\htdocs\v2\vendor\codeigniter4\framework\system\Database\BaseConnection.php(732): CodeIgniter\Database\MySQLi\Connection->execute('SELECT cekin.id...')
#2 C:\xampp\htdocs\v2\vendor\codeigniter4\framework\system\Database\BaseConnection.php(647): CodeIgniter\Database\BaseConnection->simpleQuery('SELECT cekin.id...')
#3 C:\xampp\htdocs\v2\app\Controllers\DashboardController.php(11): CodeIgniter\Database\BaseConnection->query('SELECT cekin.id...')
#4 C:\xampp\htdocs\v2\vendor\codeigniter4\framework\system\CodeIgniter.php(928): App\Controllers\DashboardController->index()
#5 C:\xampp\htdocs\v2\vendor\codeigniter4\framework\system\CodeIgniter.php(436): CodeIgniter\CodeIgniter->runController(Object(App\Controllers\DashboardController))
#6 C:\xampp\htdocs\v2\vendor\codeigniter4\framework\system\CodeIgniter.php(336): CodeIgniter\CodeIgniter->handleRequest(NULL, Object(Config\Cache), false)
#7 C:\xampp\htdocs\v2\public\index.php(37): CodeIgniter\CodeIgniter->run()
#8 {main}
ERROR - 2021-09-03 09:43:03 --> You have an error in your SQL syntax; check the manual that corresponds to your MariaDB server version for the right syntax to use near 'AS T WHERE T.status = "Cekin"' at line 1
CRITICAL - 2021-09-03 09:43:03 --> You have an error in your SQL syntax; check the manual that corresponds to your MariaDB server version for the right syntax to use near 'AS T WHERE T.status = "Cekin"' at line 1
#0 C:\xampp\htdocs\v2\vendor\codeigniter4\framework\system\Database\MySQLi\Connection.php(329): mysqli->query('SELECT COUNT(*)...')
#1 C:\xampp\htdocs\v2\vendor\codeigniter4\framework\system\Database\BaseConnection.php(732): CodeIgniter\Database\MySQLi\Connection->execute('SELECT COUNT(*)...')
#2 C:\xampp\htdocs\v2\vendor\codeigniter4\framework\system\Database\BaseConnection.php(647): CodeIgniter\Database\BaseConnection->simpleQuery('SELECT COUNT(*)...')
#3 C:\xampp\htdocs\v2\app\Controllers\DashboardController.php(11): CodeIgniter\Database\BaseConnection->query('SELECT COUNT(*)...')
#4 C:\xampp\htdocs\v2\vendor\codeigniter4\framework\system\CodeIgniter.php(928): App\Controllers\DashboardController->index()
#5 C:\xampp\htdocs\v2\vendor\codeigniter4\framework\system\CodeIgniter.php(436): CodeIgniter\CodeIgniter->runController(Object(App\Controllers\DashboardController))
#6 C:\xampp\htdocs\v2\vendor\codeigniter4\framework\system\CodeIgniter.php(336): CodeIgniter\CodeIgniter->handleRequest(NULL, Object(Config\Cache), false)
#7 C:\xampp\htdocs\v2\public\index.php(37): CodeIgniter\CodeIgniter->run()
#8 {main}
ERROR - 2021-09-03 09:43:17 --> You have an error in your SQL syntax; check the manual that corresponds to your MariaDB server version for the right syntax to use near 'DATE(NOW) AS T WHERE T.status = "Cekin"' at line 1
CRITICAL - 2021-09-03 09:43:17 --> You have an error in your SQL syntax; check the manual that corresponds to your MariaDB server version for the right syntax to use near 'DATE(NOW) AS T WHERE T.status = "Cekin"' at line 1
#0 C:\xampp\htdocs\v2\vendor\codeigniter4\framework\system\Database\MySQLi\Connection.php(329): mysqli->query('SELECT COUNT(*)...')
#1 C:\xampp\htdocs\v2\vendor\codeigniter4\framework\system\Database\BaseConnection.php(732): CodeIgniter\Database\MySQLi\Connection->execute('SELECT COUNT(*)...')
#2 C:\xampp\htdocs\v2\vendor\codeigniter4\framework\system\Database\BaseConnection.php(647): CodeIgniter\Database\BaseConnection->simpleQuery('SELECT COUNT(*)...')
#3 C:\xampp\htdocs\v2\app\Controllers\DashboardController.php(11): CodeIgniter\Database\BaseConnection->query('SELECT COUNT(*)...')
#4 C:\xampp\htdocs\v2\vendor\codeigniter4\framework\system\CodeIgniter.php(928): App\Controllers\DashboardController->index()
#5 C:\xampp\htdocs\v2\vendor\codeigniter4\framework\system\CodeIgniter.php(436): CodeIgniter\CodeIgniter->runController(Object(App\Controllers\DashboardController))
#6 C:\xampp\htdocs\v2\vendor\codeigniter4\framework\system\CodeIgniter.php(336): CodeIgniter\CodeIgniter->handleRequest(NULL, Object(Config\Cache), false)
#7 C:\xampp\htdocs\v2\public\index.php(37): CodeIgniter\CodeIgniter->run()
#8 {main}
ERROR - 2021-09-03 09:43:18 --> You have an error in your SQL syntax; check the manual that corresponds to your MariaDB server version for the right syntax to use near 'DATE(NOW) AS T WHERE T.status = "Cekin"' at line 1
CRITICAL - 2021-09-03 09:43:18 --> You have an error in your SQL syntax; check the manual that corresponds to your MariaDB server version for the right syntax to use near 'DATE(NOW) AS T WHERE T.status = "Cekin"' at line 1
#0 C:\xampp\htdocs\v2\vendor\codeigniter4\framework\system\Database\MySQLi\Connection.php(329): mysqli->query('SELECT COUNT(*)...')
#1 C:\xampp\htdocs\v2\vendor\codeigniter4\framework\system\Database\BaseConnection.php(732): CodeIgniter\Database\MySQLi\Connection->execute('SELECT COUNT(*)...')
#2 C:\xampp\htdocs\v2\vendor\codeigniter4\framework\system\Database\BaseConnection.php(647): CodeIgniter\Database\BaseConnection->simpleQuery('SELECT COUNT(*)...')
#3 C:\xampp\htdocs\v2\app\Controllers\DashboardController.php(11): CodeIgniter\Database\BaseConnection->query('SELECT COUNT(*)...')
#4 C:\xampp\htdocs\v2\vendor\codeigniter4\framework\system\CodeIgniter.php(928): App\Controllers\DashboardController->index()
#5 C:\xampp\htdocs\v2\vendor\codeigniter4\framework\system\CodeIgniter.php(436): CodeIgniter\CodeIgniter->runController(Object(App\Controllers\DashboardController))
#6 C:\xampp\htdocs\v2\vendor\codeigniter4\framework\system\CodeIgniter.php(336): CodeIgniter\CodeIgniter->handleRequest(NULL, Object(Config\Cache), false)
#7 C:\xampp\htdocs\v2\public\index.php(37): CodeIgniter\CodeIgniter->run()
#8 {main}
ERROR - 2021-09-03 09:43:18 --> You have an error in your SQL syntax; check the manual that corresponds to your MariaDB server version for the right syntax to use near 'DATE(NOW) AS T WHERE T.status = "Cekin"' at line 1
CRITICAL - 2021-09-03 09:43:18 --> You have an error in your SQL syntax; check the manual that corresponds to your MariaDB server version for the right syntax to use near 'DATE(NOW) AS T WHERE T.status = "Cekin"' at line 1
#0 C:\xampp\htdocs\v2\vendor\codeigniter4\framework\system\Database\MySQLi\Connection.php(329): mysqli->query('SELECT COUNT(*)...')
#1 C:\xampp\htdocs\v2\vendor\codeigniter4\framework\system\Database\BaseConnection.php(732): CodeIgniter\Database\MySQLi\Connection->execute('SELECT COUNT(*)...')
#2 C:\xampp\htdocs\v2\vendor\codeigniter4\framework\system\Database\BaseConnection.php(647): CodeIgniter\Database\BaseConnection->simpleQuery('SELECT COUNT(*)...')
#3 C:\xampp\htdocs\v2\app\Controllers\DashboardController.php(11): CodeIgniter\Database\BaseConnection->query('SELECT COUNT(*)...')
#4 C:\xampp\htdocs\v2\vendor\codeigniter4\framework\system\CodeIgniter.php(928): App\Controllers\DashboardController->index()
#5 C:\xampp\htdocs\v2\vendor\codeigniter4\framework\system\CodeIgniter.php(436): CodeIgniter\CodeIgniter->runController(Object(App\Controllers\DashboardController))
#6 C:\xampp\htdocs\v2\vendor\codeigniter4\framework\system\CodeIgniter.php(336): CodeIgniter\CodeIgniter->handleRequest(NULL, Object(Config\Cache), false)
#7 C:\xampp\htdocs\v2\public\index.php(37): CodeIgniter\CodeIgniter->run()
#8 {main}
ERROR - 2021-09-03 09:43:18 --> You have an error in your SQL syntax; check the manual that corresponds to your MariaDB server version for the right syntax to use near 'DATE(NOW) AS T WHERE T.status = "Cekin"' at line 1
CRITICAL - 2021-09-03 09:43:18 --> You have an error in your SQL syntax; check the manual that corresponds to your MariaDB server version for the right syntax to use near 'DATE(NOW) AS T WHERE T.status = "Cekin"' at line 1
#0 C:\xampp\htdocs\v2\vendor\codeigniter4\framework\system\Database\MySQLi\Connection.php(329): mysqli->query('SELECT COUNT(*)...')
#1 C:\xampp\htdocs\v2\vendor\codeigniter4\framework\system\Database\BaseConnection.php(732): CodeIgniter\Database\MySQLi\Connection->execute('SELECT COUNT(*)...')
#2 C:\xampp\htdocs\v2\vendor\codeigniter4\framework\system\Database\BaseConnection.php(647): CodeIgniter\Database\BaseConnection->simpleQuery('SELECT COUNT(*)...')
#3 C:\xampp\htdocs\v2\app\Controllers\DashboardController.php(11): CodeIgniter\Database\BaseConnection->query('SELECT COUNT(*)...')
#4 C:\xampp\htdocs\v2\vendor\codeigniter4\framework\system\CodeIgniter.php(928): App\Controllers\DashboardController->index()
#5 C:\xampp\htdocs\v2\vendor\codeigniter4\framework\system\CodeIgniter.php(436): CodeIgniter\CodeIgniter->runController(Object(App\Controllers\DashboardController))
#6 C:\xampp\htdocs\v2\vendor\codeigniter4\framework\system\CodeIgniter.php(336): CodeIgniter\CodeIgniter->handleRequest(NULL, Object(Config\Cache), false)
#7 C:\xampp\htdocs\v2\public\index.php(37): CodeIgniter\CodeIgniter->run()
#8 {main}
ERROR - 2021-09-03 09:44:52 --> You have an error in your SQL syntax; check the manual that corresponds to your MariaDB server version for the right syntax to use near 'AS T WHERE T.status = "Cekin"' at line 1
CRITICAL - 2021-09-03 09:44:52 --> You have an error in your SQL syntax; check the manual that corresponds to your MariaDB server version for the right syntax to use near 'AS T WHERE T.status = "Cekin"' at line 1
#0 C:\xampp\htdocs\v2\vendor\codeigniter4\framework\system\Database\MySQLi\Connection.php(329): mysqli->query('SELECT COUNT(*)...')
#1 C:\xampp\htdocs\v2\vendor\codeigniter4\framework\system\Database\BaseConnection.php(732): CodeIgniter\Database\MySQLi\Connection->execute('SELECT COUNT(*)...')
#2 C:\xampp\htdocs\v2\vendor\codeigniter4\framework\system\Database\BaseConnection.php(647): CodeIgniter\Database\BaseConnection->simpleQuery('SELECT COUNT(*)...')
#3 C:\xampp\htdocs\v2\app\Controllers\DashboardController.php(11): CodeIgniter\Database\BaseConnection->query('SELECT COUNT(*)...')
#4 C:\xampp\htdocs\v2\vendor\codeigniter4\framework\system\CodeIgniter.php(928): App\Controllers\DashboardController->index()
#5 C:\xampp\htdocs\v2\vendor\codeigniter4\framework\system\CodeIgniter.php(436): CodeIgniter\CodeIgniter->runController(Object(App\Controllers\DashboardController))
#6 C:\xampp\htdocs\v2\vendor\codeigniter4\framework\system\CodeIgniter.php(336): CodeIgniter\CodeIgniter->handleRequest(NULL, Object(Config\Cache), false)
#7 C:\xampp\htdocs\v2\public\index.php(37): CodeIgniter\CodeIgniter->run()
#8 {main}
