CRITICAL - 2021-08-28 03:55:45 --> print_r() expects at least 1 parameter, 0 given
#0 [internal function]: CodeIgniter\Debug\Exceptions->errorHandler(2, 'print_r() expec...', 'C:\\xampp\\htdocs...', 84, Array)
#1 C:\xampp\htdocs\v2\app\Views\Cekin\v_cekin.php(84): print_r()
#2 C:\xampp\htdocs\v2\vendor\codeigniter4\framework\system\View\View.php(230): include('C:\\xampp\\htdocs...')
#3 C:\xampp\htdocs\v2\vendor\codeigniter4\framework\system\View\View.php(232): CodeIgniter\View\View->CodeIgniter\View\{closure}()
#4 C:\xampp\htdocs\v2\vendor\codeigniter4\framework\system\Common.php(1271): CodeIgniter\View\View->render('Cekin/v_cekin', Array, true)
#5 C:\xampp\htdocs\v2\app\Controllers\CekinController.php(33): view('Cekin/v_cekin', Array)
#6 C:\xampp\htdocs\v2\vendor\codeigniter4\framework\system\CodeIgniter.php(928): App\Controllers\CekinController->index()
#7 C:\xampp\htdocs\v2\vendor\codeigniter4\framework\system\CodeIgniter.php(436): CodeIgniter\CodeIgniter->runController(Object(App\Controllers\CekinController))
#8 C:\xampp\htdocs\v2\vendor\codeigniter4\framework\system\CodeIgniter.php(336): CodeIgniter\CodeIgniter->handleRequest(NULL, Object(Config\Cache), false)
#9 C:\xampp\htdocs\v2\public\index.php(37): CodeIgniter\CodeIgniter->run()
#10 {main}
CRITICAL - 2021-08-28 03:55:57 --> Undefined variable: query
#0 C:\xampp\htdocs\v2\app\Views\Cekin\v_cekin.php(84): CodeIgniter\Debug\Exceptions->errorHandler(8, 'Undefined varia...', 'C:\\xampp\\htdocs...', 84, Array)
#1 C:\xampp\htdocs\v2\vendor\codeigniter4\framework\system\View\View.php(230): include('C:\\xampp\\htdocs...')
#2 C:\xampp\htdocs\v2\vendor\codeigniter4\framework\system\View\View.php(232): CodeIgniter\View\View->CodeIgniter\View\{closure}()
#3 C:\xampp\htdocs\v2\vendor\codeigniter4\framework\system\Common.php(1271): CodeIgniter\View\View->render('Cekin/v_cekin', Array, true)
#4 C:\xampp\htdocs\v2\app\Controllers\CekinController.php(33): view('Cekin/v_cekin', Array)
#5 C:\xampp\htdocs\v2\vendor\codeigniter4\framework\system\CodeIgniter.php(928): App\Controllers\CekinController->index()
#6 C:\xampp\htdocs\v2\vendor\codeigniter4\framework\system\CodeIgniter.php(436): CodeIgniter\CodeIgniter->runController(Object(App\Controllers\CekinController))
#7 C:\xampp\htdocs\v2\vendor\codeigniter4\framework\system\CodeIgniter.php(336): CodeIgniter\CodeIgniter->handleRequest(NULL, Object(Config\Cache), false)
#8 C:\xampp\htdocs\v2\public\index.php(37): CodeIgniter\CodeIgniter->run()
#9 {main}
CRITICAL - 2021-08-28 03:57:00 --> Undefined variable: query
#0 C:\xampp\htdocs\v2\app\Views\Cekin\v_cekin.php(84): CodeIgniter\Debug\Exceptions->errorHandler(8, 'Undefined varia...', 'C:\\xampp\\htdocs...', 84, Array)
#1 C:\xampp\htdocs\v2\vendor\codeigniter4\framework\system\View\View.php(230): include('C:\\xampp\\htdocs...')
#2 C:\xampp\htdocs\v2\vendor\codeigniter4\framework\system\View\View.php(232): CodeIgniter\View\View->CodeIgniter\View\{closure}()
#3 C:\xampp\htdocs\v2\vendor\codeigniter4\framework\system\Common.php(1271): CodeIgniter\View\View->render('Cekin/v_cekin', Array, true)
#4 C:\xampp\htdocs\v2\app\Controllers\CekinController.php(33): view('Cekin/v_cekin', Array)
#5 C:\xampp\htdocs\v2\vendor\codeigniter4\framework\system\CodeIgniter.php(928): App\Controllers\CekinController->index()
#6 C:\xampp\htdocs\v2\vendor\codeigniter4\framework\system\CodeIgniter.php(436): CodeIgniter\CodeIgniter->runController(Object(App\Controllers\CekinController))
#7 C:\xampp\htdocs\v2\vendor\codeigniter4\framework\system\CodeIgniter.php(336): CodeIgniter\CodeIgniter->handleRequest(NULL, Object(Config\Cache), false)
#8 C:\xampp\htdocs\v2\public\index.php(37): CodeIgniter\CodeIgniter->run()
#9 {main}
CRITICAL - 2021-08-28 03:57:01 --> Undefined variable: query
#0 C:\xampp\htdocs\v2\app\Views\Cekin\v_cekin.php(84): CodeIgniter\Debug\Exceptions->errorHandler(8, 'Undefined varia...', 'C:\\xampp\\htdocs...', 84, Array)
#1 C:\xampp\htdocs\v2\vendor\codeigniter4\framework\system\View\View.php(230): include('C:\\xampp\\htdocs...')
#2 C:\xampp\htdocs\v2\vendor\codeigniter4\framework\system\View\View.php(232): CodeIgniter\View\View->CodeIgniter\View\{closure}()
#3 C:\xampp\htdocs\v2\vendor\codeigniter4\framework\system\Common.php(1271): CodeIgniter\View\View->render('Cekin/v_cekin', Array, true)
#4 C:\xampp\htdocs\v2\app\Controllers\CekinController.php(33): view('Cekin/v_cekin', Array)
#5 C:\xampp\htdocs\v2\vendor\codeigniter4\framework\system\CodeIgniter.php(928): App\Controllers\CekinController->index()
#6 C:\xampp\htdocs\v2\vendor\codeigniter4\framework\system\CodeIgniter.php(436): CodeIgniter\CodeIgniter->runController(Object(App\Controllers\CekinController))
#7 C:\xampp\htdocs\v2\vendor\codeigniter4\framework\system\CodeIgniter.php(336): CodeIgniter\CodeIgniter->handleRequest(NULL, Object(Config\Cache), false)
#8 C:\xampp\htdocs\v2\public\index.php(37): CodeIgniter\CodeIgniter->run()
#9 {main}
CRITICAL - 2021-08-28 03:57:01 --> Undefined variable: query
#0 C:\xampp\htdocs\v2\app\Views\Cekin\v_cekin.php(84): CodeIgniter\Debug\Exceptions->errorHandler(8, 'Undefined varia...', 'C:\\xampp\\htdocs...', 84, Array)
#1 C:\xampp\htdocs\v2\vendor\codeigniter4\framework\system\View\View.php(230): include('C:\\xampp\\htdocs...')
#2 C:\xampp\htdocs\v2\vendor\codeigniter4\framework\system\View\View.php(232): CodeIgniter\View\View->CodeIgniter\View\{closure}()
#3 C:\xampp\htdocs\v2\vendor\codeigniter4\framework\system\Common.php(1271): CodeIgniter\View\View->render('Cekin/v_cekin', Array, true)
#4 C:\xampp\htdocs\v2\app\Controllers\CekinController.php(33): view('Cekin/v_cekin', Array)
#5 C:\xampp\htdocs\v2\vendor\codeigniter4\framework\system\CodeIgniter.php(928): App\Controllers\CekinController->index()
#6 C:\xampp\htdocs\v2\vendor\codeigniter4\framework\system\CodeIgniter.php(436): CodeIgniter\CodeIgniter->runController(Object(App\Controllers\CekinController))
#7 C:\xampp\htdocs\v2\vendor\codeigniter4\framework\system\CodeIgniter.php(336): CodeIgniter\CodeIgniter->handleRequest(NULL, Object(Config\Cache), false)
#8 C:\xampp\htdocs\v2\public\index.php(37): CodeIgniter\CodeIgniter->run()
#9 {main}
CRITICAL - 2021-08-28 03:57:02 --> Undefined variable: query
#0 C:\xampp\htdocs\v2\app\Views\Cekin\v_cekin.php(84): CodeIgniter\Debug\Exceptions->errorHandler(8, 'Undefined varia...', 'C:\\xampp\\htdocs...', 84, Array)
#1 C:\xampp\htdocs\v2\vendor\codeigniter4\framework\system\View\View.php(230): include('C:\\xampp\\htdocs...')
#2 C:\xampp\htdocs\v2\vendor\codeigniter4\framework\system\View\View.php(232): CodeIgniter\View\View->CodeIgniter\View\{closure}()
#3 C:\xampp\htdocs\v2\vendor\codeigniter4\framework\system\Common.php(1271): CodeIgniter\View\View->render('Cekin/v_cekin', Array, true)
#4 C:\xampp\htdocs\v2\app\Controllers\CekinController.php(33): view('Cekin/v_cekin', Array)
#5 C:\xampp\htdocs\v2\vendor\codeigniter4\framework\system\CodeIgniter.php(928): App\Controllers\CekinController->index()
#6 C:\xampp\htdocs\v2\vendor\codeigniter4\framework\system\CodeIgniter.php(436): CodeIgniter\CodeIgniter->runController(Object(App\Controllers\CekinController))
#7 C:\xampp\htdocs\v2\vendor\codeigniter4\framework\system\CodeIgniter.php(336): CodeIgniter\CodeIgniter->handleRequest(NULL, Object(Config\Cache), false)
#8 C:\xampp\htdocs\v2\public\index.php(37): CodeIgniter\CodeIgniter->run()
#9 {main}
CRITICAL - 2021-08-28 03:59:07 --> Undefined variable: query
#0 C:\xampp\htdocs\v2\app\Views\Cekin\v_cekin.php(84): CodeIgniter\Debug\Exceptions->errorHandler(8, 'Undefined varia...', 'C:\\xampp\\htdocs...', 84, Array)
#1 C:\xampp\htdocs\v2\vendor\codeigniter4\framework\system\View\View.php(230): include('C:\\xampp\\htdocs...')
#2 C:\xampp\htdocs\v2\vendor\codeigniter4\framework\system\View\View.php(232): CodeIgniter\View\View->CodeIgniter\View\{closure}()
#3 C:\xampp\htdocs\v2\vendor\codeigniter4\framework\system\Common.php(1271): CodeIgniter\View\View->render('Cekin/v_cekin', Array, true)
#4 C:\xampp\htdocs\v2\app\Controllers\CekinController.php(33): view('Cekin/v_cekin', Array)
#5 C:\xampp\htdocs\v2\vendor\codeigniter4\framework\system\CodeIgniter.php(928): App\Controllers\CekinController->index()
#6 C:\xampp\htdocs\v2\vendor\codeigniter4\framework\system\CodeIgniter.php(436): CodeIgniter\CodeIgniter->runController(Object(App\Controllers\CekinController))
#7 C:\xampp\htdocs\v2\vendor\codeigniter4\framework\system\CodeIgniter.php(336): CodeIgniter\CodeIgniter->handleRequest(NULL, Object(Config\Cache), false)
#8 C:\xampp\htdocs\v2\public\index.php(37): CodeIgniter\CodeIgniter->run()
#9 {main}
CRITICAL - 2021-08-28 03:59:19 --> Undefined variable: instansi
#0 C:\xampp\htdocs\v2\app\Views\Cekin\v_cekin.php(187): CodeIgniter\Debug\Exceptions->errorHandler(8, 'Undefined varia...', 'C:\\xampp\\htdocs...', 187, Array)
#1 C:\xampp\htdocs\v2\vendor\codeigniter4\framework\system\View\View.php(230): include('C:\\xampp\\htdocs...')
#2 C:\xampp\htdocs\v2\vendor\codeigniter4\framework\system\View\View.php(232): CodeIgniter\View\View->CodeIgniter\View\{closure}()
#3 C:\xampp\htdocs\v2\vendor\codeigniter4\framework\system\Common.php(1271): CodeIgniter\View\View->render('Cekin/v_cekin', Array, true)
#4 C:\xampp\htdocs\v2\app\Controllers\CekinController.php(63): view('Cekin/v_cekin', Array)
#5 C:\xampp\htdocs\v2\vendor\codeigniter4\framework\system\CodeIgniter.php(928): App\Controllers\CekinController->getData()
#6 C:\xampp\htdocs\v2\vendor\codeigniter4\framework\system\CodeIgniter.php(436): CodeIgniter\CodeIgniter->runController(Object(App\Controllers\CekinController))
#7 C:\xampp\htdocs\v2\vendor\codeigniter4\framework\system\CodeIgniter.php(336): CodeIgniter\CodeIgniter->handleRequest(NULL, Object(Config\Cache), false)
#8 C:\xampp\htdocs\v2\public\index.php(37): CodeIgniter\CodeIgniter->run()
#9 {main}
CRITICAL - 2021-08-28 04:00:35 --> Undefined variable: instansi
#0 C:\xampp\htdocs\v2\app\Views\Cekin\v_cekin.php(187): CodeIgniter\Debug\Exceptions->errorHandler(8, 'Undefined varia...', 'C:\\xampp\\htdocs...', 187, Array)
#1 C:\xampp\htdocs\v2\vendor\codeigniter4\framework\system\View\View.php(230): include('C:\\xampp\\htdocs...')
#2 C:\xampp\htdocs\v2\vendor\codeigniter4\framework\system\View\View.php(232): CodeIgniter\View\View->CodeIgniter\View\{closure}()
#3 C:\xampp\htdocs\v2\vendor\codeigniter4\framework\system\Common.php(1271): CodeIgniter\View\View->render('Cekin/v_cekin', Array, true)
#4 C:\xampp\htdocs\v2\app\Controllers\CekinController.php(52): view('Cekin/v_cekin', Array)
#5 C:\xampp\htdocs\v2\vendor\codeigniter4\framework\system\CodeIgniter.php(928): App\Controllers\CekinController->getData()
#6 C:\xampp\htdocs\v2\vendor\codeigniter4\framework\system\CodeIgniter.php(436): CodeIgniter\CodeIgniter->runController(Object(App\Controllers\CekinController))
#7 C:\xampp\htdocs\v2\vendor\codeigniter4\framework\system\CodeIgniter.php(336): CodeIgniter\CodeIgniter->handleRequest(NULL, Object(Config\Cache), false)
#8 C:\xampp\htdocs\v2\public\index.php(37): CodeIgniter\CodeIgniter->run()
#9 {main}
CRITICAL - 2021-08-28 04:00:37 --> Undefined variable: instansi
#0 C:\xampp\htdocs\v2\app\Views\Cekin\v_cekin.php(187): CodeIgniter\Debug\Exceptions->errorHandler(8, 'Undefined varia...', 'C:\\xampp\\htdocs...', 187, Array)
#1 C:\xampp\htdocs\v2\vendor\codeigniter4\framework\system\View\View.php(230): include('C:\\xampp\\htdocs...')
#2 C:\xampp\htdocs\v2\vendor\codeigniter4\framework\system\View\View.php(232): CodeIgniter\View\View->CodeIgniter\View\{closure}()
#3 C:\xampp\htdocs\v2\vendor\codeigniter4\framework\system\Common.php(1271): CodeIgniter\View\View->render('Cekin/v_cekin', Array, true)
#4 C:\xampp\htdocs\v2\app\Controllers\CekinController.php(52): view('Cekin/v_cekin', Array)
#5 C:\xampp\htdocs\v2\vendor\codeigniter4\framework\system\CodeIgniter.php(928): App\Controllers\CekinController->getData()
#6 C:\xampp\htdocs\v2\vendor\codeigniter4\framework\system\CodeIgniter.php(436): CodeIgniter\CodeIgniter->runController(Object(App\Controllers\CekinController))
#7 C:\xampp\htdocs\v2\vendor\codeigniter4\framework\system\CodeIgniter.php(336): CodeIgniter\CodeIgniter->handleRequest(NULL, Object(Config\Cache), false)
#8 C:\xampp\htdocs\v2\public\index.php(37): CodeIgniter\CodeIgniter->run()
#9 {main}
CRITICAL - 2021-08-28 04:00:37 --> Undefined variable: instansi
#0 C:\xampp\htdocs\v2\app\Views\Cekin\v_cekin.php(187): CodeIgniter\Debug\Exceptions->errorHandler(8, 'Undefined varia...', 'C:\\xampp\\htdocs...', 187, Array)
#1 C:\xampp\htdocs\v2\vendor\codeigniter4\framework\system\View\View.php(230): include('C:\\xampp\\htdocs...')
#2 C:\xampp\htdocs\v2\vendor\codeigniter4\framework\system\View\View.php(232): CodeIgniter\View\View->CodeIgniter\View\{closure}()
#3 C:\xampp\htdocs\v2\vendor\codeigniter4\framework\system\Common.php(1271): CodeIgniter\View\View->render('Cekin/v_cekin', Array, true)
#4 C:\xampp\htdocs\v2\app\Controllers\CekinController.php(52): view('Cekin/v_cekin', Array)
#5 C:\xampp\htdocs\v2\vendor\codeigniter4\framework\system\CodeIgniter.php(928): App\Controllers\CekinController->getData()
#6 C:\xampp\htdocs\v2\vendor\codeigniter4\framework\system\CodeIgniter.php(436): CodeIgniter\CodeIgniter->runController(Object(App\Controllers\CekinController))
#7 C:\xampp\htdocs\v2\vendor\codeigniter4\framework\system\CodeIgniter.php(336): CodeIgniter\CodeIgniter->handleRequest(NULL, Object(Config\Cache), false)
#8 C:\xampp\htdocs\v2\public\index.php(37): CodeIgniter\CodeIgniter->run()
#9 {main}
CRITICAL - 2021-08-28 04:00:38 --> Undefined variable: instansi
#0 C:\xampp\htdocs\v2\app\Views\Cekin\v_cekin.php(187): CodeIgniter\Debug\Exceptions->errorHandler(8, 'Undefined varia...', 'C:\\xampp\\htdocs...', 187, Array)
#1 C:\xampp\htdocs\v2\vendor\codeigniter4\framework\system\View\View.php(230): include('C:\\xampp\\htdocs...')
#2 C:\xampp\htdocs\v2\vendor\codeigniter4\framework\system\View\View.php(232): CodeIgniter\View\View->CodeIgniter\View\{closure}()
#3 C:\xampp\htdocs\v2\vendor\codeigniter4\framework\system\Common.php(1271): CodeIgniter\View\View->render('Cekin/v_cekin', Array, true)
#4 C:\xampp\htdocs\v2\app\Controllers\CekinController.php(52): view('Cekin/v_cekin', Array)
#5 C:\xampp\htdocs\v2\vendor\codeigniter4\framework\system\CodeIgniter.php(928): App\Controllers\CekinController->getData()
#6 C:\xampp\htdocs\v2\vendor\codeigniter4\framework\system\CodeIgniter.php(436): CodeIgniter\CodeIgniter->runController(Object(App\Controllers\CekinController))
#7 C:\xampp\htdocs\v2\vendor\codeigniter4\framework\system\CodeIgniter.php(336): CodeIgniter\CodeIgniter->handleRequest(NULL, Object(Config\Cache), false)
#8 C:\xampp\htdocs\v2\public\index.php(37): CodeIgniter\CodeIgniter->run()
#9 {main}
CRITICAL - 2021-08-28 04:00:38 --> Undefined variable: instansi
#0 C:\xampp\htdocs\v2\app\Views\Cekin\v_cekin.php(187): CodeIgniter\Debug\Exceptions->errorHandler(8, 'Undefined varia...', 'C:\\xampp\\htdocs...', 187, Array)
#1 C:\xampp\htdocs\v2\vendor\codeigniter4\framework\system\View\View.php(230): include('C:\\xampp\\htdocs...')
#2 C:\xampp\htdocs\v2\vendor\codeigniter4\framework\system\View\View.php(232): CodeIgniter\View\View->CodeIgniter\View\{closure}()
#3 C:\xampp\htdocs\v2\vendor\codeigniter4\framework\system\Common.php(1271): CodeIgniter\View\View->render('Cekin/v_cekin', Array, true)
#4 C:\xampp\htdocs\v2\app\Controllers\CekinController.php(52): view('Cekin/v_cekin', Array)
#5 C:\xampp\htdocs\v2\vendor\codeigniter4\framework\system\CodeIgniter.php(928): App\Controllers\CekinController->getData()
#6 C:\xampp\htdocs\v2\vendor\codeigniter4\framework\system\CodeIgniter.php(436): CodeIgniter\CodeIgniter->runController(Object(App\Controllers\CekinController))
#7 C:\xampp\htdocs\v2\vendor\codeigniter4\framework\system\CodeIgniter.php(336): CodeIgniter\CodeIgniter->handleRequest(NULL, Object(Config\Cache), false)
#8 C:\xampp\htdocs\v2\public\index.php(37): CodeIgniter\CodeIgniter->run()
#9 {main}
CRITICAL - 2021-08-28 04:00:39 --> Undefined variable: instansi
#0 C:\xampp\htdocs\v2\app\Views\Cekin\v_cekin.php(187): CodeIgniter\Debug\Exceptions->errorHandler(8, 'Undefined varia...', 'C:\\xampp\\htdocs...', 187, Array)
#1 C:\xampp\htdocs\v2\vendor\codeigniter4\framework\system\View\View.php(230): include('C:\\xampp\\htdocs...')
#2 C:\xampp\htdocs\v2\vendor\codeigniter4\framework\system\View\View.php(232): CodeIgniter\View\View->CodeIgniter\View\{closure}()
#3 C:\xampp\htdocs\v2\vendor\codeigniter4\framework\system\Common.php(1271): CodeIgniter\View\View->render('Cekin/v_cekin', Array, true)
#4 C:\xampp\htdocs\v2\app\Controllers\CekinController.php(52): view('Cekin/v_cekin', Array)
#5 C:\xampp\htdocs\v2\vendor\codeigniter4\framework\system\CodeIgniter.php(928): App\Controllers\CekinController->getData()
#6 C:\xampp\htdocs\v2\vendor\codeigniter4\framework\system\CodeIgniter.php(436): CodeIgniter\CodeIgniter->runController(Object(App\Controllers\CekinController))
#7 C:\xampp\htdocs\v2\vendor\codeigniter4\framework\system\CodeIgniter.php(336): CodeIgniter\CodeIgniter->handleRequest(NULL, Object(Config\Cache), false)
#8 C:\xampp\htdocs\v2\public\index.php(37): CodeIgniter\CodeIgniter->run()
#9 {main}
CRITICAL - 2021-08-28 04:00:39 --> Undefined variable: instansi
#0 C:\xampp\htdocs\v2\app\Views\Cekin\v_cekin.php(187): CodeIgniter\Debug\Exceptions->errorHandler(8, 'Undefined varia...', 'C:\\xampp\\htdocs...', 187, Array)
#1 C:\xampp\htdocs\v2\vendor\codeigniter4\framework\system\View\View.php(230): include('C:\\xampp\\htdocs...')
#2 C:\xampp\htdocs\v2\vendor\codeigniter4\framework\system\View\View.php(232): CodeIgniter\View\View->CodeIgniter\View\{closure}()
#3 C:\xampp\htdocs\v2\vendor\codeigniter4\framework\system\Common.php(1271): CodeIgniter\View\View->render('Cekin/v_cekin', Array, true)
#4 C:\xampp\htdocs\v2\app\Controllers\CekinController.php(52): view('Cekin/v_cekin', Array)
#5 C:\xampp\htdocs\v2\vendor\codeigniter4\framework\system\CodeIgniter.php(928): App\Controllers\CekinController->getData()
#6 C:\xampp\htdocs\v2\vendor\codeigniter4\framework\system\CodeIgniter.php(436): CodeIgniter\CodeIgniter->runController(Object(App\Controllers\CekinController))
#7 C:\xampp\htdocs\v2\vendor\codeigniter4\framework\system\CodeIgniter.php(336): CodeIgniter\CodeIgniter->handleRequest(NULL, Object(Config\Cache), false)
#8 C:\xampp\htdocs\v2\public\index.php(37): CodeIgniter\CodeIgniter->run()
#9 {main}
CRITICAL - 2021-08-28 04:01:17 --> Undefined variable: instansi
#0 C:\xampp\htdocs\v2\app\Views\Cekin\v_cekin.php(187): CodeIgniter\Debug\Exceptions->errorHandler(8, 'Undefined varia...', 'C:\\xampp\\htdocs...', 187, Array)
#1 C:\xampp\htdocs\v2\vendor\codeigniter4\framework\system\View\View.php(230): include('C:\\xampp\\htdocs...')
#2 C:\xampp\htdocs\v2\vendor\codeigniter4\framework\system\View\View.php(232): CodeIgniter\View\View->CodeIgniter\View\{closure}()
#3 C:\xampp\htdocs\v2\vendor\codeigniter4\framework\system\Common.php(1271): CodeIgniter\View\View->render('Cekin/v_cekin', Array, true)
#4 C:\xampp\htdocs\v2\app\Controllers\CekinController.php(52): view('Cekin/v_cekin', Array)
#5 C:\xampp\htdocs\v2\vendor\codeigniter4\framework\system\CodeIgniter.php(928): App\Controllers\CekinController->getData()
#6 C:\xampp\htdocs\v2\vendor\codeigniter4\framework\system\CodeIgniter.php(436): CodeIgniter\CodeIgniter->runController(Object(App\Controllers\CekinController))
#7 C:\xampp\htdocs\v2\vendor\codeigniter4\framework\system\CodeIgniter.php(336): CodeIgniter\CodeIgniter->handleRequest(NULL, Object(Config\Cache), false)
#8 C:\xampp\htdocs\v2\public\index.php(37): CodeIgniter\CodeIgniter->run()
#9 {main}
CRITICAL - 2021-08-28 04:02:20 --> Undefined variable: instansi
#0 C:\xampp\htdocs\v2\app\Views\Cekin\v_cekin.php(187): CodeIgniter\Debug\Exceptions->errorHandler(8, 'Undefined varia...', 'C:\\xampp\\htdocs...', 187, Array)
#1 C:\xampp\htdocs\v2\vendor\codeigniter4\framework\system\View\View.php(230): include('C:\\xampp\\htdocs...')
#2 C:\xampp\htdocs\v2\vendor\codeigniter4\framework\system\View\View.php(232): CodeIgniter\View\View->CodeIgniter\View\{closure}()
#3 C:\xampp\htdocs\v2\vendor\codeigniter4\framework\system\Common.php(1271): CodeIgniter\View\View->render('Cekin/v_cekin', Array, true)
#4 C:\xampp\htdocs\v2\app\Controllers\CekinController.php(63): view('Cekin/v_cekin', Array)
#5 C:\xampp\htdocs\v2\vendor\codeigniter4\framework\system\CodeIgniter.php(928): App\Controllers\CekinController->getData()
#6 C:\xampp\htdocs\v2\vendor\codeigniter4\framework\system\CodeIgniter.php(436): CodeIgniter\CodeIgniter->runController(Object(App\Controllers\CekinController))
#7 C:\xampp\htdocs\v2\vendor\codeigniter4\framework\system\CodeIgniter.php(336): CodeIgniter\CodeIgniter->handleRequest(NULL, Object(Config\Cache), false)
#8 C:\xampp\htdocs\v2\public\index.php(37): CodeIgniter\CodeIgniter->run()
#9 {main}
CRITICAL - 2021-08-28 04:03:53 --> Undefined variable: instansi
#0 C:\xampp\htdocs\v2\app\Views\Cekin\v_cekin.php(187): CodeIgniter\Debug\Exceptions->errorHandler(8, 'Undefined varia...', 'C:\\xampp\\htdocs...', 187, Array)
#1 C:\xampp\htdocs\v2\vendor\codeigniter4\framework\system\View\View.php(230): include('C:\\xampp\\htdocs...')
#2 C:\xampp\htdocs\v2\vendor\codeigniter4\framework\system\View\View.php(232): CodeIgniter\View\View->CodeIgniter\View\{closure}()
#3 C:\xampp\htdocs\v2\vendor\codeigniter4\framework\system\Common.php(1271): CodeIgniter\View\View->render('Cekin/v_cekin', Array, true)
#4 C:\xampp\htdocs\v2\app\Controllers\CekinController.php(63): view('Cekin/v_cekin', Array)
#5 C:\xampp\htdocs\v2\vendor\codeigniter4\framework\system\CodeIgniter.php(928): App\Controllers\CekinController->getData()
#6 C:\xampp\htdocs\v2\vendor\codeigniter4\framework\system\CodeIgniter.php(436): CodeIgniter\CodeIgniter->runController(Object(App\Controllers\CekinController))
#7 C:\xampp\htdocs\v2\vendor\codeigniter4\framework\system\CodeIgniter.php(336): CodeIgniter\CodeIgniter->handleRequest(NULL, Object(Config\Cache), false)
#8 C:\xampp\htdocs\v2\public\index.php(37): CodeIgniter\CodeIgniter->run()
#9 {main}
CRITICAL - 2021-08-28 04:03:54 --> Undefined variable: instansi
#0 C:\xampp\htdocs\v2\app\Views\Cekin\v_cekin.php(187): CodeIgniter\Debug\Exceptions->errorHandler(8, 'Undefined varia...', 'C:\\xampp\\htdocs...', 187, Array)
#1 C:\xampp\htdocs\v2\vendor\codeigniter4\framework\system\View\View.php(230): include('C:\\xampp\\htdocs...')
#2 C:\xampp\htdocs\v2\vendor\codeigniter4\framework\system\View\View.php(232): CodeIgniter\View\View->CodeIgniter\View\{closure}()
#3 C:\xampp\htdocs\v2\vendor\codeigniter4\framework\system\Common.php(1271): CodeIgniter\View\View->render('Cekin/v_cekin', Array, true)
#4 C:\xampp\htdocs\v2\app\Controllers\CekinController.php(63): view('Cekin/v_cekin', Array)
#5 C:\xampp\htdocs\v2\vendor\codeigniter4\framework\system\CodeIgniter.php(928): App\Controllers\CekinController->getData()
#6 C:\xampp\htdocs\v2\vendor\codeigniter4\framework\system\CodeIgniter.php(436): CodeIgniter\CodeIgniter->runController(Object(App\Controllers\CekinController))
#7 C:\xampp\htdocs\v2\vendor\codeigniter4\framework\system\CodeIgniter.php(336): CodeIgniter\CodeIgniter->handleRequest(NULL, Object(Config\Cache), false)
#8 C:\xampp\htdocs\v2\public\index.php(37): CodeIgniter\CodeIgniter->run()
#9 {main}
CRITICAL - 2021-08-28 04:03:54 --> Undefined variable: instansi
#0 C:\xampp\htdocs\v2\app\Views\Cekin\v_cekin.php(187): CodeIgniter\Debug\Exceptions->errorHandler(8, 'Undefined varia...', 'C:\\xampp\\htdocs...', 187, Array)
#1 C:\xampp\htdocs\v2\vendor\codeigniter4\framework\system\View\View.php(230): include('C:\\xampp\\htdocs...')
#2 C:\xampp\htdocs\v2\vendor\codeigniter4\framework\system\View\View.php(232): CodeIgniter\View\View->CodeIgniter\View\{closure}()
#3 C:\xampp\htdocs\v2\vendor\codeigniter4\framework\system\Common.php(1271): CodeIgniter\View\View->render('Cekin/v_cekin', Array, true)
#4 C:\xampp\htdocs\v2\app\Controllers\CekinController.php(63): view('Cekin/v_cekin', Array)
#5 C:\xampp\htdocs\v2\vendor\codeigniter4\framework\system\CodeIgniter.php(928): App\Controllers\CekinController->getData()
#6 C:\xampp\htdocs\v2\vendor\codeigniter4\framework\system\CodeIgniter.php(436): CodeIgniter\CodeIgniter->runController(Object(App\Controllers\CekinController))
#7 C:\xampp\htdocs\v2\vendor\codeigniter4\framework\system\CodeIgniter.php(336): CodeIgniter\CodeIgniter->handleRequest(NULL, Object(Config\Cache), false)
#8 C:\xampp\htdocs\v2\public\index.php(37): CodeIgniter\CodeIgniter->run()
#9 {main}
CRITICAL - 2021-08-28 04:03:54 --> Undefined variable: instansi
#0 C:\xampp\htdocs\v2\app\Views\Cekin\v_cekin.php(187): CodeIgniter\Debug\Exceptions->errorHandler(8, 'Undefined varia...', 'C:\\xampp\\htdocs...', 187, Array)
#1 C:\xampp\htdocs\v2\vendor\codeigniter4\framework\system\View\View.php(230): include('C:\\xampp\\htdocs...')
#2 C:\xampp\htdocs\v2\vendor\codeigniter4\framework\system\View\View.php(232): CodeIgniter\View\View->CodeIgniter\View\{closure}()
#3 C:\xampp\htdocs\v2\vendor\codeigniter4\framework\system\Common.php(1271): CodeIgniter\View\View->render('Cekin/v_cekin', Array, true)
#4 C:\xampp\htdocs\v2\app\Controllers\CekinController.php(63): view('Cekin/v_cekin', Array)
#5 C:\xampp\htdocs\v2\vendor\codeigniter4\framework\system\CodeIgniter.php(928): App\Controllers\CekinController->getData()
#6 C:\xampp\htdocs\v2\vendor\codeigniter4\framework\system\CodeIgniter.php(436): CodeIgniter\CodeIgniter->runController(Object(App\Controllers\CekinController))
#7 C:\xampp\htdocs\v2\vendor\codeigniter4\framework\system\CodeIgniter.php(336): CodeIgniter\CodeIgniter->handleRequest(NULL, Object(Config\Cache), false)
#8 C:\xampp\htdocs\v2\public\index.php(37): CodeIgniter\CodeIgniter->run()
#9 {main}
CRITICAL - 2021-08-28 04:08:01 --> Undefined variable: data
#0 C:\xampp\htdocs\v2\app\Views\Cekin\v_cekin.php(84): CodeIgniter\Debug\Exceptions->errorHandler(8, 'Undefined varia...', 'C:\\xampp\\htdocs...', 84, Array)
#1 C:\xampp\htdocs\v2\vendor\codeigniter4\framework\system\View\View.php(230): include('C:\\xampp\\htdocs...')
#2 C:\xampp\htdocs\v2\vendor\codeigniter4\framework\system\View\View.php(232): CodeIgniter\View\View->CodeIgniter\View\{closure}()
#3 C:\xampp\htdocs\v2\vendor\codeigniter4\framework\system\Common.php(1271): CodeIgniter\View\View->render('Cekin/v_cekin', Array, true)
#4 C:\xampp\htdocs\v2\app\Controllers\CekinController.php(33): view('Cekin/v_cekin')
#5 C:\xampp\htdocs\v2\vendor\codeigniter4\framework\system\CodeIgniter.php(928): App\Controllers\CekinController->index()
#6 C:\xampp\htdocs\v2\vendor\codeigniter4\framework\system\CodeIgniter.php(436): CodeIgniter\CodeIgniter->runController(Object(App\Controllers\CekinController))
#7 C:\xampp\htdocs\v2\vendor\codeigniter4\framework\system\CodeIgniter.php(336): CodeIgniter\CodeIgniter->handleRequest(NULL, Object(Config\Cache), false)
#8 C:\xampp\htdocs\v2\public\index.php(37): CodeIgniter\CodeIgniter->run()
#9 {main}
CRITICAL - 2021-08-28 04:08:21 --> Undefined variable: data
#0 C:\xampp\htdocs\v2\app\Views\Cekin\v_cekin.php(84): CodeIgniter\Debug\Exceptions->errorHandler(8, 'Undefined varia...', 'C:\\xampp\\htdocs...', 84, Array)
#1 C:\xampp\htdocs\v2\vendor\codeigniter4\framework\system\View\View.php(230): include('C:\\xampp\\htdocs...')
#2 C:\xampp\htdocs\v2\vendor\codeigniter4\framework\system\View\View.php(232): CodeIgniter\View\View->CodeIgniter\View\{closure}()
#3 C:\xampp\htdocs\v2\vendor\codeigniter4\framework\system\Common.php(1271): CodeIgniter\View\View->render('Cekin/v_cekin', Array, true)
#4 C:\xampp\htdocs\v2\app\Controllers\CekinController.php(33): view('Cekin/v_cekin')
#5 C:\xampp\htdocs\v2\vendor\codeigniter4\framework\system\CodeIgniter.php(928): App\Controllers\CekinController->index()
#6 C:\xampp\htdocs\v2\vendor\codeigniter4\framework\system\CodeIgniter.php(436): CodeIgniter\CodeIgniter->runController(Object(App\Controllers\CekinController))
#7 C:\xampp\htdocs\v2\vendor\codeigniter4\framework\system\CodeIgniter.php(336): CodeIgniter\CodeIgniter->handleRequest(NULL, Object(Config\Cache), false)
#8 C:\xampp\htdocs\v2\public\index.php(37): CodeIgniter\CodeIgniter->run()
#9 {main}
CRITICAL - 2021-08-28 04:08:25 --> Undefined variable: data
#0 C:\xampp\htdocs\v2\app\Views\Cekin\v_cekin.php(84): CodeIgniter\Debug\Exceptions->errorHandler(8, 'Undefined varia...', 'C:\\xampp\\htdocs...', 84, Array)
#1 C:\xampp\htdocs\v2\vendor\codeigniter4\framework\system\View\View.php(230): include('C:\\xampp\\htdocs...')
#2 C:\xampp\htdocs\v2\vendor\codeigniter4\framework\system\View\View.php(232): CodeIgniter\View\View->CodeIgniter\View\{closure}()
#3 C:\xampp\htdocs\v2\vendor\codeigniter4\framework\system\Common.php(1271): CodeIgniter\View\View->render('Cekin/v_cekin', Array, true)
#4 C:\xampp\htdocs\v2\app\Controllers\CekinController.php(33): view('Cekin/v_cekin')
#5 C:\xampp\htdocs\v2\vendor\codeigniter4\framework\system\CodeIgniter.php(928): App\Controllers\CekinController->index()
#6 C:\xampp\htdocs\v2\vendor\codeigniter4\framework\system\CodeIgniter.php(436): CodeIgniter\CodeIgniter->runController(Object(App\Controllers\CekinController))
#7 C:\xampp\htdocs\v2\vendor\codeigniter4\framework\system\CodeIgniter.php(336): CodeIgniter\CodeIgniter->handleRequest(NULL, Object(Config\Cache), false)
#8 C:\xampp\htdocs\v2\public\index.php(37): CodeIgniter\CodeIgniter->run()
#9 {main}
CRITICAL - 2021-08-28 04:09:23 --> Undefined variable: data
#0 C:\xampp\htdocs\v2\app\Views\Cekin\v_cekin.php(84): CodeIgniter\Debug\Exceptions->errorHandler(8, 'Undefined varia...', 'C:\\xampp\\htdocs...', 84, Array)
#1 C:\xampp\htdocs\v2\vendor\codeigniter4\framework\system\View\View.php(230): include('C:\\xampp\\htdocs...')
#2 C:\xampp\htdocs\v2\vendor\codeigniter4\framework\system\View\View.php(232): CodeIgniter\View\View->CodeIgniter\View\{closure}()
#3 C:\xampp\htdocs\v2\vendor\codeigniter4\framework\system\Common.php(1271): CodeIgniter\View\View->render('Cekin/v_cekin', Array, true)
#4 C:\xampp\htdocs\v2\app\Controllers\CekinController.php(33): view('Cekin/v_cekin')
#5 C:\xampp\htdocs\v2\vendor\codeigniter4\framework\system\CodeIgniter.php(928): App\Controllers\CekinController->index()
#6 C:\xampp\htdocs\v2\vendor\codeigniter4\framework\system\CodeIgniter.php(436): CodeIgniter\CodeIgniter->runController(Object(App\Controllers\CekinController))
#7 C:\xampp\htdocs\v2\vendor\codeigniter4\framework\system\CodeIgniter.php(336): CodeIgniter\CodeIgniter->handleRequest(NULL, Object(Config\Cache), false)
#8 C:\xampp\htdocs\v2\public\index.php(37): CodeIgniter\CodeIgniter->run()
#9 {main}
CRITICAL - 2021-08-28 04:09:23 --> Undefined variable: data
#0 C:\xampp\htdocs\v2\app\Views\Cekin\v_cekin.php(84): CodeIgniter\Debug\Exceptions->errorHandler(8, 'Undefined varia...', 'C:\\xampp\\htdocs...', 84, Array)
#1 C:\xampp\htdocs\v2\vendor\codeigniter4\framework\system\View\View.php(230): include('C:\\xampp\\htdocs...')
#2 C:\xampp\htdocs\v2\vendor\codeigniter4\framework\system\View\View.php(232): CodeIgniter\View\View->CodeIgniter\View\{closure}()
#3 C:\xampp\htdocs\v2\vendor\codeigniter4\framework\system\Common.php(1271): CodeIgniter\View\View->render('Cekin/v_cekin', Array, true)
#4 C:\xampp\htdocs\v2\app\Controllers\CekinController.php(33): view('Cekin/v_cekin')
#5 C:\xampp\htdocs\v2\vendor\codeigniter4\framework\system\CodeIgniter.php(928): App\Controllers\CekinController->index()
#6 C:\xampp\htdocs\v2\vendor\codeigniter4\framework\system\CodeIgniter.php(436): CodeIgniter\CodeIgniter->runController(Object(App\Controllers\CekinController))
#7 C:\xampp\htdocs\v2\vendor\codeigniter4\framework\system\CodeIgniter.php(336): CodeIgniter\CodeIgniter->handleRequest(NULL, Object(Config\Cache), false)
#8 C:\xampp\htdocs\v2\public\index.php(37): CodeIgniter\CodeIgniter->run()
#9 {main}
CRITICAL - 2021-08-28 04:09:23 --> Undefined variable: data
#0 C:\xampp\htdocs\v2\app\Views\Cekin\v_cekin.php(84): CodeIgniter\Debug\Exceptions->errorHandler(8, 'Undefined varia...', 'C:\\xampp\\htdocs...', 84, Array)
#1 C:\xampp\htdocs\v2\vendor\codeigniter4\framework\system\View\View.php(230): include('C:\\xampp\\htdocs...')
#2 C:\xampp\htdocs\v2\vendor\codeigniter4\framework\system\View\View.php(232): CodeIgniter\View\View->CodeIgniter\View\{closure}()
#3 C:\xampp\htdocs\v2\vendor\codeigniter4\framework\system\Common.php(1271): CodeIgniter\View\View->render('Cekin/v_cekin', Array, true)
#4 C:\xampp\htdocs\v2\app\Controllers\CekinController.php(33): view('Cekin/v_cekin')
#5 C:\xampp\htdocs\v2\vendor\codeigniter4\framework\system\CodeIgniter.php(928): App\Controllers\CekinController->index()
#6 C:\xampp\htdocs\v2\vendor\codeigniter4\framework\system\CodeIgniter.php(436): CodeIgniter\CodeIgniter->runController(Object(App\Controllers\CekinController))
#7 C:\xampp\htdocs\v2\vendor\codeigniter4\framework\system\CodeIgniter.php(336): CodeIgniter\CodeIgniter->handleRequest(NULL, Object(Config\Cache), false)
#8 C:\xampp\htdocs\v2\public\index.php(37): CodeIgniter\CodeIgniter->run()
#9 {main}
CRITICAL - 2021-08-28 04:09:24 --> Undefined variable: data
#0 C:\xampp\htdocs\v2\app\Views\Cekin\v_cekin.php(84): CodeIgniter\Debug\Exceptions->errorHandler(8, 'Undefined varia...', 'C:\\xampp\\htdocs...', 84, Array)
#1 C:\xampp\htdocs\v2\vendor\codeigniter4\framework\system\View\View.php(230): include('C:\\xampp\\htdocs...')
#2 C:\xampp\htdocs\v2\vendor\codeigniter4\framework\system\View\View.php(232): CodeIgniter\View\View->CodeIgniter\View\{closure}()
#3 C:\xampp\htdocs\v2\vendor\codeigniter4\framework\system\Common.php(1271): CodeIgniter\View\View->render('Cekin/v_cekin', Array, true)
#4 C:\xampp\htdocs\v2\app\Controllers\CekinController.php(33): view('Cekin/v_cekin')
#5 C:\xampp\htdocs\v2\vendor\codeigniter4\framework\system\CodeIgniter.php(928): App\Controllers\CekinController->index()
#6 C:\xampp\htdocs\v2\vendor\codeigniter4\framework\system\CodeIgniter.php(436): CodeIgniter\CodeIgniter->runController(Object(App\Controllers\CekinController))
#7 C:\xampp\htdocs\v2\vendor\codeigniter4\framework\system\CodeIgniter.php(336): CodeIgniter\CodeIgniter->handleRequest(NULL, Object(Config\Cache), false)
#8 C:\xampp\htdocs\v2\public\index.php(37): CodeIgniter\CodeIgniter->run()
#9 {main}
CRITICAL - 2021-08-28 04:09:24 --> Undefined variable: data
#0 C:\xampp\htdocs\v2\app\Views\Cekin\v_cekin.php(84): CodeIgniter\Debug\Exceptions->errorHandler(8, 'Undefined varia...', 'C:\\xampp\\htdocs...', 84, Array)
#1 C:\xampp\htdocs\v2\vendor\codeigniter4\framework\system\View\View.php(230): include('C:\\xampp\\htdocs...')
#2 C:\xampp\htdocs\v2\vendor\codeigniter4\framework\system\View\View.php(232): CodeIgniter\View\View->CodeIgniter\View\{closure}()
#3 C:\xampp\htdocs\v2\vendor\codeigniter4\framework\system\Common.php(1271): CodeIgniter\View\View->render('Cekin/v_cekin', Array, true)
#4 C:\xampp\htdocs\v2\app\Controllers\CekinController.php(33): view('Cekin/v_cekin')
#5 C:\xampp\htdocs\v2\vendor\codeigniter4\framework\system\CodeIgniter.php(928): App\Controllers\CekinController->index()
#6 C:\xampp\htdocs\v2\vendor\codeigniter4\framework\system\CodeIgniter.php(436): CodeIgniter\CodeIgniter->runController(Object(App\Controllers\CekinController))
#7 C:\xampp\htdocs\v2\vendor\codeigniter4\framework\system\CodeIgniter.php(336): CodeIgniter\CodeIgniter->handleRequest(NULL, Object(Config\Cache), false)
#8 C:\xampp\htdocs\v2\public\index.php(37): CodeIgniter\CodeIgniter->run()
#9 {main}
CRITICAL - 2021-08-28 04:09:41 --> Undefined variable: instansi
#0 C:\xampp\htdocs\v2\app\Views\Cekin\v_cekin.php(84): CodeIgniter\Debug\Exceptions->errorHandler(8, 'Undefined varia...', 'C:\\xampp\\htdocs...', 84, Array)
#1 C:\xampp\htdocs\v2\vendor\codeigniter4\framework\system\View\View.php(230): include('C:\\xampp\\htdocs...')
#2 C:\xampp\htdocs\v2\vendor\codeigniter4\framework\system\View\View.php(232): CodeIgniter\View\View->CodeIgniter\View\{closure}()
#3 C:\xampp\htdocs\v2\vendor\codeigniter4\framework\system\Common.php(1271): CodeIgniter\View\View->render('Cekin/v_cekin', Array, true)
#4 C:\xampp\htdocs\v2\app\Controllers\CekinController.php(33): view('Cekin/v_cekin')
#5 C:\xampp\htdocs\v2\vendor\codeigniter4\framework\system\CodeIgniter.php(928): App\Controllers\CekinController->index()
#6 C:\xampp\htdocs\v2\vendor\codeigniter4\framework\system\CodeIgniter.php(436): CodeIgniter\CodeIgniter->runController(Object(App\Controllers\CekinController))
#7 C:\xampp\htdocs\v2\vendor\codeigniter4\framework\system\CodeIgniter.php(336): CodeIgniter\CodeIgniter->handleRequest(NULL, Object(Config\Cache), false)
#8 C:\xampp\htdocs\v2\public\index.php(37): CodeIgniter\CodeIgniter->run()
#9 {main}
CRITICAL - 2021-08-28 04:10:15 --> Undefined variable: data
#0 C:\xampp\htdocs\v2\app\Controllers\CekinController.php(33): CodeIgniter\Debug\Exceptions->errorHandler(8, 'Undefined varia...', 'C:\\xampp\\htdocs...', 33, Array)
#1 C:\xampp\htdocs\v2\vendor\codeigniter4\framework\system\CodeIgniter.php(928): App\Controllers\CekinController->index()
#2 C:\xampp\htdocs\v2\vendor\codeigniter4\framework\system\CodeIgniter.php(436): CodeIgniter\CodeIgniter->runController(Object(App\Controllers\CekinController))
#3 C:\xampp\htdocs\v2\vendor\codeigniter4\framework\system\CodeIgniter.php(336): CodeIgniter\CodeIgniter->handleRequest(NULL, Object(Config\Cache), false)
#4 C:\xampp\htdocs\v2\public\index.php(37): CodeIgniter\CodeIgniter->run()
#5 {main}
CRITICAL - 2021-08-28 04:10:20 --> Undefined variable: instansi
#0 C:\xampp\htdocs\v2\app\Views\Cekin\v_cekin.php(84): CodeIgniter\Debug\Exceptions->errorHandler(8, 'Undefined varia...', 'C:\\xampp\\htdocs...', 84, Array)
#1 C:\xampp\htdocs\v2\vendor\codeigniter4\framework\system\View\View.php(230): include('C:\\xampp\\htdocs...')
#2 C:\xampp\htdocs\v2\vendor\codeigniter4\framework\system\View\View.php(232): CodeIgniter\View\View->CodeIgniter\View\{closure}()
#3 C:\xampp\htdocs\v2\vendor\codeigniter4\framework\system\Common.php(1271): CodeIgniter\View\View->render('Cekin/v_cekin', Array, true)
#4 C:\xampp\htdocs\v2\app\Controllers\CekinController.php(33): view('Cekin/v_cekin')
#5 C:\xampp\htdocs\v2\vendor\codeigniter4\framework\system\CodeIgniter.php(928): App\Controllers\CekinController->index()
#6 C:\xampp\htdocs\v2\vendor\codeigniter4\framework\system\CodeIgniter.php(436): CodeIgniter\CodeIgniter->runController(Object(App\Controllers\CekinController))
#7 C:\xampp\htdocs\v2\vendor\codeigniter4\framework\system\CodeIgniter.php(336): CodeIgniter\CodeIgniter->handleRequest(NULL, Object(Config\Cache), false)
#8 C:\xampp\htdocs\v2\public\index.php(37): CodeIgniter\CodeIgniter->run()
#9 {main}
CRITICAL - 2021-08-28 04:10:44 --> Undefined variable: msg
#0 C:\xampp\htdocs\v2\app\Views\Cekin\v_cekin.php(84): CodeIgniter\Debug\Exceptions->errorHandler(8, 'Undefined varia...', 'C:\\xampp\\htdocs...', 84, Array)
#1 C:\xampp\htdocs\v2\vendor\codeigniter4\framework\system\View\View.php(230): include('C:\\xampp\\htdocs...')
#2 C:\xampp\htdocs\v2\vendor\codeigniter4\framework\system\View\View.php(232): CodeIgniter\View\View->CodeIgniter\View\{closure}()
#3 C:\xampp\htdocs\v2\vendor\codeigniter4\framework\system\Common.php(1271): CodeIgniter\View\View->render('Cekin/v_cekin', Array, true)
#4 C:\xampp\htdocs\v2\app\Controllers\CekinController.php(33): view('Cekin/v_cekin')
#5 C:\xampp\htdocs\v2\vendor\codeigniter4\framework\system\CodeIgniter.php(928): App\Controllers\CekinController->index()
#6 C:\xampp\htdocs\v2\vendor\codeigniter4\framework\system\CodeIgniter.php(436): CodeIgniter\CodeIgniter->runController(Object(App\Controllers\CekinController))
#7 C:\xampp\htdocs\v2\vendor\codeigniter4\framework\system\CodeIgniter.php(336): CodeIgniter\CodeIgniter->handleRequest(NULL, Object(Config\Cache), false)
#8 C:\xampp\htdocs\v2\public\index.php(37): CodeIgniter\CodeIgniter->run()
#9 {main}
CRITICAL - 2021-08-28 04:10:45 --> Undefined variable: msg
#0 C:\xampp\htdocs\v2\app\Views\Cekin\v_cekin.php(84): CodeIgniter\Debug\Exceptions->errorHandler(8, 'Undefined varia...', 'C:\\xampp\\htdocs...', 84, Array)
#1 C:\xampp\htdocs\v2\vendor\codeigniter4\framework\system\View\View.php(230): include('C:\\xampp\\htdocs...')
#2 C:\xampp\htdocs\v2\vendor\codeigniter4\framework\system\View\View.php(232): CodeIgniter\View\View->CodeIgniter\View\{closure}()
#3 C:\xampp\htdocs\v2\vendor\codeigniter4\framework\system\Common.php(1271): CodeIgniter\View\View->render('Cekin/v_cekin', Array, true)
#4 C:\xampp\htdocs\v2\app\Controllers\CekinController.php(33): view('Cekin/v_cekin')
#5 C:\xampp\htdocs\v2\vendor\codeigniter4\framework\system\CodeIgniter.php(928): App\Controllers\CekinController->index()
#6 C:\xampp\htdocs\v2\vendor\codeigniter4\framework\system\CodeIgniter.php(436): CodeIgniter\CodeIgniter->runController(Object(App\Controllers\CekinController))
#7 C:\xampp\htdocs\v2\vendor\codeigniter4\framework\system\CodeIgniter.php(336): CodeIgniter\CodeIgniter->handleRequest(NULL, Object(Config\Cache), false)
#8 C:\xampp\htdocs\v2\public\index.php(37): CodeIgniter\CodeIgniter->run()
#9 {main}
CRITICAL - 2021-08-28 04:10:49 --> Undefined variable: data
#0 C:\xampp\htdocs\v2\app\Views\Cekin\v_cekin.php(86): CodeIgniter\Debug\Exceptions->errorHandler(8, 'Undefined varia...', 'C:\\xampp\\htdocs...', 86, Array)
#1 C:\xampp\htdocs\v2\vendor\codeigniter4\framework\system\View\View.php(230): include('C:\\xampp\\htdocs...')
#2 C:\xampp\htdocs\v2\vendor\codeigniter4\framework\system\View\View.php(232): CodeIgniter\View\View->CodeIgniter\View\{closure}()
#3 C:\xampp\htdocs\v2\vendor\codeigniter4\framework\system\Common.php(1271): CodeIgniter\View\View->render('Cekin/v_cekin', Array, true)
#4 C:\xampp\htdocs\v2\app\Controllers\CekinController.php(33): view('Cekin/v_cekin')
#5 C:\xampp\htdocs\v2\vendor\codeigniter4\framework\system\CodeIgniter.php(928): App\Controllers\CekinController->index()
#6 C:\xampp\htdocs\v2\vendor\codeigniter4\framework\system\CodeIgniter.php(436): CodeIgniter\CodeIgniter->runController(Object(App\Controllers\CekinController))
#7 C:\xampp\htdocs\v2\vendor\codeigniter4\framework\system\CodeIgniter.php(336): CodeIgniter\CodeIgniter->handleRequest(NULL, Object(Config\Cache), false)
#8 C:\xampp\htdocs\v2\public\index.php(37): CodeIgniter\CodeIgniter->run()
#9 {main}
CRITICAL - 2021-08-28 04:10:50 --> Undefined variable: data
#0 C:\xampp\htdocs\v2\app\Views\Cekin\v_cekin.php(86): CodeIgniter\Debug\Exceptions->errorHandler(8, 'Undefined varia...', 'C:\\xampp\\htdocs...', 86, Array)
#1 C:\xampp\htdocs\v2\vendor\codeigniter4\framework\system\View\View.php(230): include('C:\\xampp\\htdocs...')
#2 C:\xampp\htdocs\v2\vendor\codeigniter4\framework\system\View\View.php(232): CodeIgniter\View\View->CodeIgniter\View\{closure}()
#3 C:\xampp\htdocs\v2\vendor\codeigniter4\framework\system\Common.php(1271): CodeIgniter\View\View->render('Cekin/v_cekin', Array, true)
#4 C:\xampp\htdocs\v2\app\Controllers\CekinController.php(33): view('Cekin/v_cekin')
#5 C:\xampp\htdocs\v2\vendor\codeigniter4\framework\system\CodeIgniter.php(928): App\Controllers\CekinController->index()
#6 C:\xampp\htdocs\v2\vendor\codeigniter4\framework\system\CodeIgniter.php(436): CodeIgniter\CodeIgniter->runController(Object(App\Controllers\CekinController))
#7 C:\xampp\htdocs\v2\vendor\codeigniter4\framework\system\CodeIgniter.php(336): CodeIgniter\CodeIgniter->handleRequest(NULL, Object(Config\Cache), false)
#8 C:\xampp\htdocs\v2\public\index.php(37): CodeIgniter\CodeIgniter->run()
#9 {main}
CRITICAL - 2021-08-28 04:10:50 --> Undefined variable: data
#0 C:\xampp\htdocs\v2\app\Views\Cekin\v_cekin.php(86): CodeIgniter\Debug\Exceptions->errorHandler(8, 'Undefined varia...', 'C:\\xampp\\htdocs...', 86, Array)
#1 C:\xampp\htdocs\v2\vendor\codeigniter4\framework\system\View\View.php(230): include('C:\\xampp\\htdocs...')
#2 C:\xampp\htdocs\v2\vendor\codeigniter4\framework\system\View\View.php(232): CodeIgniter\View\View->CodeIgniter\View\{closure}()
#3 C:\xampp\htdocs\v2\vendor\codeigniter4\framework\system\Common.php(1271): CodeIgniter\View\View->render('Cekin/v_cekin', Array, true)
#4 C:\xampp\htdocs\v2\app\Controllers\CekinController.php(33): view('Cekin/v_cekin')
#5 C:\xampp\htdocs\v2\vendor\codeigniter4\framework\system\CodeIgniter.php(928): App\Controllers\CekinController->index()
#6 C:\xampp\htdocs\v2\vendor\codeigniter4\framework\system\CodeIgniter.php(436): CodeIgniter\CodeIgniter->runController(Object(App\Controllers\CekinController))
#7 C:\xampp\htdocs\v2\vendor\codeigniter4\framework\system\CodeIgniter.php(336): CodeIgniter\CodeIgniter->handleRequest(NULL, Object(Config\Cache), false)
#8 C:\xampp\htdocs\v2\public\index.php(37): CodeIgniter\CodeIgniter->run()
#9 {main}
CRITICAL - 2021-08-28 04:11:16 --> Undefined variable: instansi
#0 C:\xampp\htdocs\v2\app\Views\Cekin\v_cekin.php(161): CodeIgniter\Debug\Exceptions->errorHandler(8, 'Undefined varia...', 'C:\\xampp\\htdocs...', 161, Array)
#1 C:\xampp\htdocs\v2\vendor\codeigniter4\framework\system\View\View.php(230): include('C:\\xampp\\htdocs...')
#2 C:\xampp\htdocs\v2\vendor\codeigniter4\framework\system\View\View.php(232): CodeIgniter\View\View->CodeIgniter\View\{closure}()
#3 C:\xampp\htdocs\v2\vendor\codeigniter4\framework\system\Common.php(1271): CodeIgniter\View\View->render('Cekin/v_cekin', Array, true)
#4 C:\xampp\htdocs\v2\app\Controllers\CekinController.php(33): view('Cekin/v_cekin')
#5 C:\xampp\htdocs\v2\vendor\codeigniter4\framework\system\CodeIgniter.php(928): App\Controllers\CekinController->index()
#6 C:\xampp\htdocs\v2\vendor\codeigniter4\framework\system\CodeIgniter.php(436): CodeIgniter\CodeIgniter->runController(Object(App\Controllers\CekinController))
#7 C:\xampp\htdocs\v2\vendor\codeigniter4\framework\system\CodeIgniter.php(336): CodeIgniter\CodeIgniter->handleRequest(NULL, Object(Config\Cache), false)
#8 C:\xampp\htdocs\v2\public\index.php(37): CodeIgniter\CodeIgniter->run()
#9 {main}
CRITICAL - 2021-08-28 04:33:51 --> Undefined variable: data
#0 C:\xampp\htdocs\v2\app\Views\Cekin\v_cekin.php(86): CodeIgniter\Debug\Exceptions->errorHandler(8, 'Undefined varia...', 'C:\\xampp\\htdocs...', 86, Array)
#1 C:\xampp\htdocs\v2\vendor\codeigniter4\framework\system\View\View.php(230): include('C:\\xampp\\htdocs...')
#2 C:\xampp\htdocs\v2\vendor\codeigniter4\framework\system\View\View.php(232): CodeIgniter\View\View->CodeIgniter\View\{closure}()
#3 C:\xampp\htdocs\v2\vendor\codeigniter4\framework\system\Common.php(1271): CodeIgniter\View\View->render('Cekin/v_cekin', Array, true)
#4 C:\xampp\htdocs\v2\app\Controllers\CekinController.php(33): view('Cekin/v_cekin')
#5 C:\xampp\htdocs\v2\vendor\codeigniter4\framework\system\CodeIgniter.php(928): App\Controllers\CekinController->index()
#6 C:\xampp\htdocs\v2\vendor\codeigniter4\framework\system\CodeIgniter.php(436): CodeIgniter\CodeIgniter->runController(Object(App\Controllers\CekinController))
#7 C:\xampp\htdocs\v2\vendor\codeigniter4\framework\system\CodeIgniter.php(336): CodeIgniter\CodeIgniter->handleRequest(NULL, Object(Config\Cache), false)
#8 C:\xampp\htdocs\v2\public\index.php(37): CodeIgniter\CodeIgniter->run()
#9 {main}
CRITICAL - 2021-08-28 04:34:01 --> Undefined variable: res
#0 C:\xampp\htdocs\v2\app\Views\Cekin\v_cekin.php(86): CodeIgniter\Debug\Exceptions->errorHandler(8, 'Undefined varia...', 'C:\\xampp\\htdocs...', 86, Array)
#1 C:\xampp\htdocs\v2\vendor\codeigniter4\framework\system\View\View.php(230): include('C:\\xampp\\htdocs...')
#2 C:\xampp\htdocs\v2\vendor\codeigniter4\framework\system\View\View.php(232): CodeIgniter\View\View->CodeIgniter\View\{closure}()
#3 C:\xampp\htdocs\v2\vendor\codeigniter4\framework\system\Common.php(1271): CodeIgniter\View\View->render('Cekin/v_cekin', Array, true)
#4 C:\xampp\htdocs\v2\app\Controllers\CekinController.php(33): view('Cekin/v_cekin')
#5 C:\xampp\htdocs\v2\vendor\codeigniter4\framework\system\CodeIgniter.php(928): App\Controllers\CekinController->index()
#6 C:\xampp\htdocs\v2\vendor\codeigniter4\framework\system\CodeIgniter.php(436): CodeIgniter\CodeIgniter->runController(Object(App\Controllers\CekinController))
#7 C:\xampp\htdocs\v2\vendor\codeigniter4\framework\system\CodeIgniter.php(336): CodeIgniter\CodeIgniter->handleRequest(NULL, Object(Config\Cache), false)
#8 C:\xampp\htdocs\v2\public\index.php(37): CodeIgniter\CodeIgniter->run()
#9 {main}
